<testsuites id="" name="" tests="30" failures="30" skipped="0" errors="0" time="110.04089">
<testsuite name="system-health.spec.ts" timestamp="2025-12-23T01:47:44.206Z" hostname="docker-chromium" tests="6" failures="6" skipped="0" time="22.027" errors="0">
<testcase name="System Health Tests › All services are healthy and responding" classname="system-health.spec.ts" time="3.651">
<failure message="system-health.spec.ts:18:7 All services are healthy and responding" type="FAILURE">
<![CDATA[  [docker-chromium] › system-health.spec.ts:18:7 › System Health Tests › All services are healthy and responding 

    Error: apiRequestContext.get: connect ECONNREFUSED ::1:8003
    Call log:
      - → GET http://localhost:8003/api/v1/health
        - user-agent: Playwright-E2E-Tests
        - accept: application/json, text/plain, */*
        - accept-encoding: gzip,deflate,br
        - cookie: homeiq_csrf=8836ee760838c2d291dbb0f03fdcf2ef

        at apiRequestContext.get: connect ECONNREFUSED ::1:8003
        at C:\cursor\HomeIQ\tests\e2e\system-health.spec.ts:28:46

    attachment #1: screenshot (image/png) ──────────────────────────────────────────────────────────
    test-results\system-health-System-Healt-1311d--are-healthy-and-responding-docker-chromium\test-failed-1.png
    ────────────────────────────────────────────────────────────────────────────────────────────────

    attachment #2: video (video/webm) ──────────────────────────────────────────────────────────────
    test-results\system-health-System-Healt-1311d--are-healthy-and-responding-docker-chromium\video.webm
    ────────────────────────────────────────────────────────────────────────────────────────────────

    Error Context: test-results\system-health-System-Healt-1311d--are-healthy-and-responding-docker-chromium\error-context.md
]]>
</failure>
<system-out>
<![CDATA[
[[ATTACHMENT|..\tests\e2e\test-results\system-health-System-Healt-1311d--are-healthy-and-responding-docker-chromium\test-failed-1.png]]

[[ATTACHMENT|..\tests\e2e\test-results\system-health-System-Healt-1311d--are-healthy-and-responding-docker-chromium\video.webm]]

[[ATTACHMENT|..\tests\e2e\test-results\system-health-System-Healt-1311d--are-healthy-and-responding-docker-chromium\error-context.md]]
]]>
</system-out>
</testcase>
<testcase name="System Health Tests › Health dashboard displays system status correctly" classname="system-health.spec.ts" time="3.811">
<failure message="system-health.spec.ts:36:7 Health dashboard displays system status correctly" type="FAILURE">
<![CDATA[  [docker-chromium] › system-health.spec.ts:36:7 › System Health Tests › Health dashboard displays system status correctly 

    Error: page.goto: Target page, context or browser has been closed
    Call log:
      - navigating to "http://localhost:3000/", waiting until "load"


      36 |   test('Health dashboard displays system status correctly', async ({ page }) => {
      37 |     // Navigate to dashboard
    > 38 |     await page.goto('http://localhost:3000');
         |                ^
      39 |     
      40 |     // Wait for health data to load
      41 |     await page.waitForSelector('[data-testid="health-card"]', { timeout: 10000 });
        at C:\cursor\HomeIQ\tests\e2e\system-health.spec.ts:38:16
]]>
</failure>
</testcase>
<testcase name="System Health Tests › Statistics endpoint returns valid data" classname="system-health.spec.ts" time="3.58">
<failure message="system-health.spec.ts:52:7 Statistics endpoint returns valid data" type="FAILURE">
<![CDATA[  [docker-chromium] › system-health.spec.ts:52:7 › System Health Tests › Statistics endpoint returns valid data 

    Error: apiRequestContext.get: connect ECONNREFUSED ::1:8003
    Call log:
      - → GET http://localhost:8003/api/v1/stats
        - user-agent: Playwright-E2E-Tests
        - accept: application/json, text/plain, */*
        - accept-encoding: gzip,deflate,br
        - cookie: homeiq_csrf=83e20f89c69cd0000c75306d85266c2b

        at apiRequestContext.get: connect ECONNREFUSED ::1:8003
        at C:\cursor\HomeIQ\tests\e2e\system-health.spec.ts:53:46

    attachment #1: screenshot (image/png) ──────────────────────────────────────────────────────────
    test-results\system-health-System-Healt-b23d8-endpoint-returns-valid-data-docker-chromium\test-failed-1.png
    ────────────────────────────────────────────────────────────────────────────────────────────────

    attachment #2: video (video/webm) ──────────────────────────────────────────────────────────────
    test-results\system-health-System-Healt-b23d8-endpoint-returns-valid-data-docker-chromium\video.webm
    ────────────────────────────────────────────────────────────────────────────────────────────────

    Error Context: test-results\system-health-System-Healt-b23d8-endpoint-returns-valid-data-docker-chromium\error-context.md
]]>
</failure>
<system-out>
<![CDATA[
[[ATTACHMENT|..\tests\e2e\test-results\system-health-System-Healt-b23d8-endpoint-returns-valid-data-docker-chromium\test-failed-1.png]]

[[ATTACHMENT|..\tests\e2e\test-results\system-health-System-Healt-b23d8-endpoint-returns-valid-data-docker-chromium\video.webm]]

[[ATTACHMENT|..\tests\e2e\test-results\system-health-System-Healt-b23d8-endpoint-returns-valid-data-docker-chromium\error-context.md]]
]]>
</system-out>
</testcase>
<testcase name="System Health Tests › Recent events endpoint returns data" classname="system-health.spec.ts" time="3.487">
<failure message="system-health.spec.ts:63:7 Recent events endpoint returns data" type="FAILURE">
<![CDATA[  [docker-chromium] › system-health.spec.ts:63:7 › System Health Tests › Recent events endpoint returns data 

    Error: apiRequestContext.get: connect ECONNREFUSED ::1:8003
    Call log:
      - → GET http://localhost:8003/api/v1/events?limit=10
        - user-agent: Playwright-E2E-Tests
        - accept: application/json, text/plain, */*
        - accept-encoding: gzip,deflate,br
        - cookie: homeiq_csrf=71403fc2bac32443d8101a53a9c44c2e

        at apiRequestContext.get: connect ECONNREFUSED ::1:8003
        at C:\cursor\HomeIQ\tests\e2e\system-health.spec.ts:64:47

    attachment #1: screenshot (image/png) ──────────────────────────────────────────────────────────
    test-results\system-health-System-Healt-830cb-vents-endpoint-returns-data-docker-chromium\test-failed-1.png
    ────────────────────────────────────────────────────────────────────────────────────────────────

    attachment #2: video (video/webm) ──────────────────────────────────────────────────────────────
    test-results\system-health-System-Healt-830cb-vents-endpoint-returns-data-docker-chromium\video.webm
    ────────────────────────────────────────────────────────────────────────────────────────────────

    Error Context: test-results\system-health-System-Healt-830cb-vents-endpoint-returns-data-docker-chromium\error-context.md
]]>
</failure>
<system-out>
<![CDATA[
[[ATTACHMENT|..\tests\e2e\test-results\system-health-System-Healt-830cb-vents-endpoint-returns-data-docker-chromium\test-failed-1.png]]

[[ATTACHMENT|..\tests\e2e\test-results\system-health-System-Healt-830cb-vents-endpoint-returns-data-docker-chromium\video.webm]]

[[ATTACHMENT|..\tests\e2e\test-results\system-health-System-Healt-830cb-vents-endpoint-returns-data-docker-chromium\error-context.md]]
]]>
</system-out>
</testcase>
<testcase name="System Health Tests › WebSocket connection establishes successfully" classname="system-health.spec.ts" time="3.614">
<failure message="system-health.spec.ts:79:7 WebSocket connection establishes successfully" type="FAILURE">
<![CDATA[  [docker-chromium] › system-health.spec.ts:79:7 › System Health Tests › WebSocket connection establishes successfully 

    Error: page.waitForSelector: Target page, context or browser has been closed
    Call log:
      - waiting for locator('[data-testid="websocket-status"]') to be visible


      81 |     
      82 |     // Wait for WebSocket connection indicator
    > 83 |     await page.waitForSelector('[data-testid="websocket-status"]', { timeout: 10000 });
         |                ^
      84 |     
      85 |     // Check connection status
      86 |     const connectionStatus = page.locator('[data-testid="websocket-status"]');
        at C:\cursor\HomeIQ\tests\e2e\system-health.spec.ts:83:16
]]>
</failure>
</testcase>
<testcase name="System Health Tests › Error handling works correctly when services are down" classname="system-health.spec.ts" time="3.884">
<failure message="system-health.spec.ts:90:7 Error handling works correctly when services are down" type="FAILURE">
<![CDATA[  [docker-chromium] › system-health.spec.ts:90:7 › System Health Tests › Error handling works correctly when services are down 

    Error: page.route: Target page, context or browser has been closed
    Browser logs:

    <launching> C:\Users\tappt\AppData\Local\ms-playwright\chromium_headless_shell-1194\chrome-win\headless_shell.exe --disable-field-trial-config --disable-background-networking --disable-background-timer-throttling --disable-backgrounding-occluded-windows --disable-back-forward-cache --disable-breakpad --disable-client-side-phishing-detection --disable-component-extensions-with-background-pages --disable-component-update --no-default-browser-check --disable-default-apps --disable-dev-shm-usage --disable-extensions --disable-features=AcceptCHFrame,AvoidUnnecessaryBeforeUnloadCheckSync,DestroyProfileOnBrowserClose,DialMediaRouteProvider,GlobalMediaControls,HttpsUpgrades,LensOverlay,MediaRouter,PaintHolding,ThirdPartyStoragePartitioning,Translate,AutoDeElevate,RenderDocument --enable-features=CDPScreenshotNewSurface --allow-pre-commit-input --disable-hang-monitor --disable-ipc-flooding-protection --disable-popup-blocking --disable-prompt-on-repost --disable-renderer-backgrounding --force-color-profile=srgb --metrics-recording-only --no-first-run --password-store=basic --use-mock-keychain --no-service-autorun --export-tagged-pdf --disable-search-engine-choice-screen --unsafely-disable-devtools-self-xss-warnings --edge-skip-compat-layer-relaunch --enable-automation --headless --hide-scrollbars --mute-audio --blink-settings=primaryHoverType=2,availableHoverTypes=2,primaryPointerType=4,availablePointerTypes=4 --no-sandbox --no-sandbox --disable-setuid-sandbox --disable-dev-shm-usage --disable-gpu --no-first-run --no-zygote --single-process --user-data-dir=C:\Users\tappt\AppData\Local\Temp\playwright_chromiumdev_profile-KV9vpg --remote-debugging-pipe --no-startup-window
    <launched> pid=50580
    [pid=50580][err] [1222/174747.024:INFO:CONSOLE:73] "Service Worker registered: http://localhost:3000/", source: http://localhost:3000/assets/js/main-CQlCrq1y.js (73)
    [pid=50580][err] [1222/174748.919:INFO:CONSOLE:9] "API Error for /api/v1/stats?period=1h: TypeError: Failed to fetch", source: http://localhost:3000/assets/js/main-CQlCrq1y.js (9)
    [pid=50580][err] [1222/174748.920:INFO:CONSOLE:9] "API Error for /api/v1/health/services: TypeError: Failed to fetch", source: http://localhost:3000/assets/js/main-CQlCrq1y.js (9)
    [pid=50580][err] [1222/174748.920:INFO:CONSOLE:9] "API Error for /api/entities?limit=10000: TypeError: Failed to fetch", source: http://localhost:3000/assets/js/main-CQlCrq1y.js (9)
    [pid=50580][err] [1222/174748.921:INFO:CONSOLE:9] "Statistics fetch error: TypeError: Failed to fetch", source: http://localhost:3000/assets/js/main-CQlCrq1y.js (9)
    [pid=50580][err] [1222/174748.921:INFO:CONSOLE:9] "Failed to fetch data sources: TypeError: Failed to fetch", source: http://localhost:3000/assets/js/main-CQlCrq1y.js (9)
    [pid=50580][err] [1222/174748.921:INFO:CONSOLE:9] "Error fetching entities: TypeError: Failed to fetch", source: http://localhost:3000/assets/js/main-CQlCrq1y.js (9)

       95 |     
       96 |     // Simulate network error by intercepting requests
    >  97 |     await page.route('**/api/v1/health', route => route.abort());
          |                ^
       98 |     
       99 |     // Wait for error state to appear
      100 |     await page.waitForSelector('[data-testid="error-state"]', { timeout: 10000 });
        at C:\cursor\HomeIQ\tests\e2e\system-health.spec.ts:97:16
]]>
</failure>
</testcase>
</testsuite>
<testsuite name="system-health.spec.ts" timestamp="2025-12-23T01:47:44.206Z" hostname="docker-firefox" tests="6" failures="6" skipped="0" time="119.297" errors="0">
<testcase name="System Health Tests › All services are healthy and responding" classname="system-health.spec.ts" time="15.811">
<failure message="system-health.spec.ts:18:7 All services are healthy and responding" type="FAILURE">
<![CDATA[  [docker-firefox] › system-health.spec.ts:18:7 › System Health Tests › All services are healthy and responding 

    Error: apiRequestContext.get: connect ECONNREFUSED ::1:8003
    Call log:
      - → GET http://localhost:8003/api/v1/health
        - user-agent: Playwright-E2E-Tests
        - accept: application/json, text/plain, */*
        - accept-encoding: gzip,deflate,br
        - cookie: homeiq_csrf=e9ee7e217ebbaec34d6003a50e0616e0

        at apiRequestContext.get: connect ECONNREFUSED ::1:8003
        at C:\cursor\HomeIQ\tests\e2e\system-health.spec.ts:28:46

    attachment #1: screenshot (image/png) ──────────────────────────────────────────────────────────
    test-results\system-health-System-Healt-1311d--are-healthy-and-responding-docker-firefox\test-failed-1.png
    ────────────────────────────────────────────────────────────────────────────────────────────────

    attachment #2: video (video/webm) ──────────────────────────────────────────────────────────────
    test-results\system-health-System-Healt-1311d--are-healthy-and-responding-docker-firefox\video.webm
    ────────────────────────────────────────────────────────────────────────────────────────────────

    Error Context: test-results\system-health-System-Healt-1311d--are-healthy-and-responding-docker-firefox\error-context.md
]]>
</failure>
<system-out>
<![CDATA[
[[ATTACHMENT|..\tests\e2e\test-results\system-health-System-Healt-1311d--are-healthy-and-responding-docker-firefox\test-failed-1.png]]

[[ATTACHMENT|..\tests\e2e\test-results\system-health-System-Healt-1311d--are-healthy-and-responding-docker-firefox\video.webm]]

[[ATTACHMENT|..\tests\e2e\test-results\system-health-System-Healt-1311d--are-healthy-and-responding-docker-firefox\error-context.md]]
]]>
</system-out>
</testcase>
<testcase name="System Health Tests › Health dashboard displays system status correctly" classname="system-health.spec.ts" time="25.252">
<failure message="system-health.spec.ts:36:7 Health dashboard displays system status correctly" type="FAILURE">
<![CDATA[  [docker-firefox] › system-health.spec.ts:36:7 › System Health Tests › Health dashboard displays system status correctly 

    Error: expect(locator).toHaveCount(expected) failed

    Locator:  locator('[data-testid="health-card"]')
    Expected: 5
    Received: 2
    Timeout:  10000ms

    Call log:
      - Expect "toHaveCount" with timeout 10000ms
      - waiting for locator('[data-testid="health-card"]')
        12 × locator resolved to 2 elements
           - unexpected value "2"


      43 |     // Verify health indicators are present
      44 |     const healthCards = page.locator('[data-testid="health-card"]');
    > 45 |     await expect(healthCards).toHaveCount(5); // All 5 services
         |                               ^
      46 |     
      47 |     // Check that all services show healthy status
      48 |     const healthyIndicators = page.locator('[data-testid="status-indicator"][data-status="healthy"]');
        at C:\cursor\HomeIQ\tests\e2e\system-health.spec.ts:45:31

    attachment #1: screenshot (image/png) ──────────────────────────────────────────────────────────
    test-results\system-health-System-Healt-ff84d-ays-system-status-correctly-docker-firefox\test-failed-1.png
    ────────────────────────────────────────────────────────────────────────────────────────────────

    attachment #2: video (video/webm) ──────────────────────────────────────────────────────────────
    test-results\system-health-System-Healt-ff84d-ays-system-status-correctly-docker-firefox\video.webm
    ────────────────────────────────────────────────────────────────────────────────────────────────

    Error Context: test-results\system-health-System-Healt-ff84d-ays-system-status-correctly-docker-firefox\error-context.md
]]>
</failure>
<system-out>
<![CDATA[
[[ATTACHMENT|..\tests\e2e\test-results\system-health-System-Healt-ff84d-ays-system-status-correctly-docker-firefox\test-failed-1.png]]

[[ATTACHMENT|..\tests\e2e\test-results\system-health-System-Healt-ff84d-ays-system-status-correctly-docker-firefox\video.webm]]

[[ATTACHMENT|..\tests\e2e\test-results\system-health-System-Healt-ff84d-ays-system-status-correctly-docker-firefox\error-context.md]]
]]>
</system-out>
</testcase>
<testcase name="System Health Tests › Statistics endpoint returns valid data" classname="system-health.spec.ts" time="16.639">
<failure message="system-health.spec.ts:52:7 Statistics endpoint returns valid data" type="FAILURE">
<![CDATA[  [docker-firefox] › system-health.spec.ts:52:7 › System Health Tests › Statistics endpoint returns valid data 

    Error: apiRequestContext.get: connect ECONNREFUSED ::1:8003
    Call log:
      - → GET http://localhost:8003/api/v1/stats
        - user-agent: Playwright-E2E-Tests
        - accept: application/json, text/plain, */*
        - accept-encoding: gzip,deflate,br
        - cookie: homeiq_csrf=b32c08d3f87322bba62118b4b46e43f3

        at apiRequestContext.get: connect ECONNREFUSED ::1:8003
        at C:\cursor\HomeIQ\tests\e2e\system-health.spec.ts:53:46

    attachment #1: screenshot (image/png) ──────────────────────────────────────────────────────────
    test-results\system-health-System-Healt-b23d8-endpoint-returns-valid-data-docker-firefox\test-failed-1.png
    ────────────────────────────────────────────────────────────────────────────────────────────────

    attachment #2: video (video/webm) ──────────────────────────────────────────────────────────────
    test-results\system-health-System-Healt-b23d8-endpoint-returns-valid-data-docker-firefox\video.webm
    ────────────────────────────────────────────────────────────────────────────────────────────────

    Error Context: test-results\system-health-System-Healt-b23d8-endpoint-returns-valid-data-docker-firefox\error-context.md
]]>
</failure>
<system-out>
<![CDATA[
[[ATTACHMENT|..\tests\e2e\test-results\system-health-System-Healt-b23d8-endpoint-returns-valid-data-docker-firefox\test-failed-1.png]]

[[ATTACHMENT|..\tests\e2e\test-results\system-health-System-Healt-b23d8-endpoint-returns-valid-data-docker-firefox\video.webm]]

[[ATTACHMENT|..\tests\e2e\test-results\system-health-System-Healt-b23d8-endpoint-returns-valid-data-docker-firefox\error-context.md]]
]]>
</system-out>
</testcase>
<testcase name="System Health Tests › Recent events endpoint returns data" classname="system-health.spec.ts" time="15.335">
<failure message="system-health.spec.ts:63:7 Recent events endpoint returns data" type="FAILURE">
<![CDATA[  [docker-firefox] › system-health.spec.ts:63:7 › System Health Tests › Recent events endpoint returns data 

    Error: apiRequestContext.get: connect ECONNREFUSED ::1:8003
    Call log:
      - → GET http://localhost:8003/api/v1/events?limit=10
        - user-agent: Playwright-E2E-Tests
        - accept: application/json, text/plain, */*
        - accept-encoding: gzip,deflate,br
        - cookie: homeiq_csrf=dc599faae3da6e05ea1fea18090e3407

        at apiRequestContext.get: connect ECONNREFUSED ::1:8003
        at C:\cursor\HomeIQ\tests\e2e\system-health.spec.ts:64:47

    attachment #1: screenshot (image/png) ──────────────────────────────────────────────────────────
    test-results\system-health-System-Healt-830cb-vents-endpoint-returns-data-docker-firefox\test-failed-1.png
    ────────────────────────────────────────────────────────────────────────────────────────────────

    attachment #2: video (video/webm) ──────────────────────────────────────────────────────────────
    test-results\system-health-System-Healt-830cb-vents-endpoint-returns-data-docker-firefox\video.webm
    ────────────────────────────────────────────────────────────────────────────────────────────────

    Error Context: test-results\system-health-System-Healt-830cb-vents-endpoint-returns-data-docker-firefox\error-context.md
]]>
</failure>
<system-out>
<![CDATA[
[[ATTACHMENT|..\tests\e2e\test-results\system-health-System-Healt-830cb-vents-endpoint-returns-data-docker-firefox\test-failed-1.png]]

[[ATTACHMENT|..\tests\e2e\test-results\system-health-System-Healt-830cb-vents-endpoint-returns-data-docker-firefox\video.webm]]

[[ATTACHMENT|..\tests\e2e\test-results\system-health-System-Healt-830cb-vents-endpoint-returns-data-docker-firefox\error-context.md]]
]]>
</system-out>
</testcase>
<testcase name="System Health Tests › WebSocket connection establishes successfully" classname="system-health.spec.ts" time="24.811">
<failure message="system-health.spec.ts:79:7 WebSocket connection establishes successfully" type="FAILURE">
<![CDATA[  [docker-firefox] › system-health.spec.ts:79:7 › System Health Tests › WebSocket connection establishes successfully 

    TimeoutError: page.waitForSelector: Timeout 10000ms exceeded.
    Call log:
      - waiting for locator('[data-testid="websocket-status"]') to be visible


      81 |     
      82 |     // Wait for WebSocket connection indicator
    > 83 |     await page.waitForSelector('[data-testid="websocket-status"]', { timeout: 10000 });
         |                ^
      84 |     
      85 |     // Check connection status
      86 |     const connectionStatus = page.locator('[data-testid="websocket-status"]');
        at C:\cursor\HomeIQ\tests\e2e\system-health.spec.ts:83:16

    attachment #1: screenshot (image/png) ──────────────────────────────────────────────────────────
    test-results\system-health-System-Healt-790d5-on-establishes-successfully-docker-firefox\test-failed-1.png
    ────────────────────────────────────────────────────────────────────────────────────────────────

    attachment #2: video (video/webm) ──────────────────────────────────────────────────────────────
    test-results\system-health-System-Healt-790d5-on-establishes-successfully-docker-firefox\video.webm
    ────────────────────────────────────────────────────────────────────────────────────────────────

    Error Context: test-results\system-health-System-Healt-790d5-on-establishes-successfully-docker-firefox\error-context.md
]]>
</failure>
<system-out>
<![CDATA[
[[ATTACHMENT|..\tests\e2e\test-results\system-health-System-Healt-790d5-on-establishes-successfully-docker-firefox\test-failed-1.png]]

[[ATTACHMENT|..\tests\e2e\test-results\system-health-System-Healt-790d5-on-establishes-successfully-docker-firefox\video.webm]]

[[ATTACHMENT|..\tests\e2e\test-results\system-health-System-Healt-790d5-on-establishes-successfully-docker-firefox\error-context.md]]
]]>
</system-out>
</testcase>
<testcase name="System Health Tests › Error handling works correctly when services are down" classname="system-health.spec.ts" time="21.449">
<failure message="system-health.spec.ts:90:7 Error handling works correctly when services are down" type="FAILURE">
<![CDATA[  [docker-firefox] › system-health.spec.ts:90:7 › System Health Tests › Error handling works correctly when services are down 

    TimeoutError: page.waitForSelector: Timeout 10000ms exceeded.
    Call log:
      - waiting for locator('[data-testid="error-state"]') to be visible


       98 |     
       99 |     // Wait for error state to appear
    > 100 |     await page.waitForSelector('[data-testid="error-state"]', { timeout: 10000 });
          |                ^
      101 |     
      102 |     // Verify error message is displayed
      103 |     const errorMessage = page.locator('[data-testid="error-message"]');
        at C:\cursor\HomeIQ\tests\e2e\system-health.spec.ts:100:16

    attachment #1: screenshot (image/png) ──────────────────────────────────────────────────────────
    test-results\system-health-System-Healt-8031a-ctly-when-services-are-down-docker-firefox\test-failed-1.png
    ────────────────────────────────────────────────────────────────────────────────────────────────

    attachment #2: video (video/webm) ──────────────────────────────────────────────────────────────
    test-results\system-health-System-Healt-8031a-ctly-when-services-are-down-docker-firefox\video.webm
    ────────────────────────────────────────────────────────────────────────────────────────────────

    Error Context: test-results\system-health-System-Healt-8031a-ctly-when-services-are-down-docker-firefox\error-context.md
]]>
</failure>
<system-out>
<![CDATA[
[[ATTACHMENT|..\tests\e2e\test-results\system-health-System-Healt-8031a-ctly-when-services-are-down-docker-firefox\test-failed-1.png]]

[[ATTACHMENT|..\tests\e2e\test-results\system-health-System-Healt-8031a-ctly-when-services-are-down-docker-firefox\video.webm]]

[[ATTACHMENT|..\tests\e2e\test-results\system-health-System-Healt-8031a-ctly-when-services-are-down-docker-firefox\error-context.md]]
]]>
</system-out>
</testcase>
</testsuite>
<testsuite name="system-health.spec.ts" timestamp="2025-12-23T01:47:44.206Z" hostname="docker-webkit" tests="6" failures="6" skipped="0" time="70.217" errors="0">
<testcase name="System Health Tests › All services are healthy and responding" classname="system-health.spec.ts" time="7.851">
<failure message="system-health.spec.ts:18:7 All services are healthy and responding" type="FAILURE">
<![CDATA[  [docker-webkit] › system-health.spec.ts:18:7 › System Health Tests › All services are healthy and responding 

    Error: apiRequestContext.get: connect ECONNREFUSED ::1:8003
    Call log:
      - → GET http://localhost:8003/api/v1/health
        - user-agent: Playwright-E2E-Tests
        - accept: application/json, text/plain, */*
        - accept-encoding: gzip,deflate,br
        - cookie: homeiq_csrf=49626be2728fbe93e9dbac21a37be87c

        at apiRequestContext.get: connect ECONNREFUSED ::1:8003
        at C:\cursor\HomeIQ\tests\e2e\system-health.spec.ts:28:46

    attachment #1: screenshot (image/png) ──────────────────────────────────────────────────────────
    test-results\system-health-System-Healt-1311d--are-healthy-and-responding-docker-webkit\test-failed-1.png
    ────────────────────────────────────────────────────────────────────────────────────────────────

    attachment #2: video (video/webm) ──────────────────────────────────────────────────────────────
    test-results\system-health-System-Healt-1311d--are-healthy-and-responding-docker-webkit\video.webm
    ────────────────────────────────────────────────────────────────────────────────────────────────

    Error Context: test-results\system-health-System-Healt-1311d--are-healthy-and-responding-docker-webkit\error-context.md
]]>
</failure>
<system-out>
<![CDATA[
[[ATTACHMENT|..\tests\e2e\test-results\system-health-System-Healt-1311d--are-healthy-and-responding-docker-webkit\test-failed-1.png]]

[[ATTACHMENT|..\tests\e2e\test-results\system-health-System-Healt-1311d--are-healthy-and-responding-docker-webkit\video.webm]]

[[ATTACHMENT|..\tests\e2e\test-results\system-health-System-Healt-1311d--are-healthy-and-responding-docker-webkit\error-context.md]]
]]>
</system-out>
</testcase>
<testcase name="System Health Tests › Health dashboard displays system status correctly" classname="system-health.spec.ts" time="16.095">
<failure message="system-health.spec.ts:36:7 Health dashboard displays system status correctly" type="FAILURE">
<![CDATA[  [docker-webkit] › system-health.spec.ts:36:7 › System Health Tests › Health dashboard displays system status correctly 

    Error: expect(locator).toHaveCount(expected) failed

    Locator:  locator('[data-testid="health-card"]')
    Expected: 5
    Received: 2
    Timeout:  10000ms

    Call log:
      - Expect "toHaveCount" with timeout 10000ms
      - waiting for locator('[data-testid="health-card"]')
        13 × locator resolved to 2 elements
           - unexpected value "2"


      43 |     // Verify health indicators are present
      44 |     const healthCards = page.locator('[data-testid="health-card"]');
    > 45 |     await expect(healthCards).toHaveCount(5); // All 5 services
         |                               ^
      46 |     
      47 |     // Check that all services show healthy status
      48 |     const healthyIndicators = page.locator('[data-testid="status-indicator"][data-status="healthy"]');
        at C:\cursor\HomeIQ\tests\e2e\system-health.spec.ts:45:31

    attachment #1: screenshot (image/png) ──────────────────────────────────────────────────────────
    test-results\system-health-System-Healt-ff84d-ays-system-status-correctly-docker-webkit\test-failed-1.png
    ────────────────────────────────────────────────────────────────────────────────────────────────

    attachment #2: video (video/webm) ──────────────────────────────────────────────────────────────
    test-results\system-health-System-Healt-ff84d-ays-system-status-correctly-docker-webkit\video.webm
    ────────────────────────────────────────────────────────────────────────────────────────────────

    Error Context: test-results\system-health-System-Healt-ff84d-ays-system-status-correctly-docker-webkit\error-context.md
]]>
</failure>
<system-out>
<![CDATA[
[[ATTACHMENT|..\tests\e2e\test-results\system-health-System-Healt-ff84d-ays-system-status-correctly-docker-webkit\test-failed-1.png]]

[[ATTACHMENT|..\tests\e2e\test-results\system-health-System-Healt-ff84d-ays-system-status-correctly-docker-webkit\video.webm]]

[[ATTACHMENT|..\tests\e2e\test-results\system-health-System-Healt-ff84d-ays-system-status-correctly-docker-webkit\error-context.md]]
]]>
</system-out>
</testcase>
<testcase name="System Health Tests › Statistics endpoint returns valid data" classname="system-health.spec.ts" time="9.395">
<failure message="system-health.spec.ts:52:7 Statistics endpoint returns valid data" type="FAILURE">
<![CDATA[  [docker-webkit] › system-health.spec.ts:52:7 › System Health Tests › Statistics endpoint returns valid data 

    Error: apiRequestContext.get: connect ECONNREFUSED ::1:8003
    Call log:
      - → GET http://localhost:8003/api/v1/stats
        - user-agent: Playwright-E2E-Tests
        - accept: application/json, text/plain, */*
        - accept-encoding: gzip,deflate,br
        - cookie: homeiq_csrf=d11a84fc8ad270a9fac99608dc01d5c9

        at apiRequestContext.get: connect ECONNREFUSED ::1:8003
        at C:\cursor\HomeIQ\tests\e2e\system-health.spec.ts:53:46

    attachment #1: screenshot (image/png) ──────────────────────────────────────────────────────────
    test-results\system-health-System-Healt-b23d8-endpoint-returns-valid-data-docker-webkit\test-failed-1.png
    ────────────────────────────────────────────────────────────────────────────────────────────────

    attachment #2: video (video/webm) ──────────────────────────────────────────────────────────────
    test-results\system-health-System-Healt-b23d8-endpoint-returns-valid-data-docker-webkit\video.webm
    ────────────────────────────────────────────────────────────────────────────────────────────────

    Error Context: test-results\system-health-System-Healt-b23d8-endpoint-returns-valid-data-docker-webkit\error-context.md
]]>
</failure>
<system-out>
<![CDATA[
[[ATTACHMENT|..\tests\e2e\test-results\system-health-System-Healt-b23d8-endpoint-returns-valid-data-docker-webkit\test-failed-1.png]]

[[ATTACHMENT|..\tests\e2e\test-results\system-health-System-Healt-b23d8-endpoint-returns-valid-data-docker-webkit\video.webm]]

[[ATTACHMENT|..\tests\e2e\test-results\system-health-System-Healt-b23d8-endpoint-returns-valid-data-docker-webkit\error-context.md]]
]]>
</system-out>
</testcase>
<testcase name="System Health Tests › Recent events endpoint returns data" classname="system-health.spec.ts" time="6.895">
<failure message="system-health.spec.ts:63:7 Recent events endpoint returns data" type="FAILURE">
<![CDATA[  [docker-webkit] › system-health.spec.ts:63:7 › System Health Tests › Recent events endpoint returns data 

    Error: apiRequestContext.get: connect ECONNREFUSED ::1:8003
    Call log:
      - → GET http://localhost:8003/api/v1/events?limit=10
        - user-agent: Playwright-E2E-Tests
        - accept: application/json, text/plain, */*
        - accept-encoding: gzip,deflate,br
        - cookie: homeiq_csrf=9832e1f5cd41f3396f7339e069be0028

        at apiRequestContext.get: connect ECONNREFUSED ::1:8003
        at C:\cursor\HomeIQ\tests\e2e\system-health.spec.ts:64:47

    attachment #1: screenshot (image/png) ──────────────────────────────────────────────────────────
    test-results\system-health-System-Healt-830cb-vents-endpoint-returns-data-docker-webkit\test-failed-1.png
    ────────────────────────────────────────────────────────────────────────────────────────────────

    attachment #2: video (video/webm) ──────────────────────────────────────────────────────────────
    test-results\system-health-System-Healt-830cb-vents-endpoint-returns-data-docker-webkit\video.webm
    ────────────────────────────────────────────────────────────────────────────────────────────────

    Error Context: test-results\system-health-System-Healt-830cb-vents-endpoint-returns-data-docker-webkit\error-context.md
]]>
</failure>
<system-out>
<![CDATA[
[[ATTACHMENT|..\tests\e2e\test-results\system-health-System-Healt-830cb-vents-endpoint-returns-data-docker-webkit\test-failed-1.png]]

[[ATTACHMENT|..\tests\e2e\test-results\system-health-System-Healt-830cb-vents-endpoint-returns-data-docker-webkit\video.webm]]

[[ATTACHMENT|..\tests\e2e\test-results\system-health-System-Healt-830cb-vents-endpoint-returns-data-docker-webkit\error-context.md]]
]]>
</system-out>
</testcase>
<testcase name="System Health Tests › WebSocket connection establishes successfully" classname="system-health.spec.ts" time="15.247">
<failure message="system-health.spec.ts:79:7 WebSocket connection establishes successfully" type="FAILURE">
<![CDATA[  [docker-webkit] › system-health.spec.ts:79:7 › System Health Tests › WebSocket connection establishes successfully 

    TimeoutError: page.waitForSelector: Timeout 10000ms exceeded.
    Call log:
      - waiting for locator('[data-testid="websocket-status"]') to be visible


      81 |     
      82 |     // Wait for WebSocket connection indicator
    > 83 |     await page.waitForSelector('[data-testid="websocket-status"]', { timeout: 10000 });
         |                ^
      84 |     
      85 |     // Check connection status
      86 |     const connectionStatus = page.locator('[data-testid="websocket-status"]');
        at C:\cursor\HomeIQ\tests\e2e\system-health.spec.ts:83:16

    attachment #1: screenshot (image/png) ──────────────────────────────────────────────────────────
    test-results\system-health-System-Healt-790d5-on-establishes-successfully-docker-webkit\test-failed-1.png
    ────────────────────────────────────────────────────────────────────────────────────────────────

    attachment #2: video (video/webm) ──────────────────────────────────────────────────────────────
    test-results\system-health-System-Healt-790d5-on-establishes-successfully-docker-webkit\video.webm
    ────────────────────────────────────────────────────────────────────────────────────────────────

    Error Context: test-results\system-health-System-Healt-790d5-on-establishes-successfully-docker-webkit\error-context.md
]]>
</failure>
<system-out>
<![CDATA[
[[ATTACHMENT|..\tests\e2e\test-results\system-health-System-Healt-790d5-on-establishes-successfully-docker-webkit\test-failed-1.png]]

[[ATTACHMENT|..\tests\e2e\test-results\system-health-System-Healt-790d5-on-establishes-successfully-docker-webkit\video.webm]]

[[ATTACHMENT|..\tests\e2e\test-results\system-health-System-Healt-790d5-on-establishes-successfully-docker-webkit\error-context.md]]
]]>
</system-out>
</testcase>
<testcase name="System Health Tests › Error handling works correctly when services are down" classname="system-health.spec.ts" time="14.734">
<failure message="system-health.spec.ts:90:7 Error handling works correctly when services are down" type="FAILURE">
<![CDATA[  [docker-webkit] › system-health.spec.ts:90:7 › System Health Tests › Error handling works correctly when services are down 

    TimeoutError: page.waitForSelector: Timeout 10000ms exceeded.
    Call log:
      - waiting for locator('[data-testid="error-state"]') to be visible


       98 |     
       99 |     // Wait for error state to appear
    > 100 |     await page.waitForSelector('[data-testid="error-state"]', { timeout: 10000 });
          |                ^
      101 |     
      102 |     // Verify error message is displayed
      103 |     const errorMessage = page.locator('[data-testid="error-message"]');
        at C:\cursor\HomeIQ\tests\e2e\system-health.spec.ts:100:16

    attachment #1: screenshot (image/png) ──────────────────────────────────────────────────────────
    test-results\system-health-System-Healt-8031a-ctly-when-services-are-down-docker-webkit\test-failed-1.png
    ────────────────────────────────────────────────────────────────────────────────────────────────

    attachment #2: video (video/webm) ──────────────────────────────────────────────────────────────
    test-results\system-health-System-Healt-8031a-ctly-when-services-are-down-docker-webkit\video.webm
    ────────────────────────────────────────────────────────────────────────────────────────────────

    Error Context: test-results\system-health-System-Healt-8031a-ctly-when-services-are-down-docker-webkit\error-context.md
]]>
</failure>
<system-out>
<![CDATA[
[[ATTACHMENT|..\tests\e2e\test-results\system-health-System-Healt-8031a-ctly-when-services-are-down-docker-webkit\test-failed-1.png]]

[[ATTACHMENT|..\tests\e2e\test-results\system-health-System-Healt-8031a-ctly-when-services-are-down-docker-webkit\video.webm]]

[[ATTACHMENT|..\tests\e2e\test-results\system-health-System-Healt-8031a-ctly-when-services-are-down-docker-webkit\error-context.md]]
]]>
</system-out>
</testcase>
</testsuite>
<testsuite name="system-health.spec.ts" timestamp="2025-12-23T01:47:44.206Z" hostname="docker-mobile-chrome" tests="6" failures="6" skipped="0" time="65.204" errors="0">
<testcase name="System Health Tests › All services are healthy and responding" classname="system-health.spec.ts" time="5.807">
<failure message="system-health.spec.ts:18:7 All services are healthy and responding" type="FAILURE">
<![CDATA[  [docker-mobile-chrome] › system-health.spec.ts:18:7 › System Health Tests › All services are healthy and responding 

    Error: apiRequestContext.get: connect ECONNREFUSED ::1:8003
    Call log:
      - → GET http://localhost:8003/api/v1/health
        - user-agent: Playwright-E2E-Tests
        - accept: application/json, text/plain, */*
        - accept-encoding: gzip,deflate,br
        - cookie: homeiq_csrf=253e6fd8325c887d76c8799d5ebacdb0

        at apiRequestContext.get: connect ECONNREFUSED ::1:8003
        at C:\cursor\HomeIQ\tests\e2e\system-health.spec.ts:28:46

    attachment #1: screenshot (image/png) ──────────────────────────────────────────────────────────
    test-results\system-health-System-Healt-1311d--are-healthy-and-responding-docker-mobile-chrome\test-failed-1.png
    ────────────────────────────────────────────────────────────────────────────────────────────────

    attachment #2: video (video/webm) ──────────────────────────────────────────────────────────────
    test-results\system-health-System-Healt-1311d--are-healthy-and-responding-docker-mobile-chrome\video.webm
    ────────────────────────────────────────────────────────────────────────────────────────────────

    Error Context: test-results\system-health-System-Healt-1311d--are-healthy-and-responding-docker-mobile-chrome\error-context.md
]]>
</failure>
<system-out>
<![CDATA[
[[ATTACHMENT|..\tests\e2e\test-results\system-health-System-Healt-1311d--are-healthy-and-responding-docker-mobile-chrome\test-failed-1.png]]

[[ATTACHMENT|..\tests\e2e\test-results\system-health-System-Healt-1311d--are-healthy-and-responding-docker-mobile-chrome\video.webm]]

[[ATTACHMENT|..\tests\e2e\test-results\system-health-System-Healt-1311d--are-healthy-and-responding-docker-mobile-chrome\error-context.md]]
]]>
</system-out>
</testcase>
<testcase name="System Health Tests › Health dashboard displays system status correctly" classname="system-health.spec.ts" time="18.128">
<failure message="system-health.spec.ts:36:7 Health dashboard displays system status correctly" type="FAILURE">
<![CDATA[  [docker-mobile-chrome] › system-health.spec.ts:36:7 › System Health Tests › Health dashboard displays system status correctly 

    Error: expect(locator).toHaveCount(expected) failed

    Locator:  locator('[data-testid="health-card"]')
    Expected: 5
    Received: 2
    Timeout:  10000ms

    Call log:
      - Expect "toHaveCount" with timeout 10000ms
      - waiting for locator('[data-testid="health-card"]')
        13 × locator resolved to 2 elements
           - unexpected value "2"


      43 |     // Verify health indicators are present
      44 |     const healthCards = page.locator('[data-testid="health-card"]');
    > 45 |     await expect(healthCards).toHaveCount(5); // All 5 services
         |                               ^
      46 |     
      47 |     // Check that all services show healthy status
      48 |     const healthyIndicators = page.locator('[data-testid="status-indicator"][data-status="healthy"]');
        at C:\cursor\HomeIQ\tests\e2e\system-health.spec.ts:45:31

    attachment #1: screenshot (image/png) ──────────────────────────────────────────────────────────
    test-results\system-health-System-Healt-ff84d-ays-system-status-correctly-docker-mobile-chrome\test-failed-1.png
    ────────────────────────────────────────────────────────────────────────────────────────────────

    attachment #2: video (video/webm) ──────────────────────────────────────────────────────────────
    test-results\system-health-System-Healt-ff84d-ays-system-status-correctly-docker-mobile-chrome\video.webm
    ────────────────────────────────────────────────────────────────────────────────────────────────

    Error Context: test-results\system-health-System-Healt-ff84d-ays-system-status-correctly-docker-mobile-chrome\error-context.md
]]>
</failure>
<system-out>
<![CDATA[
[[ATTACHMENT|..\tests\e2e\test-results\system-health-System-Healt-ff84d-ays-system-status-correctly-docker-mobile-chrome\test-failed-1.png]]

[[ATTACHMENT|..\tests\e2e\test-results\system-health-System-Healt-ff84d-ays-system-status-correctly-docker-mobile-chrome\video.webm]]

[[ATTACHMENT|..\tests\e2e\test-results\system-health-System-Healt-ff84d-ays-system-status-correctly-docker-mobile-chrome\error-context.md]]
]]>
</system-out>
</testcase>
<testcase name="System Health Tests › Statistics endpoint returns valid data" classname="system-health.spec.ts" time="6.062">
<failure message="system-health.spec.ts:52:7 Statistics endpoint returns valid data" type="FAILURE">
<![CDATA[  [docker-mobile-chrome] › system-health.spec.ts:52:7 › System Health Tests › Statistics endpoint returns valid data 

    Error: apiRequestContext.get: connect ECONNREFUSED ::1:8003
    Call log:
      - → GET http://localhost:8003/api/v1/stats
        - user-agent: Playwright-E2E-Tests
        - accept: application/json, text/plain, */*
        - accept-encoding: gzip,deflate,br
        - cookie: homeiq_csrf=8e40dd6693073599a369983a85f7523f

        at apiRequestContext.get: connect ECONNREFUSED ::1:8003
        at C:\cursor\HomeIQ\tests\e2e\system-health.spec.ts:53:46

    attachment #1: screenshot (image/png) ──────────────────────────────────────────────────────────
    test-results\system-health-System-Healt-b23d8-endpoint-returns-valid-data-docker-mobile-chrome\test-failed-1.png
    ────────────────────────────────────────────────────────────────────────────────────────────────

    attachment #2: video (video/webm) ──────────────────────────────────────────────────────────────
    test-results\system-health-System-Healt-b23d8-endpoint-returns-valid-data-docker-mobile-chrome\video.webm
    ────────────────────────────────────────────────────────────────────────────────────────────────

    Error Context: test-results\system-health-System-Healt-b23d8-endpoint-returns-valid-data-docker-mobile-chrome\error-context.md
]]>
</failure>
<system-out>
<![CDATA[
[[ATTACHMENT|..\tests\e2e\test-results\system-health-System-Healt-b23d8-endpoint-returns-valid-data-docker-mobile-chrome\test-failed-1.png]]

[[ATTACHMENT|..\tests\e2e\test-results\system-health-System-Healt-b23d8-endpoint-returns-valid-data-docker-mobile-chrome\video.webm]]

[[ATTACHMENT|..\tests\e2e\test-results\system-health-System-Healt-b23d8-endpoint-returns-valid-data-docker-mobile-chrome\error-context.md]]
]]>
</system-out>
</testcase>
<testcase name="System Health Tests › Recent events endpoint returns data" classname="system-health.spec.ts" time="5.615">
<failure message="system-health.spec.ts:63:7 Recent events endpoint returns data" type="FAILURE">
<![CDATA[  [docker-mobile-chrome] › system-health.spec.ts:63:7 › System Health Tests › Recent events endpoint returns data 

    Error: apiRequestContext.get: connect ECONNREFUSED ::1:8003
    Call log:
      - → GET http://localhost:8003/api/v1/events?limit=10
        - user-agent: Playwright-E2E-Tests
        - accept: application/json, text/plain, */*
        - accept-encoding: gzip,deflate,br
        - cookie: homeiq_csrf=9015acda64ba78607ed65927431b154f

        at apiRequestContext.get: connect ECONNREFUSED ::1:8003
        at C:\cursor\HomeIQ\tests\e2e\system-health.spec.ts:64:47

    attachment #1: screenshot (image/png) ──────────────────────────────────────────────────────────
    test-results\system-health-System-Healt-830cb-vents-endpoint-returns-data-docker-mobile-chrome\test-failed-1.png
    ────────────────────────────────────────────────────────────────────────────────────────────────

    attachment #2: video (video/webm) ──────────────────────────────────────────────────────────────
    test-results\system-health-System-Healt-830cb-vents-endpoint-returns-data-docker-mobile-chrome\video.webm
    ────────────────────────────────────────────────────────────────────────────────────────────────

    Error Context: test-results\system-health-System-Healt-830cb-vents-endpoint-returns-data-docker-mobile-chrome\error-context.md
]]>
</failure>
<system-out>
<![CDATA[
[[ATTACHMENT|..\tests\e2e\test-results\system-health-System-Healt-830cb-vents-endpoint-returns-data-docker-mobile-chrome\test-failed-1.png]]

[[ATTACHMENT|..\tests\e2e\test-results\system-health-System-Healt-830cb-vents-endpoint-returns-data-docker-mobile-chrome\video.webm]]

[[ATTACHMENT|..\tests\e2e\test-results\system-health-System-Healt-830cb-vents-endpoint-returns-data-docker-mobile-chrome\error-context.md]]
]]>
</system-out>
</testcase>
<testcase name="System Health Tests › WebSocket connection establishes successfully" classname="system-health.spec.ts" time="15.435">
<failure message="system-health.spec.ts:79:7 WebSocket connection establishes successfully" type="FAILURE">
<![CDATA[  [docker-mobile-chrome] › system-health.spec.ts:79:7 › System Health Tests › WebSocket connection establishes successfully 

    TimeoutError: page.waitForSelector: Timeout 10000ms exceeded.
    Call log:
      - waiting for locator('[data-testid="websocket-status"]') to be visible


      81 |     
      82 |     // Wait for WebSocket connection indicator
    > 83 |     await page.waitForSelector('[data-testid="websocket-status"]', { timeout: 10000 });
         |                ^
      84 |     
      85 |     // Check connection status
      86 |     const connectionStatus = page.locator('[data-testid="websocket-status"]');
        at C:\cursor\HomeIQ\tests\e2e\system-health.spec.ts:83:16

    attachment #1: screenshot (image/png) ──────────────────────────────────────────────────────────
    test-results\system-health-System-Healt-790d5-on-establishes-successfully-docker-mobile-chrome\test-failed-1.png
    ────────────────────────────────────────────────────────────────────────────────────────────────

    attachment #2: video (video/webm) ──────────────────────────────────────────────────────────────
    test-results\system-health-System-Healt-790d5-on-establishes-successfully-docker-mobile-chrome\video.webm
    ────────────────────────────────────────────────────────────────────────────────────────────────

    Error Context: test-results\system-health-System-Healt-790d5-on-establishes-successfully-docker-mobile-chrome\error-context.md
]]>
</failure>
<system-out>
<![CDATA[
[[ATTACHMENT|..\tests\e2e\test-results\system-health-System-Healt-790d5-on-establishes-successfully-docker-mobile-chrome\test-failed-1.png]]

[[ATTACHMENT|..\tests\e2e\test-results\system-health-System-Healt-790d5-on-establishes-successfully-docker-mobile-chrome\video.webm]]

[[ATTACHMENT|..\tests\e2e\test-results\system-health-System-Healt-790d5-on-establishes-successfully-docker-mobile-chrome\error-context.md]]
]]>
</system-out>
</testcase>
<testcase name="System Health Tests › Error handling works correctly when services are down" classname="system-health.spec.ts" time="14.157">
<failure message="system-health.spec.ts:90:7 Error handling works correctly when services are down" type="FAILURE">
<![CDATA[  [docker-mobile-chrome] › system-health.spec.ts:90:7 › System Health Tests › Error handling works correctly when services are down 

    TimeoutError: page.waitForSelector: Timeout 10000ms exceeded.
    Call log:
      - waiting for locator('[data-testid="error-state"]') to be visible


       98 |     
       99 |     // Wait for error state to appear
    > 100 |     await page.waitForSelector('[data-testid="error-state"]', { timeout: 10000 });
          |                ^
      101 |     
      102 |     // Verify error message is displayed
      103 |     const errorMessage = page.locator('[data-testid="error-message"]');
        at C:\cursor\HomeIQ\tests\e2e\system-health.spec.ts:100:16

    attachment #1: screenshot (image/png) ──────────────────────────────────────────────────────────
    test-results\system-health-System-Healt-8031a-ctly-when-services-are-down-docker-mobile-chrome\test-failed-1.png
    ────────────────────────────────────────────────────────────────────────────────────────────────

    attachment #2: video (video/webm) ──────────────────────────────────────────────────────────────
    test-results\system-health-System-Healt-8031a-ctly-when-services-are-down-docker-mobile-chrome\video.webm
    ────────────────────────────────────────────────────────────────────────────────────────────────

    Error Context: test-results\system-health-System-Healt-8031a-ctly-when-services-are-down-docker-mobile-chrome\error-context.md
]]>
</failure>
<system-out>
<![CDATA[
[[ATTACHMENT|..\tests\e2e\test-results\system-health-System-Healt-8031a-ctly-when-services-are-down-docker-mobile-chrome\test-failed-1.png]]

[[ATTACHMENT|..\tests\e2e\test-results\system-health-System-Healt-8031a-ctly-when-services-are-down-docker-mobile-chrome\video.webm]]

[[ATTACHMENT|..\tests\e2e\test-results\system-health-System-Healt-8031a-ctly-when-services-are-down-docker-mobile-chrome\error-context.md]]
]]>
</system-out>
</testcase>
</testsuite>
<testsuite name="system-health.spec.ts" timestamp="2025-12-23T01:47:44.206Z" hostname="docker-mobile-safari" tests="6" failures="6" skipped="0" time="75.642" errors="0">
<testcase name="System Health Tests › All services are healthy and responding" classname="system-health.spec.ts" time="6.423">
<failure message="system-health.spec.ts:18:7 All services are healthy and responding" type="FAILURE">
<![CDATA[  [docker-mobile-safari] › system-health.spec.ts:18:7 › System Health Tests › All services are healthy and responding 

    Error: apiRequestContext.get: connect ECONNREFUSED ::1:8003
    Call log:
      - → GET http://localhost:8003/api/v1/health
        - user-agent: Playwright-E2E-Tests
        - accept: application/json, text/plain, */*
        - accept-encoding: gzip,deflate,br
        - cookie: homeiq_csrf=df48c065bc1fa4dd5990dac6a37cb024

        at apiRequestContext.get: connect ECONNREFUSED ::1:8003
        at C:\cursor\HomeIQ\tests\e2e\system-health.spec.ts:28:46

    attachment #1: screenshot (image/png) ──────────────────────────────────────────────────────────
    test-results\system-health-System-Healt-1311d--are-healthy-and-responding-docker-mobile-safari\test-failed-1.png
    ────────────────────────────────────────────────────────────────────────────────────────────────

    attachment #2: video (video/webm) ──────────────────────────────────────────────────────────────
    test-results\system-health-System-Healt-1311d--are-healthy-and-responding-docker-mobile-safari\video.webm
    ────────────────────────────────────────────────────────────────────────────────────────────────

    Error Context: test-results\system-health-System-Healt-1311d--are-healthy-and-responding-docker-mobile-safari\error-context.md
]]>
</failure>
<system-out>
<![CDATA[
[[ATTACHMENT|..\tests\e2e\test-results\system-health-System-Healt-1311d--are-healthy-and-responding-docker-mobile-safari\test-failed-1.png]]

[[ATTACHMENT|..\tests\e2e\test-results\system-health-System-Healt-1311d--are-healthy-and-responding-docker-mobile-safari\video.webm]]

[[ATTACHMENT|..\tests\e2e\test-results\system-health-System-Healt-1311d--are-healthy-and-responding-docker-mobile-safari\error-context.md]]
]]>
</system-out>
</testcase>
<testcase name="System Health Tests › Health dashboard displays system status correctly" classname="system-health.spec.ts" time="17.078">
<failure message="system-health.spec.ts:36:7 Health dashboard displays system status correctly" type="FAILURE">
<![CDATA[  [docker-mobile-safari] › system-health.spec.ts:36:7 › System Health Tests › Health dashboard displays system status correctly 

    Error: expect(locator).toHaveCount(expected) failed

    Locator:  locator('[data-testid="health-card"]')
    Expected: 5
    Received: 2
    Timeout:  10000ms

    Call log:
      - Expect "toHaveCount" with timeout 10000ms
      - waiting for locator('[data-testid="health-card"]')
        13 × locator resolved to 2 elements
           - unexpected value "2"


      43 |     // Verify health indicators are present
      44 |     const healthCards = page.locator('[data-testid="health-card"]');
    > 45 |     await expect(healthCards).toHaveCount(5); // All 5 services
         |                               ^
      46 |     
      47 |     // Check that all services show healthy status
      48 |     const healthyIndicators = page.locator('[data-testid="status-indicator"][data-status="healthy"]');
        at C:\cursor\HomeIQ\tests\e2e\system-health.spec.ts:45:31

    attachment #1: screenshot (image/png) ──────────────────────────────────────────────────────────
    test-results\system-health-System-Healt-ff84d-ays-system-status-correctly-docker-mobile-safari\test-failed-1.png
    ────────────────────────────────────────────────────────────────────────────────────────────────

    attachment #2: video (video/webm) ──────────────────────────────────────────────────────────────
    test-results\system-health-System-Healt-ff84d-ays-system-status-correctly-docker-mobile-safari\video.webm
    ────────────────────────────────────────────────────────────────────────────────────────────────

    Error Context: test-results\system-health-System-Healt-ff84d-ays-system-status-correctly-docker-mobile-safari\error-context.md
]]>
</failure>
<system-out>
<![CDATA[
[[ATTACHMENT|..\tests\e2e\test-results\system-health-System-Healt-ff84d-ays-system-status-correctly-docker-mobile-safari\test-failed-1.png]]

[[ATTACHMENT|..\tests\e2e\test-results\system-health-System-Healt-ff84d-ays-system-status-correctly-docker-mobile-safari\video.webm]]

[[ATTACHMENT|..\tests\e2e\test-results\system-health-System-Healt-ff84d-ays-system-status-correctly-docker-mobile-safari\error-context.md]]
]]>
</system-out>
</testcase>
<testcase name="System Health Tests › Statistics endpoint returns valid data" classname="system-health.spec.ts" time="8.934">
<failure message="system-health.spec.ts:52:7 Statistics endpoint returns valid data" type="FAILURE">
<![CDATA[  [docker-mobile-safari] › system-health.spec.ts:52:7 › System Health Tests › Statistics endpoint returns valid data 

    Error: apiRequestContext.get: connect ECONNREFUSED ::1:8003
    Call log:
      - → GET http://localhost:8003/api/v1/stats
        - user-agent: Playwright-E2E-Tests
        - accept: application/json, text/plain, */*
        - accept-encoding: gzip,deflate,br
        - cookie: homeiq_csrf=a1523d44c1c40020e8b2c04286524f14

        at apiRequestContext.get: connect ECONNREFUSED ::1:8003
        at C:\cursor\HomeIQ\tests\e2e\system-health.spec.ts:53:46

    attachment #1: screenshot (image/png) ──────────────────────────────────────────────────────────
    test-results\system-health-System-Healt-b23d8-endpoint-returns-valid-data-docker-mobile-safari\test-failed-1.png
    ────────────────────────────────────────────────────────────────────────────────────────────────

    attachment #2: video (video/webm) ──────────────────────────────────────────────────────────────
    test-results\system-health-System-Healt-b23d8-endpoint-returns-valid-data-docker-mobile-safari\video.webm
    ────────────────────────────────────────────────────────────────────────────────────────────────

    Error Context: test-results\system-health-System-Healt-b23d8-endpoint-returns-valid-data-docker-mobile-safari\error-context.md
]]>
</failure>
<system-out>
<![CDATA[
[[ATTACHMENT|..\tests\e2e\test-results\system-health-System-Healt-b23d8-endpoint-returns-valid-data-docker-mobile-safari\test-failed-1.png]]

[[ATTACHMENT|..\tests\e2e\test-results\system-health-System-Healt-b23d8-endpoint-returns-valid-data-docker-mobile-safari\video.webm]]

[[ATTACHMENT|..\tests\e2e\test-results\system-health-System-Healt-b23d8-endpoint-returns-valid-data-docker-mobile-safari\error-context.md]]
]]>
</system-out>
</testcase>
<testcase name="System Health Tests › Recent events endpoint returns data" classname="system-health.spec.ts" time="8.278">
<failure message="system-health.spec.ts:63:7 Recent events endpoint returns data" type="FAILURE">
<![CDATA[  [docker-mobile-safari] › system-health.spec.ts:63:7 › System Health Tests › Recent events endpoint returns data 

    Error: apiRequestContext.get: connect ECONNREFUSED ::1:8003
    Call log:
      - → GET http://localhost:8003/api/v1/events?limit=10
        - user-agent: Playwright-E2E-Tests
        - accept: application/json, text/plain, */*
        - accept-encoding: gzip,deflate,br
        - cookie: homeiq_csrf=d618ff09c4ab7ec99c41ab674b7eb62e

        at apiRequestContext.get: connect ECONNREFUSED ::1:8003
        at C:\cursor\HomeIQ\tests\e2e\system-health.spec.ts:64:47

    attachment #1: screenshot (image/png) ──────────────────────────────────────────────────────────
    test-results\system-health-System-Healt-830cb-vents-endpoint-returns-data-docker-mobile-safari\test-failed-1.png
    ────────────────────────────────────────────────────────────────────────────────────────────────

    attachment #2: video (video/webm) ──────────────────────────────────────────────────────────────
    test-results\system-health-System-Healt-830cb-vents-endpoint-returns-data-docker-mobile-safari\video.webm
    ────────────────────────────────────────────────────────────────────────────────────────────────

    Error Context: test-results\system-health-System-Healt-830cb-vents-endpoint-returns-data-docker-mobile-safari\error-context.md
]]>
</failure>
<system-out>
<![CDATA[
[[ATTACHMENT|..\tests\e2e\test-results\system-health-System-Healt-830cb-vents-endpoint-returns-data-docker-mobile-safari\test-failed-1.png]]

[[ATTACHMENT|..\tests\e2e\test-results\system-health-System-Healt-830cb-vents-endpoint-returns-data-docker-mobile-safari\video.webm]]

[[ATTACHMENT|..\tests\e2e\test-results\system-health-System-Healt-830cb-vents-endpoint-returns-data-docker-mobile-safari\error-context.md]]
]]>
</system-out>
</testcase>
<testcase name="System Health Tests › WebSocket connection establishes successfully" classname="system-health.spec.ts" time="17.597">
<failure message="system-health.spec.ts:79:7 WebSocket connection establishes successfully" type="FAILURE">
<![CDATA[  [docker-mobile-safari] › system-health.spec.ts:79:7 › System Health Tests › WebSocket connection establishes successfully 

    TimeoutError: page.waitForSelector: Timeout 10000ms exceeded.
    Call log:
      - waiting for locator('[data-testid="websocket-status"]') to be visible


      81 |     
      82 |     // Wait for WebSocket connection indicator
    > 83 |     await page.waitForSelector('[data-testid="websocket-status"]', { timeout: 10000 });
         |                ^
      84 |     
      85 |     // Check connection status
      86 |     const connectionStatus = page.locator('[data-testid="websocket-status"]');
        at C:\cursor\HomeIQ\tests\e2e\system-health.spec.ts:83:16

    attachment #1: screenshot (image/png) ──────────────────────────────────────────────────────────
    test-results\system-health-System-Healt-790d5-on-establishes-successfully-docker-mobile-safari\test-failed-1.png
    ────────────────────────────────────────────────────────────────────────────────────────────────

    attachment #2: video (video/webm) ──────────────────────────────────────────────────────────────
    test-results\system-health-System-Healt-790d5-on-establishes-successfully-docker-mobile-safari\video.webm
    ────────────────────────────────────────────────────────────────────────────────────────────────

    Error Context: test-results\system-health-System-Healt-790d5-on-establishes-successfully-docker-mobile-safari\error-context.md
]]>
</failure>
<system-out>
<![CDATA[
[[ATTACHMENT|..\tests\e2e\test-results\system-health-System-Healt-790d5-on-establishes-successfully-docker-mobile-safari\test-failed-1.png]]

[[ATTACHMENT|..\tests\e2e\test-results\system-health-System-Healt-790d5-on-establishes-successfully-docker-mobile-safari\video.webm]]

[[ATTACHMENT|..\tests\e2e\test-results\system-health-System-Healt-790d5-on-establishes-successfully-docker-mobile-safari\error-context.md]]
]]>
</system-out>
</testcase>
<testcase name="System Health Tests › Error handling works correctly when services are down" classname="system-health.spec.ts" time="17.332">
<failure message="system-health.spec.ts:90:7 Error handling works correctly when services are down" type="FAILURE">
<![CDATA[  [docker-mobile-safari] › system-health.spec.ts:90:7 › System Health Tests › Error handling works correctly when services are down 

    TimeoutError: page.waitForSelector: Timeout 10000ms exceeded.
    Call log:
      - waiting for locator('[data-testid="error-state"]') to be visible


       98 |     
       99 |     // Wait for error state to appear
    > 100 |     await page.waitForSelector('[data-testid="error-state"]', { timeout: 10000 });
          |                ^
      101 |     
      102 |     // Verify error message is displayed
      103 |     const errorMessage = page.locator('[data-testid="error-message"]');
        at C:\cursor\HomeIQ\tests\e2e\system-health.spec.ts:100:16

    attachment #1: screenshot (image/png) ──────────────────────────────────────────────────────────
    test-results\system-health-System-Healt-8031a-ctly-when-services-are-down-docker-mobile-safari\test-failed-1.png
    ────────────────────────────────────────────────────────────────────────────────────────────────

    attachment #2: video (video/webm) ──────────────────────────────────────────────────────────────
    test-results\system-health-System-Healt-8031a-ctly-when-services-are-down-docker-mobile-safari\video.webm
    ────────────────────────────────────────────────────────────────────────────────────────────────

    Error Context: test-results\system-health-System-Healt-8031a-ctly-when-services-are-down-docker-mobile-safari\error-context.md
]]>
</failure>
<system-out>
<![CDATA[
[[ATTACHMENT|..\tests\e2e\test-results\system-health-System-Healt-8031a-ctly-when-services-are-down-docker-mobile-safari\test-failed-1.png]]

[[ATTACHMENT|..\tests\e2e\test-results\system-health-System-Healt-8031a-ctly-when-services-are-down-docker-mobile-safari\video.webm]]

[[ATTACHMENT|..\tests\e2e\test-results\system-health-System-Healt-8031a-ctly-when-services-are-down-docker-mobile-safari\error-context.md]]
]]>
</system-out>
</testcase>
</testsuite>
</testsuites>