{"meta": {"format": 3, "version": "7.13.1", "timestamp": "2026-01-07T08:12:07.154926", "branch_coverage": false, "show_contexts": false}, "files": {"analyze_pattern_synergy_data.py": {"executed_lines": [], "summary": {"covered_lines": 0, "num_statements": 157, "percent_covered": 0.0, "percent_covered_display": "0", "missing_lines": 157, "excluded_lines": 0, "percent_statements_covered": 0.0, "percent_statements_covered_display": "0"}, "missing_lines": [5, 6, 7, 8, 10, 12, 14, 16, 17, 18, 21, 22, 24, 33, 34, 37, 38, 39, 40, 41, 44, 45, 46, 47, 50, 51, 53, 54, 57, 60, 67, 68, 69, 70, 71, 72, 75, 76, 77, 78, 80, 81, 82, 83, 85, 86, 87, 88, 90, 92, 93, 94, 95, 96, 98, 99, 100, 101, 103, 105, 107, 109, 110, 111, 113, 114, 116, 124, 125, 128, 129, 130, 131, 132, 133, 136, 137, 139, 140, 141, 142, 145, 148, 149, 150, 151, 152, 154, 155, 157, 159, 161, 163, 164, 165, 167, 168, 170, 171, 173, 180, 182, 183, 184, 185, 186, 189, 195, 196, 198, 200, 202, 203, 204, 206, 209, 210, 219, 220, 229, 230, 240, 241, 242, 251, 252, 262, 263, 273, 288, 289, 290, 291, 293, 295, 297, 298, 299, 300, 301, 303, 305, 306, 307, 308, 309, 311, 312, 313, 314, 315, 316, 317, 318, 321, 323, 324], "excluded_lines": [], "functions": {"analyze_patterns": {"executed_lines": [], "summary": {"covered_lines": 0, "num_statements": 53, "percent_covered": 0.0, "percent_covered_display": "0", "missing_lines": 53, "excluded_lines": 0, "percent_statements_covered": 0.0, "percent_statements_covered_display": "0"}, "missing_lines": [14, 16, 17, 18, 21, 22, 24, 33, 34, 37, 38, 39, 40, 41, 44, 45, 46, 47, 50, 51, 53, 54, 57, 60, 67, 68, 69, 70, 71, 72, 75, 76, 77, 78, 80, 81, 82, 83, 85, 86, 87, 88, 90, 92, 93, 94, 95, 96, 98, 99, 100, 101, 103], "excluded_lines": [], "start_line": 12}, "analyze_synergies": {"executed_lines": [], "summary": {"covered_lines": 0, "num_statements": 30, "percent_covered": 0.0, "percent_covered_display": "0", "missing_lines": 30, "excluded_lines": 0, "percent_statements_covered": 0.0, "percent_statements_covered_display": "0"}, "missing_lines": [107, 109, 110, 111, 113, 114, 116, 124, 125, 128, 129, 130, 131, 132, 133, 136, 137, 139, 140, 141, 142, 145, 148, 149, 150, 151, 152, 154, 155, 157], "excluded_lines": [], "start_line": 105}, "analyze_pattern_history": {"executed_lines": [], "summary": {"covered_lines": 0, "num_statements": 19, "percent_covered": 0.0, "percent_covered_display": "0", "missing_lines": 19, "excluded_lines": 0, "percent_statements_covered": 0.0, "percent_statements_covered_display": "0"}, "missing_lines": [161, 163, 164, 165, 167, 168, 170, 171, 173, 180, 182, 183, 184, 185, 186, 189, 195, 196, 198], "excluded_lines": [], "start_line": 159}, "generate_cleanup_recommendations": {"executed_lines": [], "summary": {"covered_lines": 0, "num_statements": 23, "percent_covered": 0.0, "percent_covered_display": "0", "missing_lines": 23, "excluded_lines": 0, "percent_statements_covered": 0.0, "percent_statements_covered_display": "0"}, "missing_lines": [202, 203, 204, 206, 209, 210, 219, 220, 229, 230, 240, 241, 242, 251, 252, 262, 263, 273, 288, 289, 290, 291, 293], "excluded_lines": [], "start_line": 200}, "main": {"executed_lines": [], "summary": {"covered_lines": 0, "num_statements": 20, "percent_covered": 0.0, "percent_covered_display": "0", "missing_lines": 20, "excluded_lines": 0, "percent_statements_covered": 0.0, "percent_statements_covered_display": "0"}, "missing_lines": [297, 298, 299, 300, 301, 303, 305, 306, 307, 308, 309, 311, 312, 313, 314, 315, 316, 317, 318, 321], "excluded_lines": [], "start_line": 295}, "": {"executed_lines": [], "summary": {"covered_lines": 0, "num_statements": 12, "percent_covered": 0.0, "percent_covered_display": "0", "missing_lines": 12, "excluded_lines": 0, "percent_statements_covered": 0.0, "percent_statements_covered_display": "0"}, "missing_lines": [5, 6, 7, 8, 10, 12, 105, 159, 200, 295, 323, 324], "excluded_lines": [], "start_line": 1}}, "classes": {"": {"executed_lines": [], "summary": {"covered_lines": 0, "num_statements": 157, "percent_covered": 0.0, "percent_covered_display": "0", "missing_lines": 157, "excluded_lines": 0, "percent_statements_covered": 0.0, "percent_statements_covered_display": "0"}, "missing_lines": [5, 6, 7, 8, 10, 12, 14, 16, 17, 18, 21, 22, 24, 33, 34, 37, 38, 39, 40, 41, 44, 45, 46, 47, 50, 51, 53, 54, 57, 60, 67, 68, 69, 70, 71, 72, 75, 76, 77, 78, 80, 81, 82, 83, 85, 86, 87, 88, 90, 92, 93, 94, 95, 96, 98, 99, 100, 101, 103, 105, 107, 109, 110, 111, 113, 114, 116, 124, 125, 128, 129, 130, 131, 132, 133, 136, 137, 139, 140, 141, 142, 145, 148, 149, 150, 151, 152, 154, 155, 157, 159, 161, 163, 164, 165, 167, 168, 170, 171, 173, 180, 182, 183, 184, 185, 186, 189, 195, 196, 198, 200, 202, 203, 204, 206, 209, 210, 219, 220, 229, 230, 240, 241, 242, 251, 252, 262, 263, 273, 288, 289, 290, 291, 293, 295, 297, 298, 299, 300, 301, 303, 305, 306, 307, 308, 309, 311, 312, 313, 314, 315, 316, 317, 318, 321, 323, 324], "excluded_lines": [], "start_line": 1}}}, "check_weather_data.py": {"executed_lines": [], "summary": {"covered_lines": 0, "num_statements": 35, "percent_covered": 0.0, "percent_covered_display": "0", "missing_lines": 35, "excluded_lines": 0, "percent_statements_covered": 0.0, "percent_statements_covered_display": "0"}, "missing_lines": [3, 4, 5, 6, 9, 10, 11, 12, 13, 14, 15, 17, 20, 28, 30, 31, 33, 34, 35, 37, 38, 39, 40, 41, 42, 43, 44, 45, 46, 47, 48, 50, 52, 54, 55], "excluded_lines": [], "functions": {"": {"executed_lines": [], "summary": {"covered_lines": 0, "num_statements": 35, "percent_covered": 0.0, "percent_covered_display": "0", "missing_lines": 35, "excluded_lines": 0, "percent_statements_covered": 0.0, "percent_statements_covered_display": "0"}, "missing_lines": [3, 4, 5, 6, 9, 10, 11, 12, 13, 14, 15, 17, 20, 28, 30, 31, 33, 34, 35, 37, 38, 39, 40, 41, 42, 43, 44, 45, 46, 47, 48, 50, 52, 54, 55], "excluded_lines": [], "start_line": 1}}, "classes": {"": {"executed_lines": [], "summary": {"covered_lines": 0, "num_statements": 35, "percent_covered": 0.0, "percent_covered_display": "0", "missing_lines": 35, "excluded_lines": 0, "percent_statements_covered": 0.0, "percent_statements_covered_display": "0"}, "missing_lines": [3, 4, 5, 6, 9, 10, 11, 12, 13, 14, 15, 17, 20, 28, 30, 31, 33, 34, 35, 37, 38, 39, 40, 41, 42, 43, 44, 45, 46, 47, 48, 50, 52, 54, 55], "excluded_lines": [], "start_line": 1}}}, "cleanup_patterns_synergies.py": {"executed_lines": [], "summary": {"covered_lines": 0, "num_statements": 109, "percent_covered": 0.0, "percent_covered_display": "0", "missing_lines": 109, "excluded_lines": 0, "percent_statements_covered": 0.0, "percent_statements_covered_display": "0"}, "missing_lines": [5, 6, 7, 9, 11, 13, 14, 15, 17, 18, 19, 20, 21, 22, 23, 24, 26, 28, 30, 31, 32, 34, 35, 37, 38, 40, 42, 44, 46, 47, 48, 50, 51, 54, 61, 63, 64, 65, 67, 68, 69, 70, 71, 72, 73, 74, 75, 77, 78, 79, 80, 82, 83, 84, 85, 87, 89, 91, 92, 93, 94, 95, 98, 100, 101, 103, 104, 105, 106, 107, 110, 111, 112, 113, 115, 117, 119, 120, 121, 122, 123, 124, 127, 129, 130, 131, 134, 135, 136, 137, 138, 139, 141, 142, 143, 145, 146, 147, 149, 150, 151, 153, 154, 155, 156, 157, 159, 161, 162], "excluded_lines": [], "functions": {"backup_database": {"executed_lines": [], "summary": {"covered_lines": 0, "num_statements": 11, "percent_covered": 0.0, "percent_covered_display": "0", "missing_lines": 11, "excluded_lines": 0, "percent_statements_covered": 0.0, "percent_statements_covered_display": "0"}, "missing_lines": [13, 14, 15, 17, 18, 19, 20, 21, 22, 23, 24], "excluded_lines": [], "start_line": 11}, "get_stats_before": {"executed_lines": [], "summary": {"covered_lines": 0, "num_statements": 9, "percent_covered": 0.0, "percent_covered_display": "0", "missing_lines": 9, "excluded_lines": 0, "percent_statements_covered": 0.0, "percent_statements_covered_display": "0"}, "missing_lines": [28, 30, 31, 32, 34, 35, 37, 38, 40], "excluded_lines": [], "start_line": 26}, "cleanup_all_data": {"executed_lines": [], "summary": {"covered_lines": 0, "num_statements": 29, "percent_covered": 0.0, "percent_covered_display": "0", "missing_lines": 29, "excluded_lines": 0, "percent_statements_covered": 0.0, "percent_statements_covered_display": "0"}, "missing_lines": [44, 46, 47, 48, 50, 51, 54, 61, 63, 64, 65, 67, 68, 69, 70, 71, 72, 73, 74, 75, 77, 78, 79, 80, 82, 83, 84, 85, 87], "excluded_lines": [], "start_line": 42}, "main": {"executed_lines": [], "summary": {"covered_lines": 0, "num_statements": 50, "percent_covered": 0.0, "percent_covered_display": "0", "missing_lines": 50, "excluded_lines": 0, "percent_statements_covered": 0.0, "percent_statements_covered_display": "0"}, "missing_lines": [91, 92, 93, 94, 95, 98, 100, 101, 103, 104, 105, 106, 107, 110, 111, 112, 113, 115, 117, 119, 120, 121, 122, 123, 124, 127, 129, 130, 131, 134, 135, 136, 137, 138, 139, 141, 142, 143, 145, 146, 147, 149, 150, 151, 153, 154, 155, 156, 157, 159], "excluded_lines": [], "start_line": 89}, "": {"executed_lines": [], "summary": {"covered_lines": 0, "num_statements": 10, "percent_covered": 0.0, "percent_covered_display": "0", "missing_lines": 10, "excluded_lines": 0, "percent_statements_covered": 0.0, "percent_statements_covered_display": "0"}, "missing_lines": [5, 6, 7, 9, 11, 26, 42, 89, 161, 162], "excluded_lines": [], "start_line": 1}}, "classes": {"": {"executed_lines": [], "summary": {"covered_lines": 0, "num_statements": 109, "percent_covered": 0.0, "percent_covered_display": "0", "missing_lines": 109, "excluded_lines": 0, "percent_statements_covered": 0.0, "percent_statements_covered_display": "0"}, "missing_lines": [5, 6, 7, 9, 11, 13, 14, 15, 17, 18, 19, 20, 21, 22, 23, 24, 26, 28, 30, 31, 32, 34, 35, 37, 38, 40, 42, 44, 46, 47, 48, 50, 51, 54, 61, 63, 64, 65, 67, 68, 69, 70, 71, 72, 73, 74, 75, 77, 78, 79, 80, 82, 83, 84, 85, 87, 89, 91, 92, 93, 94, 95, 98, 100, 101, 103, 104, 105, 106, 107, 110, 111, 112, 113, 115, 117, 119, 120, 121, 122, 123, 124, 127, 129, 130, 131, 134, 135, 136, 137, 138, 139, 141, 142, 143, 145, 146, 147, 149, 150, 151, 153, 154, 155, 156, 157, 159, 161, 162], "excluded_lines": [], "start_line": 1}}}, "conftest.py": {"executed_lines": [], "summary": {"covered_lines": 0, "num_statements": 26, "percent_covered": 0.0, "percent_covered_display": "0", "missing_lines": 26, "excluded_lines": 18, "percent_statements_covered": 0.0, "percent_statements_covered_display": "0"}, "missing_lines": [1, 3, 11, 12, 13, 16, 18, 19, 20, 24, 29, 31, 33, 34, 35, 38, 39, 41, 44, 46, 47, 50, 51, 54, 55, 57], "excluded_lines": [60, 61, 62, 63, 64, 65, 66, 67, 68, 69, 70, 71, 72, 73, 74, 75, 76, 77], "functions": {"_insert_unique": {"executed_lines": [], "summary": {"covered_lines": 0, "num_statements": 3, "percent_covered": 0.0, "percent_covered_display": "0", "missing_lines": 3, "excluded_lines": 0, "percent_statements_covered": 0.0, "percent_statements_covered_display": "0"}, "missing_lines": [18, 19, 20], "excluded_lines": [], "start_line": 16}, "pytest_ignore_collect": {"executed_lines": [], "summary": {"covered_lines": 0, "num_statements": 15, "percent_covered": 0.0, "percent_covered_display": "0", "missing_lines": 15, "excluded_lines": 0, "percent_statements_covered": 0.0, "percent_statements_covered_display": "0"}, "missing_lines": [31, 33, 34, 35, 38, 39, 41, 44, 46, 47, 50, 51, 54, 55, 57], "excluded_lines": [], "start_line": 29}, "pytest_sessionstart": {"executed_lines": [], "summary": {"covered_lines": 0, "num_statements": 0, "percent_covered": 100.0, "percent_covered_display": "100", "missing_lines": 0, "excluded_lines": 17, "percent_statements_covered": 100.0, "percent_statements_covered_display": "100"}, "missing_lines": [], "excluded_lines": [61, 62, 63, 64, 65, 66, 67, 68, 69, 70, 71, 72, 73, 74, 75, 76, 77], "start_line": 60}, "": {"executed_lines": [], "summary": {"covered_lines": 0, "num_statements": 8, "percent_covered": 0.0, "percent_covered_display": "0", "missing_lines": 8, "excluded_lines": 1, "percent_statements_covered": 0.0, "percent_statements_covered_display": "0"}, "missing_lines": [1, 3, 11, 12, 13, 16, 24, 29], "excluded_lines": [60], "start_line": 1}}, "classes": {"": {"executed_lines": [], "summary": {"covered_lines": 0, "num_statements": 26, "percent_covered": 0.0, "percent_covered_display": "0", "missing_lines": 26, "excluded_lines": 18, "percent_statements_covered": 0.0, "percent_statements_covered_display": "0"}, "missing_lines": [1, 3, 11, 12, 13, 16, 18, 19, 20, 24, 29, 31, 33, 34, 35, 38, 39, 41, 44, 46, 47, 50, 51, 54, 55, 57], "excluded_lines": [60, 61, 62, 63, 64, 65, 66, 67, 68, 69, 70, 71, 72, 73, 74, 75, 76, 77], "start_line": 1}}}, "direct_store_docs.py": {"executed_lines": [], "summary": {"covered_lines": 0, "num_statements": 51, "percent_covered": 0.0, "percent_covered_display": "0", "missing_lines": 51, "excluded_lines": 0, "percent_statements_covered": 0.0, "percent_statements_covered_display": "0"}, "missing_lines": [9, 10, 11, 14, 15, 16, 17, 19, 20, 21, 22, 23, 24, 25, 28, 30, 32, 33, 34, 35, 38, 39, 40, 43, 46, 49, 60, 61, 64, 65, 70, 74, 76, 77, 78, 79, 80, 84, 85, 86, 87, 88, 91, 112, 113, 120, 121, 122, 123, 125, 126], "excluded_lines": [], "functions": {"store_doc_direct": {"executed_lines": [], "summary": {"covered_lines": 0, "num_statements": 22, "percent_covered": 0.0, "percent_covered_display": "0", "missing_lines": 22, "excluded_lines": 0, "percent_statements_covered": 0.0, "percent_statements_covered_display": "0"}, "missing_lines": [30, 32, 33, 34, 35, 38, 39, 40, 43, 46, 49, 60, 61, 64, 65, 70, 74, 76, 77, 78, 79, 80], "excluded_lines": [], "start_line": 28}, "": {"executed_lines": [], "summary": {"covered_lines": 0, "num_statements": 29, "percent_covered": 0.0, "percent_covered_display": "0", "missing_lines": 29, "excluded_lines": 0, "percent_statements_covered": 0.0, "percent_statements_covered_display": "0"}, "missing_lines": [9, 10, 11, 14, 15, 16, 17, 19, 20, 21, 22, 23, 24, 25, 28, 84, 85, 86, 87, 88, 91, 112, 113, 120, 121, 122, 123, 125, 126], "excluded_lines": [], "start_line": 1}}, "classes": {"": {"executed_lines": [], "summary": {"covered_lines": 0, "num_statements": 51, "percent_covered": 0.0, "percent_covered_display": "0", "missing_lines": 51, "excluded_lines": 0, "percent_statements_covered": 0.0, "percent_statements_covered_display": "0"}, "missing_lines": [9, 10, 11, 14, 15, 16, 17, 19, 20, 21, 22, 23, 24, 25, 28, 30, 32, 33, 34, 35, 38, 39, 40, 43, 46, 49, 60, 61, 64, 65, 70, 74, 76, 77, 78, 79, 80, 84, 85, 86, 87, 88, 91, 112, 113, 120, 121, 122, 123, 125, 126], "excluded_lines": [], "start_line": 1}}}, "get_validation_errors.py": {"executed_lines": [], "summary": {"covered_lines": 0, "num_statements": 106, "percent_covered": 0.0, "percent_covered_display": "0", "missing_lines": 106, "excluded_lines": 0, "percent_statements_covered": 0.0, "percent_statements_covered_display": "0"}, "missing_lines": [2, 3, 4, 6, 7, 8, 10, 12, 15, 17, 18, 19, 20, 21, 22, 24, 26, 27, 28, 29, 31, 32, 33, 34, 35, 37, 39, 40, 43, 44, 46, 52, 53, 54, 55, 56, 58, 59, 60, 61, 62, 64, 65, 66, 67, 70, 71, 73, 74, 75, 78, 80, 81, 82, 84, 86, 89, 90, 92, 93, 94, 97, 98, 99, 101, 102, 103, 106, 107, 108, 109, 110, 111, 112, 113, 114, 116, 119, 120, 121, 122, 123, 124, 125, 126, 127, 129, 132, 133, 134, 135, 136, 137, 138, 141, 142, 143, 144, 145, 146, 147, 148, 149, 151, 153, 154], "excluded_lines": [], "functions": {"get_automation_yaml": {"executed_lines": [], "summary": {"covered_lines": 0, "num_statements": 18, "percent_covered": 0.0, "percent_covered_display": "0", "missing_lines": 18, "excluded_lines": 0, "percent_statements_covered": 0.0, "percent_statements_covered_display": "0"}, "missing_lines": [12, 15, 17, 18, 19, 20, 21, 22, 24, 26, 27, 28, 29, 31, 32, 33, 34, 35], "excluded_lines": [], "start_line": 10}, "validate_yaml": {"executed_lines": [], "summary": {"covered_lines": 0, "num_statements": 15, "percent_covered": 0.0, "percent_covered_display": "0", "missing_lines": 15, "excluded_lines": 0, "percent_statements_covered": 0.0, "percent_statements_covered_display": "0"}, "missing_lines": [39, 40, 43, 44, 46, 52, 53, 54, 55, 56, 58, 59, 60, 61, 62], "excluded_lines": [], "start_line": 37}, "main": {"executed_lines": [], "summary": {"covered_lines": 0, "num_statements": 62, "percent_covered": 0.0, "percent_covered_display": "0", "missing_lines": 62, "excluded_lines": 0, "percent_statements_covered": 0.0, "percent_statements_covered_display": "0"}, "missing_lines": [65, 66, 67, 70, 71, 73, 74, 75, 78, 80, 81, 82, 84, 86, 89, 90, 92, 93, 94, 97, 98, 99, 101, 102, 103, 106, 107, 108, 109, 110, 111, 112, 113, 114, 116, 119, 120, 121, 122, 123, 124, 125, 126, 127, 129, 132, 133, 134, 135, 136, 137, 138, 141, 142, 143, 144, 145, 146, 147, 148, 149, 151], "excluded_lines": [], "start_line": 64}, "": {"executed_lines": [], "summary": {"covered_lines": 0, "num_statements": 11, "percent_covered": 0.0, "percent_covered_display": "0", "missing_lines": 11, "excluded_lines": 0, "percent_statements_covered": 0.0, "percent_statements_covered_display": "0"}, "missing_lines": [2, 3, 4, 6, 7, 8, 10, 37, 64, 153, 154], "excluded_lines": [], "start_line": 1}}, "classes": {"": {"executed_lines": [], "summary": {"covered_lines": 0, "num_statements": 106, "percent_covered": 0.0, "percent_covered_display": "0", "missing_lines": 106, "excluded_lines": 0, "percent_statements_covered": 0.0, "percent_statements_covered_display": "0"}, "missing_lines": [2, 3, 4, 6, 7, 8, 10, 12, 15, 17, 18, 19, 20, 21, 22, 24, 26, 27, 28, 29, 31, 32, 33, 34, 35, 37, 39, 40, 43, 44, 46, 52, 53, 54, 55, 56, 58, 59, 60, 61, 62, 64, 65, 66, 67, 70, 71, 73, 74, 75, 78, 80, 81, 82, 84, 86, 89, 90, 92, 93, 94, 97, 98, 99, 101, 102, 103, 106, 107, 108, 109, 110, 111, 112, 113, 114, 116, 119, 120, 121, 122, 123, 124, 125, 126, 127, 129, 132, 133, 134, 135, 136, 137, 138, 141, 142, 143, 144, 145, 146, 147, 148, 149, 151, 153, 154], "excluded_lines": [], "start_line": 1}}}, "populate_all_docs.py": {"executed_lines": [], "summary": {"covered_lines": 0, "num_statements": 58, "percent_covered": 0.0, "percent_covered_display": "0", "missing_lines": 58, "excluded_lines": 0, "percent_statements_covered": 0.0, "percent_statements_covered_display": "0"}, "missing_lines": [8, 9, 10, 13, 14, 15, 16, 18, 19, 20, 21, 22, 23, 24, 27, 29, 30, 31, 32, 34, 35, 36, 38, 39, 41, 52, 54, 55, 58, 62, 63, 64, 65, 71, 501, 502, 503, 504, 505, 507, 508, 510, 511, 513, 520, 521, 522, 524, 525, 527, 528, 529, 530, 531, 532, 533, 534, 535], "excluded_lines": [], "functions": {"store_doc": {"executed_lines": [], "summary": {"covered_lines": 0, "num_statements": 18, "percent_covered": 0.0, "percent_covered_display": "0", "missing_lines": 18, "excluded_lines": 0, "percent_statements_covered": 0.0, "percent_statements_covered_display": "0"}, "missing_lines": [29, 30, 31, 32, 34, 35, 36, 38, 39, 41, 52, 54, 55, 58, 62, 63, 64, 65], "excluded_lines": [], "start_line": 27}, "": {"executed_lines": [], "summary": {"covered_lines": 0, "num_statements": 40, "percent_covered": 0.0, "percent_covered_display": "0", "missing_lines": 40, "excluded_lines": 0, "percent_statements_covered": 0.0, "percent_statements_covered_display": "0"}, "missing_lines": [8, 9, 10, 13, 14, 15, 16, 18, 19, 20, 21, 22, 23, 24, 27, 71, 501, 502, 503, 504, 505, 507, 508, 510, 511, 513, 520, 521, 522, 524, 525, 527, 528, 529, 530, 531, 532, 533, 534, 535], "excluded_lines": [], "start_line": 1}}, "classes": {"": {"executed_lines": [], "summary": {"covered_lines": 0, "num_statements": 58, "percent_covered": 0.0, "percent_covered_display": "0", "missing_lines": 58, "excluded_lines": 0, "percent_statements_covered": 0.0, "percent_statements_covered_display": "0"}, "missing_lines": [8, 9, 10, 13, 14, 15, 16, 18, 19, 20, 21, 22, 23, 24, 27, 29, 30, 31, 32, 34, 35, 36, 38, 39, 41, 52, 54, 55, 58, 62, 63, 64, 65, 71, 501, 502, 503, 504, 505, 507, 508, 510, 511, 513, 520, 521, 522, 524, 525, 527, 528, 529, 530, 531, 532, 533, 534, 535], "excluded_lines": [], "start_line": 1}}}, "populate_cache_with_mcp.py": {"executed_lines": [], "summary": {"covered_lines": 0, "num_statements": 72, "percent_covered": 0.0, "percent_covered_display": "0", "missing_lines": 72, "excluded_lines": 0, "percent_statements_covered": 0.0, "percent_statements_covered_display": "0"}, "missing_lines": [9, 10, 11, 14, 15, 16, 17, 19, 20, 21, 22, 23, 24, 25, 26, 30, 45, 47, 49, 65, 66, 68, 69, 70, 73, 75, 76, 77, 78, 81, 82, 83, 84, 87, 88, 89, 91, 92, 94, 95, 96, 97, 98, 99, 100, 101, 102, 103, 104, 105, 107, 108, 110, 111, 112, 113, 114, 115, 116, 118, 121, 122, 123, 124, 125, 126, 127, 128, 129, 130, 131, 132], "excluded_lines": [], "functions": {"fetch_and_store": {"executed_lines": [], "summary": {"covered_lines": 0, "num_statements": 7, "percent_covered": 0.0, "percent_covered_display": "0", "missing_lines": 7, "excluded_lines": 0, "percent_statements_covered": 0.0, "percent_statements_covered_display": "0"}, "missing_lines": [47, 49, 65, 66, 68, 69, 70], "excluded_lines": [], "start_line": 45}, "populate_cache": {"executed_lines": [], "summary": {"covered_lines": 0, "num_statements": 35, "percent_covered": 0.0, "percent_covered_display": "0", "missing_lines": 35, "excluded_lines": 0, "percent_statements_covered": 0.0, "percent_statements_covered_display": "0"}, "missing_lines": [75, 76, 77, 78, 81, 82, 83, 84, 87, 88, 89, 91, 92, 94, 95, 96, 97, 98, 99, 100, 101, 102, 103, 104, 105, 107, 108, 110, 111, 112, 113, 114, 115, 116, 118], "excluded_lines": [], "start_line": 73}, "": {"executed_lines": [], "summary": {"covered_lines": 0, "num_statements": 30, "percent_covered": 0.0, "percent_covered_display": "0", "missing_lines": 30, "excluded_lines": 0, "percent_statements_covered": 0.0, "percent_statements_covered_display": "0"}, "missing_lines": [9, 10, 11, 14, 15, 16, 17, 19, 20, 21, 22, 23, 24, 25, 26, 30, 45, 73, 121, 122, 123, 124, 125, 126, 127, 128, 129, 130, 131, 132], "excluded_lines": [], "start_line": 1}}, "classes": {"": {"executed_lines": [], "summary": {"covered_lines": 0, "num_statements": 72, "percent_covered": 0.0, "percent_covered_display": "0", "missing_lines": 72, "excluded_lines": 0, "percent_statements_covered": 0.0, "percent_statements_covered_display": "0"}, "missing_lines": [9, 10, 11, 14, 15, 16, 17, 19, 20, 21, 22, 23, 24, 25, 26, 30, 45, 47, 49, 65, 66, 68, 69, 70, 73, 75, 76, 77, 78, 81, 82, 83, 84, 87, 88, 89, 91, 92, 94, 95, 96, 97, 98, 99, 100, 101, 102, 103, 104, 105, 107, 108, 110, 111, 112, 113, 114, 115, 116, 118, 121, 122, 123, 124, 125, 126, 127, 128, 129, 130, 131, 132], "excluded_lines": [], "start_line": 1}}}, "populate_context7_cache.py": {"executed_lines": [], "summary": {"covered_lines": 0, "num_statements": 78, "percent_covered": 0.0, "percent_covered_display": "0", "missing_lines": 78, "excluded_lines": 0, "percent_statements_covered": 0.0, "percent_statements_covered_display": "0"}, "missing_lines": [9, 10, 11, 14, 15, 16, 17, 19, 20, 21, 22, 23, 24, 25, 29, 48, 50, 51, 52, 53, 56, 57, 58, 59, 63, 69, 70, 71, 73, 74, 77, 78, 80, 81, 83, 84, 90, 91, 92, 93, 95, 96, 98, 99, 100, 102, 103, 104, 105, 106, 107, 108, 109, 112, 113, 114, 115, 116, 117, 118, 119, 120, 121, 122, 123, 125, 128, 129, 130, 131, 132, 133, 134, 135, 136, 137, 138, 139], "excluded_lines": [], "functions": {"populate_cache": {"executed_lines": [], "summary": {"covered_lines": 0, "num_statements": 50, "percent_covered": 0.0, "percent_covered_display": "0", "missing_lines": 50, "excluded_lines": 0, "percent_statements_covered": 0.0, "percent_statements_covered_display": "0"}, "missing_lines": [50, 51, 52, 53, 56, 57, 58, 59, 63, 69, 70, 71, 73, 74, 77, 78, 80, 81, 83, 84, 90, 91, 92, 93, 95, 96, 98, 99, 100, 102, 103, 104, 105, 106, 107, 108, 109, 112, 113, 114, 115, 116, 117, 118, 119, 120, 121, 122, 123, 125], "excluded_lines": [], "start_line": 48}, "": {"executed_lines": [], "summary": {"covered_lines": 0, "num_statements": 28, "percent_covered": 0.0, "percent_covered_display": "0", "missing_lines": 28, "excluded_lines": 0, "percent_statements_covered": 0.0, "percent_statements_covered_display": "0"}, "missing_lines": [9, 10, 11, 14, 15, 16, 17, 19, 20, 21, 22, 23, 24, 25, 29, 48, 128, 129, 130, 131, 132, 133, 134, 135, 136, 137, 138, 139], "excluded_lines": [], "start_line": 1}}, "classes": {"": {"executed_lines": [], "summary": {"covered_lines": 0, "num_statements": 78, "percent_covered": 0.0, "percent_covered_display": "0", "missing_lines": 78, "excluded_lines": 0, "percent_statements_covered": 0.0, "percent_statements_covered_display": "0"}, "missing_lines": [9, 10, 11, 14, 15, 16, 17, 19, 20, 21, 22, 23, 24, 25, 29, 48, 50, 51, 52, 53, 56, 57, 58, 59, 63, 69, 70, 71, 73, 74, 77, 78, 80, 81, 83, 84, 90, 91, 92, 93, 95, 96, 98, 99, 100, 102, 103, 104, 105, 106, 107, 108, 109, 112, 113, 114, 115, 116, 117, 118, 119, 120, 121, 122, 123, 125, 128, 129, 130, 131, 132, 133, 134, 135, 136, 137, 138, 139], "excluded_lines": [], "start_line": 1}}}, "populate_with_api_key.py": {"executed_lines": [], "summary": {"covered_lines": 0, "num_statements": 95, "percent_covered": 0.0, "percent_covered_display": "0", "missing_lines": 95, "excluded_lines": 0, "percent_statements_covered": 0.0, "percent_statements_covered_display": "0"}, "missing_lines": [9, 10, 11, 12, 15, 16, 19, 20, 21, 22, 24, 25, 26, 27, 28, 29, 33, 52, 54, 55, 56, 57, 60, 61, 62, 63, 67, 73, 74, 75, 77, 78, 79, 82, 83, 84, 86, 87, 89, 90, 96, 97, 98, 99, 100, 102, 103, 105, 106, 108, 109, 110, 112, 113, 114, 115, 116, 117, 118, 119, 120, 121, 124, 125, 126, 127, 128, 129, 130, 131, 132, 133, 134, 135, 136, 137, 138, 139, 140, 141, 142, 143, 145, 148, 149, 150, 151, 152, 153, 154, 155, 156, 157, 158, 159], "excluded_lines": [], "functions": {"populate_cache": {"executed_lines": [], "summary": {"covered_lines": 0, "num_statements": 65, "percent_covered": 0.0, "percent_covered_display": "0", "missing_lines": 65, "excluded_lines": 0, "percent_statements_covered": 0.0, "percent_statements_covered_display": "0"}, "missing_lines": [54, 55, 56, 57, 60, 61, 62, 63, 67, 73, 74, 75, 77, 78, 79, 82, 83, 84, 86, 87, 89, 90, 96, 97, 98, 99, 100, 102, 103, 105, 106, 108, 109, 110, 112, 113, 114, 115, 116, 117, 118, 119, 120, 121, 124, 125, 126, 127, 128, 129, 130, 131, 132, 133, 134, 135, 136, 137, 138, 139, 140, 141, 142, 143, 145], "excluded_lines": [], "start_line": 52}, "": {"executed_lines": [], "summary": {"covered_lines": 0, "num_statements": 30, "percent_covered": 0.0, "percent_covered_display": "0", "missing_lines": 30, "excluded_lines": 0, "percent_statements_covered": 0.0, "percent_statements_covered_display": "0"}, "missing_lines": [9, 10, 11, 12, 15, 16, 19, 20, 21, 22, 24, 25, 26, 27, 28, 29, 33, 52, 148, 149, 150, 151, 152, 153, 154, 155, 156, 157, 158, 159], "excluded_lines": [], "start_line": 1}}, "classes": {"": {"executed_lines": [], "summary": {"covered_lines": 0, "num_statements": 95, "percent_covered": 0.0, "percent_covered_display": "0", "missing_lines": 95, "excluded_lines": 0, "percent_statements_covered": 0.0, "percent_statements_covered_display": "0"}, "missing_lines": [9, 10, 11, 12, 15, 16, 19, 20, 21, 22, 24, 25, 26, 27, 28, 29, 33, 52, 54, 55, 56, 57, 60, 61, 62, 63, 67, 73, 74, 75, 77, 78, 79, 82, 83, 84, 86, 87, 89, 90, 96, 97, 98, 99, 100, 102, 103, 105, 106, 108, 109, 110, 112, 113, 114, 115, 116, 117, 118, 119, 120, 121, 124, 125, 126, 127, 128, 129, 130, 131, 132, 133, 134, 135, 136, 137, 138, 139, 140, 141, 142, 143, 145, 148, 149, 150, 151, 152, 153, 154, 155, 156, 157, 158, 159], "excluded_lines": [], "start_line": 1}}}, "quick_analysis.py": {"executed_lines": [], "summary": {"covered_lines": 0, "num_statements": 39, "percent_covered": 0.0, "percent_covered_display": "0", "missing_lines": 39, "excluded_lines": 0, "percent_statements_covered": 0.0, "percent_statements_covered_display": "0"}, "missing_lines": [1, 2, 3, 5, 6, 8, 9, 10, 13, 14, 15, 16, 17, 18, 19, 22, 23, 24, 25, 28, 29, 30, 33, 34, 35, 36, 37, 38, 39, 40, 43, 44, 45, 46, 48, 50, 51, 52, 53], "excluded_lines": [], "functions": {"": {"executed_lines": [], "summary": {"covered_lines": 0, "num_statements": 39, "percent_covered": 0.0, "percent_covered_display": "0", "missing_lines": 39, "excluded_lines": 0, "percent_statements_covered": 0.0, "percent_statements_covered_display": "0"}, "missing_lines": [1, 2, 3, 5, 6, 8, 9, 10, 13, 14, 15, 16, 17, 18, 19, 22, 23, 24, 25, 28, 29, 30, 33, 34, 35, 36, 37, 38, 39, 40, 43, 44, 45, 46, 48, 50, 51, 52, 53], "excluded_lines": [], "start_line": 1}}, "classes": {"": {"executed_lines": [], "summary": {"covered_lines": 0, "num_statements": 39, "percent_covered": 0.0, "percent_covered_display": "0", "missing_lines": 39, "excluded_lines": 0, "percent_statements_covered": 0.0, "percent_statements_covered_display": "0"}, "missing_lines": [1, 2, 3, 5, 6, 8, 9, 10, 13, 14, 15, 16, 17, 18, 19, 22, 23, 24, 25, 28, 29, 30, 33, 34, 35, 36, 37, 38, 39, 40, 43, 44, 45, 46, 48, 50, 51, 52, 53], "excluded_lines": [], "start_line": 1}}}, "services\\ai-pattern-service\\src\\__init__.py": {"executed_lines": [], "summary": {"covered_lines": 0, "num_statements": 0, "percent_covered": 100.0, "percent_covered_display": "100", "missing_lines": 0, "excluded_lines": 0, "percent_statements_covered": 100.0, "percent_statements_covered_display": "100"}, "missing_lines": [], "excluded_lines": [], "functions": {"": {"executed_lines": [], "summary": {"covered_lines": 0, "num_statements": 0, "percent_covered": 100.0, "percent_covered_display": "100", "missing_lines": 0, "excluded_lines": 0, "percent_statements_covered": 100.0, "percent_statements_covered_display": "100"}, "missing_lines": [], "excluded_lines": [], "start_line": 1}}, "classes": {"": {"executed_lines": [], "summary": {"covered_lines": 0, "num_statements": 0, "percent_covered": 100.0, "percent_covered_display": "100", "missing_lines": 0, "excluded_lines": 0, "percent_statements_covered": 100.0, "percent_statements_covered_display": "100"}, "missing_lines": [], "excluded_lines": [], "start_line": 1}}}, "services\\ai-pattern-service\\src\\api\\__init__.py": {"executed_lines": [7, 9], "summary": {"covered_lines": 2, "num_statements": 2, "percent_covered": 100.0, "percent_covered_display": "100", "missing_lines": 0, "excluded_lines": 0, "percent_statements_covered": 100.0, "percent_statements_covered_display": "100"}, "missing_lines": [], "excluded_lines": [], "functions": {"": {"executed_lines": [7, 9], "summary": {"covered_lines": 2, "num_statements": 2, "percent_covered": 100.0, "percent_covered_display": "100", "missing_lines": 0, "excluded_lines": 0, "percent_statements_covered": 100.0, "percent_statements_covered_display": "100"}, "missing_lines": [], "excluded_lines": [], "start_line": 1}}, "classes": {"": {"executed_lines": [7, 9], "summary": {"covered_lines": 2, "num_statements": 2, "percent_covered": 100.0, "percent_covered_display": "100", "missing_lines": 0, "excluded_lines": 0, "percent_statements_covered": 100.0, "percent_statements_covered_display": "100"}, "missing_lines": [], "excluded_lines": [], "start_line": 1}}}, "services\\ai-pattern-service\\src\\api\\analysis_router.py": {"executed_lines": [8, 9, 11, 12, 14, 15, 16, 17, 19, 21, 24, 25, 99, 100, 130, 131], "summary": {"covered_lines": 16, "num_statements": 73, "percent_covered": 21.91780821917808, "percent_covered_display": "22", "missing_lines": 57, "excluded_lines": 0, "percent_statements_covered": 21.91780821917808, "percent_statements_covered_display": "22"}, "missing_lines": [34, 36, 39, 40, 41, 42, 44, 46, 47, 48, 49, 51, 52, 53, 55, 56, 58, 59, 60, 62, 63, 66, 67, 68, 69, 70, 72, 91, 92, 93, 107, 108, 116, 117, 118, 120, 122, 123, 124, 138, 140, 141, 142, 147, 150, 151, 152, 153, 154, 156, 158, 164, 169, 170, 171, 172, 173], "excluded_lines": [], "functions": {"get_analysis_status": {"executed_lines": [], "summary": {"covered_lines": 0, "num_statements": 30, "percent_covered": 0.0, "percent_covered_display": "0", "missing_lines": 30, "excluded_lines": 0, "percent_statements_covered": 0.0, "percent_statements_covered_display": "0"}, "missing_lines": [34, 36, 39, 40, 41, 42, 44, 46, 47, 48, 49, 51, 52, 53, 55, 56, 58, 59, 60, 62, 63, 66, 67, 68, 69, 70, 72, 91, 92, 93], "excluded_lines": [], "start_line": 25}, "get_analysis_schedule": {"executed_lines": [], "summary": {"covered_lines": 0, "num_statements": 9, "percent_covered": 0.0, "percent_covered_display": "0", "missing_lines": 9, "excluded_lines": 0, "percent_statements_covered": 0.0, "percent_statements_covered_display": "0"}, "missing_lines": [107, 108, 116, 117, 118, 120, 122, 123, 124], "excluded_lines": [], "start_line": 100}, "trigger_analysis": {"executed_lines": [], "summary": {"covered_lines": 0, "num_statements": 14, "percent_covered": 0.0, "percent_covered_display": "0", "missing_lines": 14, "excluded_lines": 0, "percent_statements_covered": 0.0, "percent_statements_covered_display": "0"}, "missing_lines": [138, 140, 141, 142, 147, 150, 156, 158, 164, 169, 170, 171, 172, 173], "excluded_lines": [], "start_line": 131}, "trigger_analysis.run_analysis_task": {"executed_lines": [], "summary": {"covered_lines": 0, "num_statements": 4, "percent_covered": 0.0, "percent_covered_display": "0", "missing_lines": 4, "excluded_lines": 0, "percent_statements_covered": 0.0, "percent_statements_covered_display": "0"}, "missing_lines": [151, 152, 153, 154], "excluded_lines": [], "start_line": 150}, "": {"executed_lines": [8, 9, 11, 12, 14, 15, 16, 17, 19, 21, 24, 25, 99, 100, 130, 131], "summary": {"covered_lines": 16, "num_statements": 16, "percent_covered": 100.0, "percent_covered_display": "100", "missing_lines": 0, "excluded_lines": 0, "percent_statements_covered": 100.0, "percent_statements_covered_display": "100"}, "missing_lines": [], "excluded_lines": [], "start_line": 1}}, "classes": {"": {"executed_lines": [8, 9, 11, 12, 14, 15, 16, 17, 19, 21, 24, 25, 99, 100, 130, 131], "summary": {"covered_lines": 16, "num_statements": 73, "percent_covered": 21.91780821917808, "percent_covered_display": "22", "missing_lines": 57, "excluded_lines": 0, "percent_statements_covered": 21.91780821917808, "percent_statements_covered_display": "22"}, "missing_lines": [34, 36, 39, 40, 41, 42, 44, 46, 47, 48, 49, 51, 52, 53, 55, 56, 58, 59, 60, 62, 63, 66, 67, 68, 69, 70, 72, 91, 92, 93, 107, 108, 116, 117, 118, 120, 122, 123, 124, 138, 140, 141, 142, 147, 150, 151, 152, 153, 154, 156, 158, 164, 169, 170, 171, 172, 173], "excluded_lines": [], "start_line": 1}}}, "services\\ai-pattern-service\\src\\api\\community_pattern_router.py": {"executed_lines": [16, 17, 18, 19, 20, 22, 23, 24, 26, 28, 30, 33, 35, 36, 37, 38, 39, 40, 43, 45, 46, 49, 50, 125, 126, 192, 193, 236, 237, 290, 291], "summary": {"covered_lines": 31, "num_statements": 65, "percent_covered": 47.69230769230769, "percent_covered_display": "48", "missing_lines": 34, "excluded_lines": 0, "percent_statements_covered": 47.69230769230769, "percent_statements_covered_display": "48"}, "missing_lines": [77, 83, 84, 85, 89, 101, 117, 118, 119, 146, 148, 152, 174, 184, 185, 186, 210, 221, 226, 227, 228, 229, 230, 259, 263, 272, 282, 283, 284, 310, 314, 325, 326, 327], "excluded_lines": [], "functions": {"list_community_patterns": {"executed_lines": [], "summary": {"covered_lines": 0, "num_statements": 9, "percent_covered": 0.0, "percent_covered_display": "0", "missing_lines": 9, "excluded_lines": 0, "percent_statements_covered": 0.0, "percent_statements_covered_display": "0"}, "missing_lines": [77, 83, 84, 85, 89, 101, 117, 118, 119], "excluded_lines": [], "start_line": 50}, "submit_community_pattern": {"executed_lines": [], "summary": {"covered_lines": 0, "num_statements": 7, "percent_covered": 0.0, "percent_covered_display": "0", "missing_lines": 7, "excluded_lines": 0, "percent_statements_covered": 0.0, "percent_statements_covered_display": "0"}, "missing_lines": [146, 148, 152, 174, 184, 185, 186], "excluded_lines": [], "start_line": 126}, "get_community_pattern": {"executed_lines": [], "summary": {"covered_lines": 0, "num_statements": 7, "percent_covered": 0.0, "percent_covered_display": "0", "missing_lines": 7, "excluded_lines": 0, "percent_statements_covered": 0.0, "percent_statements_covered_display": "0"}, "missing_lines": [210, 221, 226, 227, 228, 229, 230], "excluded_lines": [], "start_line": 193}, "rate_community_pattern": {"executed_lines": [], "summary": {"covered_lines": 0, "num_statements": 6, "percent_covered": 0.0, "percent_covered_display": "0", "missing_lines": 6, "excluded_lines": 0, "percent_statements_covered": 0.0, "percent_statements_covered_display": "0"}, "missing_lines": [259, 263, 272, 282, 283, 284], "excluded_lines": [], "start_line": 237}, "get_pattern_ratings": {"executed_lines": [], "summary": {"covered_lines": 0, "num_statements": 5, "percent_covered": 0.0, "percent_covered_display": "0", "missing_lines": 5, "excluded_lines": 0, "percent_statements_covered": 0.0, "percent_statements_covered_display": "0"}, "missing_lines": [310, 314, 325, 326, 327], "excluded_lines": [], "start_line": 291}, "": {"executed_lines": [16, 17, 18, 19, 20, 22, 23, 24, 26, 28, 30, 33, 35, 36, 37, 38, 39, 40, 43, 45, 46, 49, 50, 125, 126, 192, 193, 236, 237, 290, 291], "summary": {"covered_lines": 31, "num_statements": 31, "percent_covered": 100.0, "percent_covered_display": "100", "missing_lines": 0, "excluded_lines": 0, "percent_statements_covered": 100.0, "percent_statements_covered_display": "100"}, "missing_lines": [], "excluded_lines": [], "start_line": 1}}, "classes": {"CommunityPatternSubmission": {"executed_lines": [], "summary": {"covered_lines": 0, "num_statements": 0, "percent_covered": 100.0, "percent_covered_display": "100", "missing_lines": 0, "excluded_lines": 0, "percent_statements_covered": 100.0, "percent_statements_covered_display": "100"}, "missing_lines": [], "excluded_lines": [], "start_line": 33}, "CommunityPatternRating": {"executed_lines": [], "summary": {"covered_lines": 0, "num_statements": 0, "percent_covered": 100.0, "percent_covered_display": "100", "missing_lines": 0, "excluded_lines": 0, "percent_statements_covered": 100.0, "percent_statements_covered_display": "100"}, "missing_lines": [], "excluded_lines": [], "start_line": 43}, "": {"executed_lines": [16, 17, 18, 19, 20, 22, 23, 24, 26, 28, 30, 33, 35, 36, 37, 38, 39, 40, 43, 45, 46, 49, 50, 125, 126, 192, 193, 236, 237, 290, 291], "summary": {"covered_lines": 31, "num_statements": 65, "percent_covered": 47.69230769230769, "percent_covered_display": "48", "missing_lines": 34, "excluded_lines": 0, "percent_statements_covered": 47.69230769230769, "percent_statements_covered_display": "48"}, "missing_lines": [77, 83, 84, 85, 89, 101, 117, 118, 119, 146, 148, 152, 174, 184, 185, 186, 210, 221, 226, 227, 228, 229, 230, 259, 263, 272, 282, 283, 284, 310, 314, 325, 326, 327], "excluded_lines": [], "start_line": 1}}}, "services\\ai-pattern-service\\src\\api\\health_router.py": {"executed_lines": [7, 8, 9, 10, 11, 13, 14, 20, 22, 25, 26, 54, 55, 67, 68, 80, 81, 120, 121], "summary": {"covered_lines": 19, "num_statements": 47, "percent_covered": 40.42553191489362, "percent_covered_display": "40", "missing_lines": 28, "excluded_lines": 0, "percent_statements_covered": 40.42553191489362, "percent_statements_covered_display": "40"}, "missing_lines": [41, 43, 44, 45, 46, 48, 64, 77, 95, 96, 98, 99, 105, 112, 113, 114, 131, 132, 133, 135, 136, 139, 141, 142, 148, 153, 154, 155], "excluded_lines": [], "functions": {"health_check": {"executed_lines": [], "summary": {"covered_lines": 0, "num_statements": 6, "percent_covered": 0.0, "percent_covered_display": "0", "missing_lines": 6, "excluded_lines": 0, "percent_statements_covered": 0.0, "percent_statements_covered_display": "0"}, "missing_lines": [41, 43, 44, 45, 46, 48], "excluded_lines": [], "start_line": 26}, "readiness_check": {"executed_lines": [], "summary": {"covered_lines": 0, "num_statements": 1, "percent_covered": 0.0, "percent_covered_display": "0", "missing_lines": 1, "excluded_lines": 0, "percent_statements_covered": 0.0, "percent_statements_covered_display": "0"}, "missing_lines": [64], "excluded_lines": [], "start_line": 55}, "liveness_check": {"executed_lines": [], "summary": {"covered_lines": 0, "num_statements": 1, "percent_covered": 0.0, "percent_covered_display": "0", "missing_lines": 1, "excluded_lines": 0, "percent_statements_covered": 0.0, "percent_statements_covered_display": "0"}, "missing_lines": [77], "excluded_lines": [], "start_line": 68}, "check_database_integrity_endpoint": {"executed_lines": [], "summary": {"covered_lines": 0, "num_statements": 8, "percent_covered": 0.0, "percent_covered_display": "0", "missing_lines": 8, "excluded_lines": 0, "percent_statements_covered": 0.0, "percent_statements_covered_display": "0"}, "missing_lines": [95, 96, 98, 99, 105, 112, 113, 114], "excluded_lines": [], "start_line": 81}, "repair_database_endpoint": {"executed_lines": [], "summary": {"covered_lines": 0, "num_statements": 12, "percent_covered": 0.0, "percent_covered_display": "0", "missing_lines": 12, "excluded_lines": 0, "percent_statements_covered": 0.0, "percent_statements_covered_display": "0"}, "missing_lines": [131, 132, 133, 135, 136, 139, 141, 142, 148, 153, 154, 155], "excluded_lines": [], "start_line": 121}, "": {"executed_lines": [7, 8, 9, 10, 11, 13, 14, 20, 22, 25, 26, 54, 55, 67, 68, 80, 81, 120, 121], "summary": {"covered_lines": 19, "num_statements": 19, "percent_covered": 100.0, "percent_covered_display": "100", "missing_lines": 0, "excluded_lines": 0, "percent_statements_covered": 100.0, "percent_statements_covered_display": "100"}, "missing_lines": [], "excluded_lines": [], "start_line": 1}}, "classes": {"": {"executed_lines": [7, 8, 9, 10, 11, 13, 14, 20, 22, 25, 26, 54, 55, 67, 68, 80, 81, 120, 121], "summary": {"covered_lines": 19, "num_statements": 47, "percent_covered": 40.42553191489362, "percent_covered_display": "40", "missing_lines": 28, "excluded_lines": 0, "percent_statements_covered": 40.42553191489362, "percent_statements_covered_display": "40"}, "missing_lines": [41, 43, 44, 45, 46, 48, 64, 77, 95, 96, 98, 99, 105, 112, 113, 114, 131, 132, 133, 135, 136, 139, 141, 142, 148, 153, 154, 155], "excluded_lines": [], "start_line": 1}}}, "services\\ai-pattern-service\\src\\api\\pattern_router.py": {"executed_lines": [8, 9, 10, 12, 13, 15, 16, 17, 18, 19, 21, 23, 26, 27, 226, 227, 548, 549], "summary": {"covered_lines": 18, "num_statements": 274, "percent_covered": 6.569343065693431, "percent_covered_display": "7", "missing_lines": 256, "excluded_lines": 0, "percent_statements_covered": 6.569343065693431, "percent_statements_covered_display": "7"}, "missing_lines": [42, 43, 52, 53, 54, 55, 56, 61, 63, 64, 65, 66, 68, 78, 84, 85, 87, 92, 93, 94, 99, 100, 102, 104, 105, 106, 107, 108, 109, 110, 111, 112, 114, 130, 131, 132, 133, 134, 135, 136, 137, 138, 139, 140, 141, 143, 159, 168, 170, 176, 177, 179, 180, 182, 183, 184, 185, 186, 188, 189, 191, 199, 200, 201, 206, 210, 211, 212, 213, 214, 219, 220, 236, 243, 244, 246, 249, 250, 251, 252, 253, 255, 256, 257, 258, 259, 261, 263, 265, 267, 269, 270, 271, 273, 274, 276, 277, 279, 280, 281, 282, 283, 285, 286, 288, 289, 291, 294, 295, 296, 298, 299, 301, 303, 304, 306, 307, 308, 310, 325, 328, 332, 333, 335, 336, 337, 339, 353, 354, 355, 356, 357, 359, 361, 362, 363, 364, 365, 367, 368, 369, 370, 373, 374, 375, 378, 380, 381, 383, 384, 386, 398, 399, 401, 402, 403, 404, 405, 407, 408, 410, 411, 412, 413, 414, 416, 417, 418, 419, 420, 421, 423, 424, 425, 426, 428, 429, 430, 432, 433, 434, 436, 437, 439, 450, 451, 452, 457, 461, 462, 463, 464, 465, 469, 471, 472, 474, 475, 476, 477, 478, 479, 480, 482, 483, 484, 485, 486, 488, 489, 490, 491, 492, 493, 495, 496, 497, 498, 500, 501, 502, 504, 505, 506, 508, 509, 511, 522, 523, 528, 532, 533, 534, 535, 536, 541, 542, 561, 565, 566, 568, 570, 572, 573, 582, 585, 586, 588, 590, 592, 593, 604, 616, 627, 628, 629], "excluded_lines": [], "functions": {"list_patterns": {"executed_lines": [], "summary": {"covered_lines": 0, "num_statements": 72, "percent_covered": 0.0, "percent_covered_display": "0", "missing_lines": 72, "excluded_lines": 0, "percent_statements_covered": 0.0, "percent_statements_covered_display": "0"}, "missing_lines": [42, 43, 52, 53, 54, 55, 56, 61, 63, 64, 65, 66, 68, 78, 84, 85, 87, 92, 93, 94, 99, 100, 102, 104, 105, 106, 107, 108, 109, 110, 111, 112, 114, 130, 131, 132, 133, 134, 135, 136, 137, 138, 139, 140, 141, 143, 159, 168, 170, 176, 177, 179, 180, 182, 183, 184, 185, 186, 188, 189, 191, 199, 200, 201, 206, 210, 211, 212, 213, 214, 219, 220], "excluded_lines": [], "start_line": 27}, "get_pattern_stats": {"executed_lines": [], "summary": {"covered_lines": 0, "num_statements": 136, "percent_covered": 0.0, "percent_covered_display": "0", "missing_lines": 136, "excluded_lines": 0, "percent_statements_covered": 0.0, "percent_statements_covered_display": "0"}, "missing_lines": [236, 243, 244, 246, 267, 291, 294, 295, 296, 298, 299, 301, 303, 304, 306, 307, 308, 310, 325, 328, 332, 333, 335, 336, 337, 339, 353, 354, 355, 356, 357, 359, 361, 362, 363, 364, 365, 367, 368, 369, 370, 373, 374, 375, 378, 380, 381, 383, 384, 386, 398, 399, 401, 402, 403, 404, 405, 407, 408, 410, 411, 412, 413, 414, 416, 417, 418, 419, 420, 421, 423, 424, 425, 426, 428, 429, 430, 432, 433, 434, 436, 437, 439, 450, 451, 452, 457, 461, 462, 463, 464, 465, 469, 471, 472, 474, 475, 476, 477, 478, 479, 480, 482, 483, 484, 485, 486, 488, 489, 490, 491, 492, 493, 495, 496, 497, 498, 500, 501, 502, 504, 505, 506, 508, 509, 511, 522, 523, 528, 532, 533, 534, 535, 536, 541, 542], "excluded_lines": [], "start_line": 227}, "get_pattern_stats._fetch_patterns_for_stats": {"executed_lines": [], "summary": {"covered_lines": 0, "num_statements": 13, "percent_covered": 0.0, "percent_covered_display": "0", "missing_lines": 13, "excluded_lines": 0, "percent_statements_covered": 0.0, "percent_statements_covered_display": "0"}, "missing_lines": [249, 250, 251, 252, 253, 255, 256, 257, 258, 259, 261, 263, 265], "excluded_lines": [], "start_line": 246}, "get_pattern_stats._attempt_repair_and_retry": {"executed_lines": [], "summary": {"covered_lines": 0, "num_statements": 16, "percent_covered": 0.0, "percent_covered_display": "0", "missing_lines": 16, "excluded_lines": 0, "percent_statements_covered": 0.0, "percent_statements_covered_display": "0"}, "missing_lines": [269, 270, 271, 273, 274, 276, 277, 279, 280, 281, 282, 283, 285, 286, 288, 289], "excluded_lines": [], "start_line": 267}, "repair_database": {"executed_lines": [], "summary": {"covered_lines": 0, "num_statements": 19, "percent_covered": 0.0, "percent_covered_display": "0", "missing_lines": 19, "excluded_lines": 0, "percent_statements_covered": 0.0, "percent_statements_covered_display": "0"}, "missing_lines": [561, 565, 566, 568, 570, 572, 573, 582, 585, 586, 588, 590, 592, 593, 604, 616, 627, 628, 629], "excluded_lines": [], "start_line": 549}, "": {"executed_lines": [8, 9, 10, 12, 13, 15, 16, 17, 18, 19, 21, 23, 26, 27, 226, 227, 548, 549], "summary": {"covered_lines": 18, "num_statements": 18, "percent_covered": 100.0, "percent_covered_display": "100", "missing_lines": 0, "excluded_lines": 0, "percent_statements_covered": 100.0, "percent_statements_covered_display": "100"}, "missing_lines": [], "excluded_lines": [], "start_line": 1}}, "classes": {"": {"executed_lines": [8, 9, 10, 12, 13, 15, 16, 17, 18, 19, 21, 23, 26, 27, 226, 227, 548, 549], "summary": {"covered_lines": 18, "num_statements": 274, "percent_covered": 6.569343065693431, "percent_covered_display": "7", "missing_lines": 256, "excluded_lines": 0, "percent_statements_covered": 6.569343065693431, "percent_statements_covered_display": "7"}, "missing_lines": [42, 43, 52, 53, 54, 55, 56, 61, 63, 64, 65, 66, 68, 78, 84, 85, 87, 92, 93, 94, 99, 100, 102, 104, 105, 106, 107, 108, 109, 110, 111, 112, 114, 130, 131, 132, 133, 134, 135, 136, 137, 138, 139, 140, 141, 143, 159, 168, 170, 176, 177, 179, 180, 182, 183, 184, 185, 186, 188, 189, 191, 199, 200, 201, 206, 210, 211, 212, 213, 214, 219, 220, 236, 243, 244, 246, 249, 250, 251, 252, 253, 255, 256, 257, 258, 259, 261, 263, 265, 267, 269, 270, 271, 273, 274, 276, 277, 279, 280, 281, 282, 283, 285, 286, 288, 289, 291, 294, 295, 296, 298, 299, 301, 303, 304, 306, 307, 308, 310, 325, 328, 332, 333, 335, 336, 337, 339, 353, 354, 355, 356, 357, 359, 361, 362, 363, 364, 365, 367, 368, 369, 370, 373, 374, 375, 378, 380, 381, 383, 384, 386, 398, 399, 401, 402, 403, 404, 405, 407, 408, 410, 411, 412, 413, 414, 416, 417, 418, 419, 420, 421, 423, 424, 425, 426, 428, 429, 430, 432, 433, 434, 436, 437, 439, 450, 451, 452, 457, 461, 462, 463, 464, 465, 469, 471, 472, 474, 475, 476, 477, 478, 479, 480, 482, 483, 484, 485, 486, 488, 489, 490, 491, 492, 493, 495, 496, 497, 498, 500, 501, 502, 504, 505, 506, 508, 509, 511, 522, 523, 528, 532, 533, 534, 535, 536, 541, 542, 561, 565, 566, 568, 570, 572, 573, 582, 585, 586, 588, 590, 592, 593, 604, 616, 627, 628, 629], "excluded_lines": [], "start_line": 1}}}, "services\\ai-pattern-service\\src\\api\\synergy_router.py": {"executed_lines": [11, 12, 13, 15, 16, 17, 19, 20, 21, 22, 23, 24, 25, 28, 29, 30, 34, 39, 42, 45, 47, 48, 49, 52, 54, 55, 56, 57, 64, 65, 147, 148, 410, 411, 644, 645, 769, 770, 909, 910, 1009, 1010], "summary": {"covered_lines": 42, "num_statements": 419, "percent_covered": 10.023866348448687, "percent_covered_display": "10", "missing_lines": 377, "excluded_lines": 0, "percent_statements_covered": 10.023866348448687, "percent_statements_covered_display": "10"}, "missing_lines": [31, 32, 85, 86, 88, 90, 91, 92, 93, 94, 95, 97, 99, 100, 101, 102, 103, 104, 106, 107, 108, 109, 110, 113, 116, 118, 119, 120, 121, 123, 124, 126, 139, 140, 141, 180, 181, 191, 192, 193, 194, 195, 200, 202, 203, 204, 205, 207, 216, 222, 223, 225, 230, 231, 232, 236, 237, 239, 240, 241, 242, 243, 244, 245, 246, 247, 248, 249, 251, 252, 253, 254, 255, 256, 257, 258, 259, 261, 262, 263, 264, 265, 266, 267, 268, 269, 272, 273, 274, 277, 278, 279, 280, 293, 294, 295, 297, 316, 317, 318, 319, 320, 321, 322, 323, 324, 325, 326, 327, 329, 330, 331, 332, 333, 334, 335, 336, 337, 339, 340, 341, 342, 343, 344, 345, 346, 347, 350, 351, 352, 355, 356, 357, 358, 371, 372, 373, 375, 393, 402, 403, 404, 433, 435, 437, 438, 439, 440, 441, 442, 444, 445, 446, 448, 449, 455, 456, 457, 458, 459, 460, 461, 462, 463, 464, 466, 467, 468, 469, 470, 471, 472, 473, 475, 476, 477, 478, 479, 480, 481, 482, 486, 487, 490, 491, 492, 493, 494, 495, 496, 497, 498, 499, 501, 504, 505, 506, 507, 520, 521, 522, 524, 543, 544, 545, 546, 547, 548, 549, 550, 552, 553, 554, 555, 556, 557, 558, 559, 561, 562, 563, 564, 565, 566, 567, 568, 572, 573, 576, 577, 578, 579, 580, 581, 582, 583, 584, 585, 587, 590, 591, 592, 593, 606, 607, 608, 610, 628, 634, 635, 636, 637, 638, 671, 673, 674, 675, 676, 677, 678, 679, 681, 682, 683, 685, 686, 692, 699, 700, 703, 709, 710, 711, 713, 721, 723, 727, 729, 735, 736, 739, 740, 741, 742, 743, 744, 745, 747, 759, 760, 761, 762, 763, 796, 798, 799, 800, 801, 802, 804, 807, 808, 809, 810, 811, 812, 813, 814, 817, 818, 819, 820, 821, 822, 824, 827, 828, 829, 830, 833, 834, 835, 836, 837, 838, 840, 842, 844, 856, 858, 859, 865, 866, 872, 879, 880, 882, 888, 893, 899, 900, 901, 902, 903, 939, 941, 942, 943, 944, 945, 946, 947, 949, 950, 951, 953, 954, 960, 963, 976, 977, 984, 985, 987, 992, 999, 1000, 1001, 1002, 1003, 1034, 1036, 1039, 1041, 1046, 1047, 1048], "excluded_lines": [], "functions": {"get_synergy_stats": {"executed_lines": [], "summary": {"covered_lines": 0, "num_statements": 33, "percent_covered": 0.0, "percent_covered_display": "0", "missing_lines": 33, "excluded_lines": 0, "percent_statements_covered": 0.0, "percent_statements_covered_display": "0"}, "missing_lines": [85, 86, 88, 90, 91, 92, 93, 94, 95, 97, 99, 100, 101, 102, 103, 104, 106, 107, 108, 109, 110, 113, 116, 118, 119, 120, 121, 123, 124, 126, 139, 140, 141], "excluded_lines": [], "start_line": 65}, "list_synergies": {"executed_lines": [], "summary": {"covered_lines": 0, "num_statements": 107, "percent_covered": 0.0, "percent_covered_display": "0", "missing_lines": 107, "excluded_lines": 0, "percent_statements_covered": 0.0, "percent_statements_covered_display": "0"}, "missing_lines": [180, 181, 191, 192, 193, 194, 195, 200, 202, 203, 204, 205, 207, 216, 222, 223, 225, 230, 231, 232, 236, 237, 239, 240, 241, 242, 243, 244, 245, 246, 247, 248, 249, 251, 252, 253, 254, 255, 256, 257, 258, 259, 261, 262, 263, 264, 265, 266, 267, 268, 269, 272, 273, 274, 277, 278, 279, 280, 293, 294, 295, 297, 316, 317, 318, 319, 320, 321, 322, 323, 324, 325, 326, 327, 329, 330, 331, 332, 333, 334, 335, 336, 337, 339, 340, 341, 342, 343, 344, 345, 346, 347, 350, 351, 352, 355, 356, 357, 358, 371, 372, 373, 375, 393, 402, 403, 404], "excluded_lines": [], "start_line": 148}, "get_synergy": {"executed_lines": [], "summary": {"covered_lines": 0, "num_statements": 111, "percent_covered": 0.0, "percent_covered_display": "0", "missing_lines": 111, "excluded_lines": 0, "percent_statements_covered": 0.0, "percent_statements_covered_display": "0"}, "missing_lines": [433, 435, 437, 438, 439, 440, 441, 442, 444, 445, 446, 448, 449, 455, 456, 457, 458, 459, 460, 461, 462, 463, 464, 466, 467, 468, 469, 470, 471, 472, 473, 475, 476, 477, 478, 479, 480, 481, 482, 486, 487, 490, 491, 492, 493, 494, 495, 496, 497, 498, 499, 501, 504, 505, 506, 507, 520, 521, 522, 524, 543, 544, 545, 546, 547, 548, 549, 550, 552, 553, 554, 555, 556, 557, 558, 559, 561, 562, 563, 564, 565, 566, 567, 568, 572, 573, 576, 577, 578, 579, 580, 581, 582, 583, 584, 585, 587, 590, 591, 592, 593, 606, 607, 608, 610, 628, 634, 635, 636, 637, 638], "excluded_lines": [], "start_line": 411}, "submit_synergy_feedback": {"executed_lines": [], "summary": {"covered_lines": 0, "num_statements": 40, "percent_covered": 0.0, "percent_covered_display": "0", "missing_lines": 40, "excluded_lines": 0, "percent_statements_covered": 0.0, "percent_statements_covered_display": "0"}, "missing_lines": [671, 673, 674, 675, 676, 677, 678, 679, 681, 682, 683, 685, 686, 692, 699, 700, 703, 709, 710, 711, 713, 721, 723, 727, 729, 735, 736, 739, 740, 741, 742, 743, 744, 745, 747, 759, 760, 761, 762, 763], "excluded_lines": [], "start_line": 645}, "generate_automation_from_synergy": {"executed_lines": [], "summary": {"covered_lines": 0, "num_statements": 51, "percent_covered": 0.0, "percent_covered_display": "0", "missing_lines": 51, "excluded_lines": 0, "percent_statements_covered": 0.0, "percent_statements_covered_display": "0"}, "missing_lines": [796, 798, 799, 800, 801, 802, 804, 807, 808, 809, 810, 811, 812, 813, 814, 817, 818, 819, 820, 821, 822, 824, 827, 828, 829, 830, 833, 834, 835, 836, 837, 838, 840, 842, 844, 856, 858, 859, 865, 866, 872, 879, 880, 882, 888, 893, 899, 900, 901, 902, 903], "excluded_lines": [], "start_line": 770}, "track_automation_execution": {"executed_lines": [], "summary": {"covered_lines": 0, "num_statements": 26, "percent_covered": 0.0, "percent_covered_display": "0", "missing_lines": 26, "excluded_lines": 0, "percent_statements_covered": 0.0, "percent_statements_covered_display": "0"}, "missing_lines": [939, 941, 942, 943, 944, 945, 946, 947, 949, 950, 951, 953, 954, 960, 963, 976, 977, 984, 985, 987, 992, 999, 1000, 1001, 1002, 1003], "excluded_lines": [], "start_line": 910}, "get_automation_execution_stats": {"executed_lines": [], "summary": {"covered_lines": 0, "num_statements": 7, "percent_covered": 0.0, "percent_covered_display": "0", "missing_lines": 7, "excluded_lines": 0, "percent_statements_covered": 0.0, "percent_statements_covered_display": "0"}, "missing_lines": [1034, 1036, 1039, 1041, 1046, 1047, 1048], "excluded_lines": [], "start_line": 1010}, "": {"executed_lines": [11, 12, 13, 15, 16, 17, 19, 20, 21, 22, 23, 24, 25, 28, 29, 30, 34, 39, 42, 45, 47, 48, 49, 52, 54, 55, 56, 57, 64, 65, 147, 148, 410, 411, 644, 645, 769, 770, 909, 910, 1009, 1010], "summary": {"covered_lines": 42, "num_statements": 44, "percent_covered": 95.45454545454545, "percent_covered_display": "95", "missing_lines": 2, "excluded_lines": 0, "percent_statements_covered": 95.45454545454545, "percent_statements_covered_display": "95"}, "missing_lines": [31, 32], "excluded_lines": [], "start_line": 1}}, "classes": {"SynergyFeedback": {"executed_lines": [], "summary": {"covered_lines": 0, "num_statements": 0, "percent_covered": 100.0, "percent_covered_display": "100", "missing_lines": 0, "excluded_lines": 0, "percent_statements_covered": 100.0, "percent_statements_covered_display": "100"}, "missing_lines": [], "excluded_lines": [], "start_line": 45}, "AutomationExecutionResult": {"executed_lines": [], "summary": {"covered_lines": 0, "num_statements": 0, "percent_covered": 100.0, "percent_covered_display": "100", "missing_lines": 0, "excluded_lines": 0, "percent_statements_covered": 100.0, "percent_statements_covered_display": "100"}, "missing_lines": [], "excluded_lines": [], "start_line": 52}, "": {"executed_lines": [11, 12, 13, 15, 16, 17, 19, 20, 21, 22, 23, 24, 25, 28, 29, 30, 34, 39, 42, 45, 47, 48, 49, 52, 54, 55, 56, 57, 64, 65, 147, 148, 410, 411, 644, 645, 769, 770, 909, 910, 1009, 1010], "summary": {"covered_lines": 42, "num_statements": 419, "percent_covered": 10.023866348448687, "percent_covered_display": "10", "missing_lines": 377, "excluded_lines": 0, "percent_statements_covered": 10.023866348448687, "percent_statements_covered_display": "10"}, "missing_lines": [31, 32, 85, 86, 88, 90, 91, 92, 93, 94, 95, 97, 99, 100, 101, 102, 103, 104, 106, 107, 108, 109, 110, 113, 116, 118, 119, 120, 121, 123, 124, 126, 139, 140, 141, 180, 181, 191, 192, 193, 194, 195, 200, 202, 203, 204, 205, 207, 216, 222, 223, 225, 230, 231, 232, 236, 237, 239, 240, 241, 242, 243, 244, 245, 246, 247, 248, 249, 251, 252, 253, 254, 255, 256, 257, 258, 259, 261, 262, 263, 264, 265, 266, 267, 268, 269, 272, 273, 274, 277, 278, 279, 280, 293, 294, 295, 297, 316, 317, 318, 319, 320, 321, 322, 323, 324, 325, 326, 327, 329, 330, 331, 332, 333, 334, 335, 336, 337, 339, 340, 341, 342, 343, 344, 345, 346, 347, 350, 351, 352, 355, 356, 357, 358, 371, 372, 373, 375, 393, 402, 403, 404, 433, 435, 437, 438, 439, 440, 441, 442, 444, 445, 446, 448, 449, 455, 456, 457, 458, 459, 460, 461, 462, 463, 464, 466, 467, 468, 469, 470, 471, 472, 473, 475, 476, 477, 478, 479, 480, 481, 482, 486, 487, 490, 491, 492, 493, 494, 495, 496, 497, 498, 499, 501, 504, 505, 506, 507, 520, 521, 522, 524, 543, 544, 545, 546, 547, 548, 549, 550, 552, 553, 554, 555, 556, 557, 558, 559, 561, 562, 563, 564, 565, 566, 567, 568, 572, 573, 576, 577, 578, 579, 580, 581, 582, 583, 584, 585, 587, 590, 591, 592, 593, 606, 607, 608, 610, 628, 634, 635, 636, 637, 638, 671, 673, 674, 675, 676, 677, 678, 679, 681, 682, 683, 685, 686, 692, 699, 700, 703, 709, 710, 711, 713, 721, 723, 727, 729, 735, 736, 739, 740, 741, 742, 743, 744, 745, 747, 759, 760, 761, 762, 763, 796, 798, 799, 800, 801, 802, 804, 807, 808, 809, 810, 811, 812, 813, 814, 817, 818, 819, 820, 821, 822, 824, 827, 828, 829, 830, 833, 834, 835, 836, 837, 838, 840, 842, 844, 856, 858, 859, 865, 866, 872, 879, 880, 882, 888, 893, 899, 900, 901, 902, 903, 939, 941, 942, 943, 944, 945, 946, 947, 949, 950, 951, 953, 954, 960, 963, 976, 977, 984, 985, 987, 992, 999, 1000, 1001, 1002, 1003, 1034, 1036, 1039, 1041, 1046, 1047, 1048], "excluded_lines": [], "start_line": 1}}}, "services\\ai-pattern-service\\src\\clients\\__init__.py": {"executed_lines": [], "summary": {"covered_lines": 0, "num_statements": 0, "percent_covered": 100.0, "percent_covered_display": "100", "missing_lines": 0, "excluded_lines": 0, "percent_statements_covered": 100.0, "percent_statements_covered_display": "100"}, "missing_lines": [], "excluded_lines": [], "functions": {"": {"executed_lines": [], "summary": {"covered_lines": 0, "num_statements": 0, "percent_covered": 100.0, "percent_covered_display": "100", "missing_lines": 0, "excluded_lines": 0, "percent_statements_covered": 100.0, "percent_statements_covered_display": "100"}, "missing_lines": [], "excluded_lines": [], "start_line": 1}}, "classes": {"": {"executed_lines": [], "summary": {"covered_lines": 0, "num_statements": 0, "percent_covered": 100.0, "percent_covered_display": "100", "missing_lines": 0, "excluded_lines": 0, "percent_statements_covered": 100.0, "percent_statements_covered_display": "100"}, "missing_lines": [], "excluded_lines": [], "start_line": 1}}}, "services\\ai-pattern-service\\src\\clients\\data_api_client.py": {"executed_lines": [8, 9, 10, 11, 13, 14, 15, 17, 20, 23, 63, 69, 173, 179, 237, 243, 305, 310, 314], "summary": {"covered_lines": 19, "num_statements": 134, "percent_covered": 14.17910447761194, "percent_covered_display": "14", "missing_lines": 115, "excluded_lines": 0, "percent_statements_covered": 14.17910447761194, "percent_statements_covered_display": "14"}, "missing_lines": [41, 42, 43, 44, 45, 47, 55, 56, 57, 58, 59, 61, 92, 94, 95, 96, 97, 99, 105, 106, 107, 108, 109, 110, 112, 114, 118, 120, 123, 124, 125, 126, 128, 130, 131, 132, 135, 136, 137, 138, 139, 141, 143, 144, 145, 146, 148, 150, 162, 163, 164, 166, 167, 168, 169, 170, 171, 198, 199, 201, 202, 203, 204, 205, 206, 208, 210, 214, 216, 219, 220, 221, 222, 224, 225, 227, 228, 230, 231, 232, 233, 234, 235, 264, 265, 267, 268, 269, 270, 271, 272, 273, 274, 276, 278, 282, 284, 287, 288, 289, 290, 292, 293, 295, 296, 298, 299, 300, 301, 302, 303, 307, 308, 312, 316], "excluded_lines": [], "functions": {"DataAPIClient.__init__": {"executed_lines": [], "summary": {"covered_lines": 0, "num_statements": 12, "percent_covered": 0.0, "percent_covered_display": "0", "missing_lines": 12, "excluded_lines": 0, "percent_statements_covered": 0.0, "percent_statements_covered_display": "0"}, "missing_lines": [41, 42, 43, 44, 45, 47, 55, 56, 57, 58, 59, 61], "excluded_lines": [], "start_line": 23}, "DataAPIClient.fetch_events": {"executed_lines": [], "summary": {"covered_lines": 0, "num_statements": 45, "percent_covered": 0.0, "percent_covered_display": "0", "missing_lines": 45, "excluded_lines": 0, "percent_statements_covered": 0.0, "percent_statements_covered_display": "0"}, "missing_lines": [92, 94, 95, 96, 97, 99, 105, 106, 107, 108, 109, 110, 112, 114, 118, 120, 123, 124, 125, 126, 128, 130, 131, 132, 135, 136, 137, 138, 139, 141, 143, 144, 145, 146, 148, 150, 162, 163, 164, 166, 167, 168, 169, 170, 171], "excluded_lines": [], "start_line": 69}, "DataAPIClient.fetch_devices": {"executed_lines": [], "summary": {"covered_lines": 0, "num_statements": 26, "percent_covered": 0.0, "percent_covered_display": "0", "missing_lines": 26, "excluded_lines": 0, "percent_statements_covered": 0.0, "percent_statements_covered_display": "0"}, "missing_lines": [198, 199, 201, 202, 203, 204, 205, 206, 208, 210, 214, 216, 219, 220, 221, 222, 224, 225, 227, 228, 230, 231, 232, 233, 234, 235], "excluded_lines": [], "start_line": 179}, "DataAPIClient.fetch_entities": {"executed_lines": [], "summary": {"covered_lines": 0, "num_statements": 28, "percent_covered": 0.0, "percent_covered_display": "0", "missing_lines": 28, "excluded_lines": 0, "percent_statements_covered": 0.0, "percent_statements_covered_display": "0"}, "missing_lines": [264, 265, 267, 268, 269, 270, 271, 272, 273, 274, 276, 278, 282, 284, 287, 288, 289, 290, 292, 293, 295, 296, 298, 299, 300, 301, 302, 303], "excluded_lines": [], "start_line": 243}, "DataAPIClient.close": {"executed_lines": [], "summary": {"covered_lines": 0, "num_statements": 2, "percent_covered": 0.0, "percent_covered_display": "0", "missing_lines": 2, "excluded_lines": 0, "percent_statements_covered": 0.0, "percent_statements_covered_display": "0"}, "missing_lines": [307, 308], "excluded_lines": [], "start_line": 305}, "DataAPIClient.__aenter__": {"executed_lines": [], "summary": {"covered_lines": 0, "num_statements": 1, "percent_covered": 0.0, "percent_covered_display": "0", "missing_lines": 1, "excluded_lines": 0, "percent_statements_covered": 0.0, "percent_statements_covered_display": "0"}, "missing_lines": [312], "excluded_lines": [], "start_line": 310}, "DataAPIClient.__aexit__": {"executed_lines": [], "summary": {"covered_lines": 0, "num_statements": 1, "percent_covered": 0.0, "percent_covered_display": "0", "missing_lines": 1, "excluded_lines": 0, "percent_statements_covered": 0.0, "percent_statements_covered_display": "0"}, "missing_lines": [316], "excluded_lines": [], "start_line": 314}, "": {"executed_lines": [8, 9, 10, 11, 13, 14, 15, 17, 20, 23, 63, 69, 173, 179, 237, 243, 305, 310, 314], "summary": {"covered_lines": 19, "num_statements": 19, "percent_covered": 100.0, "percent_covered_display": "100", "missing_lines": 0, "excluded_lines": 0, "percent_statements_covered": 100.0, "percent_statements_covered_display": "100"}, "missing_lines": [], "excluded_lines": [], "start_line": 1}}, "classes": {"DataAPIClient": {"executed_lines": [], "summary": {"covered_lines": 0, "num_statements": 115, "percent_covered": 0.0, "percent_covered_display": "0", "missing_lines": 115, "excluded_lines": 0, "percent_statements_covered": 0.0, "percent_statements_covered_display": "0"}, "missing_lines": [41, 42, 43, 44, 45, 47, 55, 56, 57, 58, 59, 61, 92, 94, 95, 96, 97, 99, 105, 106, 107, 108, 109, 110, 112, 114, 118, 120, 123, 124, 125, 126, 128, 130, 131, 132, 135, 136, 137, 138, 139, 141, 143, 144, 145, 146, 148, 150, 162, 163, 164, 166, 167, 168, 169, 170, 171, 198, 199, 201, 202, 203, 204, 205, 206, 208, 210, 214, 216, 219, 220, 221, 222, 224, 225, 227, 228, 230, 231, 232, 233, 234, 235, 264, 265, 267, 268, 269, 270, 271, 272, 273, 274, 276, 278, 282, 284, 287, 288, 289, 290, 292, 293, 295, 296, 298, 299, 300, 301, 302, 303, 307, 308, 312, 316], "excluded_lines": [], "start_line": 20}, "": {"executed_lines": [8, 9, 10, 11, 13, 14, 15, 17, 20, 23, 63, 69, 173, 179, 237, 243, 305, 310, 314], "summary": {"covered_lines": 19, "num_statements": 19, "percent_covered": 100.0, "percent_covered_display": "100", "missing_lines": 0, "excluded_lines": 0, "percent_statements_covered": 100.0, "percent_statements_covered_display": "100"}, "missing_lines": [], "excluded_lines": [], "start_line": 1}}}, "services\\ai-pattern-service\\src\\clients\\mqtt_client.py": {"executed_lines": [8, 9, 10, 12, 14, 17, 29, 65, 132, 158, 184, 216, 237], "summary": {"covered_lines": 13, "num_statements": 112, "percent_covered": 11.607142857142858, "percent_covered_display": "12", "missing_lines": 99, "excluded_lines": 0, "percent_statements_covered": 11.607142857142858, "percent_statements_covered_display": "12"}, "missing_lines": [41, 42, 43, 44, 45, 46, 48, 49, 51, 52, 53, 54, 55, 56, 57, 58, 60, 61, 63, 76, 77, 78, 79, 80, 83, 84, 85, 87, 88, 90, 91, 96, 99, 100, 103, 104, 105, 107, 108, 110, 111, 112, 114, 115, 116, 117, 119, 120, 121, 122, 123, 124, 126, 127, 128, 130, 142, 143, 144, 147, 154, 155, 156, 167, 168, 171, 172, 173, 174, 176, 178, 179, 180, 182, 196, 197, 198, 199, 200, 202, 203, 205, 206, 207, 209, 210, 212, 213, 214, 226, 227, 235, 244, 245, 246, 247, 248, 249, 250], "excluded_lines": [], "functions": {"MQTTNotificationClient.__init__": {"executed_lines": [], "summary": {"covered_lines": 0, "num_statements": 19, "percent_covered": 0.0, "percent_covered_display": "0", "missing_lines": 19, "excluded_lines": 0, "percent_statements_covered": 0.0, "percent_statements_covered_display": "0"}, "missing_lines": [41, 42, 43, 44, 45, 46, 48, 49, 51, 52, 53, 54, 55, 56, 57, 58, 60, 61, 63], "excluded_lines": [], "start_line": 29}, "MQTTNotificationClient.connect": {"executed_lines": [], "summary": {"covered_lines": 0, "num_statements": 37, "percent_covered": 0.0, "percent_covered_display": "0", "missing_lines": 37, "excluded_lines": 0, "percent_statements_covered": 0.0, "percent_statements_covered_display": "0"}, "missing_lines": [76, 77, 78, 79, 80, 83, 84, 85, 87, 88, 90, 91, 96, 99, 100, 103, 104, 105, 107, 108, 110, 111, 112, 114, 115, 116, 117, 119, 120, 121, 122, 123, 124, 126, 127, 128, 130], "excluded_lines": [], "start_line": 65}, "MQTTNotificationClient._on_connect": {"executed_lines": [], "summary": {"covered_lines": 0, "num_statements": 7, "percent_covered": 0.0, "percent_covered_display": "0", "missing_lines": 7, "excluded_lines": 0, "percent_statements_covered": 0.0, "percent_statements_covered_display": "0"}, "missing_lines": [142, 143, 144, 147, 154, 155, 156], "excluded_lines": [], "start_line": 132}, "MQTTNotificationClient._on_disconnect": {"executed_lines": [], "summary": {"covered_lines": 0, "num_statements": 8, "percent_covered": 0.0, "percent_covered_display": "0", "missing_lines": 8, "excluded_lines": 0, "percent_statements_covered": 0.0, "percent_statements_covered_display": "0"}, "missing_lines": [167, 168, 171, 172, 173, 174, 176, 182], "excluded_lines": [], "start_line": 158}, "MQTTNotificationClient._on_disconnect.reconnect": {"executed_lines": [], "summary": {"covered_lines": 0, "num_statements": 3, "percent_covered": 0.0, "percent_covered_display": "0", "missing_lines": 3, "excluded_lines": 0, "percent_statements_covered": 0.0, "percent_statements_covered_display": "0"}, "missing_lines": [178, 179, 180], "excluded_lines": [], "start_line": 176}, "MQTTNotificationClient.publish": {"executed_lines": [], "summary": {"covered_lines": 0, "num_statements": 15, "percent_covered": 0.0, "percent_covered_display": "0", "missing_lines": 15, "excluded_lines": 0, "percent_statements_covered": 0.0, "percent_statements_covered_display": "0"}, "missing_lines": [196, 197, 198, 199, 200, 202, 203, 205, 206, 207, 209, 210, 212, 213, 214], "excluded_lines": [], "start_line": 184}, "MQTTNotificationClient.publish_analysis_complete": {"executed_lines": [], "summary": {"covered_lines": 0, "num_statements": 3, "percent_covered": 0.0, "percent_covered_display": "0", "missing_lines": 3, "excluded_lines": 0, "percent_statements_covered": 0.0, "percent_statements_covered_display": "0"}, "missing_lines": [226, 227, 235], "excluded_lines": [], "start_line": 216}, "MQTTNotificationClient.disconnect": {"executed_lines": [], "summary": {"covered_lines": 0, "num_statements": 7, "percent_covered": 0.0, "percent_covered_display": "0", "missing_lines": 7, "excluded_lines": 0, "percent_statements_covered": 0.0, "percent_statements_covered_display": "0"}, "missing_lines": [244, 245, 246, 247, 248, 249, 250], "excluded_lines": [], "start_line": 237}, "": {"executed_lines": [8, 9, 10, 12, 14, 17, 29, 65, 132, 158, 184, 216, 237], "summary": {"covered_lines": 13, "num_statements": 13, "percent_covered": 100.0, "percent_covered_display": "100", "missing_lines": 0, "excluded_lines": 0, "percent_statements_covered": 100.0, "percent_statements_covered_display": "100"}, "missing_lines": [], "excluded_lines": [], "start_line": 1}}, "classes": {"MQTTNotificationClient": {"executed_lines": [], "summary": {"covered_lines": 0, "num_statements": 99, "percent_covered": 0.0, "percent_covered_display": "0", "missing_lines": 99, "excluded_lines": 0, "percent_statements_covered": 0.0, "percent_statements_covered_display": "0"}, "missing_lines": [41, 42, 43, 44, 45, 46, 48, 49, 51, 52, 53, 54, 55, 56, 57, 58, 60, 61, 63, 76, 77, 78, 79, 80, 83, 84, 85, 87, 88, 90, 91, 96, 99, 100, 103, 104, 105, 107, 108, 110, 111, 112, 114, 115, 116, 117, 119, 120, 121, 122, 123, 124, 126, 127, 128, 130, 142, 143, 144, 147, 154, 155, 156, 167, 168, 171, 172, 173, 174, 176, 178, 179, 180, 182, 196, 197, 198, 199, 200, 202, 203, 205, 206, 207, 209, 210, 212, 213, 214, 226, 227, 235, 244, 245, 246, 247, 248, 249, 250], "excluded_lines": [], "start_line": 17}, "": {"executed_lines": [8, 9, 10, 12, 14, 17, 29, 65, 132, 158, 184, 216, 237], "summary": {"covered_lines": 13, "num_statements": 13, "percent_covered": 100.0, "percent_covered_display": "100", "missing_lines": 0, "excluded_lines": 0, "percent_statements_covered": 100.0, "percent_statements_covered_display": "100"}, "missing_lines": [], "excluded_lines": [], "start_line": 1}}}, "services\\ai-pattern-service\\src\\config.py": {"executed_lines": [3, 4, 7, 11, 12, 13, 14, 17, 20, 21, 22, 23, 26, 27, 30, 33, 34, 37, 38, 39, 40, 43, 44, 47, 48, 49, 51, 59], "summary": {"covered_lines": 28, "num_statements": 28, "percent_covered": 100.0, "percent_covered_display": "100", "missing_lines": 0, "excluded_lines": 0, "percent_statements_covered": 100.0, "percent_statements_covered_display": "100"}, "missing_lines": [], "excluded_lines": [], "functions": {"": {"executed_lines": [3, 4, 7, 11, 12, 13, 14, 17, 20, 21, 22, 23, 26, 27, 30, 33, 34, 37, 38, 39, 40, 43, 44, 47, 48, 49, 51, 59], "summary": {"covered_lines": 28, "num_statements": 28, "percent_covered": 100.0, "percent_covered_display": "100", "missing_lines": 0, "excluded_lines": 0, "percent_statements_covered": 100.0, "percent_statements_covered_display": "100"}, "missing_lines": [], "excluded_lines": [], "start_line": 1}}, "classes": {"Settings": {"executed_lines": [], "summary": {"covered_lines": 0, "num_statements": 0, "percent_covered": 100.0, "percent_covered_display": "100", "missing_lines": 0, "excluded_lines": 0, "percent_statements_covered": 100.0, "percent_statements_covered_display": "100"}, "missing_lines": [], "excluded_lines": [], "start_line": 7}, "": {"executed_lines": [3, 4, 7, 11, 12, 13, 14, 17, 20, 21, 22, 23, 26, 27, 30, 33, 34, 37, 38, 39, 40, 43, 44, 47, 48, 49, 51, 59], "summary": {"covered_lines": 28, "num_statements": 28, "percent_covered": 100.0, "percent_covered_display": "100", "missing_lines": 0, "excluded_lines": 0, "percent_statements_covered": 100.0, "percent_statements_covered_display": "100"}, "missing_lines": [], "excluded_lines": [], "start_line": 1}}}, "services\\ai-pattern-service\\src\\crud\\__init__.py": {"executed_lines": [7, 8, 10], "summary": {"covered_lines": 3, "num_statements": 3, "percent_covered": 100.0, "percent_covered_display": "100", "missing_lines": 0, "excluded_lines": 0, "percent_statements_covered": 100.0, "percent_statements_covered_display": "100"}, "missing_lines": [], "excluded_lines": [], "functions": {"": {"executed_lines": [7, 8, 10], "summary": {"covered_lines": 3, "num_statements": 3, "percent_covered": 100.0, "percent_covered_display": "100", "missing_lines": 0, "excluded_lines": 0, "percent_statements_covered": 100.0, "percent_statements_covered_display": "100"}, "missing_lines": [], "excluded_lines": [], "start_line": 1}}, "classes": {"": {"executed_lines": [7, 8, 10], "summary": {"covered_lines": 3, "num_statements": 3, "percent_covered": 100.0, "percent_covered_display": "100", "missing_lines": 0, "excluded_lines": 0, "percent_statements_covered": 100.0, "percent_statements_covered_display": "100"}, "missing_lines": [], "excluded_lines": [], "start_line": 1}}}, "services\\ai-pattern-service\\src\\crud\\patterns.py": {"executed_lines": [8, 9, 10, 12, 13, 17, 20, 125, 206, 264], "summary": {"covered_lines": 10, "num_statements": 132, "percent_covered": 7.575757575757576, "percent_covered_display": "8", "missing_lines": 122, "excluded_lines": 0, "percent_statements_covered": 7.575757575757576, "percent_statements_covered_display": "8"}, "missing_lines": [39, 40, 41, 43, 46, 47, 48, 50, 51, 53, 54, 57, 58, 59, 60, 61, 62, 63, 65, 67, 71, 72, 76, 78, 79, 80, 82, 84, 85, 86, 87, 88, 89, 90, 93, 103, 104, 105, 106, 107, 108, 110, 111, 113, 115, 116, 117, 119, 120, 121, 122, 127, 128, 130, 131, 133, 134, 137, 138, 139, 140, 141, 144, 148, 155, 157, 159, 167, 179, 184, 197, 198, 199, 200, 202, 203, 226, 227, 228, 229, 230, 231, 233, 235, 236, 238, 239, 241, 242, 244, 246, 247, 249, 250, 252, 254, 256, 257, 258, 260, 261, 272, 274, 275, 277, 278, 279, 280, 281, 282, 283, 284, 285, 287, 289, 295, 297, 298, 301, 302, 303, 305], "excluded_lines": [], "functions": {"store_patterns": {"executed_lines": [], "summary": {"covered_lines": 0, "num_statements": 51, "percent_covered": 0.0, "percent_covered_display": "0", "missing_lines": 51, "excluded_lines": 0, "percent_statements_covered": 0.0, "percent_statements_covered_display": "0"}, "missing_lines": [39, 40, 41, 43, 46, 47, 48, 50, 51, 53, 54, 57, 58, 59, 60, 61, 62, 63, 65, 67, 71, 72, 76, 78, 79, 80, 82, 84, 85, 86, 87, 88, 89, 90, 93, 103, 104, 105, 106, 107, 108, 110, 111, 113, 115, 116, 117, 119, 120, 121, 122], "excluded_lines": [], "start_line": 20}, "_store_patterns_raw_sql": {"executed_lines": [], "summary": {"covered_lines": 0, "num_statements": 25, "percent_covered": 0.0, "percent_covered_display": "0", "missing_lines": 25, "excluded_lines": 0, "percent_statements_covered": 0.0, "percent_statements_covered_display": "0"}, "missing_lines": [127, 128, 130, 131, 133, 134, 137, 138, 139, 140, 141, 144, 148, 155, 157, 159, 167, 179, 184, 197, 198, 199, 200, 202, 203], "excluded_lines": [], "start_line": 125}, "get_patterns": {"executed_lines": [], "summary": {"covered_lines": 0, "num_statements": 25, "percent_covered": 0.0, "percent_covered_display": "0", "missing_lines": 25, "excluded_lines": 0, "percent_statements_covered": 0.0, "percent_statements_covered_display": "0"}, "missing_lines": [226, 227, 228, 229, 230, 231, 233, 235, 236, 238, 239, 241, 242, 244, 246, 247, 249, 250, 252, 254, 256, 257, 258, 260, 261], "excluded_lines": [], "start_line": 206}, "_get_patterns_raw_sql": {"executed_lines": [], "summary": {"covered_lines": 0, "num_statements": 21, "percent_covered": 0.0, "percent_covered_display": "0", "missing_lines": 21, "excluded_lines": 0, "percent_statements_covered": 0.0, "percent_statements_covered_display": "0"}, "missing_lines": [272, 274, 275, 277, 278, 279, 280, 281, 282, 283, 284, 285, 287, 289, 295, 297, 298, 301, 302, 303, 305], "excluded_lines": [], "start_line": 264}, "": {"executed_lines": [8, 9, 10, 12, 13, 17, 20, 125, 206, 264], "summary": {"covered_lines": 10, "num_statements": 10, "percent_covered": 100.0, "percent_covered_display": "100", "missing_lines": 0, "excluded_lines": 0, "percent_statements_covered": 100.0, "percent_statements_covered_display": "100"}, "missing_lines": [], "excluded_lines": [], "start_line": 1}}, "classes": {"": {"executed_lines": [8, 9, 10, 12, 13, 17, 20, 125, 206, 264], "summary": {"covered_lines": 10, "num_statements": 132, "percent_covered": 7.575757575757576, "percent_covered_display": "8", "missing_lines": 122, "excluded_lines": 0, "percent_statements_covered": 7.575757575757576, "percent_statements_covered_display": "8"}, "missing_lines": [39, 40, 41, 43, 46, 47, 48, 50, 51, 53, 54, 57, 58, 59, 60, 61, 62, 63, 65, 67, 71, 72, 76, 78, 79, 80, 82, 84, 85, 86, 87, 88, 89, 90, 93, 103, 104, 105, 106, 107, 108, 110, 111, 113, 115, 116, 117, 119, 120, 121, 122, 127, 128, 130, 131, 133, 134, 137, 138, 139, 140, 141, 144, 148, 155, 157, 159, 167, 179, 184, 197, 198, 199, 200, 202, 203, 226, 227, 228, 229, 230, 231, 233, 235, 236, 238, 239, 241, 242, 244, 246, 247, 249, 250, 252, 254, 256, 257, 258, 260, 261, 272, 274, 275, 277, 278, 279, 280, 281, 282, 283, 284, 285, 287, 289, 295, 297, 298, 301, 302, 303, 305], "excluded_lines": [], "start_line": 1}}}, "services\\ai-pattern-service\\src\\crud\\synergies.py": {"executed_lines": [8, 9, 10, 11, 13, 14, 15, 17, 20, 177, 320, 382], "summary": {"covered_lines": 12, "num_statements": 191, "percent_covered": 6.282722513089006, "percent_covered_display": "6", "missing_lines": 179, "excluded_lines": 0, "percent_statements_covered": 6.282722513089006, "percent_statements_covered_display": "6"}, "missing_lines": [40, 41, 42, 44, 46, 47, 48, 49, 50, 52, 53, 54, 55, 57, 58, 59, 62, 65, 66, 69, 80, 81, 84, 85, 87, 89, 90, 91, 92, 93, 94, 95, 97, 98, 99, 100, 102, 103, 104, 105, 106, 107, 110, 122, 123, 124, 125, 127, 128, 129, 130, 132, 133, 134, 136, 138, 139, 140, 141, 142, 143, 144, 145, 146, 147, 148, 149, 152, 153, 154, 158, 159, 160, 161, 162, 163, 164, 165, 166, 168, 169, 170, 171, 172, 173, 174, 179, 181, 182, 184, 185, 186, 189, 190, 191, 193, 201, 202, 205, 206, 208, 210, 225, 241, 242, 243, 248, 249, 250, 252, 253, 254, 259, 260, 261, 263, 266, 271, 286, 289, 290, 291, 
[...]
 106, 111, 112, 113, 118, 123, 124, 127, 132, 133, 136, 137], "excluded_lines": [], "start_line": 12}, "TestSecurityEndpoints": {"executed_lines": [], "summary": {"covered_lines": 0, "num_statements": 5, "percent_covered": 0.0, "percent_covered_display": "0", "missing_lines": 5, "excluded_lines": 0, "percent_statements_covered": 0.0, "percent_statements_covered_display": "0"}, "missing_lines": [151, 152, 158, 162, 168], "excluded_lines": [], "start_line": 140}, "": {"executed_lines": [], "summary": {"covered_lines": 0, "num_statements": 29, "percent_covered": 0.0, "percent_covered_display": "0", "missing_lines": 29, "excluded_lines": 0, "percent_statements_covered": 0.0, "percent_statements_covered_display": "0"}, "missing_lines": [7, 8, 9, 12, 15, 23, 24, 29, 36, 47, 58, 63, 70, 75, 79, 89, 95, 103, 115, 140, 143, 148, 160, 171, 172, 174, 177, 182, 183], "excluded_lines": [], "start_line": 1}}}, "tests\\test_system_integration.py": {"executed_lines": [], "summary": {"covered_lines": 0, "num_statements": 88, "percent_covered": 0.0, "percent_covered_display": "0", "missing_lines": 88, "excluded_lines": 0, "percent_statements_covered": 0.0, "percent_statements_covered_display": "0"}, "missing_lines": [6, 7, 8, 9, 10, 11, 14, 16, 19, 20, 22, 30, 32, 33, 34, 35, 36, 37, 38, 40, 41, 42, 45, 46, 47, 48, 49, 50, 51, 52, 54, 55, 56, 59, 60, 61, 62, 63, 64, 66, 67, 68, 71, 72, 73, 74, 75, 76, 77, 78, 80, 81, 82, 83, 85, 86, 87, 90, 91, 92, 93, 94, 95, 97, 98, 99, 101, 102, 105, 106, 107, 109, 110, 112, 113, 114, 116, 118, 119, 120, 121, 122, 123, 125, 126, 128, 129, 130], "excluded_lines": [], "functions": {"test_system_integration": {"executed_lines": [], "summary": {"covered_lines": 0, "num_statements": 77, "percent_covered": 0.0, "percent_covered_display": "0", "missing_lines": 77, "excluded_lines": 0, "percent_statements_covered": 0.0, "percent_statements_covered_display": "0"}, "missing_lines": [19, 20, 22, 30, 32, 33, 34, 35, 36, 37, 38, 40, 41, 42, 45, 46, 47, 48, 49, 50, 51, 52, 54, 55, 56, 59, 60, 61, 62, 63, 64, 66, 67, 68, 71, 72, 73, 74, 75, 76, 77, 78, 80, 81, 82, 83, 85, 86, 87, 90, 91, 92, 93, 94, 95, 97, 98, 99, 101, 102, 105, 106, 107, 109, 110, 112, 113, 114, 116, 118, 119, 120, 121, 122, 123, 125, 126], "excluded_lines": [], "start_line": 16}, "": {"executed_lines": [], "summary": {"covered_lines": 0, "num_statements": 11, "percent_covered": 0.0, "percent_covered_display": "0", "missing_lines": 11, "excluded_lines": 0, "percent_statements_covered": 0.0, "percent_statements_covered_display": "0"}, "missing_lines": [6, 7, 8, 9, 10, 11, 14, 16, 128, 129, 130], "excluded_lines": [], "start_line": 1}}, "classes": {"": {"executed_lines": [], "summary": {"covered_lines": 0, "num_statements": 88, "percent_covered": 0.0, "percent_covered_display": "0", "missing_lines": 88, "excluded_lines": 0, "percent_statements_covered": 0.0, "percent_statements_covered_display": "0"}, "missing_lines": [6, 7, 8, 9, 10, 11, 14, 16, 19, 20, 22, 30, 32, 33, 34, 35, 36, 37, 38, 40, 41, 42, 45, 46, 47, 48, 49, 50, 51, 52, 54, 55, 56, 59, 60, 61, 62, 63, 64, 66, 67, 68, 71, 72, 73, 74, 75, 76, 77, 78, 80, 81, 82, 83, 85, 86, 87, 90, 91, 92, 93, 94, 95, 97, 98, 99, 101, 102, 105, 106, 107, 109, 110, 112, 113, 114, 116, 118, 119, 120, 121, 122, 123, 125, 126, 128, 129, 130], "excluded_lines": [], "start_line": 1}}}, "tests\\test_weather_api_direct.py": {"executed_lines": [], "summary": {"covered_lines": 0, "num_statements": 92, "percent_covered": 0.0, "percent_covered_display": "0", "missing_lines": 92, "excluded_lines": 0, "percent_statements_covered": 0.0, "percent_statements_covered_display": "0"}, "missing_lines": [8, 9, 10, 12, 16, 17, 19, 20, 21, 23, 24, 27, 28, 34, 35, 37, 38, 39, 41, 42, 43, 44, 45, 46, 47, 49, 50, 51, 52, 53, 55, 56, 57, 58, 59, 61, 62, 63, 64, 65, 68, 69, 70, 72, 73, 74, 75, 77, 78, 79, 80, 82, 83, 84, 86, 89, 90, 92, 93, 95, 97, 98, 100, 101, 102, 103, 109, 111, 112, 113, 114, 115, 116, 117, 118, 120, 122, 123, 125, 126, 128, 129, 130, 131, 134, 137, 138, 140, 141, 142, 144, 145], "excluded_lines": [], "functions": {"test_weather_api": {"executed_lines": [], "summary": {"covered_lines": 0, "num_statements": 50, "percent_covered": 0.0, "percent_covered_display": "0", "missing_lines": 50, "excluded_lines": 0, "percent_statements_covered": 0.0, "percent_statements_covered_display": "0"}, "missing_lines": [16, 17, 19, 20, 21, 23, 24, 27, 28, 34, 35, 37, 38, 39, 41, 42, 43, 44, 45, 46, 47, 49, 50, 51, 52, 53, 55, 56, 57, 58, 59, 61, 62, 63, 64, 65, 68, 69, 70, 72, 73, 74, 75, 77, 78, 79, 80, 82, 83, 84], "excluded_lines": [], "start_line": 12}, "test_multiple_locations": {"executed_lines": [], "summary": {"covered_lines": 0, "num_statements": 25, "percent_covered": 0.0, "percent_covered_display": "0", "missing_lines": 25, "excluded_lines": 0, "percent_statements_covered": 0.0, "percent_statements_covered_display": "0"}, "missing_lines": [89, 90, 92, 93, 95, 97, 98, 100, 101, 102, 103, 109, 111, 112, 113, 114, 115, 116, 117, 118, 120, 122, 123, 125, 126], "excluded_lines": [], "start_line": 86}, "": {"executed_lines": [], "summary": {"covered_lines": 0, "num_statements": 17, "percent_covered": 0.0, "percent_covered_display": "0", "missing_lines": 17, "excluded_lines": 0, "percent_statements_covered": 0.0, "percent_statements_covered_display": "0"}, "missing_lines": [8, 9, 10, 12, 86, 128, 129, 130, 131, 134, 137, 138, 140, 141, 142, 144, 145], "excluded_lines": [], "start_line": 1}}, "classes": {"": {"executed_lines": [], "summary": {"covered_lines": 0, "num_statements": 92, "percent_covered": 0.0, "percent_covered_display": "0", "missing_lines": 92, "excluded_lines": 0, "percent_statements_covered": 0.0, "percent_statements_covered_display": "0"}, "missing_lines": [8, 9, 10, 12, 16, 17, 19, 20, 21, 23, 24, 27, 28, 34, 35, 37, 38, 39, 41, 42, 43, 44, 45, 46, 47, 49, 50, 51, 52, 53, 55, 56, 57, 58, 59, 61, 62, 63, 64, 65, 68, 69, 70, 72, 73, 74, 75, 77, 78, 79, 80, 82, 83, 84, 86, 89, 90, 92, 93, 95, 97, 98, 100, 101, 102, 103, 109, 111, 112, 113, 114, 115, 116, 117, 118, 120, 122, 123, 125, 126, 128, 129, 130, 131, 134, 137, 138, 140, 141, 142, 144, 145], "excluded_lines": [], "start_line": 1}}}, "tests\\verify-ha-connection.py": {"executed_lines": [], "summary": {"covered_lines": 0, "num_statements": 87, "percent_covered": 0.0, "percent_covered_display": "0", "missing_lines": 87, "excluded_lines": 0, "percent_statements_covered": 0.0, "percent_statements_covered_display": "0"}, "missing_lines": [7, 8, 9, 12, 13, 14, 15, 16, 17, 18, 20, 23, 24, 26, 27, 28, 29, 30, 31, 34, 35, 36, 37, 38, 41, 48, 54, 55, 56, 58, 59, 60, 61, 62, 63, 64, 65, 67, 69, 70, 71, 72, 73, 74, 75, 76, 78, 79, 80, 83, 84, 85, 91, 92, 93, 94, 97, 98, 100, 101, 103, 104, 107, 108, 109, 115, 116, 117, 118, 119, 121, 123, 124, 127, 128, 129, 130, 131, 132, 133, 134, 136, 137, 138, 139, 141, 142], "excluded_lines": [], "functions": {"": {"executed_lines": [], "summary": {"covered_lines": 0, "num_statements": 87, "percent_covered": 0.0, "percent_covered_display": "0", "missing_lines": 87, "excluded_lines": 0, "percent_statements_covered": 0.0, "percent_statements_covered_display": "0"}, "missing_lines": [7, 8, 9, 12, 13, 14, 15, 16, 17, 18, 20, 23, 24, 26, 27, 28, 29, 30, 31, 34, 35, 36, 37, 38, 41, 48, 54, 55, 56, 58, 59, 60, 61, 62, 63, 64, 65, 67, 69, 70, 71, 72, 73, 74, 75, 76, 78, 79, 80, 83, 84, 85, 91, 92, 93, 94, 97, 98, 100, 101, 103, 104, 107, 108, 109, 115, 116, 117, 118, 119, 121, 123, 124, 127, 128, 129, 130, 131, 132, 133, 134, 136, 137, 138, 139, 141, 142], "excluded_lines": [], "start_line": 1}}, "classes": {"": {"executed_lines": [], "summary": {"covered_lines": 0, "num_statements": 87, "percent_covered": 0.0, "percent_covered_display": "0", "missing_lines": 87, "excluded_lines": 0, "percent_statements_covered": 0.0, "percent_statements_covered_display": "0"}, "missing_lines": [7, 8, 9, 12, 13, 14, 15, 16, 17, 18, 20, 23, 24, 26, 27, 28, 29, 30, 31, 34, 35, 36, 37, 38, 41, 48, 54, 55, 56, 58, 59, 60, 61, 62, 63, 64, 65, 67, 69, 70, 71, 72, 73, 74, 75, 76, 78, 79, 80, 83, 84, 85, 91, 92, 93, 94, 97, 98, 100, 101, 103, 104, 107, 108, 109, 115, 116, 117, 118, 119, 121, 123, 124, 127, 128, 129, 130, 131, 132, 133, 134, 136, 137, 138, 139, 141, 142], "excluded_lines": [], "start_line": 1}}}, "tests\\verify-mqtt-anonymous.py": {"executed_lines": [], "summary": {"covered_lines": 0, "num_statements": 33, "percent_covered": 0.0, "percent_covered_display": "0", "missing_lines": 33, "excluded_lines": 0, "percent_statements_covered": 0.0, "percent_statements_covered_display": "0"}, "missing_lines": [4, 5, 6, 7, 8, 9, 11, 12, 14, 15, 17, 18, 20, 22, 24, 25, 26, 28, 30, 32, 34, 35, 36, 37, 38, 40, 41, 42, 44, 45, 47, 48, 50], "excluded_lines": [], "functions": {"on_connect": {"executed_lines": [], "summary": {"covered_lines": 0, "num_statements": 4, "percent_covered": 0.0, "percent_covered_display": "0", "missing_lines": 4, "excluded_lines": 0, "percent_statements_covered": 0.0, "percent_statements_covered_display": "0"}, "missing_lines": [24, 25, 26, 28], "excluded_lines": [], "start_line": 22}, "": {"executed_lines": [], "summary": {"covered_lines": 0, "num_statements": 29, "percent_covered": 0.0, "percent_covered_display": "0", "missing_lines": 29, "excluded_lines": 0, "percent_statements_covered": 0.0, "percent_statements_covered_display": "0"}, "missing_lines": [4, 5, 6, 7, 8, 9, 11, 12, 14, 15, 17, 18, 20, 22, 30, 32, 34, 35, 36, 37, 38, 40, 41, 42, 44, 45, 47, 48, 50], "excluded_lines": [], "start_line": 1}}, "classes": {"": {"executed_lines": [], "summary": {"covered_lines": 0, "num_statements": 33, "percent_covered": 0.0, "percent_covered_display": "0", "missing_lines": 33, "excluded_lines": 0, "percent_statements_covered": 0.0, "percent_statements_covered_display": "0"}, "missing_lines": [4, 5, 6, 7, 8, 9, 11, 12, 14, 15, 17, 18, 20, 22, 24, 25, 26, 28, 30, 32, 34, 35, 36, 37, 38, 40, 41, 42, 44, 45, 47, 48, 50], "excluded_lines": [], "start_line": 1}}}, "tests\\verify-mqtt-connection.py": {"executed_lines": [], "summary": {"covered_lines": 0, "num_statements": 95, "percent_covered": 0.0, "percent_covered_display": "0", "missing_lines": 95, "excluded_lines": 0, "percent_statements_covered": 0.0, "percent_statements_covered_display": "0"}, "missing_lines": [7, 8, 9, 10, 13, 14, 15, 16, 17, 18, 19, 21, 24, 25, 26, 27, 29, 30, 31, 32, 33, 34, 37, 38, 39, 40, 41, 42, 45, 52, 54, 56, 57, 58, 59, 62, 63, 64, 67, 74, 76, 78, 79, 81, 83, 84, 85, 87, 89, 90, 93, 94, 97, 98, 99, 100, 103, 104, 105, 108, 111, 113, 115, 116, 123, 126, 127, 129, 132, 133, 136, 137, 138, 139, 140, 141, 142, 143, 145, 146, 147, 148, 150, 151, 153, 154, 155, 156, 157, 158, 159, 160, 162, 163, 164], "excluded_lines": [], "functions": {"on_connect": {"executed_lines": [], "summary": {"covered_lines": 0, "num_statements": 9, "percent_covered": 0.0, "percent_covered_display": "0", "missing_lines": 9, "excluded_lines": 0, "percent_statements_covered": 0.0, "percent_statements_covered_display": "0"}, "missing_lines": [56, 57, 58, 59, 62, 63, 64, 67, 74], "excluded_lines": [], "start_line": 54}, "on_disconnect": {"executed_lines": [], "summary": {"covered_lines": 0, "num_statements": 2, "percent_covered": 0.0, "percent_covered_display": "0", "missing_lines": 2, "excluded_lines": 0, "percent_statements_covered": 0.0, "percent_statements_covered_display": "0"}, "missing_lines": [78, 79], "excluded_lines": [], "start_line": 76}, "on_message": {"executed_lines": [], "summary": {"covered_lines": 0, "num_statements": 3, "percent_covered": 0.0, "percent_covered_display": "0", "missing_lines": 3, "excluded_lines": 0, "percent_statements_covered": 0.0, "percent_statements_covered_display": "0"}, "missing_lines": [83, 84, 85], "excluded_lines": [], "start_line": 81}, "on_publish": {"executed_lines": [], "summary": {"covered_lines": 0, "num_statements": 2, "percent_covered": 0.0, "percent_covered_display": "0", "missing_lines": 2, "excluded_lines": 0, "percent_statements_covered": 0.0, "percent_statements_covered_display": "0"}, "missing_lines": [89, 90], "excluded_lines": [], "start_line": 87}, "": {"executed_lines": [], "summary": {"covered_lines": 0, "num_statements": 79, "percent_covered": 0.0, "percent_covered_display": "0", "missing_lines": 79, "excluded_lines": 0, "percent_statements_covered": 0.0, "percent_statements_covered_display": "0"}, "missing_lines": [7, 8, 9, 10, 13, 14, 15, 16, 17, 18, 19, 21, 24, 25, 26, 27, 29, 30, 31, 32, 33, 34, 37, 38, 39, 40, 41, 42, 45, 52, 54, 76, 81, 87, 93, 94, 97, 98, 99, 100, 103, 104, 105, 108, 111, 113, 115, 116, 123, 126, 127, 129, 132, 133, 136, 137, 138, 139, 140, 141, 142, 143, 145, 146, 147, 148, 150, 151, 153, 154, 155, 156, 157, 158, 159, 160, 162, 163, 164], "excluded_lines": [], "start_line": 1}}, "classes": {"": {"executed_lines": [], "summary": {"covered_lines": 0, "num_statements": 95, "percent_covered": 0.0, "percent_covered_display": "0", "missing_lines": 95, "excluded_lines": 0, "percent_statements_covered": 0.0, "percent_statements_covered_display": "0"}, "missing_lines": [7, 8, 9, 10, 13, 14, 15, 16, 17, 18, 19, 21, 24, 25, 26, 27, 29, 30, 31, 32, 33, 34, 37, 38, 39, 40, 41, 42, 45, 52, 54, 56, 57, 58, 59, 62, 63, 64, 67, 74, 76, 78, 79, 81, 83, 84, 85, 87, 89, 90, 93, 94, 97, 98, 99, 100, 103, 104, 105, 108, 111, 113, 115, 116, 123, 126, 127, 129, 132, 133, 136, 137, 138, 139, 140, 141, 142, 143, 145, 146, 147, 148, 150, 151, 153, 154, 155, 156, 157, 158, 159, 160, 162, 163, 164], "excluded_lines": [], "start_line": 1}}}, "tests\\verify-openai-connection.py": {"executed_lines": [], "summary": {"covered_lines": 0, "num_statements": 85, "percent_covered": 0.0, "percent_covered_display": "0", "missing_lines": 85, "excluded_lines": 0, "percent_statements_covered": 0.0, "percent_statements_covered_display": "0"}, "missing_lines": [7, 8, 11, 12, 13, 14, 15, 16, 17, 19, 21, 22, 23, 24, 25, 28, 30, 31, 32, 33, 34, 35, 38, 39, 40, 43, 50, 53, 54, 56, 66, 67, 69, 70, 71, 73, 74, 75, 77, 78, 79, 80, 81, 82, 83, 85, 86, 89, 90, 92, 100, 120, 130, 131, 134, 135, 136, 138, 139, 140, 141, 143, 144, 145, 146, 148, 149, 152, 153, 154, 155, 156, 157, 158, 160, 161, 162, 163, 164, 165, 166, 167, 168, 170, 171], "excluded_lines": [], "functions": {"": {"executed_lines": [], "summary": {"covered_lines": 0, "num_statements": 85, "percent_covered": 0.0, "percent_covered_display": "0", "missing_lines": 85, "excluded_lines": 0, "percent_statements_covered": 0.0, "percent_statements_covered_display": "0"}, "missing_lines": [7, 8, 11, 12, 13, 14, 15, 16, 17, 19, 21, 22, 23, 24, 25, 28, 30, 31, 32, 33, 34, 35, 38, 39, 40, 43, 50, 53, 54, 56, 66, 67, 69, 70, 71, 73, 74, 75, 77, 78, 79, 80, 81, 82, 83, 85, 86, 89, 90, 92, 100, 120, 130, 131, 134, 135, 136, 138, 139, 140, 141, 143, 144, 145, 146, 148, 149, 152, 153, 154, 155, 156, 157, 158, 160, 161, 162, 163, 164, 165, 166, 167, 168, 170, 171], "excluded_lines": [], "start_line": 1}}, "classes": {"": {"executed_lines": [], "summary": {"covered_lines": 0, "num_statements": 85, "percent_covered": 0.0, "percent_covered_display": "0", "missing_lines": 85, "excluded_lines": 0, "percent_statements_covered": 0.0, "percent_statements_covered_display": "0"}, "missing_lines": [7, 8, 11, 12, 13, 14, 15, 16, 17, 19, 21, 22, 23, 24, 25, 28, 30, 31, 32, 33, 34, 35, 38, 39, 40, 43, 50, 53, 54, 56, 66, 67, 69, 70, 71, 73, 74, 75, 77, 78, 79, 80, 81, 82, 83, 85, 86, 89, 90, 92, 100, 120, 130, 131, 134, 135, 136, 138, 139, 140, 141, 143, 144, 145, 146, 148, 149, 152, 153, 154, 155, 156, 157, 158, 160, 161, 162, 163, 164, 165, 166, 167, 168, 170, 171], "excluded_lines": [], "start_line": 1}}}, "verify_context7.py": {"executed_lines": [], "summary": {"covered_lines": 0, "num_statements": 149, "percent_covered": 0.0, "percent_covered_display": "0", "missing_lines": 149, "excluded_lines": 0, "percent_statements_covered": 0.0, "percent_statements_covered_display": "0"}, "missing_lines": [12, 13, 14, 17, 18, 19, 20, 23, 24, 25, 26, 28, 29, 30, 31, 32, 33, 34, 35, 36, 39, 41, 42, 43, 46, 49, 55, 56, 59, 61, 64, 65, 66, 67, 68, 69, 71, 72, 73, 74, 76, 77, 78, 79, 81, 82, 83, 86, 87, 88, 90, 91, 92, 94, 95, 97, 98, 99, 102, 103, 105, 106, 107, 109, 112, 113, 114, 116, 117, 118, 121, 122, 123, 124, 125, 126, 127, 130, 131, 132, 134, 135, 136, 137, 139, 141, 143, 144, 145, 146, 148, 149, 150, 152, 153, 155, 156, 157, 160, 161, 162, 164, 166, 167, 168, 169, 170, 173, 174, 175, 176, 178, 181, 182, 184, 185, 186, 187, 188, 189, 191, 192, 193, 194, 196, 197, 198, 199, 202, 204, 205, 206, 207, 209, 210, 211, 213, 216, 217, 218, 219, 220, 221, 222, 223, 224, 225, 226, 227], "excluded_lines": [], "functions": {"print_section": {"executed_lines": [], "summary": {"covered_lines": 0, "num_statements": 3, "percent_covered": 0.0, "percent_covered_display": "0", "missing_lines": 3, "excluded_lines": 0, "percent_statements_covered": 0.0, "percent_statements_covered_display": "0"}, "missing_lines": [41, 42, 43], "excluded_lines": [], "start_line": 39}, "print_status": {"executed_lines": [], "summary": {"covered_lines": 0, "num_statements": 3, "percent_covered": 0.0, "percent_covered_display": "0", "missing_lines": 3, "excluded_lines": 0, "percent_statements_covered": 0.0, "percent_statements_covered_display": "0"}, "missing_lines": [49, 55, 56], "excluded_lines": [], "start_line": 46}, "verify_context7": {"executed_lines": [], "summary": {"covered_lines": 0, "num_statements": 108, "percent_covered": 0.0, "percent_covered_display": "0", "missing_lines": 108, "excluded_lines": 0, "percent_statements_covered": 0.0, "percent_statements_covered_display": "0"}, "missing_lines": [61, 64, 65, 66, 67, 68, 69, 71, 72, 73, 74, 76, 77, 78, 79, 81, 82, 83, 86, 87, 88, 90, 91, 92, 94, 95, 97, 98, 99, 102, 103, 105, 106, 107, 109, 112, 113, 114, 116, 117, 118, 121, 122, 123, 124, 125, 126, 127, 130, 131, 132, 134, 135, 136, 137, 139, 141, 143, 144, 145, 146, 148, 149, 150, 152, 153, 155, 156, 157, 160, 161, 162, 164, 166, 167, 168, 169, 170, 173, 174, 175, 176, 178, 181, 182, 184, 185, 186, 187, 188, 189, 191, 192, 193, 194, 196, 197, 198, 199, 202, 204, 205, 206, 207, 209, 210, 211, 213], "excluded_lines": [], "start_line": 59}, "": {"executed_lines": [], "summary": {"covered_lines": 0, "num_statements": 35, "percent_covered": 0.0, "percent_covered_display": "0", "missing_lines": 35, "excluded_lines": 0, "percent_statements_covered": 0.0, "percent_statements_covered_display": "0"}, "missing_lines": [12, 13, 14, 17, 18, 19, 20, 23, 24, 25, 26, 28, 29, 30, 31, 32, 33, 34, 35, 36, 39, 46, 59, 216, 217, 218, 219, 220, 221, 222, 223, 224, 225, 226, 227], "excluded_lines": [], "start_line": 1}}, "classes": {"": {"executed_lines": [], "summary": {"covered_lines": 0, "num_statements": 149, "percent_covered": 0.0, "percent_covered_display": "0", "missing_lines": 149, "excluded_lines": 0, "percent_statements_covered": 0.0, "percent_statements_covered_display": "0"}, "missing_lines": [12, 13, 14, 17, 18, 19, 20, 23, 24, 25, 26, 28, 29, 30, 31, 32, 33, 34, 35, 36, 39, 41, 42, 43, 46, 49, 55, 56, 59, 61, 64, 65, 66, 67, 68, 69, 71, 72, 73, 74, 76, 77, 78, 79, 81, 82, 83, 86, 87, 88, 90, 91, 92, 94, 95, 97, 98, 99, 102, 103, 105, 106, 107, 109, 112, 113, 114, 116, 117, 118, 121, 122, 123, 124, 125, 126, 127, 130, 131, 132, 134, 135, 136, 137, 139, 141, 143, 144, 145, 146, 148, 149, 150, 152, 153, 155, 156, 157, 160, 161, 162, 164, 166, 167, 168, 169, 170, 173, 174, 175, 176, 178, 181, 182, 184, 185, 186, 187, 188, 189, 191, 192, 193, 194, 196, 197, 198, 199, 202, 204, 205, 206, 207, 209, 210, 211, 213, 216, 217, 218, 219, 220, 221, 222, 223, 224, 225, 226, 227], "excluded_lines": [], "start_line": 1}}}}, "totals": {"covered_lines": 1159, "num_statements": 10172, "percent_covered": 11.394022807707433, "percent_covered_display": "11", "missing_lines": 9013, "excluded_lines": 23, "percent_statements_covered": 11.394022807707433, "percent_statements_covered_display": "11"}}