{"meta": {"format": 3, "version": "7.13.1", "timestamp": "2025-12-31T06:39:07.562941", "branch_coverage": false, "show_contexts": false}, "files": {"src\\__init__.py": {"executed_lines": [], "summary": {"covered_lines": 0, "num_statements": 27, "percent_covered": 0.0, "percent_covered_display": "0", "missing_lines": 27, "excluded_lines": 0, "percent_statements_covered": 0.0, "percent_statements_covered_display": "0"}, "missing_lines": [8, 10, 11, 12, 13, 16, 18, 19, 25, 26, 27, 28, 29, 31, 32, 33, 34, 35, 36, 39, 41, 42, 43, 44, 45, 47, 48], "excluded_lines": [], "functions": {"__getattr__": {"executed_lines": [], "summary": {"covered_lines": 0, "num_statements": 7, "percent_covered": 0.0, "percent_covered_display": "0", "missing_lines": 7, "excluded_lines": 0, "percent_statements_covered": 0.0, "percent_statements_covered_display": "0"}, "missing_lines": [41, 42, 43, 44, 45, 47, 48], "excluded_lines": [], "start_line": 39}, "": {"executed_lines": [], "summary": {"covered_lines": 0, "num_statements": 20, "percent_covered": 0.0, "percent_covered_display": "0", "missing_lines": 20, "excluded_lines": 0, "percent_statements_covered": 0.0, "percent_statements_covered_display": "0"}, "missing_lines": [8, 10, 11, 12, 13, 16, 18, 19, 25, 26, 27, 28, 29, 31, 32, 33, 34, 35, 36, 39], "excluded_lines": [], "start_line": 1}}, "classes": {"": {"executed_lines": [], "summary": {"covered_lines": 0, "num_statements": 27, "percent_covered": 0.0, "percent_covered_display": "0", "missing_lines": 27, "excluded_lines": 0, "percent_statements_covered": 0.0, "percent_statements_covered_display": "0"}, "missing_lines": [8, 10, 11, 12, 13, 16, 18, 19, 25, 26, 27, 28, 29, 31, 32, 33, 34, 35, 36, 39, 41, 42, 43, 44, 45, 47, 48], "excluded_lines": [], "start_line": 1}}}, "src\\devices_endpoints.py": {"executed_lines": [], "summary": {"covered_lines": 0, "num_statements": 15, "percent_covered": 0.0, "percent_covered_display": "0", "missing_lines": 15, "excluded_lines": 0, "percent_statements_covered": 0.0, "percent_statements_covered_display": "0"}, "missing_lines": [3, 5, 6, 7, 9, 12, 15, 16, 17, 19, 20, 22, 23, 24, 26], "excluded_lines": [], "functions": {"": {"executed_lines": [], "summary": {"covered_lines": 0, "num_statements": 15, "percent_covered": 0.0, "percent_covered_display": "0", "missing_lines": 15, "excluded_lines": 0, "percent_statements_covered": 0.0, "percent_statements_covered_display": "0"}, "missing_lines": [3, 5, 6, 7, 9, 12, 15, 16, 17, 19, 20, 22, 23, 24, 26], "excluded_lines": [], "start_line": 1}}, "classes": {"": {"executed_lines": [], "summary": {"covered_lines": 0, "num_statements": 15, "percent_covered": 0.0, "percent_covered_display": "0", "missing_lines": 15, "excluded_lines": 0, "percent_statements_covered": 0.0, "percent_statements_covered_display": "0"}, "missing_lines": [3, 5, 6, 7, 9, 12, 15, 16, 17, 19, 20, 22, 23, 24, 26], "excluded_lines": [], "start_line": 1}}}, "src\\weather_cache.py": {"executed_lines": [], "summary": {"covered_lines": 0, "num_statements": 15, "percent_covered": 0.0, "percent_covered_display": "0", "missing_lines": 15, "excluded_lines": 0, "percent_statements_covered": 0.0, "percent_statements_covered_display": "0"}, "missing_lines": [3, 5, 6, 7, 9, 12, 15, 16, 17, 19, 20, 22, 23, 24, 26], "excluded_lines": [], "functions": {"": {"executed_lines": [], "summary": {"covered_lines": 0, "num_statements": 15, "percent_covered": 0.0, "percent_covered_display": "0", "missing_lines": 15, "excluded_lines": 0, "percent_statements_covered": 0.0, "percent_statements_covered_display": "0"}, "missing_lines": [3, 5, 6, 7, 9, 12, 15, 16, 17, 19, 20, 22, 23, 24, 26], "excluded_lines": [], "start_line": 1}}, "classes": {"": {"executed_lines": [], "summary": {"covered_lines": 0, "num_statements": 15, "percent_covered": 0.0, "percent_covered_display": "0", "missing_lines": 15, "excluded_lines": 0, "percent_statements_covered": 0.0, "percent_statements_covered_display": "0"}, "missing_lines": [3, 5, 6, 7, 9, 12, 15, 16, 17, 19, 20, 22, 23, 24, 26], "excluded_lines": [], "start_line": 1}}}, "src\\weather_client.py": {"executed_lines": [], "summary": {"covered_lines": 0, "num_statements": 15, "percent_covered": 0.0, "percent_covered_display": "0", "missing_lines": 15, "excluded_lines": 0, "percent_statements_covered": 0.0, "percent_statements_covered_display": "0"}, "missing_lines": [3, 5, 6, 7, 9, 12, 15, 16, 17, 19, 20, 22, 23, 24, 26], "excluded_lines": [], "functions": {"": {"executed_lines": [], "summary": {"covered_lines": 0, "num_statements": 15, "percent_covered": 0.0, "percent_covered_display": "0", "missing_lines": 15, "excluded_lines": 0, "percent_statements_covered": 0.0, "percent_statements_covered_display": "0"}, "missing_lines": [3, 5, 6, 7, 9, 12, 15, 16, 17, 19, 20, 22, 23, 24, 26], "excluded_lines": [], "start_line": 1}}, "classes": {"": {"executed_lines": [], "summary": {"covered_lines": 0, "num_statements": 15, "percent_covered": 0.0, "percent_covered_display": "0", "missing_lines": 15, "excluded_lines": 0, "percent_statements_covered": 0.0, "percent_statements_covered_display": "0"}, "missing_lines": [3, 5, 6, 7, 9, 12, 15, 16, 17, 19, 20, 22, 23, 24, 26], "excluded_lines": [], "start_line": 1}}}}, "totals": {"covered_lines": 0, "num_statements": 72, "percent_covered": 0.0, "percent_covered_display": "0", "missing_lines": 72, "excluded_lines": 0, "percent_statements_covered": 0.0, "percent_statements_covered_display": "0"}}