{"meta": {"format": 3, "version": "7.13.0", "timestamp": "2025-12-22T23:47:39.309173", "branch_coverage": false, "show_contexts": false}, "files": {"src\\__init__.py": {"executed_lines": [1], "summary": {"covered_lines": 0, "num_statements": 0, "percent_covered": 100.0, "percent_covered_display": "100", "missing_lines": 0, "excluded_lines": 0, "percent_statements_covered": 100.0, "percent_statements_covered_display": "100"}, "missing_lines": [], "excluded_lines": [], "functions": {"": {"executed_lines": [1], "summary": {"covered_lines": 0, "num_statements": 0, "percent_covered": 100.0, "percent_covered_display": "100", "missing_lines": 0, "excluded_lines": 0, "percent_statements_covered": 100.0, "percent_statements_covered_display": "100"}, "missing_lines": [], "excluded_lines": []}}, "classes": {"": {"executed_lines": [1], "summary": {"covered_lines": 0, "num_statements": 0, "percent_covered": 100.0, "percent_covered_display": "100", "missing_lines": 0, "excluded_lines": 0, "percent_statements_covered": 100.0, "percent_statements_covered_display": "100"}, "missing_lines": [], "excluded_lines": []}}}, "src\\config.py": {"executed_lines": [1, 7, 10, 11, 14, 17, 18, 19, 20, 23, 24, 26, 34], "summary": {"covered_lines": 11, "num_statements": 11, "percent_covered": 100.0, "percent_covered_display": "100", "missing_lines": 0, "excluded_lines": 0, "percent_statements_covered": 100.0, "percent_statements_covered_display": "100"}, "missing_lines": [], "excluded_lines": [], "functions": {"": {"executed_lines": [1, 7, 10, 11, 14, 17, 18, 19, 20, 23, 24, 26, 34], "summary": {"covered_lines": 11, "num_statements": 11, "percent_covered": 100.0, "percent_covered_display": "100", "missing_lines": 0, "excluded_lines": 0, "percent_statements_covered": 100.0, "percent_statements_covered_display": "100"}, "missing_lines": [], "excluded_lines": []}}, "classes": {"Settings": {"executed_lines": [], "summary": {"covered_lines": 0, "num_statements": 0, "percent_covered": 100.0, "percent_covered_display": "100", "missing_lines": 0, "excluded_lines": 0, "percent_statements_covered": 100.0, "percent_statements_covered_display": "100"}, "missing_lines": [], "excluded_lines": []}, "": {"executed_lines": [1, 7, 10, 11, 14, 17, 18, 19, 20, 23, 24, 26, 34], "summary": {"covered_lines": 11, "num_statements": 11, "percent_covered": 100.0, "percent_covered_display": "100", "missing_lines": 0, "excluded_lines": 0, "percent_statements_covered": 100.0, "percent_statements_covered_display": "100"}, "missing_lines": [], "excluded_lines": []}}}, "src\\event_parser.py": {"executed_lines": [1, 5, 6, 7, 8, 10, 13, 14, 17, 26, 34, 44, 45, 106, 107, 162, 163, 183, 184, 238, 239, 258, 259, 283, 284, 312, 313, 337, 338], "summary": {"covered_lines": 27, "num_statements": 130, "percent_covered": 20.76923076923077, "percent_covered_display": "21", "missing_lines": 103, "excluded_lines": 0, "percent_statements_covered": 20.76923076923077, "percent_statements_covered_display": "21"}, "missing_lines": [55, 56, 59, 61, 62, 63, 66, 67, 69, 72, 73, 76, 77, 78, 79, 80, 81, 82, 85, 87, 88, 91, 92, 93, 94, 96, 97, 98, 99, 100, 101, 103, 104, 134, 135, 136, 139, 140, 144, 145, 146, 148, 158, 160, 174, 175, 177, 178, 179, 181, 200, 201, 202, 205, 208, 209, 210, 214, 216, 217, 218, 219, 222, 223, 224, 226, 233, 234, 236, 250, 253, 254, 256, 269, 271, 272, 273, 274, 275, 276, 277, 279, 281, 300, 302, 303, 305, 306, 308, 310, 324, 325, 327, 333, 335, 354, 355, 358, 364, 367, 368, 370, 372], "excluded_lines": [], "functions": {"CalendarEventParser.parse_datetime": {"executed_lines": [], "summary": {"covered_lines": 0, "num_statements": 33, "percent_covered": 0.0, "percent_covered_display": "0", "missing_lines": 33, "excluded_lines": 0, "percent_statements_covered": 0.0, "percent_statements_covered_display": "0"}, "missing_lines": [55, 56, 59, 61, 62, 63, 66, 67, 69, 72, 73, 76, 77, 78, 79, 80, 81, 82, 85, 87, 88, 91, 92, 93, 94, 96, 97, 98, 99, 100, 101, 103, 104], "excluded_lines": []}, "CalendarEventParser.parse_ha_event": {"executed_lines": [], "summary": {"covered_lines": 0, "num_statements": 11, "percent_covered": 0.0, "percent_covered_display": "0", "missing_lines": 11, "excluded_lines": 0, "percent_statements_covered": 0.0, "percent_statements_covered_display": "0"}, "missing_lines": [134, 135, 136, 139, 140, 144, 145, 146, 148, 158, 160], "excluded_lines": []}, "CalendarEventParser._matches_patterns": {"executed_lines": [], "summary": {"covered_lines": 0, "num_statements": 6, "percent_covered": 0.0, "percent_covered_display": "0", "missing_lines": 6, "excluded_lines": 0, "percent_statements_covered": 0.0, "percent_statements_covered_display": "0"}, "missing_lines": [174, 175, 177, 178, 179, 181], "excluded_lines": []}, "CalendarEventParser.detect_occupancy_indicators": {"executed_lines": [], "summary": {"covered_lines": 0, "num_statements": 19, "percent_covered": 0.0, "percent_covered_display": "0", "missing_lines": 19, "excluded_lines": 0, "percent_statements_covered": 0.0, "percent_statements_covered_display": "0"}, "missing_lines": [200, 201, 202, 205, 208, 209, 210, 214, 216, 217, 218, 219, 222, 223, 224, 226, 233, 234, 236], "excluded_lines": []}, "CalendarEventParser.parse_and_enrich_event": {"executed_lines": [], "summary": {"covered_lines": 0, "num_statements": 4, "percent_covered": 0.0, "percent_covered_display": "0", "missing_lines": 4, "excluded_lines": 0, "percent_statements_covered": 0.0, "percent_statements_covered_display": "0"}, "missing_lines": [250, 253, 254, 256], "excluded_lines": []}, "CalendarEventParser.parse_multiple_events": {"executed_lines": [], "summary": {"covered_lines": 0, "num_statements": 10, "percent_covered": 0.0, "percent_covered_display": "0", "missing_lines": 10, "excluded_lines": 0, "percent_statements_covered": 0.0, "percent_statements_covered_display": "0"}, "missing_lines": [269, 271, 272, 273, 274, 275, 276, 277, 279, 281], "excluded_lines": []}, "CalendarEventParser.filter_events_by_time": {"executed_lines": [], "summary": {"covered_lines": 0, "num_statements": 7, "percent_covered": 0.0, "percent_covered_display": "0", "missing_lines": 7, "excluded_lines": 0, "percent_statements_covered": 0.0, "percent_statements_covered_display": "0"}, "missing_lines": [300, 302, 303, 305, 306, 308, 310], "excluded_lines": []}, "CalendarEventParser.get_current_events": {"executed_lines": [], "summary": {"covered_lines": 0, "num_statements": 5, "percent_covered": 0.0, "percent_covered_display": "0", "missing_lines": 5, "excluded_lines": 0, "percent_statements_covered": 0.0, "percent_statements_covered_display": "0"}, "missing_lines": [324, 325, 327, 333, 335], "excluded_lines": []}, "CalendarEventParser.get_upcoming_events": {"executed_lines": [], "summary": {"covered_lines": 0, "num_statements": 8, "percent_covered": 0.0, "percent_covered_display": "0", "missing_lines": 8, "excluded_lines": 0, "percent_statements_covered": 0.0, "percent_statements_covered_display": "0"}, "missing_lines": [354, 355, 358, 364, 367, 368, 370, 372], "excluded_lines": []}, "": {"executed_lines": [1, 5, 6, 7, 8, 10, 13, 14, 17, 26, 34, 44, 45, 106, 107, 162, 163, 183, 184, 238, 239, 258, 259, 283, 284, 312, 313, 337, 338], "summary": {"covered_lines": 27, "num_statements": 27, "percent_covered": 100.0, "percent_covered_display": "100", "missing_lines": 0, "excluded_lines": 0, "percent_statements_covered": 100.0, "percent_statements_covered_display": "100"}, "missing_lines": [], "excluded_lines": []}}, "classes": {"CalendarEventParser": {"executed_lines": [], "summary": {"covered_lines": 0, "num_statements": 103, "percent_covered": 0.0, "percent_covered_display": "0", "missing_lines": 103, "excluded_lines": 0, "percent_statements_covered": 0.0, "percent_statements_covered_display": "0"}, "missing_lines": [55, 56, 59, 61, 62, 63, 66, 67, 69, 72, 73, 76, 77, 78, 79, 80, 81, 82, 85, 87, 88, 91, 92, 93, 94, 96, 97, 98, 99, 100, 101, 103, 104, 134, 135, 136, 139, 140, 144, 145, 146, 148, 158, 160, 174, 175, 177, 178, 179, 181, 200, 201, 202, 205, 208, 209, 210, 214, 216, 217, 218, 219, 222, 223, 224, 226, 233, 234, 236, 250, 253, 254, 256, 269, 271, 272, 273, 274, 275, 276, 277, 279, 281, 300, 302, 303, 305, 306, 308, 310, 324, 325, 327, 333, 335, 354, 355, 358, 364, 367, 368, 370, 372], "excluded_lines": []}, "": {"executed_lines": [1, 5, 6, 7, 8, 10, 13, 14, 17, 26, 34, 44, 45, 106, 107, 162, 163, 183, 184, 238, 239, 258, 259, 283, 284, 312, 313, 337, 338], "summary": {"covered_lines": 27, "num_statements": 27, "percent_covered": 100.0, "percent_covered_display": "100", "missing_lines": 0, "excluded_lines": 0, "percent_statements_covered": 100.0, "percent_statements_covered_display": "100"}, "missing_lines": [], "excluded_lines": []}}}, "src\\ha_client.py": {"executed_lines": [1, 5, 6, 7, 8, 10, 11, 13, 16, 17, 19, 37, 42, 46, 55, 62, 82, 114, 178, 227], "summary": {"covered_lines": 18, "num_statements": 115, "percent_covered": 15.652173913043478, "percent_covered_display": "16", "missing_lines": 97, "excluded_lines": 0, "percent_statements_covered": 15.652173913043478, "percent_statements_covered_display": "16"}, "missing_lines": [28, 29, 30, 31, 32, 39, 40, 44, 48, 49, 53, 57, 58, 59, 60, 69, 70, 71, 72, 73, 74, 76, 77, 78, 79, 80, 89, 90, 91, 92, 93, 95, 98, 104, 105, 107, 108, 109, 110, 111, 112, 141, 142, 145, 146, 148, 149, 154, 155, 157, 158, 159, 160, 162, 163, 164, 165, 167, 168, 169, 171, 172, 173, 174, 175, 176, 201, 202, 204, 206, 207, 208, 209, 210, 212, 213, 214, 216, 217, 218, 220, 221, 222, 223, 224, 225, 248, 253, 255, 256, 257, 258, 259, 261, 263, 264, 266], "excluded_lines": [], "functions": {"HomeAssistantCalendarClient.__init__": {"executed_lines": [], "summary": {"covered_lines": 0, "num_statements": 5, "percent_covered": 0.0, "percent_covered_display": "0", "missing_lines": 5, "excluded_lines": 0, "percent_statements_covered": 0.0, "percent_statements_covered_display": "0"}, "missing_lines": [28, 29, 30, 31, 32], "excluded_lines": []}, "HomeAssistantCalendarClient.__aenter__": {"executed_lines": [], "summary": {"covered_lines": 0, "num_statements": 2, "percent_covered": 0.0, "percent_covered_display": "0", "missing_lines": 2, "excluded_lines": 0, "percent_statements_covered": 0.0, "percent_statements_covered_display": "0"}, "missing_lines": [39, 40], "excluded_lines": []}, "HomeAssistantCalendarClient.__aexit__": {"executed_lines": [], "summary": {"covered_lines": 0, "num_statements": 1, "percent_covered": 0.0, "percent_covered_display": "0", "missing_lines": 1, "excluded_lines": 0, "percent_statements_covered": 0.0, "percent_statements_covered_display": "0"}, "missing_lines": [44], "excluded_lines": []}, "HomeAssistantCalendarClient.connect": {"executed_lines": [], "summary": {"covered_lines": 0, "num_statements": 3, "percent_covered": 0.0, "percent_covered_display": "0", "missing_lines": 3, "excluded_lines": 0, "percent_statements_covered": 0.0, "percent_statements_covered_display": "0"}, "missing_lines": [48, 49, 53], "excluded_lines": []}, "HomeAssistantCalendarClient.close": {"executed_lines": [], "summary": {"covered_lines": 0, "num_statements": 4, "percent_covered": 0.0, "percent_covered_display": "0", "missing_lines": 4, "excluded_lines": 0, "percent_statements_covered": 0.0, "percent_statements_covered_display": "0"}, "missing_lines": [57, 58, 59, 60], "excluded_lines": []}, "HomeAssistantCalendarClient.test_connection": {"executed_lines": [], "summary": {"covered_lines": 0, "num_statements": 11, "percent_covered": 0.0, "percent_covered_display": "0", "missing_lines": 11, "excluded_lines": 0, "percent_statements_covered": 0.0, "percent_statements_covered_display": "0"}, "missing_lines": [69, 70, 71, 72, 73, 74, 76, 77, 78, 79, 80], "excluded_lines": []}, "HomeAssistantCalendarClient.get_calendars": {"executed_lines": [], "summary": {"covered_lines": 0, "num_statements": 15, "percent_covered": 0.0, "percent_covered_display": "0", "missing_lines": 15, "excluded_lines": 0, "percent_statements_covered": 0.0, "percent_statements_covered_display": "0"}, "missing_lines": [89, 90, 91, 92, 93, 95, 98, 104, 105, 107, 108, 109, 110, 111, 112], "excluded_lines": []}, "HomeAssistantCalendarClient.get_events": {"executed_lines": [], "summary": {"covered_lines": 0, "num_statements": 25, "percent_covered": 0.0, "percent_covered_display": "0", "missing_lines": 25, "excluded_lines": 0, "percent_statements_covered": 0.0, "percent_statements_covered_display": "0"}, "missing_lines": [141, 142, 145, 146, 148, 149, 154, 155, 157, 158, 159, 160, 162, 163, 164, 165, 167, 168, 169, 171, 172, 173, 174, 175, 176], "excluded_lines": []}, "HomeAssistantCalendarClient.get_calendar_state": {"executed_lines": [], "summary": {"covered_lines": 0, "num_statements": 20, "percent_covered": 0.0, "percent_covered_display": "0", "missing_lines": 20, "excluded_lines": 0, "percent_statements_covered": 0.0, "percent_statements_covered_display": "0"}, "missing_lines": [201, 202, 204, 206, 207, 208, 209, 210, 212, 213, 214, 216, 217, 218, 220, 221, 222, 223, 224, 225], "excluded_lines": []}, "HomeAssistantCalendarClient.get_events_from_multiple_calendars": {"executed_lines": [], "summary": {"covered_lines": 0, "num_statements": 11, "percent_covered": 0.0, "percent_covered_display": "0", "missing_lines": 11, "excluded_lines": 0, "percent_statements_covered": 0.0, "percent_statements_covered_display": "0"}, "missing_lines": [248, 253, 255, 256, 257, 258, 259, 261, 263, 264, 266], "excluded_lines": []}, "": {"executed_lines": [1, 5, 6, 7, 8, 10, 11, 13, 16, 17, 19, 37, 42, 46, 55, 62, 82, 114, 178, 227], "summary": {"covered_lines": 18, "num_statements": 18, "percent_covered": 100.0, "percent_covered_display": "100", "missing_lines": 0, "excluded_lines": 0, "percent_statements_covered": 100.0, "percent_statements_covered_display": "100"}, "missing_lines": [], "excluded_lines": []}}, "classes": {"HomeAssistantCalendarClient": {"executed_lines": [], "summary": {"covered_lines": 0, "num_statements": 97, "percent_covered": 0.0, "percent_covered_display": "0", "missing_lines": 97, "excluded_lines": 0, "percent_statements_covered": 0.0, "percent_statements_covered_display": "0"}, "missing_lines": [28, 29, 30, 31, 32, 39, 40, 44, 48, 49, 53, 57, 58, 59, 60, 69, 70, 71, 72, 73, 74, 76, 77, 78, 79, 80, 89, 90, 91, 92, 93, 95, 98, 104, 105, 107, 108, 109, 110, 111, 112, 141, 142, 145, 146, 148, 149, 154, 155, 157, 158, 159, 160, 162, 163, 164, 165, 167, 168, 169, 171, 172, 173, 174, 175, 176, 201, 202, 204, 206, 207, 208, 209, 210, 212, 213, 214, 216, 217, 218, 220, 221, 222, 223, 224, 225, 248, 253, 255, 256, 257, 258, 259, 261, 263, 264, 266], "excluded_lines": []}, "": {"executed_lines": [1, 5, 6, 7, 8, 10, 11, 13, 16, 17, 19, 37, 42, 46, 55, 62, 82, 114, 178, 227], "summary": {"covered_lines": 18, "num_statements": 18, "percent_covered": 100.0, "percent_covered_display": "100", "missing_lines": 0, "excluded_lines": 0, "percent_statements_covered": 100.0, "percent_statements_covered_display": "100"}, "missing_lines": [], "excluded_lines": []}}}, "src\\health_check.py": {"executed_lines": [1, 3, 4, 6, 8, 11, 12, 14, 15, 16, 17, 18, 19, 20, 22], "summary": {"covered_lines": 13, "num_statements": 21, "percent_covered": 61.904761904761905, "percent_covered_display": "62", "missing_lines": 8, "excluded_lines": 0, "percent_statements_covered": 61.904761904761905, "percent_statements_covered_display": "62"}, "missing_lines": [25, 27, 28, 29, 30, 31, 33, 47], "excluded_lines": [], "functions": {"HealthCheckHandler.__init__": {"executed_lines": [15, 16, 17, 18, 19, 20], "summary": {"covered_lines": 6, "num_statements": 6, "percent_covered": 100.0, "percent_covered_display": "100", "missing_lines": 0, "excluded_lines": 0, "percent_statements_covered": 100.0, "percent_statements_covered_display": "100"}, "missing_lines": [], "excluded_lines": []}, "HealthCheckHandler.handle": {"executed_lines": [], "summary": {"covered_lines": 0, "num_statements": 8, "percent_covered": 0.0, "percent_covered_display": "0", "missing_lines": 8, "excluded_lines": 0, "percent_statements_covered": 0.0, "percent_statements_covered_display": "0"}, "missing_lines": [25, 27, 28, 29, 30, 31, 33, 47], "excluded_lines": []}, "": {"executed_lines": [1, 3, 4, 6, 8, 11, 12, 14, 22], "summary": {"covered_lines": 7, "num_statements": 7, "percent_covered": 100.0, "percent_covered_display": "100", "missing_lines": 0, "excluded_lines": 0, "percent_statements_covered": 100.0, "percent_statements_covered_display": "100"}, "missing_lines": [], "excluded_lines": []}}, "classes": {"HealthCheckHandler": {"executed_lines": [15, 16, 17, 18, 19, 20], "summary": {"covered_lines": 6, "num_statements": 14, "percent_covered": 42.857142857142854, "percent_covered_display": "43", "missing_lines": 8, "excluded_lines": 0, "percent_statements_covered": 42.857142857142854, "percent_statements_covered_display": "43"}, "missing_lines": [25, 27, 28, 29, 30, 31, 33, 47], "excluded_lines": []}, "": {"executed_lines": [1, 3, 4, 6, 8, 11, 12, 14, 22], "summary": {"covered_lines": 7, "num_statements": 7, "percent_covered": 100.0, "percent_covered_display": "100", "missing_lines": 0, "excluded_lines": 0, "percent_statements_covered": 100.0, "percent_statements_covered_display": "100"}, "missing_lines": [], "excluded_lines": []}}}, "src\\main.py": {"executed_lines": [1, 6, 7, 8, 9, 10, 12, 13, 15, 17, 18, 19, 20, 22, 23, 25, 28, 29, 31, 34, 37, 38, 39, 40, 43, 46, 47, 48, 49, 52, 53, 56, 57, 59, 61, 64, 66, 67, 68, 69, 71, 74, 75, 76, 79, 84, 87, 88, 89, 90, 91, 93, 96, 97, 100, 101, 104, 107, 114, 116, 118, 120, 121, 123, 124, 126, 129, 131, 132, 135, 142, 143, 144, 146, 147, 149, 152, 155, 157, 158, 160, 162, 164, 170, 171, 173, 174, 176, 179, 180, 181, 183, 184, 185, 197, 200, 203, 206, 209, 212, 221, 222, 223, 224, 227, 228, 232, 245, 250, 252, 254, 260, 262, 263, 265, 268, 269, 271, 272, 273, 275, 276, 287, 292, 294, 296, 303, 305, 350, 352, 353, 354, 357, 383], "summary": {"covered_lines": 132, "num_statements": 174, "percent_covered": 75.86206896551724, "percent_covered_display": "76", "missing_lines": 42, "excluded_lines": 0, "percent_statements_covered": 75.86206896551724, "percent_statements_covered_display": "76"}, "missing_lines": [102, 213, 214, 215, 216, 219, 229, 230, 308, 310, 311, 313, 316, 317, 318, 319, 322, 328, 331, 333, 335, 337, 343, 345, 347, 359, 361, 362, 364, 365, 366, 368, 369, 370, 372, 374, 375, 376, 377, 379, 380, 384], "excluded_lines": [], "functions": {"CalendarService.__init__": {"executed_lines": [34, 37, 38, 39, 40, 43, 46, 47, 48, 49, 52, 53, 56, 57], "summary": {"covered_lines": 14, "num_statements": 14, "percent_covered": 100.0, "percent_covered_display": "100", "missing_lines": 0, "excluded_lines": 0, "percent_statements_covered": 100.0, "percent_statements_covered_display": "100"}, "missing_lines": [], "excluded_lines": []}, "CalendarService.startup": {"executed_lines": [61, 64, 66, 67, 68, 69, 71, 74, 75, 76, 79, 84, 87, 88, 89, 90, 91, 93, 96, 97, 100, 101, 104, 107, 114], "summary": {"covered_lines": 25, "num_statements": 26, "percent_covered": 96.15384615384616, "percent_covered_display": "96", "missing_lines": 1, "excluded_lines": 0, "percent_statements_covered": 96.15384615384616, "percent_statements_covered_display": "96"}, "missing_lines": [102], "excluded_lines": []}, "CalendarService.shutdown": {"executed_lines": [118, 120, 121, 123, 124], "summary": {"covered_lines": 5, "num_statements": 5, "percent_covered": 100.0, "percent_covered_display": "100", "missing_lines": 0, "excluded_lines": 0, "percent_statements_covered": 100.0, "percent_statements_covered_display": "100"}, "missing_lines": [], "excluded_lines": []}, "CalendarService.get_today_events": {"executed_lines": [129, 131, 132, 135, 142, 143, 144, 146, 147, 149, 152, 155, 157, 158, 160, 162, 164, 170, 171, 173, 174], "summary": {"covered_lines": 21, "num_statements": 21, "percent_covered": 100.0, "percent_covered_display": "100", "missing_lines": 0, "excluded_lines": 0, "percent_statements_covered": 100.0, "percent_statements_covered_display": "100"}, "missing_lines": [], "excluded_lines": []}, "CalendarService.predict_home_status": {"executed_lines": [179, 180, 181, 183, 184, 185, 197, 200, 203, 206, 209, 212, 221, 222, 223, 224, 227, 228, 232, 245, 250, 252, 254, 260, 262, 263], "summary": {"covered_lines": 26, "num_statements": 33, "percent_covered": 78.78787878787878, "percent_covered_display": "79", "missing_lines": 7, "excluded_lines": 0, "percent_statements_covered": 78.78787878787878, "percent_statements_covered_display": "79"}, "missing_lines": [213, 214, 215, 216, 219, 229, 230], "excluded_lines": []}, "CalendarService.store_in_influxdb": {"executed_lines": [268, 269, 271, 272, 273, 275, 276, 287, 292, 294, 296, 303], "summary": {"covered_lines": 12, "num_statements": 12, "percent_covered": 100.0, "percent_covered_display": "100", "missing_lines": 0, "excluded_lines": 0, "percent_statements_covered": 100.0, "percent_statements_covered_display": "100"}, "missing_lines": [], "excluded_lines": []}, "CalendarService.run_continuous": {"executed_lines": [], "summary": {"covered_lines": 0, "num_statements": 17, "percent_covered": 0.0, "percent_covered_display": "0", "missing_lines": 17, "excluded_lines": 0, "percent_statements_covered": 0.0, "percent_statements_covered_display": "0"}, "missing_lines": [308, 310, 311, 313, 316, 317, 318, 319, 322, 328, 331, 333, 335, 337, 343, 345, 347], "excluded_lines": []}, "create_app": {"executed_lines": [352, 353, 354], "summary": {"covered_lines": 3, "num_statements": 3, "percent_covered": 100.0, "percent_covered_display": "100", "missing_lines": 0, "excluded_lines": 0, "percent_statements_covered": 100.0, "percent_statements_covered_display": "100"}, "missing_lines": [], "excluded_lines": []}, "main": {"executed_lines": [], "summary": {"covered_lines": 0, "num_statements": 16, "percent_covered": 0.0, "percent_covered_display": "0", "missing_lines": 16, "excluded_lines": 0, "percent_statements_covered": 0.0, "percent_statements_covered_display": "0"}, "missing_lines": [359, 361, 362, 364, 365, 366, 368, 369, 370, 372, 374, 375, 376, 377, 379, 380], "excluded_lines": []}, "": {"executed_lines": [1, 6, 7, 8, 9, 10, 12, 13, 15, 17, 18, 19, 20, 22, 23, 25, 28, 29, 31, 59, 116, 126, 176, 265, 305, 350, 357, 383], "summary": {"covered_lines": 26, "num_statements": 27, "percent_covered": 96.29629629629629, "percent_covered_display": "96", "missing_lines": 1, "excluded_lines": 0, "percent_statements_covered": 96.29629629629629, "percent_statements_covered_display": "96"}, "missing_lines": [384], "excluded_lines": []}}, "classes": {"CalendarService": {"executed_lines": [34, 37, 38, 39, 40, 43, 46, 47, 48, 49, 52, 53, 56, 57, 61, 64, 66, 67, 68, 69, 71, 74, 75, 76, 79, 84, 87, 88, 89, 90, 91, 93, 96, 97, 100, 101, 104, 107, 114, 118, 120, 121, 123, 124, 129, 131, 132, 135, 142, 143, 144, 146, 147, 149, 152, 155, 157, 158, 160, 162, 164, 170, 171, 173, 174, 179, 180, 181, 183, 184, 185, 197, 200, 203, 206, 209, 212, 221, 222, 223, 224, 227, 228, 232, 245, 250, 252, 254, 260, 262, 263, 268, 269, 271, 272, 273, 275, 276, 287, 292, 294, 296, 303], "summary": {"covered_lines": 103, "num_statements": 128, "percent_covered": 80.46875, "percent_covered_display": "80", "missing_lines": 25, "excluded_lines": 0, "percent_statements_covered": 80.46875, "percent_statements_covered_display": "80"}, "missing_lines": [102, 213, 214, 215, 216, 219, 229, 230, 308, 310, 311, 313, 316, 317, 318, 319, 322, 328, 331, 333, 335, 337, 343, 345, 347], "excluded_lines": []}, "": {"executed_lines": [1, 6, 7, 8, 9, 10, 12, 13, 15, 17, 18, 19, 20, 22, 23, 25, 28, 29, 31, 59, 116, 126, 176, 265, 305, 350, 352, 353, 354, 357, 383], "summary": {"covered_lines": 29, "num_statements": 46, "percent_covered": 63.04347826086956, "percent_covered_display": "63", "missing_lines": 17, "excluded_lines": 0, "percent_statements_covered": 63.04347826086956, "percent_statements_covered_display": "63"}, "missing_lines": [359, 361, 362, 364, 365, 366, 368, 369, 370, 372, 374, 375, 376, 377, 379, 380, 384], "excluded_lines": []}}}}, "totals": {"covered_lines": 201, "num_statements": 451, "percent_covered": 44.567627494456765, "percent_covered_display": "45", "missing_lines": 250, "excluded_lines": 0, "percent_statements_covered": 44.567627494456765, "percent_statements_covered_display": "45"}}