{"meta": {"format": 3, "version": "7.13.0", "timestamp": "2025-12-23T02:52:22.461098", "branch_coverage": false, "show_contexts": false}, "files": {"src\\__init__.py": {"executed_lines": [1, 7], "summary": {"covered_lines": 1, "num_statements": 1, "percent_covered": 100.0, "percent_covered_display": "100", "missing_lines": 0, "excluded_lines": 0, "percent_statements_covered": 100.0, "percent_statements_covered_display": "100"}, "missing_lines": [], "excluded_lines": [], "functions": {"": {"executed_lines": [1, 7], "summary": {"covered_lines": 1, "num_statements": 1, "percent_covered": 100.0, "percent_covered_display": "100", "missing_lines": 0, "excluded_lines": 0, "percent_statements_covered": 100.0, "percent_statements_covered_display": "100"}, "missing_lines": [], "excluded_lines": []}}, "classes": {"": {"executed_lines": [1, 7], "summary": {"covered_lines": 1, "num_statements": 1, "percent_covered": 100.0, "percent_covered_display": "100", "missing_lines": 0, "excluded_lines": 0, "percent_statements_covered": 100.0, "percent_statements_covered_display": "100"}, "missing_lines": [], "excluded_lines": []}}}, "src\\api\\__init__.py": {"executed_lines": [1, 7, 8, 9, 11], "summary": {"covered_lines": 4, "num_statements": 4, "percent_covered": 100.0, "percent_covered_display": "100", "missing_lines": 0, "excluded_lines": 0, "percent_statements_covered": 100.0, "percent_statements_covered_display": "100"}, "missing_lines": [], "excluded_lines": [], "functions": {"": {"executed_lines": [1, 7, 8, 9, 11], "summary": {"covered_lines": 4, "num_statements": 4, "percent_covered": 100.0, "percent_covered_display": "100", "missing_lines": 0, "excluded_lines": 0, "percent_statements_covered": 100.0, "percent_statements_covered_display": "100"}, "missing_lines": [], "excluded_lines": []}}, "classes": {"": {"executed_lines": [1, 7, 8, 9, 11], "summary": {"covered_lines": 4, "num_statements": 4, "percent_covered": 100.0, "percent_covered_display": "100", "missing_lines": 0, "excluded_lines": 0, "percent_statements_covered": 100.0, "percent_statements_covered_display": "100"}, "missing_lines": [], "excluded_lines": []}}}, "src\\api\\dependencies.py": {"executed_lines": [1, 8, 9, 11, 12, 14, 15, 16, 17, 18, 19, 20, 21, 23, 26, 29, 43, 59, 63, 68, 76, 85, 97, 110], "summary": {"covered_lines": 23, "num_statements": 33, "percent_covered": 69.6969696969697, "percent_covered_display": "70", "missing_lines": 10, "excluded_lines": 2, "percent_statements_covered": 69.6969696969697, "percent_statements_covered_display": "70"}, "missing_lines": [38, 39, 40, 52, 65, 70, 78, 91, 103, 116], "excluded_lines": [30, 44], "functions": {"get_api_key": {"executed_lines": [], "summary": {"covered_lines": 0, "num_statements": 3, "percent_covered": 0.0, "percent_covered_display": "0", "missing_lines": 3, "excluded_lines": 1, "percent_statements_covered": 0.0, "percent_statements_covered_display": "0"}, "missing_lines": [38, 39, 40], "excluded_lines": [30]}, "get_authenticated_user": {"executed_lines": [], "summary": {"covered_lines": 0, "num_statements": 1, "percent_covered": 0.0, "percent_covered_display": "0", "missing_lines": 1, "excluded_lines": 1, "percent_statements_covered": 0.0, "percent_statements_covered_display": "0"}, "missing_lines": [52], "excluded_lines": [44]}, "get_data_api_client": {"executed_lines": [], "summary": {"covered_lines": 0, "num_statements": 1, "percent_covered": 0.0, "percent_covered_display": "0", "missing_lines": 1, "excluded_lines": 0, "percent_statements_covered": 0.0, "percent_statements_covered_display": "0"}, "missing_lines": [65], "excluded_lines": []}, "get_ha_client": {"executed_lines": [], "summary": {"covered_lines": 0, "num_statements": 1, "percent_covered": 0.0, "percent_covered_display": "0", "missing_lines": 1, "excluded_lines": 0, "percent_statements_covered": 0.0, "percent_statements_covered_display": "0"}, "missing_lines": [70], "excluded_lines": []}, "get_openai_client": {"executed_lines": [], "summary": {"covered_lines": 0, "num_statements": 1, "percent_covered": 0.0, "percent_covered_display": "0", "missing_lines": 1, "excluded_lines": 0, "percent_statements_covered": 0.0, "percent_statements_covered_display": "0"}, "missing_lines": [78], "excluded_lines": []}, "get_yaml_generation_service": {"executed_lines": [], "summary": {"covered_lines": 0, "num_statements": 1, "percent_covered": 0.0, "percent_covered_display": "0", "missing_lines": 1, "excluded_lines": 0, "percent_statements_covered": 0.0, "percent_statements_covered_display": "0"}, "missing_lines": [91], "excluded_lines": []}, "get_suggestion_service": {"executed_lines": [], "summary": {"covered_lines": 0, "num_statements": 1, "percent_covered": 0.0, "percent_covered_display": "0", "missing_lines": 1, "excluded_lines": 0, "percent_statements_covered": 0.0, "percent_statements_covered_display": "0"}, "missing_lines": [103], "excluded_lines": []}, "get_deployment_service": {"executed_lines": [], "summary": {"covered_lines": 0, "num_statements": 1, "percent_covered": 0.0, "percent_covered_display": "0", "missing_lines": 1, "excluded_lines": 0, "percent_statements_covered": 0.0, "percent_statements_covered_display": "0"}, "missing_lines": [116], "excluded_lines": []}, "": {"executed_lines": [1, 8, 9, 11, 12, 14, 15, 16, 17, 18, 19, 20, 21, 23, 26, 29, 43, 59, 63, 68, 76, 85, 97, 110], "summary": {"covered_lines": 23, "num_statements": 23, "percent_covered": 100.0, "percent_covered_display": "100", "missing_lines": 0, "excluded_lines": 0, "percent_statements_covered": 100.0, "percent_statements_covered_display": "100"}, "missing_lines": [], "excluded_lines": []}}, "classes": {"": {"executed_lines": [1, 8, 9, 11, 12, 14, 15, 16, 17, 18, 19, 20, 21, 23, 26, 29, 43, 59, 63, 68, 76, 85, 97, 110], "summary": {"covered_lines": 23, "num_statements": 33, "percent_covered": 69.6969696969697, "percent_covered_display": "70", "missing_lines": 10, "excluded_lines": 2, "percent_statements_covered": 69.6969696969697, "percent_statements_covered_display": "70"}, "missing_lines": [38, 39, 40, 52, 65, 70, 78, 91, 103, 116], "excluded_lines": [30, 44]}}}, "src\\api\\deployment_router.py": {"executed_lines": [1, 9, 10, 12, 13, 15, 16, 17, 19, 21, 24, 25, 26, 27, 30, 31, 32, 49, 50, 51, 62, 63, 64, 74, 75, 76, 89, 90, 105, 106, 121, 122, 140, 141, 142, 153, 154, 155], "summary": {"covered_lines": 36, "num_statements": 53, "percent_covered": 67.9245283018868, "percent_covered_display": "68", "missing_lines": 17, "excluded_lines": 0, "percent_statements_covered": 67.9245283018868, "percent_statements_covered_display": "68"}, "missing_lines": [41, 46, 58, 59, 70, 71, 83, 84, 85, 86, 98, 114, 134, 149, 150, 162, 163], "excluded_lines": [], "functions": {"deploy_suggestion": {"executed_lines": [], "summary": {"covered_lines": 0, "num_statements": 2, "percent_covered": 0.0, "percent_covered_display": "0", "missing_lines": 2, "excluded_lines": 0, "percent_statements_covered": 0.0, "percent_statements_covered_display": "0"}, "missing_lines": [41, 46], "excluded_lines": []}, "batch_deploy": {"executed_lines": [], "summary": {"covered_lines": 0, "num_statements": 2, "percent_covered": 0.0, "percent_covered_display": "0", "missing_lines": 2, "excluded_lines": 0, "percent_statements_covered": 0.0, "percent_statements_covered_display": "0"}, "missing_lines": [58, 59], "excluded_lines": []}, "list_deployed_automations": {"executed_lines": [], "summary": {"covered_lines": 0, "num_statements": 2, "percent_covered": 0.0, "percent_covered_display": "0", "missing_lines": 2, "excluded_lines": 0, "percent_statements_covered": 0.0, "percent_statements_covered_display": "0"}, "missing_lines": [70, 71], "excluded_lines": []}, "get_automation_status": {"executed_lines": [], "summary": {"covered_lines": 0, "num_statements": 4, "percent_covered": 0.0, "percent_covered_display": "0", "missing_lines": 4, "excluded_lines": 0, "percent_statements_covered": 0.0, "percent_statements_covered_display": "0"}, "missing_lines": [83, 84, 85, 86], "excluded_lines": []}, "enable_automation": {"executed_lines": [], "summary": {"covered_lines": 0, "num_statements": 1, "percent_covered": 0.0, "percent_covered_display": "0", "missing_lines": 1, "excluded_lines": 0, "percent_statements_covered": 0.0, "percent_statements_covered_display": "0"}, "missing_lines": [98], "excluded_lines": []}, "disable_automation": {"executed_lines": [], "summary": {"covered_lines": 0, "num_statements": 1, "percent_covered": 0.0, "percent_covered_display": "0", "missing_lines": 1, "excluded_lines": 0, "percent_statements_covered": 0.0, "percent_statements_covered_display": "0"}, "missing_lines": [114], "excluded_lines": []}, "test_ha_connection": {"executed_lines": [], "summary": {"covered_lines": 0, "num_statements": 1, "percent_covered": 0.0, "percent_covered_display": "0", "missing_lines": 1, "excluded_lines": 0, "percent_statements_covered": 0.0, "percent_statements_covered_display": "0"}, "missing_lines": [134], "excluded_lines": []}, "rollback_automation": {"executed_lines": [], "summary": {"covered_lines": 0, "num_statements": 2, "percent_covered": 0.0, "percent_covered_display": "0", "missing_lines": 2, "excluded_lines": 0, "percent_statements_covered": 0.0, "percent_statements_covered_display": "0"}, "missing_lines": [149, 150], "excluded_lines": []}, "get_automation_versions": {"executed_lines": [], "summary": {"covered_lines": 0, "num_statements": 2, "percent_covered": 0.0, "percent_covered_display": "0", "missing_lines": 2, "excluded_lines": 0, "percent_statements_covered": 0.0, "percent_statements_covered_display": "0"}, "missing_lines": [162, 163], "excluded_lines": []}, "": {"executed_lines": [1, 9, 10, 12, 13, 15, 16, 17, 19, 21, 24, 25, 26, 27, 30, 31, 32, 49, 50, 51, 62, 63, 64, 74, 75, 76, 89, 90, 105, 106, 121, 122, 140, 141, 142, 153, 154, 155], "summary": {"covered_lines": 36, "num_statements": 36, "percent_covered": 100.0, "percent_covered_display": "100", "missing_lines": 0, "excluded_lines": 0, "percent_statements_covered": 100.0, "percent_statements_covered_display": "100"}, "missing_lines": [], "excluded_lines": []}}, "classes": {"DeployRequest": {"executed_lines": [], "summary": {"covered_lines": 0, "num_statements": 0, "percent_covered": 100.0, "percent_covered_display": "100", "missing_lines": 0, "excluded_lines": 0, "percent_statements_covered": 100.0, "percent_statements_covered_display": "100"}, "missing_lines": [], "excluded_lines": []}, "": {"executed_lines": [1, 9, 10, 12, 13, 15, 16, 17, 19, 21, 24, 25, 26, 27, 30, 31, 32, 49, 50, 51, 62, 63, 64, 74, 75, 76, 89, 90, 105, 106, 121, 122, 140, 141, 142, 153, 154, 155], "summary": {"covered_lines": 36, "num_statements": 53, "percent_covered": 67.9245283018868, "percent_covered_display": "68", "missing_lines": 17, "excluded_lines": 0, "percent_statements_covered": 67.9245283018868, "percent_statements_covered_display": "68"}, "missing_lines": [41, 46, 58, 59, 70, 71, 83, 84, 85, 86, 98, 114, 134, 149, 150, 162, 163], "excluded_lines": []}}}, "src\\api\\error_handlers.py": {"executed_lines": [1, 8, 9, 10, 12, 14, 16, 19, 37, 38, 39, 51, 52, 55], "summary": {"covered_lines": 13, "num_statements": 21, "percent_covered": 61.904761904761905, "percent_covered_display": "62", "missing_lines": 8, "excluded_lines": 1, "percent_statements_covered": 61.904761904761905, "percent_statements_covered_display": "62"}, "missing_lines": [40, 41, 42, 44, 45, 46, 47, 73], "excluded_lines": [60], "functions": {"handle_route_errors": {"executed_lines": [37, 38, 52], "summary": {"covered_lines": 3, "num_statements": 3, "percent_covered": 100.0, "percent_covered_display": "100", "missing_lines": 0, "excluded_lines": 0, "percent_statements_covered": 100.0, "percent_statements_covered_display": "100"}, "missing_lines": [], "excluded_lines": []}, "handle_route_errors.decorator": {"executed_lines": [39, 51], "summary": {"covered_lines": 2, "num_statements": 2, "percent_covered": 100.0, "percent_covered_display": "100", "missing_lines": 0, "excluded_lines": 0, "percent_statements_covered": 100.0, "percent_statements_covered_display": "100"}, "missing_lines": [], "excluded_lines": []}, "handle_route_errors.decorator.wrapper": {"executed_lines": [], "summary": {"covered_lines": 0, "num_statements": 7, "percent_covered": 0.0, "percent_covered_display": "0", "missing_lines": 7, "excluded_lines": 0, "percent_statements_covered": 0.0, "percent_statements_covered_display": "0"}, "missing_lines": [40, 41, 42, 44, 45, 46, 47], "excluded_lines": []}, "handle_service_errors": {"executed_lines": [], "summary": {"covered_lines": 0, "num_statements": 1, "percent_covered": 0.0, "percent_covered_display": "0", "missing_lines": 1, "excluded_lines": 1, "percent_statements_covered": 0.0, "percent_statements_covered_display": "0"}, "missing_lines": [73], "excluded_lines": [60]}, "": {"executed_lines": [1, 8, 9, 10, 12, 14, 16, 19, 55], "summary": {"covered_lines": 8, "num_statements": 8, "percent_covered": 100.0, "percent_covered_display": "100", "missing_lines": 0, "excluded_lines": 0, "percent_statements_covered": 100.0, "percent_statements_covered_display": "100"}, "missing_lines": [], "excluded_lines": []}}, "classes": {"": {"executed_lines": [1, 8, 9, 10, 12, 14, 16, 19, 37, 38, 39, 51, 52, 55], "summary": {"covered_lines": 13, "num_statements": 21, "percent_covered": 61.904761904761905, "percent_covered_display": "62", "missing_lines": 8, "excluded_lines": 1, "percent_statements_covered": 61.904761904761905, "percent_statements_covered_display": "62"}, "missing_lines": [40, 41, 42, 44, 45, 46, 47, 73], "excluded_lines": [60]}}}, "src\\api\\health_router.py": {"executed_lines": [1, 7, 8, 9, 10, 12, 13, 15, 17, 20, 21, 28, 30, 61, 62, 63, 676, 677, 678], "summary": {"covered_lines": 15, "num_statements": 24, "percent_covered": 62.5, "percent_covered_display": "62", "missing_lines": 9, "excluded_lines": 0, "percent_statements_covered": 62.5, "percent_statements_covered_display": "62"}, "missing_lines": [31, 34, 35, 38, 41, 42, 44, 45, 51], "excluded_lines": [], "functions": {"health_check": {"executed_lines": [28, 30, 61, 62, 63], "summary": {"covered_lines": 5, "num_statements": 14, "percent_covered": 35.714285714285715, "percent_covered_display": "36", "missing_lines": 9, "excluded_lines": 0, "percent_statements_covered": 35.714285714285715, "percent_statements_covered_display": "36"}, "missing_lines": [31, 34, 35, 38, 41, 42, 44, 45, 51], "excluded_lines": []}, "": {"executed_lines": [1, 7, 8, 9, 10, 12, 13, 15, 17, 20, 21], "summary": {"covered_lines": 10, "num_statements": 10, "percent_covered": 100.0, "percent_covered_display": "100", "missing_lines": 0, "excluded_lines": 0, "percent_statements_covered": 100.0, "percent_statements_covered_display": "100"}, "missing_lines": [], "excluded_lines": []}}, "classes": {"": {"executed_lines": [1, 7, 8, 9, 10, 12, 13, 15, 17, 20, 21, 28, 30, 61, 62, 63], "summary": {"covered_lines": 15, "num_statements": 24, "percent_covered": 62.5, "percent_covered_display": "62", "missing_lines": 9, "excluded_lines": 0, "percent_statements_covered": 62.5, "percent_statements_covered_display": "62"}, "missing_lines": [31, 34, 35, 38, 41, 42, 44, 45, 51], "excluded_lines": []}}}, "src\\api\\middlewares.py": {"executed_lines": [1, 8, 9, 10, 11, 12, 14, 15, 16, 17, 19, 21, 24, 25, 26, 27, 28, 31, 40, 43, 46, 47, 50, 51, 62, 65, 66, 69, 71, 73, 74, 79, 80, 83, 84, 85, 86, 87, 90, 102, 105, 106, 107, 110, 111, 112, 115, 116, 119, 120, 121, 124, 126, 129, 130, 136, 139, 140, 143, 144, 146, 147, 151, 152, 168, 209, 222, 249, 254], "summary": {"covered_lines": 66, "num_statements": 111, "percent_covered": 59.45945945945946, "percent_covered_display": "59", "missing_lines": 45, "excluded_lines": 0, "percent_statements_covered": 59.45945945945946, "percent_statements_covered_display": "59"}, "missing_lines": [76, 91, 148, 161, 162, 165, 172, 173, 174, 175, 176, 179, 184, 185, 187, 188, 191, 193, 197, 198, 199, 200, 202, 203, 205, 206, 212, 213, 214, 215, 216, 217, 218, 219, 229, 230, 231, 232, 234, 235, 237, 246, 251, 257, 258], "excluded_lines": [], "functions": {"RateLimitMiddleware.dispatch": {"executed_lines": [65, 66, 69, 71, 73, 74, 79, 80, 83, 84, 85, 86, 87, 90, 102, 105, 106, 107, 110, 111, 112, 115, 116, 119, 120, 121, 124, 126], "summary": {"covered_lines": 28, "num_statements": 30, "percent_covered": 93.33333333333333, "percent_covered_display": "93", "missing_lines": 2, "excluded_lines": 0, "percent_statements_covered": 93.33333333333333, "percent_statements_covered_display": "93"}, "missing_lines": [76, 91], "excluded_lines": []}, "AuthenticationMiddleware.dispatch": {"executed_lines": [139, 140, 143, 144, 146, 147, 151, 152], "summary": {"covered_lines": 8, "num_statements": 12, "percent_covered": 66.66666666666667, "percent_covered_display": "67", "missing_lines": 4, "excluded_lines": 0, "percent_statements_covered": 66.66666666666667, "percent_statements_covered_display": "67"}, "missing_lines": [148, 161, 162, 165], "excluded_lines": []}, "start_rate_limit_cleanup": {"executed_lines": [], "summary": {"covered_lines": 0, "num_statements": 3, "percent_covered": 0.0, "percent_covered_display": "0", "missing_lines": 3, "excluded_lines": 0, "percent_statements_covered": 0.0, "percent_statements_covered_display": "0"}, "missing_lines": [172, 205, 206], "excluded_lines": []}, "start_rate_limit_cleanup.cleanup_loop": {"executed_lines": [], "summary": {"covered_lines": 0, "num_statements": 17, "percent_covered": 0.0, "percent_covered_display": "0", "missing_lines": 17, "excluded_lines": 0, "percent_statements_covered": 0.0, "percent_statements_covered_display": "0"}, "missing_lines": [173, 174, 175, 176, 179, 184, 185, 187, 188, 191, 193, 197, 198, 199, 200, 202, 203], "excluded_lines": []}, "stop_rate_limit_cleanup": {"executed_lines": [], "summary": {"covered_lines": 0, "num_statements": 8, "percent_covered": 0.0, "percent_covered_display": "0", "missing_lines": 8, "excluded_lines": 0, "percent_statements_covered": 0.0, "percent_statements_covered_display": "0"}, "missing_lines": [212, 213, 214, 215, 216, 217, 218, 219], "excluded_lines": []}, "get_performance_metrics": {"executed_lines": [], "summary": {"covered_lines": 0, "num_statements": 8, "percent_covered": 0.0, "percent_covered_display": "0", "missing_lines": 8, "excluded_lines": 0, "percent_statements_covered": 0.0, "percent_statements_covered_display": "0"}, "missing_lines": [229, 230, 231, 232, 234, 235, 237, 246], "excluded_lines": []}, "get_error_counts": {"executed_lines": [], "summary": {"covered_lines": 0, "num_statements": 1, "percent_covered": 0.0, "percent_covered_display": "0", "missing_lines": 1, "excluded_lines": 0, "percent_statements_covered": 0.0, "percent_statements_covered_display": "0"}, "missing_lines": [251], "excluded_lines": []}, "reset_metrics": {"executed_lines": [], "summary": {"covered_lines": 0, "num_statements": 2, "percent_covered": 0.0, "percent_covered_display": "0", "missing_lines": 2, "excluded_lines": 0, "percent_statements_covered": 0.0, "percent_statements_covered_display": "0"}, "missing_lines": [257, 258], "excluded_lines": []}, "": {"executed_lines": [1, 8, 9, 10, 11, 12, 14, 15, 16, 17, 19, 21, 24, 25, 26, 27, 28, 31, 40, 43, 46, 47, 50, 51, 62, 129, 130, 136, 168, 209, 222, 249, 254], "summary": {"covered_lines": 30, "num_statements": 30, "percent_covered": 100.0, "percent_covered_display": "100", "missing_lines": 0, "excluded_lines": 0, "percent_statements_covered": 100.0, "percent_statements_covered_display": "100"}, "missing_lines": [], "excluded_lines": []}}, "classes": {"RateLimitMiddleware": {"executed_lines": [65, 66, 69, 71, 73, 74, 79, 80, 83, 84, 85, 86, 87, 90, 102, 105, 106, 107, 110, 111, 112, 115, 116, 119, 120, 121, 124, 126], "summary": {"covered_lines": 28, "num_statements": 30, "percent_covered": 93.33333333333333, "percent_covered_display": "93", "missing_lines": 2, "excluded_lines": 0, "percent_statements_covered": 93.33333333333333, "percent_statements_covered_display": "93"}, "missing_lines": [76, 91], "excluded_lines": []}, "AuthenticationMiddleware": {"executed_lines": [139, 140, 143, 144, 146, 147, 151, 152], "summary": {"covered_lines": 8, "num_statements": 12, "percent_covered": 66.66666666666667, "percent_covered_display": "67", "missing_lines": 4, "excluded_lines": 0, "percent_statements_covered": 66.66666666666667, "percent_statements_covered_display": "67"}, "missing_lines": [148, 161, 162, 165], "excluded_lines": []}, "": {"executed_lines": [1, 8, 9, 10, 11, 12, 14, 15, 16, 17, 19, 21, 24, 25, 26, 27, 28, 31, 40, 43, 46, 47, 50, 51, 62, 129, 130, 136, 168, 209, 222, 249, 254], "summary": {"covered_lines": 30, "num_statements": 69, "percent_covered": 43.47826086956522, "percent_covered_display": "43", "missing_lines": 39, "excluded_lines": 0, "percent_statements_covered": 43.47826086956522, "percent_statements_covered_display": "43"}, "missing_lines": [172, 173, 174, 175, 176, 179, 184, 185, 187, 188, 191, 193, 197, 198, 199, 200, 202, 203, 205, 206, 212, 213, 214, 215, 216, 217, 218, 219, 229, 230, 231, 232, 234, 235, 237, 246, 251, 257, 258], "excluded_lines": []}}}, "src\\api\\suggestion_router.py": {"executed_lines": [1, 8, 9, 11, 12, 14, 15, 16, 17, 19, 21, 24, 25, 26, 27, 28, 31, 32, 33, 53, 54, 55, 73, 74, 75, 85, 86, 104, 105], "summary": {"covered_lines": 27, "num_statements": 35, "percent_covered": 77.14285714285714, "percent_covered_display": "77", "missing_lines": 8, "excluded_lines": 0, "percent_statements_covered": 77.14285714285714, "percent_statements_covered_display": "77"}, "missing_lines": [41, 46, 65, 70, 81, 82, 98, 117], "excluded_lines": [], "functions": {"generate_suggestions": {"executed_lines": [], "summary": {"covered_lines": 0, "num_statements": 2, "percent_covered": 0.0, "percent_covered_display": "0", "missing_lines": 2, "excluded_lines": 0, "percent_statements_covered": 0.0, "percent_statements_covered_display": "0"}, "missing_lines": [41, 46], "excluded_lines": []}, "list_suggestions": {"executed_lines": [], "summary": {"covered_lines": 0, "num_statements": 2, "percent_covered": 0.0, "percent_covered_display": "0", "missing_lines": 2, "excluded_lines": 0, "percent_statements_covered": 0.0, "percent_statements_covered_display": "0"}, "missing_lines": [65, 70], "excluded_lines": []}, "get_usage_stats": {"executed_lines": [], "summary": {"covered_lines": 0, "num_statements": 2, "percent_covered": 0.0, "percent_covered_display": "0", "missing_lines": 2, "excluded_lines": 0, "percent_statements_covered": 0.0, "percent_statements_covered_display": "0"}, "missing_lines": [81, 82], "excluded_lines": []}, "refresh_suggestions": {"executed_lines": [], "summary": {"covered_lines": 0, "num_statements": 1, "percent_covered": 0.0, "percent_covered_display": "0", "missing_lines": 1, "excluded_lines": 0, "percent_statements_covered": 0.0, "percent_statements_covered_display": "0"}, "missing_lines": [98], "excluded_lines": []}, "get_refresh_status": {"executed_lines": [], "summary": {"covered_lines": 0, "num_statements": 1, "percent_covered": 0.0, "percent_covered_display": "0", "missing_lines": 1, "excluded_lines": 0, "percent_statements_covered": 0.0, "percent_statements_covered_display": "0"}, "missing_lines": [117], "excluded_lines": []}, "": {"executed_lines": [1, 8, 9, 11, 12, 14, 15, 16, 17, 19, 21, 24, 25, 26, 27, 28, 31, 32, 33, 53, 54, 55, 73, 74, 75, 85, 86, 104, 105], "summary": {"covered_lines": 27, "num_statements": 27, "percent_covered": 100.0, "percent_covered_display": "100", "missing_lines": 0, "excluded_lines": 0, "percent_statements_covered": 100.0, "percent_statements_covered_display": "100"}, "missing_lines": [], "excluded_lines": []}}, "classes": {"GenerateRequest": {"executed_lines": [], "summary": {"covered_lines": 0, "num_statements": 0, "percent_covered": 100.0, "percent_covered_display": "100", "missing_lines": 0, "excluded_lines": 0, "percent_statements_covered": 100.0, "percent_statements_covered_display": "100"}, "missing_lines": [], "excluded_lines": []}, "": {"executed_lines": [1, 8, 9, 11, 12, 14, 15, 16, 17, 19, 21, 24, 25, 26, 27, 28, 31, 32, 33, 53, 54, 55, 73, 74, 75, 85, 86, 104, 105], "summary": {"covered_lines": 27, "num_statements": 35, "percent_covered": 77.14285714285714, "percent_covered_display": "77", "missing_lines": 8, "excluded_lines": 0, "percent_statements_covered": 77.14285714285714, "percent_statements_covered_display": "77"}, "missing_lines": [41, 46, 65, 70, 81, 82, 98, 117], "excluded_lines": []}}}, "src\\clients\\__init__.py": {"executed_lines": [1, 8, 9, 10, 12], "summary": {"covered_lines": 4, "num_statements": 4, "percent_covered": 100.0, "percent_covered_display": "100", "missing_lines": 0, "excluded_lines": 0, "percent_statements_covered": 100.0, "percent_statements_covered_display": "100"}, "missing_lines": [], "excluded_lines": [], "functions": {"": {"executed_lines": [1, 8, 9, 10, 12], "summary": {"covered_lines": 4, "num_statements": 4, "percent_covered": 100.0, "percent_covered_display": "100", "missing_lines": 0, "excluded_lines": 0, "percent_statements_covered": 100.0, "percent_statements_covered_display": "100"}, "missing_lines": [], "excluded_lines": []}}, "classes": {"": {"executed_lines": [1, 8, 9, 10, 12], "summary": {"covered_lines": 4, "num_statements": 4, "percent_covered": 100.0, "percent_covered_display": "100", "missing_lines": 0, "excluded_lines": 0, "percent_statements_covered": 100.0, "percent_statements_covered_display": "100"}, "missing_lines": [], "excluded_lines": []}}}, "src\\clients\\data_api_client.py": {"executed_lines": [1, 8, 9, 10, 12, 13, 20, 22, 25, 26, 36, 57, 63, 126, 132, 152, 158, 178, 184, 208, 223, 228, 232], "summary": {"covered_lines": 21, "num_statements": 85, "percent_covered": 24.705882352941178, "percent_covered_display": "25", "missing_lines": 64, "excluded_lines": 0, "percent_statements_covered": 24.705882352941178, "percent_statements_covered_display": "25"}, "missing_lines": [43, 46, 55, 92, 93, 95, 96, 97, 99, 102, 108, 109, 110, 111, 112, 113, 116, 117, 118, 119, 120, 121, 122, 123, 124, 142, 143, 144, 145, 146, 147, 148, 149, 150, 168, 169, 170, 171, 172, 173, 174, 175, 176, 197, 198, 199, 200, 201, 202, 203, 204, 205, 206, 215, 216, 217, 218, 219, 220, 221, 225, 226, 230, 234], "excluded_lines": [], "functions": {"DataAPIClient.__init__": {"executed_lines": [], "summary": {"covered_lines": 0, "num_statements": 3, "percent_covered": 0.0, "percent_covered_display": "0", "missing_lines": 3, "excluded_lines": 0, "percent_statements_covered": 0.0, "percent_statements_covered_display": "0"}, "missing_lines": [43, 46, 55], "excluded_lines": []}, "DataAPIClient.fetch_events": {"executed_lines": [], "summary": {"covered_lines": 0, "num_statements": 22, "percent_covered": 0.0, "percent_covered_display": "0", "missing_lines": 22, "excluded_lines": 0, "percent_statements_covered": 0.0, "percent_statements_covered_display": "0"}, "missing_lines": [92, 93, 95, 96, 97, 99, 102, 108, 109, 110, 111, 112, 113, 116, 117, 118, 119, 120, 121, 122, 123, 124], "excluded_lines": []}, "DataAPIClient.fetch_devices": {"executed_lines": [], "summary": {"covered_lines": 0, "num_statements": 9, "percent_covered": 0.0, "percent_covered_display": "0", "missing_lines": 9, "excluded_lines": 0, "percent_statements_covered": 0.0, "percent_statements_covered_display": "0"}, "missing_lines": [142, 143, 144, 145, 146, 147, 148, 149, 150], "excluded_lines": []}, "DataAPIClient.fetch_entities": {"executed_lines": [], "summary": {"covered_lines": 0, "num_statements": 9, "percent_covered": 0.0, "percent_covered_display": "0", "missing_lines": 9, "excluded_lines": 0, "percent_statements_covered": 0.0, "percent_statements_covered_display": "0"}, "missing_lines": [168, 169, 170, 171, 172, 173, 174, 175, 176], "excluded_lines": []}, "DataAPIClient.get_entity_by_id": {"executed_lines": [], "summary": {"covered_lines": 0, "num_statements": 10, "percent_covered": 0.0, "percent_covered_display": "0", "missing_lines": 10, "excluded_lines": 0, "percent_statements_covered": 0.0, "percent_statements_covered_display": "0"}, "missing_lines": [197, 198, 199, 200, 201, 202, 203, 204, 205, 206], "excluded_lines": []}, "DataAPIClient.health_check": {"executed_lines": [], "summary": {"covered_lines": 0, "num_statements": 7, "percent_covered": 0.0, "percent_covered_display": "0", "missing_lines": 7, "excluded_lines": 0, "percent_statements_covered": 0.0, "percent_statements_covered_display": "0"}, "missing_lines": [215, 216, 217, 218, 219, 220, 221], "excluded_lines": []}, "DataAPIClient.close": {"executed_lines": [], "summary": {"covered_lines": 0, "num_statements": 2, "percent_covered": 0.0, "percent_covered_display": "0", "missing_lines": 2, "excluded_lines": 0, "percent_statements_covered": 0.0, "percent_statements_covered_display": "0"}, "missing_lines": [225, 226], "excluded_lines": []}, "DataAPIClient.__aenter__": {"executed_lines": [], "summary": {"covered_lines": 0, "num_statements": 1, "percent_covered": 0.0, "percent_covered_display": "0", "missing_lines": 1, "excluded_lines": 0, "percent_statements_covered": 0.0, "percent_statements_covered_display": "0"}, "missing_lines": [230], "excluded_lines": []}, "DataAPIClient.__aexit__": {"executed_lines": [], "summary": {"covered_lines": 0, "num_statements": 1, "percent_covered": 0.0, "percent_covered_display": "0", "missing_lines": 1, "excluded_lines": 0, "percent_statements_covered": 0.0, "percent_statements_covered_display": "0"}, "missing_lines": [234], "excluded_lines": []}, "": {"executed_lines": [1, 8, 9, 10, 12, 13, 20, 22, 25, 26, 36, 57, 63, 126, 132, 152, 158, 178, 184, 208, 223, 228, 232], "summary": {"covered_lines": 21, "num_statements": 21, "percent_covered": 100.0, "percent_covered_display": "100", "missing_lines": 0, "excluded_lines": 0, "percent_statements_covered": 100.0, "percent_statements_covered_display": "100"}, "missing_lines": [], "excluded_lines": []}}, "classes": {"DataAPIClient": {"executed_lines": [], "summary": {"covered_lines": 0, "num_statements": 64, "percent_covered": 0.0, "percent_covered_display": "0", "missing_lines": 64, "excluded_lines": 0, "percent_statements_covered": 0.0, "percent_statements_covered_display": "0"}, "missing_lines": [43, 46, 55, 92, 93, 95, 96, 97, 99, 102, 108, 109, 110, 111, 112, 113, 116, 117, 118, 119, 120, 121, 122, 123, 124, 142, 143, 144, 145, 146, 147, 148, 149, 150, 168, 169, 170, 171, 172, 173, 174, 175, 176, 197, 198, 199, 200, 201, 202, 203, 204, 205, 206, 215, 216, 217, 218, 219, 220, 221, 225, 226, 230, 234], "excluded_lines": []}, "": {"executed_lines": [1, 8, 9, 10, 12, 13, 20, 22, 25, 26, 36, 57, 63, 126, 132, 152, 158, 178, 184, 208, 223, 228, 232], "summary": {"covered_lines": 21, "num_statements": 21, "percent_covered": 100.0, "percent_covered_display": "100", "missing_lines": 0, "excluded_lines": 0, "percent_statements_covered": 100.0, "percent_statements_covered_display": "100"}, "missing_lines": [], "excluded_lines": []}}}, "src\\clients\\ha_client.py": {"executed_lines": [1, 8, 9, 10, 12, 13, 14, 21, 23, 26, 27, 37, 77, 83, 137, 143, 168, 174, 195, 221, 247, 265, 270, 274], "summary": {"covered_lines": 22, "num_statements": 108, "percent_covered": 20.37037037037037, "percent_covered_display": "20", "missing_lines": 86, "excluded_lines": 0, "percent_statements_covered": 20.37037037037037, "percent_statements_covered_display": "20"}, "missing_lines": [53, 54, 55, 56, 58, 59, 62, 75, 97, 98, 101, 102, 103, 104, 107, 108, 110, 113, 115, 116, 121, 123, 124, 125, 130, 131, 132, 133, 134, 135, 153, 154, 156, 158, 159, 160, 161, 162, 163, 164, 165, 166, 181, 182, 184, 186, 187, 188, 189, 190, 191, 192, 193, 205, 206, 208, 210, 211, 215, 216, 217, 218, 219, 231, 232, 234, 236, 237, 241, 242, 243, 244, 245, 254, 255, 257, 258, 259, 260, 261, 262, 263, 267, 268, 272, 276], "excluded_lines": [], "functions": {"HomeAssistantClient.__init__": {"executed_lines": [], "summary": {"covered_lines": 0, "num_statements": 8, "percent_covered": 0.0, "percent_covered_display": "0", "missing_lines": 8, "excluded_lines": 0, "percent_statements_covered": 0.0, "percent_statements_covered_display": "0"}, "missing_lines": [53, 54, 55, 56, 58, 59, 62, 75], "excluded_lines": []}, "HomeAssistantClient.deploy_automation": {"executed_lines": [], "summary": {"covered_lines": 0, "num_statements": 22, "percent_covered": 0.0, "percent_covered_display": "0", "missing_lines": 22, "excluded_lines": 0, "percent_statements_covered": 0.0, "percent_statements_covered_display": "0"}, "missing_lines": [97, 98, 101, 102, 103, 104, 107, 108, 110, 113, 115, 116, 121, 123, 124, 125, 130, 131, 132, 133, 134, 135], "excluded_lines": []}, "HomeAssistantClient.get_automation": {"executed_lines": [], "summary": {"covered_lines": 0, "num_statements": 12, "percent_covered": 0.0, "percent_covered_display": "0", "missing_lines": 12, "excluded_lines": 0, "percent_statements_covered": 0.0, "percent_statements_covered_display": "0"}, "missing_lines": [153, 154, 156, 158, 159, 160, 161, 162, 163, 164, 165, 166], "excluded_lines": []}, "HomeAssistantClient.list_automations": {"executed_lines": [], "summary": {"covered_lines": 0, "num_statements": 11, "percent_covered": 0.0, "percent_covered_display": "0", "missing_lines": 11, "excluded_lines": 0, "percent_statements_covered": 0.0, "percent_statements_covered_display": "0"}, "missing_lines": [181, 182, 184, 186, 187, 188, 189, 190, 191, 192, 193], "excluded_lines": []}, "HomeAssistantClient.enable_automation": {"executed_lines": [], "summary": {"covered_lines": 0, "num_statements": 10, "percent_covered": 0.0, "percent_covered_display": "0", "missing_lines": 10, "excluded_lines": 0, "percent_statements_covered": 0.0, "percent_statements_covered_display": "0"}, "missing_lines": [205, 206, 208, 210, 211, 215, 216, 217, 218, 219], "excluded_lines": []}, "HomeAssistantClient.disable_automation": {"executed_lines": [], "summary": {"covered_lines": 0, "num_statements": 10, "percent_covered": 0.0, "percent_covered_display": "0", "missing_lines": 10, "excluded_lines": 0, "percent_statements_covered": 0.0, "percent_statements_covered_display": "0"}, "missing_lines": [231, 232, 234, 236, 237, 241, 242, 243, 244, 245], "excluded_lines": []}, "HomeAssistantClient.health_check": {"executed_lines": [], "summary": {"covered_lines": 0, "num_statements": 9, "percent_covered": 0.0, "percent_covered_display": "0", "missing_lines": 9, "excluded_lines": 0, "percent_statements_covered": 0.0, "percent_statements_covered_display": "0"}, "missing_lines": [254, 255, 257, 258, 259, 260, 261, 262, 263], "excluded_lines": []}, "HomeAssistantClient.close": {"executed_lines": [], "summary": {"covered_lines": 0, "num_statements": 2, "percent_covered": 0.0, "percent_covered_display": "0", "missing_lines": 2, "excluded_lines": 0, "percent_statements_covered": 0.0, "percent_statements_covered_display": "0"}, "missing_lines": [267, 268], "excluded_lines": []}, "HomeAssistantClient.__aenter__": {"executed_lines": [], "summary": {"covered_lines": 0, "num_statements": 1, "percent_covered": 0.0, "percent_covered_display": "0", "missing_lines": 1, "excluded_lines": 0, "percent_statements_covered": 0.0, "percent_statements_covered_display": "0"}, "missing_lines": [272], "excluded_lines": []}, "HomeAssistantClient.__aexit__": {"executed_lines": [], "summary": {"covered_lines": 0, "num_statements": 1, "percent_covered": 0.0, "percent_covered_display": "0", "missing_lines": 1, "excluded_lines": 0, "percent_statements_covered": 0.0, "percent_statements_covered_display": "0"}, "missing_lines": [276], "excluded_lines": []}, "": {"executed_lines": [1, 8, 9, 10, 12, 13, 14, 21, 23, 26, 27, 37, 77, 83, 137, 143, 168, 174, 195, 221, 247, 265, 270, 274], "summary": {"covered_lines": 22, "num_statements": 22, "percent_covered": 100.0, "percent_covered_display": "100", "missing_lines": 0, "excluded_lines": 0, "percent_statements_covered": 100.0, "percent_statements_covered_display": "100"}, "missing_lines": [], "excluded_lines": []}}, "classes": {"HomeAssistantClient": {"executed_lines": [], "summary": {"covered_lines": 0, "num_statements": 86, "percent_covered": 0.0, "percent_covered_display": "0", "missing_lines": 86, "excluded_lines": 0, "percent_statements_covered": 0.0, "percent_statements_covered_display": "0"}, "missing_lines": [53, 54, 55, 56, 58, 59, 62, 75, 97, 98, 101, 102, 103, 104, 107, 108, 110, 113, 115, 116, 121, 123, 124, 125, 130, 131, 132, 133, 134, 135, 153, 154, 156, 158, 159, 160, 161, 162, 163, 164, 165, 166, 181, 182, 184, 186, 187, 188, 189, 190, 191, 192, 193, 205, 206, 208, 210, 211, 215, 216, 217, 218, 219, 231, 232, 234, 236, 237, 241, 242, 243, 244, 245, 254, 255, 257, 258, 259, 260, 261, 262, 263, 267, 268, 272, 276], "excluded_lines": []}, "": {"executed_lines": [1, 8, 9, 10, 12, 13, 14, 21, 23, 26, 27, 37, 77, 83, 137, 143, 168, 174, 195, 221, 247, 265, 270, 274], "summary": {"covered_lines": 22, "num_statements": 22, "percent_covered": 100.0, "percent_covered_display": "100", "missing_lines": 0, "excluded_lines": 0, "percent_statements_covered": 100.0, "percent_statements_covered_display": "100"}, "missing_lines": [], "excluded_lines": []}}}, "src\\clients\\openai_client.py": {"executed_lines": [1, 8, 9, 11, 12, 19, 21, 24, 25, 35, 43, 44, 46, 47, 48, 50, 51, 54, 55, 57, 63, 84, 85, 87, 88, 105, 106, 109, 112, 113, 115, 117, 118, 120, 121, 122, 123, 124, 125, 127, 144, 145, 148, 150, 151, 168, 169, 171, 172, 178, 185, 191, 193, 194, 195], "summary": {"covered_lines": 53, "num_statements": 56, "percent_covered": 94.64285714285714, "percent_covered_display": "95", "missing_lines": 3, "excluded_lines": 0, "percent_statements_covered": 94.64285714285714, "percent_statements_covered_display": "95"}, "missing_lines": [174, 175, 176], "excluded_lines": [], "functions": {"OpenAIClient.__init__": {"executed_lines": [43, 44, 46, 47, 48, 50, 51, 54, 55], "summary": {"covered_lines": 9, "num_statements": 9, "percent_covered": 100.0, "percent_covered_display": "100", "missing_lines": 0, "excluded_lines": 0, "percent_statements_covered": 100.0, "percent_statements_covered_display": "100"}, "missing_lines": [], "excluded_lines": []}, "OpenAIClient.generate_yaml": {"executed_lines": [84, 85, 87, 88, 105, 106, 109, 112, 113, 115, 117, 118, 120, 121, 122, 123, 124, 125], "summary": {"covered_lines": 18, "num_statements": 18, "percent_covered": 100.0, "percent_covered_display": "100", "missing_lines": 0, "excluded_lines": 0, "percent_statements_covered": 100.0, "percent_statements_covered_display": "100"}, "missing_lines": [], "excluded_lines": []}, "OpenAIClient.generate_suggestion_description": {"executed_lines": [144, 145, 148, 150, 151, 168, 169, 171, 172], "summary": {"covered_lines": 9, "num_statements": 12, "percent_covered": 75.0, "percent_covered_display": "75", "missing_lines": 3, "excluded_lines": 0, "percent_statements_covered": 75.0, "percent_statements_covered_display": "75"}, "missing_lines": [174, 175, 176], "excluded_lines": []}, "OpenAIClient.get_usage_stats": {"executed_lines": [185], "summary": {"covered_lines": 1, "num_statements": 1, "percent_covered": 100.0, "percent_covered_display": "100", "missing_lines": 0, "excluded_lines": 0, "percent_statements_covered": 100.0, "percent_statements_covered_display": "100"}, "missing_lines": [], "excluded_lines": []}, "OpenAIClient.reset_usage_stats": {"executed_lines": [193, 194, 195], "summary": {"covered_lines": 3, "num_statements": 3, "percent_covered": 100.0, "percent_covered_display": "100", "missing_lines": 0, "excluded_lines": 0, "percent_statements_covered": 100.0, "percent_statements_covered_display": "100"}, "missing_lines": [], "excluded_lines": []}, "": {"executed_lines": [1, 8, 9, 11, 12, 19, 21, 24, 25, 35, 57, 63, 127, 178, 191], "summary": {"covered_lines": 13, "num_statements": 13, "percent_covered": 100.0, "percent_covered_display": "100", "missing_lines": 0, "excluded_lines": 0, "percent_statements_covered": 100.0, "percent_statements_covered_display": "100"}, "missing_lines": [], "excluded_lines": []}}, "classes": {"OpenAIClient": {"executed_lines": [43, 44, 46, 47, 48, 50, 51, 54, 55, 84, 85, 87, 88, 105, 106, 109, 112, 113, 115, 117, 118, 120, 121, 122, 123, 124, 125, 144, 145, 148, 150, 151, 168, 169, 171, 172, 185, 193, 194, 195], "summary": {"covered_lines": 40, "num_statements": 43, "percent_covered": 93.02325581395348, "percent_covered_display": "93", "missing_lines": 3, "excluded_lines": 0, "percent_statements_covered": 93.02325581395348, "percent_statements_covered_display": "93"}, "missing_lines": [174, 175, 176], "excluded_lines": []}, "": {"executed_lines": [1, 8, 9, 11, 12, 19, 21, 24, 25, 35, 57, 63, 127, 178, 191], "summary": {"covered_lines": 13, "num_statements": 13, "percent_covered": 100.0, "percent_covered_display": "100", "missing_lines": 0, "excluded_lines": 0, "percent_statements_covered": 100.0, "percent_statements_covered_display": "100"}, "missing_lines": [], "excluded_lines": []}}}, "src\\config.py": {"executed_lines": [1, 3, 4, 7, 8, 11, 12, 13, 14, 17, 20, 21, 24, 25, 26, 29, 32, 35, 38, 39, 40, 41, 44, 45, 46, 49, 50, 53, 56, 57, 59, 67], "summary": {"covered_lines": 30, "num_statements": 30, "percent_covered": 100.0, "percent_covered_display": "100", "missing_lines": 0, "excluded_lines": 0, "percent_statements_covered": 100.0, "percent_statements_covered_display": "100"}, "missing_lines": [], "excluded_lines": [], "functions": {"": {"executed_lines": [1, 3, 4, 7, 8, 11, 12, 13, 14, 17, 20, 21, 24, 25, 26, 29, 32, 35, 38, 39, 40, 41, 44, 45, 46, 49, 50, 53, 56, 57, 59, 67], "summary": {"covered_lines": 30, "num_statements": 30, "percent_covered": 100.0, "percent_covered_display": "100", "missing_lines": 0, "excluded_lines": 0, "percent_statements_covered": 100.0, "percent_statements_covered_display": "100"}, "missing_lines": [], "excluded_lines": []}}, "classes": {"Settings": {"executed_lines": [], "summary": {"covered_lines": 0, "num_statements": 0, "percent_covered": 100.0, "percent_covered_display": "100", "missing_lines": 0, "excluded_lines": 0, "percent_statements_covered": 100.0, "percent_statements_covered_display": "100"}, "missing_lines": [], "excluded_lines": []}, "": {"executed_lines": [1, 3, 4, 7, 8, 11, 12, 13, 14, 17, 20, 21, 24, 25, 26, 29, 32, 35, 38, 39, 40, 41, 44, 45, 46, 49, 50, 53, 56, 57, 59, 67], "summary": {"covered_lines": 30, "num_statements": 30, "percent_covered": 100.0, "percent_covered_display": "100", "missing_lines": 0, "excluded_lines": 0, "percent_statements_covered": 100.0, "percent_statements_covered_display": "100"}, "missing_lines": [], "excluded_lines": []}}}, "src\\database\\__init__.py": {"executed_lines": [1, 8, 9, 10, 11, 13, 15, 19, 22, 33, 34, 55, 62, 82], "summary": {"covered_lines": 13, "num_statements": 38, "percent_covered": 34.21052631578947, "percent_covered_display": "34", "missing_lines": 25, "excluded_lines": 1, "percent_statements_covered": 34.21052631578947, "percent_statements_covered_display": "34"}, "missing_lines": [36, 37, 38, 39, 40, 41, 42, 43, 46, 71, 72, 73, 74, 75, 76, 77, 79, 84, 85, 86, 88, 89, 90, 91, 92], "excluded_lines": [63], "functions": {"set_sqlite_pragma": {"executed_lines": [], "summary": {"covered_lines": 0, "num_statements": 8, "percent_covered": 0.0, "percent_covered_display": "0", "missing_lines": 8, "excluded_lines": 0, "percent_statements_covered": 0.0, "percent_statements_covered_display": "0"}, "missing_lines": [36, 37, 38, 39, 40, 41, 42, 43], "excluded_lines": []}, "get_db": {"executed_lines": [], "summary": {"covered_lines": 0, "num_statements": 8, "percent_covered": 0.0, "percent_covered_display": "0", "missing_lines": 8, "excluded_lines": 1, "percent_statements_covered": 0.0, "percent_statements_covered_display": "0"}, "missing_lines": [71, 72, 73, 74, 75, 76, 77, 79], "excluded_lines": [63]}, "init_db": {"executed_lines": [], "summary": {"covered_lines": 0, "num_statements": 8, "percent_covered": 0.0, "percent_covered_display": "0", "missing_lines": 8, "excluded_lines": 0, "percent_statements_covered": 0.0, "percent_statements_covered_display": "0"}, "missing_lines": [84, 85, 86, 88, 89, 90, 91, 92], "excluded_lines": []}, "": {"executed_lines": [1, 8, 9, 10, 11, 13, 15, 19, 22, 33, 34, 55, 62, 82], "summary": {"covered_lines": 13, "num_statements": 14, "percent_covered": 92.85714285714286, "percent_covered_display": "93", "missing_lines": 1, "excluded_lines": 0, "percent_statements_covered": 92.85714285714286, "percent_statements_covered_display": "93"}, "missing_lines": [46], "excluded_lines": []}}, "classes": {"": {"executed_lines": [1, 8, 9, 10, 11, 13, 15, 19, 22, 33, 34, 55, 62, 82], "summary": {"covered_lines": 13, "num_statements": 38, "percent_covered": 34.21052631578947, "percent_covered_display": "34", "missing_lines": 25, "excluded_lines": 1, "percent_statements_covered": 34.21052631578947, "percent_statements_covered_display": "34"}, "missing_lines": [36, 37, 38, 39, 40, 41, 42, 43, 46, 71, 72, 73, 74, 75, 76, 77, 79, 84, 85, 86, 88, 89, 90, 91, 92], "excluded_lines": [63]}}}, "src\\database\\models.py": {"executed_lines": [1, 8, 9, 10, 12, 15, 16, 17, 19, 20, 21, 22, 23, 24, 25, 26, 27, 28, 31, 32, 35, 36, 39, 40, 41, 43, 44, 45, 46, 47, 48, 49, 50, 51, 52], "summary": {"covered_lines": 32, "num_statements": 32, "percent_covered": 100.0, "percent_covered_display": "100", "missing_lines": 0, "excluded_lines": 0, "percent_statements_covered": 100.0, "percent_statements_covered_display": "100"}, "missing_lines": [], "excluded_lines": [], "functions": {"": {"executed_lines": [1, 8, 9, 10, 12, 15, 16, 17, 19, 20, 21, 22, 23, 24, 25, 26, 27, 28, 31, 32, 35, 36, 39, 40, 41, 43, 44, 45, 46, 47, 48, 49, 50, 51, 52], "summary": {"covered_lines": 32, "num_statements": 32, "percent_covered": 100.0, "percent_covered_display": "100", "missing_lines": 0, "excluded_lines": 0, "percent_statements_covered": 100.0, "percent_statements_covered_display": "100"}, "missing_lines": [], "excluded_lines": []}}, "classes": {"Suggestion": {"executed_lines": [], "summary": {"covered_lines": 0, "num_statements": 0, "percent_covered": 100.0, "percent_covered_display": "100", "missing_lines": 0, "excluded_lines": 0, "percent_statements_covered": 100.0, "percent_statements_covered_display": "100"}, "missing_lines": [], "excluded_lines": []}, "AutomationVersion": {"executed_lines": [], "summary": {"covered_lines": 0, "num_statements": 0, "percent_covered": 100.0, "percent_covered_display": "100", "missing_lines": 0, "excluded_lines": 0, "percent_statements_covered": 100.0, "percent_statements_covered_display": "100"}, "missing_lines": [], "excluded_lines": []}, "": {"executed_lines": [1, 8, 9, 10, 12, 15, 16, 17, 19, 20, 21, 22, 23, 24, 25, 26, 27, 28, 31, 32, 35, 36, 39, 40, 41, 43, 44, 45, 46, 47, 48, 49, 50, 51, 52], "summary": {"covered_lines": 32, "num_statements": 32, "percent_covered": 100.0, "percent_covered_display": "100", "missing_lines": 0, "excluded_lines": 0, "percent_statements_covered": 100.0, "percent_statements_covered_display": "100"}, "missing_lines": [], "excluded_lines": []}}}, "src\\main.py": {"executed_lines": [1, 27, 28, 29, 30, 31, 33, 34, 37, 40, 41, 42, 49, 50, 56, 57, 58, 63, 64, 70, 71, 74, 75, 94, 95, 96, 97, 98, 99, 100, 103, 104, 105, 106, 107, 108, 111, 112, 113, 114, 119, 120, 121, 125, 126, 128, 131, 132, 133, 136, 137, 138, 139, 142, 151, 152, 161, 162, 165, 166, 167, 168, 173, 176, 179, 180, 181, 183, 184, 191, 198], "summary": {"covered_lines": 70, "num_statements": 87, "percent_covered": 80.45977011494253, "percent_covered_display": "80", "missing_lines": 17, "excluded_lines": 0, "percent_statements_covered": 80.45977011494253, "percent_statements_covered_display": "80"}, "missing_lines": [43, 45, 46, 51, 52, 53, 59, 60, 61, 115, 116, 122, 123, 169, 170, 199, 200], "excluded_lines": [], "functions": {"lifespan": {"executed_lines": [94, 95, 96, 97, 98, 99, 100, 103, 104, 105, 106, 107, 108, 111, 112, 113, 114, 119, 120, 121, 125, 126, 128, 131, 132, 133, 136, 137, 138, 139], "summary": {"covered_lines": 30, "num_statements": 34, "percent_covered": 88.23529411764706, "percent_covered_display": "88", "missing_lines": 4, "excluded_lines": 0, "percent_statements_covered": 88.23529411764706, "percent_statements_covered_display": "88"}, "missing_lines": [115, 116, 122, 123], "excluded_lines": []}, "root": {"executed_lines": [191], "summary": {"covered_lines": 1, "num_statements": 1, "percent_covered": 100.0, "percent_covered_display": "100", "missing_lines": 0, "excluded_lines": 0, "percent_statements_covered": 100.0, "percent_statements_covered_display": "100"}, "missing_lines": [], "excluded_lines": []}, "": {"executed_lines": [1, 27, 28, 29, 30, 31, 33, 34, 37, 40, 41, 42, 49, 50, 56, 57, 58, 63, 64, 70, 71, 74, 75, 142, 151, 152, 161, 162, 165, 166, 167, 168, 173, 176, 179, 180, 181, 183, 184, 198], "summary": {"covered_lines": 39, "num_statements": 52, "percent_covered": 75.0, "percent_covered_display": "75", "missing_lines": 13, "excluded_lines": 0, "percent_statements_covered": 75.0, "percent_statements_covered_display": "75"}, "missing_lines": [43, 45, 46, 51, 52, 53, 59, 60, 61, 169, 170, 199, 200], "excluded_lines": []}}, "classes": {"": {"executed_lines": [1, 27, 28, 29, 30, 31, 33, 34, 37, 40, 41, 42, 49, 50, 56, 57, 58, 63, 64, 70, 71, 74, 75, 94, 95, 96, 97, 98, 99, 100, 103, 104, 105, 106, 107, 108, 111, 112, 113, 114, 119, 120, 121, 125, 126, 128, 131, 132, 133, 136, 137, 138, 139, 142, 151, 152, 161, 162, 165, 166, 167, 168, 173, 176, 179, 180, 181, 183, 184, 191, 198], "summary": {"covered_lines": 70, "num_statements": 87, "percent_covered": 80.45977011494253, "percent_covered_display": "80", "missing_lines": 17, "excluded_lines": 0, "percent_statements_covered": 80.45977011494253, "percent_statements_covered_display": "80"}, "missing_lines": [43, 45, 46, 51, 52, 53, 59, 60, 61, 115, 116, 122, 123, 169, 170, 199, 200], "excluded_lines": []}}}, "src\\services\\__init__.py": {"executed_lines": [1, 7, 8, 9, 11], "summary": {"covered_lines": 4, "num_statements": 4, "percent_covered": 100.0, "percent_covered_display": "100", "missing_lines": 0, "excluded_lines": 0, "percent_statements_covered": 100.0, "percent_statements_covered_display": "100"}, "missing_lines": [], "excluded_lines": [], "functions": {"": {"executed_lines": [1, 7, 8, 9, 11], "summary": {"covered_lines": 4, "num_statements": 4, "percent_covered": 100.0, "percent_covered_display": "100", "missing_lines": 0, "excluded_lines": 0, "percent_statements_covered": 100.0, "percent_statements_covered_display": "100"}, "missing_lines": [], "excluded_lines": []}}, "classes": {"": {"executed_lines": [1, 7, 8, 9, 11], "summary": {"covered_lines": 4, "num_statements": 4, "percent_covered": 100.0, "percent_covered_display": "100", "missing_lines": 0, "excluded_lines": 0, "percent_statements_covered": 100.0, "percent_statements_covered_display": "100"}, "missing_lines": [], "excluded_lines": []}}}, "src\\services\\deployment_service.py": {"executed_lines": [1, 8, 9, 10, 12, 13, 15, 16, 17, 19, 22, 23, 24, 27, 28, 29, 32, 33, 43, 57, 58, 59, 61, 81, 83, 84, 85, 87, 88, 91, 92, 93, 98, 99, 100, 101, 102, 105, 106, 107, 110, 114, 117, 118, 123, 127, 128, 130, 133, 136, 137, 138, 141, 149, 152, 153, 154, 155, 157, 159, 161, 171, 172, 173, 179, 214, 227, 228, 229, 234, 241, 242, 243, 248, 261, 263, 267, 268, 270, 274, 277, 278, 281, 286, 294, 295, 297, 308, 321, 322, 326, 327, 329], "summary": {"covered_lines": 89, "num_statements": 116, "percent_covered": 76.72413793103448, "percent_covered_display": "77", "missing_lines": 27, "excluded_lines": 0, "percent_statements_covered": 76.72413793103448, "percent_statements_covered_display": "77"}, "missing_lines": [174, 175, 176, 177, 192, 198, 199, 200, 201, 205, 206, 207, 212, 230, 231, 232, 244, 245, 246, 271, 303, 304, 305, 306, 342, 343, 344], "excluded_lines": [], "functions": {"DeploymentService.__init__": {"executed_lines": [57, 58, 59], "summary": {"covered_lines": 3, "num_statements": 3, "percent_covered": 100.0, "percent_covered_display": "100", "missing_lines": 0, "excluded_lines": 0, "percent_statements_covered": 100.0, "percent_statements_covered_display": "100"}, "missing_lines": [], "excluded_lines": []}, "DeploymentService.deploy_suggestion": {"executed_lines": [81, 83, 84, 85, 87, 88, 91, 92, 93, 98, 99, 100, 101, 102, 105, 106, 107, 110, 114, 117, 118, 123, 127, 128, 130, 133, 136, 137, 138, 141, 149, 152, 153, 154, 155, 157, 159, 161, 171, 172, 173], "summary": {"covered_lines": 41, "num_statements": 45, "percent_covered": 91.11111111111111, "percent_covered_display": "91", "missing_lines": 4, "excluded_lines": 0, "percent_statements_covered": 91.11111111111111, "percent_statements_covered_display": "91"}, "missing_lines": [174, 175, 176, 177], "excluded_lines": []}, "DeploymentService.batch_deploy": {"executed_lines": [], "summary": {"covered_lines": 0, "num_statements": 9, "percent_covered": 0.0, "percent_covered_display": "0", "missing_lines": 9, "excluded_lines": 0, "percent_statements_covered": 0.0, "percent_statements_covered_display": "0"}, "missing_lines": [192, 198, 199, 200, 201, 205, 206, 207, 212], "excluded_lines": []}, "DeploymentService.get_automation_status": {"executed_lines": [227, 228, 229], "summary": {"covered_lines": 3, "num_statements": 6, "percent_covered": 50.0, "percent_covered_display": "50", "missing_lines": 3, "excluded_lines": 0, "percent_statements_covered": 50.0, "percent_statements_covered_display": "50"}, "missing_lines": [230, 231, 232], "excluded_lines": []}, "DeploymentService.list_deployed_automations": {"executed_lines": [241, 242, 243], "summary": {"covered_lines": 3, "num_statements": 6, "percent_covered": 50.0, "percent_covered_display": "50", "missing_lines": 3, "excluded_lines": 0, "percent_statements_covered": 50.0, "percent_statements_covered_display": "50"}, "missing_lines": [244, 245, 246], "excluded_lines": []}, "DeploymentService.rollback_automation": {"executed_lines": [261, 263, 267, 268, 270, 274, 277, 278, 281, 286, 294, 295, 297], "summary": {"covered_lines": 13, "num_statements": 18, "percent_covered": 72.22222222222223, "percent_covered_display": "72", "missing_lines": 5, "excluded_lines": 0, "percent_statements_covered": 72.22222222222223, "percent_statements_covered_display": "72"}, "missing_lines": [271, 303, 304, 305, 306], "excluded_lines": []}, "DeploymentService.get_automation_versions": {"executed_lines": [321, 322, 326, 327, 329], "summary": {"covered_lines": 5, "num_statements": 8, "percent_covered": 62.5, "percent_covered_display": "62", "missing_lines": 3, "excluded_lines": 0, "percent_statements_covered": 62.5, "percent_statements_covered_display": "62"}, "missing_lines": [342, 343, 344], "excluded_lines": []}, "": {"executed_lines": [1, 8, 9, 10, 12, 13, 15, 16, 17, 19, 22, 23, 24, 27, 28, 29, 32, 33, 43, 61, 179, 214, 234, 248, 308], "summary": {"covered_lines": 21, "num_statements": 21, "percent_covered": 100.0, "percent_covered_display": "100", "missing_lines": 0, "excluded_lines": 0, "percent_statements_covered": 100.0, "percent_statements_covered_display": "100"}, "missing_lines": [], "excluded_lines": []}}, "classes": {"DeploymentError": {"executed_lines": [], "summary": {"covered_lines": 0, "num_statements": 0, "percent_covered": 100.0, "percent_covered_display": "100", "missing_lines": 0, "excluded_lines": 0, "percent_statements_covered": 100.0, "percent_statements_covered_display": "100"}, "missing_lines": [], "excluded_lines": []}, "SafetyValidationError": {"executed_lines": [], "summary": {"covered_lines": 0, "num_statements": 0, "percent_covered": 100.0, "percent_covered_display": "100", "missing_lines": 0, "excluded_lines": 0, "percent_statements_covered": 100.0, "percent_statements_covered_display": "100"}, "missing_lines": [], "excluded_lines": []}, "DeploymentService": {"executed_lines": [57, 58, 59, 81, 83, 84, 85, 87, 88, 91, 92, 93, 98, 99, 100, 101, 102, 105, 106, 107, 110, 114, 117, 118, 123, 127, 128, 130, 133, 136, 137, 138, 141, 149, 152, 153, 154, 155, 157, 159, 161, 171, 172, 173, 227, 228, 229, 241, 242, 243, 261, 263, 267, 268, 270, 274, 277, 278, 281, 286, 294, 295, 297, 321, 322, 326, 327, 329], "summary": {"covered_lines": 68, "num_statements": 95, "percent_covered": 71.57894736842105, "percent_covered_display": "72", "missing_lines": 27, "excluded_lines": 0, "percent_statements_covered": 71.57894736842105, "percent_statements_covered_display": "72"}, "missing_lines": [174, 175, 176, 177, 192, 198, 199, 200, 201, 205, 206, 207, 212, 230, 231, 232, 244, 245, 246, 271, 303, 304, 305, 306, 342, 343, 344], "excluded_lines": []}, "": {"executed_lines": [1, 8, 9, 10, 12, 13, 15, 16, 17, 19, 22, 23, 24, 27, 28, 29, 32, 33, 43, 61, 179, 214, 234, 248, 308], "summary": {"covered_lines": 21, "num_statements": 21, "percent_covered": 100.0, "percent_covered_display": "100", "missing_lines": 0, "excluded_lines": 0, "percent_statements_covered": 100.0, "percent_statements_covered_display": "100"}, "missing_lines": [], "excluded_lines": []}}}, "src\\services\\suggestion_service.py": {"executed_lines": [1, 8, 9, 10, 12, 13, 15, 16, 17, 19, 22, 23, 33, 47, 48, 49, 51, 68, 70, 72, 80, 83, 109, 110, 133, 135, 136, 143, 160, 162, 164, 168, 169, 172, 173, 176, 177, 180, 181, 184, 185, 186, 195, 206, 216, 217, 218, 219, 221, 224, 239, 254, 255, 256, 257, 259, 262, 263, 265, 266, 273, 280, 282, 283, 284, 286, 293, 294, 295, 297], "summary": {"covered_lines": 68, "num_statements": 108, "percent_covered": 62.96296296296296, "percent_covered_display": "63", "missing_lines": 40, "excluded_lines": 0, "percent_statements_covered": 62.96296296296296, "percent_statements_covered_display": "63"}, "missing_lines": [73, 74, 84, 86, 89, 94, 102, 104, 105, 106, 111, 112, 118, 119, 120, 122, 129, 130, 131, 138, 139, 140, 141, 165, 170, 202, 203, 204, 222, 235, 236, 237, 260, 268, 269, 270, 271, 299, 300, 301], "excluded_lines": [], "functions": {"SuggestionService.__init__": {"executed_lines": [47, 48, 49], "summary": {"covered_lines": 3, "num_statements": 3, "percent_covered": 100.0, "percent_covered_display": "100", "missing_lines": 0, "excluded_lines": 0, "percent_statements_covered": 100.0, "percent_statements_covered_display": "100"}, "missing_lines": [], "excluded_lines": []}, "SuggestionService.generate_suggestions": {"executed_lines": [68, 70, 72, 80, 83, 109, 110, 133, 135, 136], "summary": {"covered_lines": 10, "num_statements": 33, "percent_covered": 30.303030303030305, "percent_covered_display": "30", "missing_lines": 23, "excluded_lines": 0, "percent_statements_covered": 30.303030303030305, "percent_statements_covered_display": "30"}, "missing_lines": [73, 74, 84, 86, 89, 94, 102, 104, 105, 106, 111, 112, 118, 119, 120, 122, 129, 130, 131, 138, 139, 140, 141], "excluded_lines": []}, "SuggestionService.list_suggestions": {"executed_lines": [160, 162, 164, 168, 169, 172, 173, 176, 177, 180, 181, 184, 185, 186, 195], "summary": {"covered_lines": 15, "num_statements": 20, "percent_covered": 75.0, "percent_covered_display": "75", "missing_lines": 5, "excluded_lines": 0, "percent_statements_covered": 75.0, "percent_statements_covered_display": "75"}, "missing_lines": [165, 170, 202, 203, 204], "excluded_lines": []}, "SuggestionService.get_suggestion": {"executed_lines": [216, 217, 218, 219, 221, 224], "summary": {"covered_lines": 6, "num_statements": 10, "percent_covered": 60.0, "percent_covered_display": "60", "missing_lines": 4, "excluded_lines": 0, "percent_statements_covered": 60.0, "percent_statements_covered_display": "60"}, "missing_lines": [222, 235, 236, 237], "excluded_lines": []}, "SuggestionService.update_suggestion_status": {"executed_lines": [254, 255, 256, 257, 259, 262, 263, 265, 266], "summary": {"covered_lines": 9, "num_statements": 14, "percent_covered": 64.28571428571429, "percent_covered_display": "64", "missing_lines": 5, "excluded_lines": 0, "percent_statements_covered": 64.28571428571429, "percent_statements_covered_display": "64"}, "missing_lines": [260, 268, 269, 270, 271], "excluded_lines": []}, "SuggestionService.get_usage_stats": {"executed_lines": [280, 282, 283, 284, 286, 293, 294, 295, 297], "summary": {"covered_lines": 9, "num_statements": 12, "percent_covered": 75.0, "percent_covered_display": "75", "missing_lines": 3, "excluded_lines": 0, "percent_statements_covered": 75.0, "percent_statements_covered_display": "75"}, "missing_lines": [299, 300, 301], "excluded_lines": []}, "": {"executed_lines": [1, 8, 9, 10, 12, 13, 15, 16, 17, 19, 22, 23, 33, 51, 143, 206, 239, 273], "summary": {"covered_lines": 16, "num_statements": 16, "percent_covered": 100.0, "percent_covered_display": "100", "missing_lines": 0, "excluded_lines": 0, "percent_statements_covered": 100.0, "percent_statements_covered_display": "100"}, "missing_lines": [], "excluded_lines": []}}, "classes": {"SuggestionService": {"executed_lines": [47, 48, 49, 68, 70, 72, 80, 83, 109, 110, 133, 135, 136, 160, 162, 164, 168, 169, 172, 173, 176, 177, 180, 181, 184, 185, 186, 195, 216, 217, 218, 219, 221, 224, 254, 255, 256, 257, 259, 262, 263, 265, 266, 280, 282, 283, 284, 286, 293, 294, 295, 297], "summary": {"covered_lines": 52, "num_statements": 92, "percent_covered": 56.52173913043478, "percent_covered_display": "57", "missing_lines": 40, "excluded_lines": 0, "percent_statements_covered": 56.52173913043478, "percent_statements_covered_display": "57"}, "missing_lines": [73, 74, 84, 86, 89, 94, 102, 104, 105, 106, 111, 112, 118, 119, 120, 122, 129, 130, 131, 138, 139, 140, 141, 165, 170, 202, 203, 204, 222, 235, 236, 237, 260, 268, 269, 270, 271, 299, 300, 301], "excluded_lines": []}, "": {"executed_lines": [1, 8, 9, 10, 12, 13, 15, 16, 17, 19, 22, 23, 33, 51, 143, 206, 239, 273], "summary": {"covered_lines": 16, "num_statements": 16, "percent_covered": 100.0, "percent_covered_display": "100", "missing_lines": 0, "excluded_lines": 0, "percent_statements_covered": 100.0, "percent_statements_covered_display": "100"}, "missing_lines": [], "excluded_lines": []}}}, "src\\services\\yaml_generation_service.py": {"executed_lines": [1, 8, 9, 10, 12, 14, 15, 16, 18, 21, 22, 23, 26, 27, 28, 31, 32, 42, 54, 55, 57, 74, 76, 77, 78, 80, 81, 83, 84, 87, 101, 108, 111, 112, 113, 114, 115, 117, 118, 120, 121, 122, 123, 124, 125, 126, 128, 139, 140, 142, 143, 145, 146, 147, 150, 152, 154, 164, 166, 168, 169, 172, 173, 176, 177, 180, 181, 184, 185, 187, 189, 190, 194, 207, 209, 211, 212, 215, 217, 221, 222, 225, 227, 229, 230, 231, 233, 244, 245, 247, 249, 250, 251, 252, 255, 256, 258, 260, 261, 263, 265, 266, 267, 268, 270], "summary": {"covered_lines": 101, "num_statements": 104, "percent_covered": 97.11538461538461, "percent_covered_display": "97", "missing_lines": 3, "excluded_lines": 0, "percent_statements_covered": 97.11538461538461, "percent_statements_covered_display": "97"}, "missing_lines": [191, 192, 218], "excluded_lines": [], "functions": {"YAMLGenerationService.__init__": {"executed_lines": [54, 55], "summary": {"covered_lines": 2, "num_statements": 2, "percent_covered": 100.0, "percent_covered_display": "100", "missing_lines": 0, "excluded_lines": 0, "percent_statements_covered": 100.0, "percent_statements_covered_display": "100"}, "missing_lines": [], "excluded_lines": []}, "YAMLGenerationService.generate_automation_yaml": {"executed_lines": [74, 76, 77, 78, 80, 81, 83, 84, 87, 101, 108, 111, 112, 113, 114, 115, 117, 118, 120, 121, 122, 123, 124, 125, 126], "summary": {"covered_lines": 25, "num_statements": 25, "percent_covered": 100.0, "percent_covered_display": "100", "missing_lines": 0, "excluded_lines": 0, "percent_statements_covered": 100.0, "percent_statements_covered_display": "100"}, "missing_lines": [], "excluded_lines": []}, "YAMLGenerationService._clean_yaml_content": {"executed_lines": [139, 140, 142, 143, 145, 146, 147, 150, 152], "summary": {"covered_lines": 9, "num_statements": 9, "percent_covered": 100.0, "percent_covered_display": "100", "missing_lines": 0, "excluded_lines": 0, "percent_statements_covered": 100.0, "percent_statements_covered_display": "100"}, "missing_lines": [], "excluded_lines": []}, "YAMLGenerationService.validate_yaml": {"executed_lines": [164, 166, 168, 169, 172, 173, 176, 177, 180, 181, 184, 185, 187, 189, 190], "summary": {"covered_lines": 15, "num_statements": 17, "percent_covered": 88.23529411764706, "percent_covered_display": "88", "missing_lines": 2, "excluded_lines": 0, "percent_statements_covered": 88.23529411764706, "percent_statements_covered_display": "88"}, "missing_lines": [191, 192], "excluded_lines": []}, "YAMLGenerationService.validate_entities": {"executed_lines": [207, 209, 211, 212, 215, 217, 221, 222, 225, 227, 229, 230, 231], "summary": {"covered_lines": 13, "num_statements": 14, "percent_covered": 92.85714285714286, "percent_covered_display": "93", "missing_lines": 1, "excluded_lines": 0, "percent_statements_covered": 92.85714285714286, "percent_statements_covered_display": "93"}, "missing_lines": [218], "excluded_lines": []}, "YAMLGenerationService._extract_entity_ids": {"executed_lines": [244, 245, 247, 249, 250, 251, 252, 255, 256, 258, 260, 261, 263, 265, 266, 267, 268, 270], "summary": {"covered_lines": 18, "num_statements": 18, "percent_covered": 100.0, "percent_covered_display": "100", "missing_lines": 0, "excluded_lines": 0, "percent_statements_covered": 100.0, "percent_statements_covered_display": "100"}, "missing_lines": [], "excluded_lines": []}, "": {"executed_lines": [1, 8, 9, 10, 12, 14, 15, 16, 18, 21, 22, 23, 26, 27, 28, 31, 32, 42, 57, 128, 154, 194, 233], "summary": {"covered_lines": 19, "num_statements": 19, "percent_covered": 100.0, "percent_covered_display": "100", "missing_lines": 0, "excluded_lines": 0, "percent_statements_covered": 100.0, "percent_statements_covered_display": "100"}, "missing_lines": [], "excluded_lines": []}}, "classes": {"YAMLGenerationError": {"executed_lines": [], "summary": {"covered_lines": 0, "num_statements": 0, "percent_covered": 100.0, "percent_covered_display": "100", "missing_lines": 0, "excluded_lines": 0, "percent_statements_covered": 100.0, "percent_statements_covered_display": "100"}, "missing_lines": [], "excluded_lines": []}, "InvalidSuggestionError": {"executed_lines": [], "summary": {"covered_lines": 0, "num_statements": 0, "percent_covered": 100.0, "percent_covered_display": "100", "missing_lines": 0, "excluded_lines": 0, "percent_statements_covered": 100.0, "percent_statements_covered_display": "100"}, "missing_lines": [], "excluded_lines": []}, "YAMLGenerationService": {"executed_lines": [54, 55, 74, 76, 77, 78, 80, 81, 83, 84, 87, 101, 108, 111, 112, 113, 114, 115, 117, 118, 120, 121, 122, 123, 124, 125, 126, 139, 140, 142, 143, 145, 146, 147, 150, 152, 164, 166, 168, 169, 172, 173, 176, 177, 180, 181, 184, 185, 187, 189, 190, 207, 209, 211, 212, 215, 217, 221, 222, 225, 227, 229, 230, 231, 244, 245, 247, 249, 250, 251, 252, 255, 256, 258, 260, 261, 263, 265, 266, 267, 268, 270], "summary": {"covered_lines": 82, "num_statements": 85, "percent_covered": 96.47058823529412, "percent_covered_display": "96", "missing_lines": 3, "excluded_lines": 0, "percent_statements_covered": 96.47058823529412, "percent_statements_covered_display": "96"}, "missing_lines": [191, 192, 218], "excluded_lines": []}, "": {"executed_lines": [1, 8, 9, 10, 12, 14, 15, 16, 18, 21, 22, 23, 26, 27, 28, 31, 32, 42, 57, 128, 154, 194, 233], "summary": {"covered_lines": 19, "num_statements": 19, "percent_covered": 100.0, "percent_covered_display": "100", "missing_lines": 0, "excluded_lines": 0, "percent_statements_covered": 100.0, "percent_statements_covered_display": "100"}, "missing_lines": [], "excluded_lines": []}}}}, "totals": {"covered_lines": 692, "num_statements": 1054, "percent_covered": 65.65464895635674, "percent_covered_display": "66", "missing_lines": 362, "excluded_lines": 4, "percent_statements_covered": 65.65464895635674, "percent_statements_covered_display": "66"}}