{"meta": {"format": 3, "version": "7.13.1", "timestamp": "2026-01-06T12:44:16.150970", "branch_coverage": false, "show_contexts": false}, "files": {"src\\__init__.py": {"executed_lines": [], "summary": {"covered_lines": 0, "num_statements": 0, "percent_covered": 100.0, "percent_covered_display": "100", "missing_lines": 0, "excluded_lines": 0, "percent_statements_covered": 100.0, "percent_statements_covered_display": "100"}, "missing_lines": [], "excluded_lines": [], "functions": {"": {"executed_lines": [], "summary": {"covered_lines": 0, "num_statements": 0, "percent_covered": 100.0, "percent_covered_display": "100", "missing_lines": 0, "excluded_lines": 0, "percent_statements_covered": 100.0, "percent_statements_covered_display": "100"}, "missing_lines": [], "excluded_lines": [], "start_line": 1}}, "classes": {"": {"executed_lines": [], "summary": {"covered_lines": 0, "num_statements": 0, "percent_covered": 100.0, "percent_covered_display": "100", "missing_lines": 0, "excluded_lines": 0, "percent_statements_covered": 100.0, "percent_statements_covered_display": "100"}, "missing_lines": [], "excluded_lines": [], "start_line": 1}}}, "src\\api\\__init__.py": {"executed_lines": [7, 9], "summary": {"covered_lines": 2, "num_statements": 2, "percent_covered": 100.0, "percent_covered_display": "100", "missing_lines": 0, "excluded_lines": 0, "percent_statements_covered": 100.0, "percent_statements_covered_display": "100"}, "missing_lines": [], "excluded_lines": [], "functions": {"": {"executed_lines": [7, 9], "summary": {"covered_lines": 2, "num_statements": 2, "percent_covered": 100.0, "percent_covered_display": "100", "missing_lines": 0, "excluded_lines": 0, "percent_statements_covered": 100.0, "percent_statements_covered_display": "100"}, "missing_lines": [], "excluded_lines": [], "start_line": 1}}, "classes": {"": {"executed_lines": [7, 9], "summary": {"covered_lines": 2, "num_statements": 2, "percent_covered": 100.0, "percent_covered_display": "100", "missing_lines": 0, "excluded_lines": 0, "percent_statements_covered": 100.0, "percent_statements_covered_display": "100"}, "missing_lines": [], "excluded_lines": [], "start_line": 1}}}, "src\\api\\analysis_router.py": {"executed_lines": [8, 9, 11, 12, 14, 15, 16, 17, 19, 21, 24, 25, 99, 100, 130, 131], "summary": {"covered_lines": 16, "num_statements": 73, "percent_covered": 21.91780821917808, "percent_covered_display": "22", "missing_lines": 57, "excluded_lines": 0, "percent_statements_covered": 21.91780821917808, "percent_statements_covered_display": "22"}, "missing_lines": [34, 36, 39, 40, 41, 42, 44, 46, 47, 48, 49, 51, 52, 53, 55, 56, 58, 59, 60, 62, 63, 66, 67, 68, 69, 70, 72, 91, 92, 93, 107, 108, 116, 117, 118, 120, 122, 123, 124, 138, 140, 141, 142, 147, 150, 151, 152, 153, 154, 156, 158, 164, 169, 170, 171, 172, 173], "excluded_lines": [], "functions": {"get_analysis_status": {"executed_lines": [], "summary": {"covered_lines": 0, "num_statements": 30, "percent_covered": 0.0, "percent_covered_display": "0", "missing_lines": 30, "excluded_lines": 0, "percent_statements_covered": 0.0, "percent_statements_covered_display": "0"}, "missing_lines": [34, 36, 39, 40, 41, 42, 44, 46, 47, 48, 49, 51, 52, 53, 55, 56, 58, 59, 60, 62, 63, 66, 67, 68, 69, 70, 72, 91, 92, 93], "excluded_lines": [], "start_line": 25}, "get_analysis_schedule": {"executed_lines": [], "summary": {"covered_lines": 0, "num_statements": 9, "percent_covered": 0.0, "percent_covered_display": "0", "missing_lines": 9, "excluded_lines": 0, "percent_statements_covered": 0.0, "percent_statements_covered_display": "0"}, "missing_lines": [107, 108, 116, 117, 118, 120, 122, 123, 124], "excluded_lines": [], "start_line": 100}, "trigger_analysis": {"executed_lines": [], "summary": {"covered_lines": 0, "num_statements": 14, "percent_covered": 0.0, "percent_covered_display": "0", "missing_lines": 14, "excluded_lines": 0, "percent_statements_covered": 0.0, "percent_statements_covered_display": "0"}, "missing_lines": [138, 140, 141, 142, 147, 150, 156, 158, 164, 169, 170, 171, 172, 173], "excluded_lines": [], "start_line": 131}, "trigger_analysis.run_analysis_task": {"executed_lines": [], "summary": {"covered_lines": 0, "num_statements": 4, "percent_covered": 0.0, "percent_covered_display": "0", "missing_lines": 4, "excluded_lines": 0, "percent_statements_covered": 0.0, "percent_statements_covered_display": "0"}, "missing_lines": [151, 152, 153, 154], "excluded_lines": [], "start_line": 150}, "": {"executed_lines": [8, 9, 11, 12, 14, 15, 16, 17, 19, 21, 24, 25, 99, 100, 130, 131], "summary": {"covered_lines": 16, "num_statements": 16, "percent_covered": 100.0, "percent_covered_display": "100", "missing_lines": 0, "excluded_lines": 0, "percent_statements_covered": 100.0, "percent_statements_covered_display": "100"}, "missing_lines": [], "excluded_lines": [], "start_line": 1}}, "classes": {"": {"executed_lines": [8, 9, 11, 12, 14, 15, 16, 17, 19, 21, 24, 25, 99, 100, 130, 131], "summary": {"covered_lines": 16, "num_statements": 73, "percent_covered": 21.91780821917808, "percent_covered_display": "22", "missing_lines": 57, "excluded_lines": 0, "percent_statements_covered": 21.91780821917808, "percent_statements_covered_display": "22"}, "missing_lines": [34, 36, 39, 40, 41, 42, 44, 46, 47, 48, 49, 51, 52, 53, 55, 56, 58, 59, 60, 62, 63, 66, 67, 68, 69, 70, 72, 91, 92, 93, 107, 108, 116, 117, 118, 120, 122, 123, 124, 138, 140, 141, 142, 147, 150, 151, 152, 153, 154, 156, 158, 164, 169, 170, 171, 172, 173], "excluded_lines": [], "start_line": 1}}}, "src\\api\\community_pattern_router.py": {"executed_lines": [16, 17, 18, 19, 20, 22, 23, 24, 26, 28, 30, 33, 35, 36, 37, 38, 39, 40, 43, 45, 46, 49, 50, 125, 126, 192, 193, 236, 237, 290, 291], "summary": {"covered_lines": 31, "num_statements": 65, "percent_covered": 47.69230769230769, "percent_covered_display": "48", "missing_lines": 34, "excluded_lines": 0, "percent_statements_covered": 47.69230769230769, "percent_statements_covered_display": "48"}, "missing_lines": [77, 83, 84, 85, 89, 101, 117, 118, 119, 146, 148, 152, 174, 184, 185, 186, 210, 221, 226, 227, 228, 229, 230, 259, 263, 272, 282, 283, 284, 310, 314, 325, 326, 327], "excluded_lines": [], "functions": {"list_community_patterns": {"executed_lines": [], "summary": {"covered_lines": 0, "num_statements": 9, "percent_covered": 0.0, "percent_covered_display": "0", "missing_lines": 9, "excluded_lines": 0, "percent_statements_covered": 0.0, "percent_statements_covered_display": "0"}, "missing_lines": [77, 83, 84, 85, 89, 101, 117, 118, 119], "excluded_lines": [], "start_line": 50}, "submit_community_pattern": {"executed_lines": [], "summary": {"covered_lines": 0, "num_statements": 7, "percent_covered": 0.0, "percent_covered_display": "0", "missing_lines": 7, "excluded_lines": 0, "percent_statements_covered": 0.0, "percent_statements_covered_display": "0"}, "missing_lines": [146, 148, 152, 174, 184, 185, 186], "excluded_lines": [], "start_line": 126}, "get_community_pattern": {"executed_lines": [], "summary": {"covered_lines": 0, "num_statements": 7, "percent_covered": 0.0, "percent_covered_display": "0", "missing_lines": 7, "excluded_lines": 0, "percent_statements_covered": 0.0, "percent_statements_covered_display": "0"}, "missing_lines": [210, 221, 226, 227, 228, 229, 230], "excluded_lines": [], "start_line": 193}, "rate_community_pattern": {"executed_lines": [], "summary": {"covered_lines": 0, "num_statements": 6, "percent_covered": 0.0, "percent_covered_display": "0", "missing_lines": 6, "excluded_lines": 0, "percent_statements_covered": 0.0, "percent_statements_covered_display": "0"}, "missing_lines": [259, 263, 272, 282, 283, 284], "excluded_lines": [], "start_line": 237}, "get_pattern_ratings": {"executed_lines": [], "summary": {"covered_lines": 0, "num_statements": 5, "percent_covered": 0.0, "percent_covered_display": "0", "missing_lines": 5, "excluded_lines": 0, "percent_statements_covered": 0.0, "percent_statements_covered_display": "0"}, "missing_lines": [310, 314, 325, 326, 327], "excluded_lines": [], "start_line": 291}, "": {"executed_lines": [16, 17, 18, 19, 20, 22, 23, 24, 26, 28, 30, 33, 35, 36, 37, 38, 39, 40, 43, 45, 46, 49, 50, 125, 126, 192, 193, 236, 237, 290, 291], "summary": {"covered_lines": 31, "num_statements": 31, "percent_covered": 100.0, "percent_covered_display": "100", "missing_lines": 0, "excluded_lines": 0, "percent_statements_covered": 100.0, "percent_statements_covered_display": "100"}, "missing_lines": [], "excluded_lines": [], "start_line": 1}}, "classes": {"CommunityPatternSubmission": {"executed_lines": [], "summary": {"covered_lines": 0, "num_statements": 0, "percent_covered": 100.0, "percent_covered_display": "100", "missing_lines": 0, "excluded_lines": 0, "percent_statements_covered": 100.0, "percent_statements_covered_display": "100"}, "missing_lines": [], "excluded_lines": [], "start_line": 33}, "CommunityPatternRating": {"executed_lines": [], "summary": {"covered_lines": 0, "num_statements": 0, "percent_covered": 100.0, "percent_covered_display": "100", "missing_lines": 0, "excluded_lines": 0, "percent_statements_covered": 100.0, "percent_statements_covered_display": "100"}, "missing_lines": [], "excluded_lines": [], "start_line": 43}, "": {"executed_lines": [16, 17, 18, 19, 20, 22, 23, 24, 26, 28, 30, 33, 35, 36, 37, 38, 39, 40, 43, 45, 46, 49, 50, 125, 126, 192, 193, 236, 237, 290, 291], "summary": {"covered_lines": 31, "num_statements": 65, "percent_covered": 47.69230769230769, "percent_covered_display": "48", "missing_lines": 34, "excluded_lines": 0, "percent_statements_covered": 47.69230769230769, "percent_statements_covered_display": "48"}, "missing_lines": [77, 83, 84, 85, 89, 101, 117, 118, 119, 146, 148, 152, 174, 184, 185, 186, 210, 221, 226, 227, 228, 229, 230, 259, 263, 272, 282, 283, 284, 310, 314, 325, 326, 327], "excluded_lines": [], "start_line": 1}}}, "src\\api\\health_router.py": {"executed_lines": [7, 8, 9, 10, 11, 13, 14, 20, 22, 25, 26, 54, 55, 67, 68, 80, 81, 120, 121], "summary": {"covered_lines": 19, "num_statements": 47, "percent_covered": 40.42553191489362, "percent_covered_display": "40", "missing_lines": 28, "excluded_lines": 0, "percent_statements_covered": 40.42553191489362, "percent_statements_covered_display": "40"}, "missing_lines": [41, 43, 44, 45, 46, 48, 64, 77, 95, 96, 98, 99, 105, 112, 113, 114, 131, 132, 133, 135, 136, 139, 141, 142, 148, 153, 154, 155], "excluded_lines": [], "functions": {"health_check": {"executed_lines": [], "summary": {"covered_lines": 0, "num_statements": 6, "percent_covered": 0.0, "percent_covered_display": "0", "missing_lines": 6, "excluded_lines": 0, "percent_statements_covered": 0.0, "percent_statements_covered_display": "0"}, "missing_lines": [41, 43, 44, 45, 46, 48], "excluded_lines": [], "start_line": 26}, "readiness_check": {"executed_lines": [], "summary": {"covered_lines": 0, "num_statements": 1, "percent_covered": 0.0, "percent_covered_display": "0", "missing_lines": 1, "excluded_lines": 0, "percent_statements_covered": 0.0, "percent_statements_covered_display": "0"}, "missing_lines": [64], "excluded_lines": [], "start_line": 55}, "liveness_check": {"executed_lines": [], "summary": {"covered_lines": 0, "num_statements": 1, "percent_covered": 0.0, "percent_covered_display": "0", "missing_lines": 1, "excluded_lines": 0, "percent_statements_covered": 0.0, "percent_statements_covered_display": "0"}, "missing_lines": [77], "excluded_lines": [], "start_line": 68}, "check_database_integrity_endpoint": {"executed_lines": [], "summary": {"covered_lines": 0, "num_statements": 8, "percent_covered": 0.0, "percent_covered_display": "0", "missing_lines": 8, "excluded_lines": 0, "percent_statements_covered": 0.0, "percent_statements_covered_display": "0"}, "missing_lines": [95, 96, 98, 99, 105, 112, 113, 114], "excluded_lines": [], "start_line": 81}, "repair_database_endpoint": {"executed_lines": [], "summary": {"covered_lines": 0, "num_statements": 12, "percent_covered": 0.0, "percent_covered_display": "0", "missing_lines": 12, "excluded_lines": 0, "percent_statements_covered": 0.0, "percent_statements_covered_display": "0"}, "missing_lines": [131, 132, 133, 135, 136, 139, 141, 142, 148, 153, 154, 155], "excluded_lines": [], "start_line": 121}, "": {"executed_lines": [7, 8, 9, 10, 11, 13, 14, 20, 22, 25, 26, 54, 55, 67, 68, 80, 81, 120, 121], "summary": {"covered_lines": 19, "num_statements": 19, "percent_covered": 100.0, "percent_covered_display": "100", "missing_lines": 0, "excluded_lines": 0, "percent_statements_covered": 100.0, "percent_statements_covered_display": "100"}, "missing_lines": [], "excluded_lines": [], "start_line": 1}}, "classes": {"": {"executed_lines": [7, 8, 9, 10, 11, 13, 14, 20, 22, 25, 26, 54, 55, 67, 68, 80, 81, 120, 121], "summary": {"covered_lines": 19, "num_statements": 47, "percent_covered": 40.42553191489362, "percent_covered_display": "40", "missing_lines": 28, "excluded_lines": 0, "percent_statements_covered": 40.42553191489362, "percent_statements_covered_display": "40"}, "missing_lines": [41, 43, 44, 45, 46, 48, 64, 77, 95, 96, 98, 99, 105, 112, 113, 114, 131, 132, 133, 135, 136, 139, 141, 142, 148, 153, 154, 155], "excluded_lines": [], "start_line": 1}}}, "src\\api\\pattern_router.py": {"executed_lines": [8, 9, 10, 12, 13, 15, 16, 17, 18, 19, 21, 23, 26, 27, 226, 227, 548, 549], "summary": {"covered_lines": 18, "num_statements": 274, "percent_covered": 6.569343065693431, "percent_covered_display": "7", "missing_lines": 256, "excluded_lines": 0, "percent_statements_covered": 6.569343065693431, "percent_statements_covered_display": "7"}, "missing_lines": [42, 43, 52, 53, 54, 55, 56, 61, 63, 64, 65, 66, 68, 78, 84, 85, 87, 92, 93, 94, 99, 100, 102, 104, 105, 106, 107, 108, 109, 110, 111, 112, 114, 130, 131, 132, 133, 134, 135, 136, 137, 138, 139, 140, 141, 143, 159, 168, 170, 176, 177, 179, 180, 182, 183, 184, 185, 186, 188, 189, 191, 199, 200, 201, 206, 210, 211, 212, 213, 214, 219, 220, 236, 243, 244, 246, 249, 250, 251, 252, 253, 255, 256, 257, 258, 259, 261, 263, 265, 267, 269, 270, 271, 273, 274, 276, 277, 279, 280, 281, 282, 283, 285, 286, 288, 289, 291, 294, 295, 296, 298, 299, 301, 303, 304, 306, 307, 308, 310, 325, 328, 332, 333, 335, 336, 337, 339, 353, 354, 355, 356, 357, 359, 361, 362, 363, 364, 365, 367, 368, 369, 370, 373, 374, 375, 378, 380, 381, 383, 384, 386, 398, 399, 401, 402, 403, 404, 405, 407, 408, 410, 411, 412, 413, 414, 416, 417, 418, 419, 420, 421, 423, 424, 425, 426, 428, 429, 430, 432, 433, 434, 436, 437, 439, 450, 451, 452, 457, 461, 462, 463, 464, 465, 469, 471, 472, 474, 475, 476, 477, 478, 479, 480, 482, 483, 484, 485, 486, 488, 489, 490, 491, 492, 493, 495, 496, 497, 498, 500, 501, 502, 504, 505, 506, 508, 509, 511, 522, 523, 528, 532, 533, 534, 535, 536, 541, 542, 561, 565, 566, 568, 570, 572, 573, 582, 585, 586, 588, 590, 592, 593, 604, 616, 627, 628, 629], "excluded_lines": [], "functions": {"list_patterns": {"executed_lines": [], "summary": {"covered_lines": 0, "num_statements": 72, "percent_covered": 0.0, "percent_covered_display": "0", "missing_lines": 72, "excluded_lines": 0, "percent_statements_covered": 0.0, "percent_statements_covered_display": "0"}, "missing_lines": [42, 43, 52, 53, 54, 55, 56, 61, 63, 64, 65, 66, 68, 78, 84, 85, 87, 92, 93, 94, 99, 100, 102, 104, 105, 106, 107, 108, 109, 110, 111, 112, 114, 130, 131, 132, 133, 134, 135, 136, 137, 138, 139, 140, 141, 143, 159, 168, 170, 176, 177, 179, 180, 182, 183, 184, 185, 186, 188, 189, 191, 199, 200, 201, 206, 210, 211, 212, 213, 214, 219, 220], "excluded_lines": [], "start_line": 27}, "get_pattern_stats": {"executed_lines": [], "summary": {"covered_lines": 0, "num_statements": 136, "percent_covered": 0.0, "percent_covered_display": "0", "missing_lines": 136, "excluded_lines": 0, "percent_statements_covered": 0.0, "percent_statements_covered_display": "0"}, "missing_lines": [236, 243, 244, 246, 267, 291, 294, 295, 296, 298, 299, 301, 303, 304, 306, 307, 308, 310, 325, 328, 332, 333, 335, 336, 337, 339, 353, 354, 355, 356, 357, 359, 361, 362, 363, 364, 365, 367, 368, 369, 370, 373, 374, 375, 378, 380, 381, 383, 384, 386, 398, 399, 401, 402, 403, 404, 405, 407, 408, 410, 411, 412, 413, 414, 416, 417, 418, 419, 420, 421, 423, 424, 425, 426, 428, 429, 430, 432, 433, 434, 436, 437, 439, 450, 451, 452, 457, 461, 462, 463, 464, 465, 469, 471, 472, 474, 475, 476, 477, 478, 479, 480, 482, 483, 484, 485, 486, 488, 489, 490, 491, 492, 493, 495, 496, 497, 498, 500, 501, 502, 504, 505, 506, 508, 509, 511, 522, 523, 528, 532, 533, 534, 535, 536, 541, 542], "excluded_lines": [], "start_line": 227}, "get_pattern_stats._fetch_patterns_for_stats": {"executed_lines": [], "summary": {"covered_lines": 0, "num_statements": 13, "percent_covered": 0.0, "percent_covered_display": "0", "missing_lines": 13, "excluded_lines": 0, "percent_statements_covered": 0.0, "percent_statements_covered_display": "0"}, "missing_lines": [249, 250, 251, 252, 253, 255, 256, 257, 258, 259, 261, 263, 265], "excluded_lines": [], "start_line": 246}, "get_pattern_stats._attempt_repair_and_retry": {"executed_lines": [], "summary": {"covered_lines": 0, "num_statements": 16, "percent_covered": 0.0, "percent_covered_display": "0", "missing_lines": 16, "excluded_lines": 0, "percent_statements_covered": 0.0, "percent_statements_covered_display": "0"}, "missing_lines": [269, 270, 271, 273, 274, 276, 277, 279, 280, 281, 282, 283, 285, 286, 288, 289], "excluded_lines": [], "start_line": 267}, "repair_database": {"executed_lines": [], "summary": {"covered_lines": 0, "num_statements": 19, "percent_covered": 0.0, "percent_covered_display": "0", "missing_lines": 19, "excluded_lines": 0, "percent_statements_covered": 0.0, "percent_statements_covered_display": "0"}, "missing_lines": [561, 565, 566, 568, 570, 572, 573, 582, 585, 586, 588, 590, 592, 593, 604, 616, 627, 628, 629], "excluded_lines": [], "start_line": 549}, "": {"executed_lines": [8, 9, 10, 12, 13, 15, 16, 17, 18, 19, 21, 23, 26, 27, 226, 227, 548, 549], "summary": {"covered_lines": 18, "num_statements": 18, "percent_covered": 100.0, "percent_covered_display": "100", "missing_lines": 0, "excluded_lines": 0, "percent_statements_covered": 100.0, "percent_statements_covered_display": "100"}, "missing_lines": [], "excluded_lines": [], "start_line": 1}}, "classes": {"": {"executed_lines": [8, 9, 10, 12, 13, 15, 16, 17, 18, 19, 21, 23, 26, 27, 226, 227, 548, 549], "summary": {"covered_lines": 18, "num_statements": 274, "percent_covered": 6.569343065693431, "percent_covered_display": "7", "missing_lines": 256, "excluded_lines": 0, "percent_statements_covered": 6.569343065693431, "percent_statements_covered_display": "7"}, "missing_lines": [42, 43, 52, 53, 54, 55, 56, 61, 63, 64, 65, 66, 68, 78, 84, 85, 87, 92, 93, 94, 99, 100, 102, 104, 105, 106, 107, 108, 109, 110, 111, 112, 114, 130, 131, 132, 133, 134, 135, 136, 137, 138, 139, 140, 141, 143, 159, 168, 170, 176, 177, 179, 180, 182, 183, 184, 185, 186, 188, 189, 191, 199, 200, 201, 206, 210, 211, 212, 213, 214, 219, 220, 236, 243, 244, 246, 249, 250, 251, 252, 253, 255, 256, 257, 258, 259, 261, 263, 265, 267, 269, 270, 271, 273, 274, 276, 277, 279, 280, 281, 282, 283, 285, 286, 288, 289, 291, 294, 295, 296, 298, 299, 301, 303, 304, 306, 307, 308, 310, 325, 328, 332, 333, 335, 336, 337, 339, 353, 354, 355, 356, 357, 359, 361, 362, 363, 364, 365, 367, 368, 369, 370, 373, 374, 375, 378, 380, 381, 383, 384, 386, 398, 399, 401, 402, 403, 404, 405, 407, 408, 410, 411, 412, 413, 414, 416, 417, 418, 419, 420, 421, 423, 424, 425, 426, 428, 429, 430, 432, 433, 434, 436, 437, 439, 450, 451, 452, 457, 461, 462, 463, 464, 465, 469, 471, 472, 474, 475, 476, 477, 478, 479, 480, 482, 483, 484, 485, 486, 488, 489, 490, 491, 492, 493, 495, 496, 497, 498, 500, 501, 502, 504, 505, 506, 508, 509, 511, 522, 523, 528, 532, 533, 534, 535, 536, 541, 542, 561, 565, 566, 568, 570, 572, 573, 582, 585, 586, 588, 590, 592, 593, 604, 616, 627, 628, 629], "excluded_lines": [], "start_line": 1}}}, "src\\api\\synergy_router.py": {"executed_lines": [11, 12, 13, 15, 16, 17, 19, 20, 21, 22, 23, 26, 27, 28, 32, 37, 40, 43, 45, 46, 47, 54, 55, 137, 138, 400, 401, 634, 635], "summary": {"covered_lines": 29, "num_statements": 322, "percent_covered": 9.006211180124224, "percent_covered_display": "9", "missing_lines": 293, "excluded_lines": 0, "percent_statements_covered": 9.006211180124224, "percent_statements_covered_display": "9"}, "missing_lines": [29, 30, 75, 76, 78, 80, 81, 82, 83, 84, 85, 87, 89, 90, 91, 92, 93, 94, 96, 97, 98, 99, 100, 103, 106, 108, 109, 110, 111, 113, 114, 116, 129, 130, 131, 170, 171, 181, 182, 183, 184, 185, 190, 192, 193, 194, 195, 197, 206, 212, 213, 215, 220, 221, 222, 226, 227, 229, 230, 231, 232, 233, 234, 235, 236, 237, 238, 239, 241, 242, 243, 244, 245, 246, 247, 248, 249, 251, 252, 253, 254, 255, 256, 257, 258, 259, 262, 263, 264, 267, 268, 269, 270, 283, 284, 285, 287, 306, 307, 308, 309, 310, 311, 312, 313, 314, 315, 316, 317, 319, 320, 321, 322, 323, 324, 325, 326, 327, 329, 330, 331, 332, 333, 334, 335, 336, 337, 340, 341, 342, 345, 346, 347, 348, 361, 362, 363, 365, 383, 392, 393, 394, 423, 425, 427, 428, 429, 430, 431, 432, 434, 435, 436, 438, 439, 445, 446, 447, 448, 449, 450, 451, 452, 453, 454, 456, 457, 458, 459, 460, 461, 462, 463, 465, 466, 467, 468, 469, 470, 471, 472, 476, 477, 480, 481, 482, 483, 484, 485, 486, 487, 488, 489, 491, 494, 495, 496, 497, 510, 511, 512, 514, 533, 534, 535, 536, 537, 538, 539, 540, 542, 543, 544, 545, 546, 547, 548, 549, 551, 552, 553, 554, 555, 556, 557, 558, 562, 563, 566, 567, 568, 569, 570, 571, 572, 573, 574, 575, 577, 580, 581, 582, 583, 596, 597, 598, 600, 618, 624, 625, 626, 627, 628, 661, 663, 664, 665, 666, 667, 668, 669, 671, 672, 673, 675, 676, 682, 689, 690, 693, 699, 700, 701, 703, 711, 713, 717, 719, 725, 726, 729, 730, 731, 732, 733, 734, 735, 737, 749, 750, 751, 752, 753], "excluded_lines": [], "functions": {"get_synergy_stats": {"executed_lines": [], "summary": {"covered_lines": 0, "num_statements": 33, "percent_covered": 0.0, "percent_covered_display": "0", "missing_lines": 33, "excluded_lines": 0, "percent_statements_covered": 0.0, "percent_statements_covered_display": "0"}, "missing_lines": [75, 76, 78, 80, 81, 82, 83, 84, 85, 87, 89, 90, 91, 92, 93, 94, 96, 97, 98, 99, 100, 103, 106, 108, 109, 110, 111, 113, 114, 116, 129, 130, 131], "excluded_lines": [], "start_line": 55}, "list_synergies": {"executed_lines": [], "summary": {"covered_lines": 0, "num_statements": 107, "percent_covered": 0.0, "percent_covered_display": "0", "missing_lines": 107, "excluded_lines": 0, "percent_statements_covered": 0.0, "percent_statements_covered_display": "0"}, "missing_lines": [170, 171, 181, 182, 183, 184, 185, 190, 192, 193, 194, 195, 197, 206, 212, 213, 215, 220, 221, 222, 226, 227, 229, 230, 231, 232, 233, 234, 235, 236, 237, 238, 239, 241, 242, 243, 244, 245, 246, 247, 248, 249, 251, 252, 253, 254, 255, 256, 257, 258, 259, 262, 263, 264, 267, 268, 269, 270, 283, 284, 285, 287, 306, 307, 308, 309, 310, 311, 312, 313, 314, 315, 316, 317, 319, 320, 321, 322, 323, 324, 325, 326, 327, 329, 330, 331, 332, 333, 334, 335, 336, 337, 340, 341, 342, 345, 346, 347, 348, 361, 362, 363, 365, 383, 392, 393, 394], "excluded_lines": [], "start_line": 138}, "get_synergy": {"executed_lines": [], "summary": {"covered_lines": 0, "num_statements": 111, "percent_covered": 0.0, "percent_covered_display": "0", "missing_lines": 111, "excluded_lines": 0, "percent_statements_covered": 0.0, "percent_statements_covered_display": "0"}, "missing_lines": [423, 425, 427, 428, 429, 430, 431, 432, 434, 435, 436, 438, 439, 445, 446, 447, 448, 449, 450, 451, 452, 453, 454, 456, 457, 458, 459, 460, 461, 462, 463, 465, 466, 467, 468, 469, 470, 471, 472, 476, 477, 480, 481, 482, 483, 484, 485, 486, 487, 488, 489, 491, 494, 495, 496, 497, 510, 511, 512, 514, 533, 534, 535, 536, 537, 538, 539, 540, 542, 543, 544, 545, 546, 547, 548, 549, 551, 552, 553, 554, 555, 556, 557, 558, 562, 563, 566, 567, 568, 569, 570, 571, 572, 573, 574, 575, 577, 580, 581, 582, 583, 596, 597, 598, 600, 618, 624, 625, 626, 627, 628], "excluded_lines": [], "start_line": 401}, "submit_synergy_feedback": {"executed_lines": [], "summary": {"covered_lines": 0, "num_statements": 40, "percent_covered": 0.0, "percent_covered_display": "0", "missing_lines": 40, "excluded_lines": 0, "percent_statements_covered": 0.0, "percent_statements_covered_display": "0"}, "missing_lines": [661, 663, 664, 665, 666, 667, 668, 669, 671, 672, 673, 675, 676, 682, 689, 690, 693, 699, 700, 701, 703, 711, 713, 717, 719, 725, 726, 729, 730, 731, 732, 733, 734, 735, 737, 749, 750, 751, 752, 753], "excluded_lines": [], "start_line": 635}, "": {"executed_lines": [11, 12, 13, 15, 16, 17, 19, 20, 21, 22, 23, 26, 27, 28, 32, 37, 40, 43, 45, 46, 47, 54, 55, 137, 138, 400, 401, 634, 635], "summary": {"covered_lines": 29, "num_statements": 31, "percent_covered": 93.54838709677419, "percent_covered_display": "94", "missing_lines": 2, "excluded_lines": 0, "percent_statements_covered": 93.54838709677419, "percent_statements_covered_display": "94"}, "missing_lines": [29, 30], "excluded_lines": [], "start_line": 1}}, "classes": {"SynergyFeedback": {"executed_lines": [], "summary": {"covered_lines": 0, "num_statements": 0, "percent_covered": 100.0, "percent_covered_display": "100", "missing_lines": 0, "excluded_lines": 0, "percent_statements_covered": 100.0, "percent_statements_covered_display": "100"}, "missing_lines": [], "excluded_lines": [], "start_line": 43}, "": {"executed_lines": [11, 12, 13, 15, 16, 17, 19, 20, 21, 22, 23, 26, 27, 28, 32, 37, 40, 43, 45, 46, 47, 54, 55, 137, 138, 400, 401, 634, 635], "summary": {"covered_lines": 29, "num_statements": 322, "percent_covered": 9.006211180124224, "percent_covered_display": "9", "missing_lines": 293, "excluded_lines": 0, "percent_statements_covered": 9.006211180124224, "percent_statements_covered_display": "9"}, "missing_lines": [29, 30, 75, 76, 78, 80, 81, 82, 83, 84, 85, 87, 89, 90, 91, 92, 93, 94, 96, 97, 98, 99, 100, 103, 106, 108, 109, 110, 111, 113, 114, 116, 129, 130, 131, 170, 171, 181, 182, 183, 184, 185, 190, 192, 193, 194, 195, 197, 206, 212, 213, 215, 220, 221, 222, 226, 227, 229, 230, 231, 232, 233, 234, 235, 236, 237, 238, 239, 241, 242, 243, 244, 245, 246, 247, 248, 249, 251, 252, 253, 254, 255, 256, 257, 258, 259, 262, 263, 264, 267, 268, 269, 270, 283, 284, 285, 287, 306, 307, 308, 309, 310, 311, 312, 313, 314, 315, 316, 317, 319, 320, 321, 322, 323, 324, 325, 326, 327, 329, 330, 331, 332, 333, 334, 335, 336, 337, 340, 341, 342, 345, 346, 347, 348, 361, 362, 363, 365, 383, 392, 393, 394, 423, 425, 427, 428, 429, 430, 431, 432, 434, 435, 436, 438, 439, 445, 446, 447, 448, 449, 450, 451, 452, 453, 454, 456, 457, 458, 459, 460, 461, 462, 463, 465, 466, 467, 468, 469, 470, 471, 472, 476, 477, 480, 481, 482, 483, 484, 485, 486, 487, 488, 489, 491, 494, 495, 496, 497, 510, 511, 512, 514, 533, 534, 535, 536, 537, 538, 539, 540, 542, 543, 544, 545, 546, 547, 548, 549, 551, 552, 553, 554, 555, 556, 557, 558, 562, 563, 566, 567, 568, 569, 570, 571, 572, 573, 574, 575, 577, 580, 581, 582, 583, 596, 597, 598, 600, 618, 624, 625, 626, 627, 628, 661, 663, 664, 665, 666, 667, 668, 669, 671, 672, 673, 675, 676, 682, 689, 690, 693, 699, 700, 701, 703, 711, 713, 717, 719, 725, 726, 729, 730, 731, 732, 733, 734, 735, 737, 749, 750, 751, 752, 753], "excluded_lines": [], "start_line": 1}}}, "src\\clients\\__init__.py": {"executed_lines": [], "summary": {"covered_lines": 0, "num_statements": 0, "percent_covered": 100.0, "percent_covered_display": "100", "missing_lines": 0, "excluded_lines": 0, "percent_statements_covered": 100.0, "percent_statements_covered_display": "100"}, "missing_lines": [], "excluded_lines": [], "functions": {"": {"executed_lines": [], "summary": {"covered_lines": 0, "num_statements": 0, "percent_covered": 100.0, "percent_covered_display": "100", "missing_lines": 0, "excluded_lines": 0, "percent_statements_covered": 100.0, "percent_statements_covered_display": "100"}, "missing_lines": [], "excluded_lines": [], "start_line": 1}}, "classes": {"": {"executed_lines": [], "summary": {"covered_lines": 0, "num_statements": 0, "percent_covered": 100.0, "percent_covered_display": "100", "missing_lines": 0, "excluded_lines": 0, "percent_statements_covered": 100.0, "percent_statements_covered_display": "100"}, "missing_lines": [], "excluded_lines": [], "start_line": 1}}}, "src\\clients\\data_api_client.py": {"executed_lines": [8, 9, 10, 11, 13, 14, 15, 17, 20, 23, 63, 69, 173, 179, 237, 243, 305, 310, 314], "summary": {"covered_lines": 19, "num_statements": 134, "percent_covered": 14.17910447761194, "percent_covered_display": "14", "missing_lines": 115, "excluded_lines": 0, "percent_statements_covered": 14.17910447761194, "percent_statements_covered_display": "14"}, "missing_lines": [41, 42, 43, 44, 45, 47, 55, 56, 57, 58, 59, 61, 92, 94, 95, 96, 97, 99, 105, 106, 107, 108, 109, 110, 112, 114, 118, 120, 123, 124, 125, 126, 128, 130, 131, 132, 135, 136, 137, 138, 139, 141, 143, 144, 145, 146, 148, 150, 162, 163, 164, 166, 167, 168, 169, 170, 171, 198, 199, 201, 202, 203, 204, 205, 206, 208, 210, 214, 216, 219, 220, 221, 222, 224, 225, 227, 228, 230, 231, 232, 233, 234, 235, 264, 265, 267, 268, 269, 270, 271, 272, 273, 274, 276, 278, 282, 284, 287, 288, 289, 290, 292, 293, 295, 296, 298, 299, 300, 301, 302, 303, 307, 308, 312, 316], "excluded_lines": [], "functions": {"DataAPIClient.__init__": {"executed_lines": [], "summary": {"covered_lines": 0, "num_statements": 12, "percent_covered": 0.0, "percent_covered_display": "0", "missing_lines": 12, "excluded_lines": 0, "percent_statements_covered": 0.0, "percent_statements_covered_display": "0"}, "missing_lines": [41, 42, 43, 44, 45, 47, 55, 56, 57, 58, 59, 61], "excluded_lines": [], "start_line": 23}, "DataAPIClient.fetch_events": {"executed_lines": [], "summary": {"covered_lines": 0, "num_statements": 45, "percent_covered": 0.0, "percent_covered_display": "0", "missing_lines": 45, "excluded_lines": 0, "percent_statements_covered": 0.0, "percent_statements_covered_display": "0"}, "missing_lines": [92, 94, 95, 96, 97, 99, 105, 106, 107, 108, 109, 110, 112, 114, 118, 120, 123, 124, 125, 126, 128, 130, 131, 132, 135, 136, 137, 138, 139, 141, 143, 144, 145, 146, 148, 150, 162, 163, 164, 166, 167, 168, 169, 170, 171], "excluded_lines": [], "start_line": 69}, "DataAPIClient.fetch_devices": {"executed_lines": [], "summary": {"covered_lines": 0, "num_statements": 26, "percent_covered": 0.0, "percent_covered_display": "0", "missing_lines": 26, "excluded_lines": 0, "percent_statements_covered": 0.0, "percent_statements_covered_display": "0"}, "missing_lines": [198, 199, 201, 202, 203, 204, 205, 206, 208, 210, 214, 216, 219, 220, 221, 222, 224, 225, 227, 228, 230, 231, 232, 233, 234, 235], "excluded_lines": [], "start_line": 179}, "DataAPIClient.fetch_entities": {"executed_lines": [], "summary": {"covered_lines": 0, "num_statements": 28, "percent_covered": 0.0, "percent_covered_display": "0", "missing_lines": 28, "excluded_lines": 0, "percent_statements_covered": 0.0, "percent_statements_covered_display": "0"}, "missing_lines": [264, 265, 267, 268, 269, 270, 271, 272, 273, 274, 276, 278, 282, 284, 287, 288, 289, 290, 292, 293, 295, 296, 298, 299, 300, 301, 302, 303], "excluded_lines": [], "start_line": 243}, "DataAPIClient.close": {"executed_lines": [], "summary": {"covered_lines": 0, "num_statements": 2, "percent_covered": 0.0, "percent_covered_display": "0", "missing_lines": 2, "excluded_lines": 0, "percent_statements_covered": 0.0, "percent_statements_covered_display": "0"}, "missing_lines": [307, 308], "excluded_lines": [], "start_line": 305}, "DataAPIClient.__aenter__": {"executed_lines": [], "summary": {"covered_lines": 0, "num_statements": 1, "percent_covered": 0.0, "percent_covered_display": "0", "missing_lines": 1, "excluded_lines": 0, "percent_statements_covered": 0.0, "percent_statements_covered_display": "0"}, "missing_lines": [312], "excluded_lines": [], "start_line": 310}, "DataAPIClient.__aexit__": {"executed_lines": [], "summary": {"covered_lines": 0, "num_statements": 1, "percent_covered": 0.0, "percent_covered_display": "0", "missing_lines": 1, "excluded_lines": 0, "percent_statements_covered": 0.0, "percent_statements_covered_display": "0"}, "missing_lines": [316], "excluded_lines": [], "start_line": 314}, "": {"executed_lines": [8, 9, 10, 11, 13, 14, 15, 17, 20, 23, 63, 69, 173, 179, 237, 243, 305, 310, 314], "summary": {"covered_lines": 19, "num_statements": 19, "percent_covered": 100.0, "percent_covered_display": "100", "missing_lines": 0, "excluded_lines": 0, "percent_statements_covered": 100.0, "percent_statements_covered_display": "100"}, "missing_lines": [], "excluded_lines": [], "start_line": 1}}, "classes": {"DataAPIClient": {"executed_lines": [], "summary": {"covered_lines": 0, "num_statements": 115, "percent_covered": 0.0, "percent_covered_display": "0", "missing_lines": 115, "excluded_lines": 0, "percent_statements_covered": 0.0, "percent_statements_covered_display": "0"}, "missing_lines": [41, 42, 43, 44, 45, 47, 55, 56, 57, 58, 59, 61, 92, 94, 95, 96, 97, 99, 105, 106, 107, 108, 109, 110, 112, 114, 118, 120, 123, 124, 125, 126, 128, 130, 131, 132, 135, 136, 137, 138, 139, 141, 143, 144, 145, 146, 148, 150, 162, 163, 164, 166, 167, 168, 169, 170, 171, 198, 199, 201, 202, 203, 204, 205, 206, 208, 210, 214, 216, 219, 220, 221, 222, 224, 225, 227, 228, 230, 231, 232, 233, 234, 235, 264, 265, 267, 268, 269, 270, 271, 272, 273, 274, 276, 278, 282, 284, 287, 288, 289, 290, 292, 293, 295, 296, 298, 299, 300, 301, 302, 303, 307, 308, 312, 316], "excluded_lines": [], "start_line": 20}, "": {"executed_lines": [8, 9, 10, 11, 13, 14, 15, 17, 20, 23, 63, 69, 173, 179, 237, 243, 305, 310, 314], "summary": {"covered_lines": 19, "num_statements": 19, "percent_covered": 100.0, "percent_covered_display": "100", "missing_lines": 0, "excluded_lines": 0, "percent_statements_covered": 100.0, "percent_statements_covered_display": "100"}, "missing_lines": [], "excluded_lines": [], "start_line": 1}}}, "src\\clients\\mqtt_client.py": {"executed_lines": [8, 9, 10, 12, 14, 17, 29, 65, 132, 158, 184, 216, 237], "summary": {"covered_lines": 13, "num_statements": 112, "percent_covered": 11.607142857142858, "percent_covered_display": "12", "missing_lines": 99, "excluded_lines": 0, "percent_statements_covered": 11.607142857142858, "percent_statements_covered_display": "12"}, "missing_lines": [41, 42, 43, 44, 45, 46, 48, 49, 51, 52, 53, 54, 55, 56, 57, 58, 60, 61, 63, 76, 77, 78, 79, 80, 83, 84, 85, 87, 88, 90, 91, 96, 99, 100, 103, 104, 105, 107, 108, 110, 111, 112, 114, 115, 116, 117, 119, 120, 121, 122, 123, 124, 126, 127, 128, 130, 142, 143, 144, 147, 154, 155, 156, 167, 168, 171, 172, 173, 174, 176, 178, 179, 180, 182, 196, 197, 198, 199, 200, 202, 203, 205, 206, 207, 209, 210, 212, 213, 214, 226, 227, 235, 244, 245, 246, 247, 248, 249, 250], "excluded_lines": [], "functions": {"MQTTNotificationClient.__init__": {"executed_lines": [], "summary": {"covered_lines": 0, "num_statements": 19, "percent_covered": 0.0, "percent_covered_display": "0", "missing_lines": 19, "excluded_lines": 0, "percent_statements_covered": 0.0, "percent_statements_covered_display": "0"}, "missing_lines": [41, 42, 43, 44, 45, 46, 48, 49, 51, 52, 53, 54, 55, 56, 57, 58, 60, 61, 63], "excluded_lines": [], "start_line": 29}, "MQTTNotificationClient.connect": {"executed_lines": [], "summary": {"covered_lines": 0, "num_statements": 37, "percent_covered": 0.0, "percent_covered_display": "0", "missing_lines": 37, "excluded_lines": 0, "percent_statements_covered": 0.0, "percent_statements_covered_display": "0"}, "missing_lines": [76, 77, 78, 79, 80, 83, 84, 85, 87, 88, 90, 91, 96, 99, 100, 103, 104, 105, 107, 108, 110, 111, 112, 114, 115, 116, 117, 119, 120, 121, 122, 123, 124, 126, 127, 128, 130], "excluded_lines": [], "start_line": 65}, "MQTTNotificationClient._on_connect": {"executed_lines": [], "summary": {"covered_lines": 0, "num_statements": 7, "percent_covered": 0.0, "percent_covered_display": "0", "missing_lines": 7, "excluded_lines": 0, "percent_statements_covered": 0.0, "percent_statements_covered_display": "0"}, "missing_lines": [142, 143, 144, 147, 154, 155, 156], "excluded_lines": [], "start_line": 132}, "MQTTNotificationClient._on_disconnect": {"executed_lines": [], "summary": {"covered_lines": 0, "num_statements": 8, "percent_covered": 0.0, "percent_covered_display": "0", "missing_lines": 8, "excluded_lines": 0, "percent_statements_covered": 0.0, "percent_statements_covered_display": "0"}, "missing_lines": [167, 168, 171, 172, 173, 174, 176, 182], "excluded_lines": [], "start_line": 158}, "MQTTNotificationClient._on_disconnect.reconnect": {"executed_lines": [], "summary": {"covered_lines": 0, "num_statements": 3, "percent_covered": 0.0, "percent_covered_display": "0", "missing_lines": 3, "excluded_lines": 0, "percent_statements_covered": 0.0, "percent_statements_covered_display": "0"}, "missing_lines": [178, 179, 180], "excluded_lines": [], "start_line": 176}, "MQTTNotificationClient.publish": {"executed_lines": [], "summary": {"covered_lines": 0, "num_statements": 15, "percent_covered": 0.0, "percent_covered_display": "0", "missing_lines": 15, "excluded_lines": 0, "percent_statements_covered": 0.0, "percent_statements_covered_display": "0"}, "missing_lines": [196, 197, 198, 199, 200, 202, 203, 205, 206, 207, 209, 210, 212, 213, 214], "excluded_lines": [], "start_line": 184}, "MQTTNotificationClient.publish_analysis_complete": {"executed_lines": [], "summary": {"covered_lines": 0, "num_statements": 3, "percent_covered": 0.0, "percent_covered_display": "0", "missing_lines": 3, "excluded_lines": 0, "percent_statements_covered": 0.0, "percent_statements_covered_display": "0"}, "missing_lines": [226, 227, 235], "excluded_lines": [], "start_line": 216}, "MQTTNotificationClient.disconnect": {"executed_lines": [], "summary": {"covered_lines": 0, "num_statements": 7, "percent_covered": 0.0, "percent_covered_display": "0", "missing_lines": 7, "excluded_lines": 0, "percent_statements_covered": 0.0, "percent_statements_covered_display": "0"}, "missing_lines": [244, 245, 246, 247, 248, 249, 250], "excluded_lines": [], "start_line": 237}, "": {"executed_lines": [8, 9, 10, 12, 14, 17, 29, 65, 132, 158, 184, 216, 237], "summary": {"covered_lines": 13, "num_statements": 13, "percent_covered": 100.0, "percent_covered_display": "100", "missing_lines": 0, "excluded_lines": 0, "percent_statements_covered": 100.0, "percent_statements_covered_display": "100"}, "missing_lines": [], "excluded_lines": [], "start_line": 1}}, "classes": {"MQTTNotificationClient": {"executed_lines": [], "summary": {"covered_lines": 0, "num_statements": 99, "percent_covered": 0.0, "percent_covered_display": "0", "missing_lines": 99, "excluded_lines": 0, "percent_statements_covered": 0.0, "percent_statements_covered_display": "0"}, "missing_lines": [41, 42, 43, 44, 45, 46, 48, 49, 51, 52, 53, 54, 55, 56, 57, 58, 60, 61, 63, 76, 77, 78, 79, 80, 83, 84, 85, 87, 88, 90, 91, 96, 99, 100, 103, 104, 105, 107, 108, 110, 111, 112, 114, 115, 116, 117, 119, 120, 121, 122, 123, 124, 126, 127, 128, 130, 142, 143, 144, 147, 154, 155, 156, 167, 168, 171, 172, 173, 174, 176, 178, 179, 180, 182, 196, 197, 198, 199, 200, 202, 203, 205, 206, 207, 209, 210, 212, 213, 214, 226, 227, 235, 244, 245, 246, 247, 248, 249, 250], "excluded_lines": [], "start_line": 17}, "": {"executed_lines": [8, 9, 10, 12, 14, 17, 29, 65, 132, 158, 184, 216, 237], "summary": {"covered_lines": 13, "num_statements": 13, "percent_covered": 100.0, "percent_covered_display": "100", "missing_lines": 0, "excluded_lines": 0, "percent_statements_covered": 100.0, "percent_statements_covered_display": "100"}, "missing_lines": [], "excluded_lines": [], "start_line": 1}}}, "src\\config.py": {"executed_lines": [3, 4, 7, 11, 12, 13, 14, 17, 20, 21, 22, 23, 26, 27, 30, 33, 34, 37, 38, 39, 40, 43, 44, 46, 54], "summary": {"covered_lines": 25, "num_statements": 25, "percent_covered": 100.0, "percent_covered_display": "100", "missing_lines": 0, "excluded_lines": 0, "percent_statements_covered": 100.0, "percent_statements_covered_display": "100"}, "missing_lines": [], "excluded_lines": [], "functions": {"": {"executed_lines": [3, 4, 7, 11, 12, 13, 14, 17, 20, 21, 22, 23, 26, 27, 30, 33, 34, 37, 38, 39, 40, 43, 44, 46, 54], "summary": {"covered_lines": 25, "num_statements": 25, "percent_covered": 100.0, "percent_covered_display": "100", "missing_lines": 0, "excluded_lines": 0, "percent_statements_covered": 100.0, "percent_statements_covered_display": "100"}, "missing_lines": [], "excluded_lines": [], "start_line": 1}}, "classes": {"Settings": {"executed_lines": [], "summary": {"covered_lines": 0, "num_statements": 0, "percent_covered": 100.0, "percent_covered_display": "100", "missing_lines": 0, "excluded_lines": 0, "percent_statements_covered": 100.0, "percent_statements_covered_display": "100"}, "missing_lines": [], "excluded_lines": [], "start_line": 7}, "": {"executed_lines": [3, 4, 7, 11, 12, 13, 14, 17, 20, 21, 22, 23, 26, 27, 30, 33, 34, 37, 38, 39, 40, 43, 44, 46, 54], "summary": {"covered_lines": 25, "num_statements": 25, "percent_covered": 100.0, "percent_covered_display": "100", "missing_lines": 0, "excluded_lines": 0, "percent_statements_covered": 100.0, "percent_statements_covered_display": "100"}, "missing_lines": [], "excluded_lines": [], "start_line": 1}}}, "src\\crud\\__init__.py": {"executed_lines": [7, 8, 10], "summary": {"covered_lines": 3, "num_statements": 3, "percent_covered": 100.0, "percent_covered_display": "100", "missing_lines": 0, "excluded_lines": 0, "percent_statements_covered": 100.0, "percent_statements_covered_display": "100"}, "missing_lines": [], "excluded_lines": [], "functions": {"": {"executed_lines": [7, 8, 10], "summary": {"covered_lines": 3, "num_statements": 3, "percent_covered": 100.0, "percent_covered_display": "100", "missing_lines": 0, "excluded_lines": 0, "percent_statements_covered": 100.0, "percent_statements_covered_display": "100"}, "missing_lines": [], "excluded_lines": [], "start_line": 1}}, "classes": {"": {"executed_lines": [7, 8, 10], "summary": {"covered_lines": 3, "num_statements": 3, "percent_covered": 100.0, "percent_covered_display": "100", "missing_lines": 0, "excluded_lines": 0, "percent_statements_covered": 100.0, "percent_statements_covered_display": "100"}, "missing_lines": [], "excluded_lines": [], "start_line": 1}}}, "src\\crud\\patterns.py": {"executed_lines": [8, 9, 10, 12, 13, 17, 20, 117, 189, 247], "summary": {"covered_lines": 10, "num_statements": 122, "percent_covered": 8.19672131147541, "percent_covered_display": "8", "missing_lines": 112, "excluded_lines": 0, "percent_statements_covered": 8.19672131147541, "percent_statements_covered_display": "8"}, "missing_lines": [39, 40, 41, 43, 46, 47, 48, 50, 51, 53, 54, 57, 58, 59, 60, 61, 62, 63, 65, 67, 71, 72, 74, 76, 77, 78, 79, 80, 81, 82, 85, 95, 96, 97, 98, 99, 100, 102, 103, 105, 107, 108, 109, 111, 112, 113, 114, 119, 121, 122, 124, 125, 127, 131, 138, 140, 142, 150, 162, 167, 180, 181, 182, 183, 185, 186, 209, 210, 211, 212, 213, 214, 216, 218, 219, 221, 222, 224, 225, 227, 229, 230, 232, 233, 235, 237, 239, 240, 241, 243, 244, 255, 257, 258, 260, 261, 262, 263, 264, 265, 266, 267, 268, 270, 272, 278, 280, 281, 284, 285, 286, 288], "excluded_lines": [], "functions": {"store_patterns": {"executed_lines": [], "summary": {"covered_lines": 0, "num_statements": 47, "percent_covered": 0.0, "percent_covered_display": "0", "missing_lines": 47, "excluded_lines": 0, "percent_statements_covered": 0.0, "percent_statements_covered_display": "0"}, "missing_lines": [39, 40, 41, 43, 46, 47, 48, 50, 51, 53, 54, 57, 58, 59, 60, 61, 62, 63, 65, 67, 71, 72, 74, 76, 77, 78, 79, 80, 81, 82, 85, 95, 96, 97, 98, 99, 100, 102, 103, 105, 107, 108, 109, 111, 112, 113, 114], "excluded_lines": [], "start_line": 20}, "_store_patterns_raw_sql": {"executed_lines": [], "summary": {"covered_lines": 0, "num_statements": 19, "percent_covered": 0.0, "percent_covered_display": "0", "missing_lines": 19, "excluded_lines": 0, "percent_statements_covered": 0.0, "percent_statements_covered_display": "0"}, "missing_lines": [119, 121, 122, 124, 125, 127, 131, 138, 140, 142, 150, 162, 167, 180, 181, 182, 183, 185, 186], "excluded_lines": [], "start_line": 117}, "get_patterns": {"executed_lines": [], "summary": {"covered_lines": 0, "num_statements": 25, "percent_covered": 0.0, "percent_covered_display": "0", "missing_lines": 25, "excluded_lines": 0, "percent_statements_covered": 0.0, "percent_statements_covered_display": "0"}, "missing_lines": [209, 210, 211, 212, 213, 214, 216, 218, 219, 221, 222, 224, 225, 227, 229, 230, 232, 233, 235, 237, 239, 240, 241, 243, 244], "excluded_lines": [], "start_line": 189}, "_get_patterns_raw_sql": {"executed_lines": [], "summary": {"covered_lines": 0, "num_statements": 21, "percent_covered": 0.0, "percent_covered_display": "0", "missing_lines": 21, "excluded_lines": 0, "percent_statements_covered": 0.0, "percent_statements_covered_display": "0"}, "missing_lines": [255, 257, 258, 260, 261, 262, 263, 264, 265, 266, 267, 268, 270, 272, 278, 280, 281, 284, 285, 286, 288], "excluded_lines": [], "start_line": 247}, "": {"executed_lines": [8, 9, 10, 12, 13, 17, 20, 117, 189, 247], "summary": {"covered_lines": 10, "num_statements": 10, "percent_covered": 100.0, "percent_covered_display": "100", "missing_lines": 0, "excluded_lines": 0, "percent_statements_covered": 100.0, "percent_statements_covered_display": "100"}, "missing_lines": [], "excluded_lines": [], "start_line": 1}}, "classes": {"": {"executed_lines": [8, 9, 10, 12, 13, 17, 20, 117, 189, 247], "summary": {"covered_lines": 10, "num_statements": 122, "percent_covered": 8.19672131147541, "percent_covered_display": "8", "missing_lines": 112, "excluded_lines": 0, "percent_statements_covered": 8.19672131147541, "percent_statements_covered_display": "8"}, "missing_lines": [39, 40, 41, 43, 46, 47, 48, 50, 51, 53, 54, 57, 58, 59, 60, 61, 62, 63, 65, 67, 71, 72, 74, 76, 77, 78, 79, 80, 81, 82, 85, 95, 96, 97, 98, 99, 100, 102, 103, 105, 107, 108, 109, 111, 112, 113, 114, 119, 121, 122, 124, 125, 127, 131, 138, 140, 142, 150, 162, 167, 180, 181, 182, 183, 185, 186, 209, 210, 211, 212, 213, 214, 216, 218, 219, 221, 222, 224, 225, 227, 229, 230, 232, 233, 235, 237, 239, 240, 241, 243, 244, 255, 257, 258, 260, 261, 262, 263, 264, 265, 266, 267, 268, 270, 272, 278, 280, 281, 284, 285, 286, 288], "excluded_lines": [], "start_line": 1}}}, "src\\crud\\synergies.py": {"executed_lines": [8, 9, 10, 11, 13, 14, 15, 17, 20, 177, 306, 368], "summary": {"covered_lines": 12, "num_statements": 189, "percent_covered": 6.349206349206349, "percent_covered_display": "6", "missing_lines": 177, "excluded_lines": 0, "percent_statements_covered": 6.349206349206349, "percent_statements_covered_display": "6"}, "missing_lines": [40, 41, 42, 44, 46, 47, 48, 49, 50, 52, 53, 54, 55, 57, 58, 59, 62, 65, 66, 69, 80, 81, 84, 85, 87, 89, 90, 91, 92, 93, 94, 95, 97, 98, 99, 100, 102, 103, 104, 105, 106, 107, 110, 122, 123, 124, 125, 127, 128, 129, 130, 132, 133, 134, 136, 138, 139, 140, 141, 142, 143, 144, 145, 146, 147, 148, 149, 152, 153, 154, 158, 159, 160, 161, 162, 163, 164, 165, 166, 168, 169, 170, 171, 172, 173, 174, 179, 181, 182, 184, 185, 186, 189, 190, 191, 193, 201, 202, 204, 207, 219, 231, 232, 233, 238, 239, 240, 242, 243, 244, 249, 250, 251, 253, 256, 261, 272, 275, 276, 277, 282, 283, 284, 286, 287, 288, 293, 294, 295, 297, 298, 299, 300, 302, 303, 328, 329, 330, 331, 332, 333, 335, 337, 338, 339, 341, 342, 344, 346, 348, 353, 355, 357, 358, 360, 361, 363, 364, 365, 376, 378, 379, 381, 382, 383, 384, 385, 386, 388, 390, 396, 398, 399, 401, 402, 403, 405], "excluded_lines": [], "functions": {"store_synergy_opportunities": {"executed_lines": [], "summary": {"covered_lines": 0, "num_statements": 86, "percent_covered": 0.0, "percent_covered_display": "0", "missing_lines": 86, "excluded_lines": 0, "percent_statements_covered": 0.0, "percent_statements_covered_display": "0"}, "missing_lines": [40, 41, 42, 44, 46, 47, 48, 49, 50, 52, 53, 54, 55, 57, 58, 59, 62, 65, 66, 69, 80, 81, 84, 85, 87, 89, 90, 91, 92, 93, 94, 95, 97, 98, 99, 100, 102, 103, 104, 105, 106, 107, 110, 122, 123, 124, 125, 127, 128, 129, 130, 132, 133, 134, 136, 138, 139, 140, 141, 142, 143, 144, 145, 146, 147, 148, 149, 152, 153, 154, 158, 159, 160, 161, 162, 163, 164, 165, 166, 168, 169, 170, 171, 172, 173, 174], "excluded_lines": [], "start_line": 20}, "_store_synergies_raw_sql": {"executed_lines": [], "summary": {"covered_lines": 0, "num_statements": 49, "percent_covered": 0.0, "percent_covered_display": "0", "missing_lines": 49, "excluded_lines": 0, "percent_statements_covered": 0.0, "percent_statements_covered_display": "0"}, "missing_lines": [179, 181, 182, 184, 185, 186, 189, 190, 191, 193, 201, 202, 204, 207, 219, 231, 232, 233, 238, 239, 240, 242, 243, 244, 249, 250, 251, 253, 256, 261, 272, 275, 276, 277, 282, 283, 284, 286, 287, 288, 293, 294, 295, 297, 298, 299, 300, 302, 303], "excluded_lines": [], "start_line": 177}, "get_synergy_opportunities": {"executed_lines": [], "summary": {"covered_lines": 0, "num_statements": 24, "percent_covered": 0.0, "percent_covered_display": "0", "missing_lines": 24, "excluded_lines": 0, "percent_statements_covered": 0.0, "percent_statements_covered_display": "0"}, "missing_lines": [328, 329, 330, 331, 332, 333, 335, 337, 338, 339, 341, 342, 344, 346, 348, 353, 355, 357, 358, 360, 361, 363, 364, 365], "excluded_lines": [], "start_line": 306}, "_get_synergies_raw_sql": {"executed_lines": [], "summary": {"covered_lines": 0, "num_statements": 18, "percent_covered": 0.0, "percent_covered_display": "0", "missing_lines": 18, "excluded_lines": 0, "percent_statements_covered": 0.0, "percent_statements_covered_display": "0"}, "missing_lines": [376, 378, 379, 381, 382, 383, 384, 385, 386, 388, 390, 396, 398, 399, 401, 402, 403, 405], "excluded_lines": [], "start_line": 368}, "": {"executed_lines": [8, 9, 10, 11, 13, 14, 15, 17, 20, 177, 306, 368], "summary": {"covered_lines": 12, "num_statements": 12, "percent_covered": 100.0, "percent_covered_display": "100", "missing_lines": 0, "excluded_lines": 0, "percent_statements_covered": 100.0, "percent_statements_covered_display": "100"}, "missing_lines": [], "excluded_lines": [], "start_line": 1}}, "classes": {"": {"executed_lines": [8, 9, 10, 11, 13, 14, 15, 17, 20, 177, 306, 368], "summary": {"covered_lines": 12, "num_statements": 189, "percent_covered": 6.349206349206349, "percent_covered_display": "6", "missing_lines": 177, "excluded_lines": 0, "percent_statements_covered": 6.349206349206349, "percent_statements_covered_display": "6"}, "missing_lines": [40, 41, 42, 44, 46, 47, 48, 49, 50, 52, 53, 54, 55, 57, 58, 59, 62, 65, 66, 69, 80, 81, 84, 85, 87, 89, 90, 91, 92, 93, 94, 95, 97, 98, 99, 100, 102, 103, 104, 105, 106, 107, 110, 122, 123, 124, 125, 127, 128, 129, 130, 132, 133, 134, 136, 138, 139, 140, 141, 142, 143, 144, 145, 146, 147, 148, 149, 152, 153, 154, 158, 159, 160, 161, 162, 163, 164, 165, 166, 168, 169, 170, 171, 172, 173, 174, 179, 181, 182, 184, 185, 186, 189, 190, 191, 193, 201, 202, 204, 207, 219, 231, 232, 233, 238, 239, 240, 242, 243, 244, 249, 250, 251, 253, 256, 261, 272, 275, 276, 277, 282, 283, 284, 286, 287, 288, 293, 294, 295, 297, 298, 299, 300, 302, 303, 328, 329, 330, 331, 332, 333, 335, 337, 338, 339, 341, 342, 344, 346, 348, 353, 355, 357, 358, 360, 361, 363, 364, 365, 376, 378, 379, 381, 382, 383, 384, 385, 386, 388, 390, 396, 398, 399, 401, 402, 403, 405], "excluded_lines": [], "start_line": 1}}}, "src\\database\\__init__.py": {"executed_lines": [8, 9, 10, 16, 18, 22, 23, 34, 35, 59, 68, 88], "summary": {"covered_lines": 12, "num_statements": 47, "percent_covered": 25.53191489361702, "percent_covered_display": "26", "missing_lines": 35, "excluded_lines": 1, "percent_statements_covered": 25.53191489361702, "percent_statements_covered_display": "26"}, "missing_lines": [37, 38, 39, 40, 41, 42, 44, 45, 46, 48, 50, 77, 78, 79, 80, 81, 82, 83, 85, 90, 92, 93, 94, 97, 98, 101, 102, 103, 104, 105, 107, 109, 110, 111, 112], "excluded_lines": [69], "functions": {"set_sqlite_pragma": {"executed_lines": [], "summary": {"covered_lines": 0, "num_statements": 10, "percent_covered": 0.0, "percent_covered_display": "0", "missing_lines": 10, "excluded_lines": 0, "percent_statements_covered": 0.0, "percent_statements_covered_display": "0"}, "missing_lines": [37, 38, 39, 40, 41, 42, 44, 45, 46, 48], "excluded_lines": [], "start_line": 35}, "get_db": {"executed_lines": [], "summary": {"covered_lines": 0, "num_statements": 8, "percent_covered": 0.0, "percent_covered_display": "0", "missing_lines": 8, "excluded_lines": 1, "percent_statements_covered": 0.0, "percent_statements_covered_display": "0"}, "missing_lines": [77, 78, 79, 80, 81, 82, 83, 85], "excluded_lines": [69], "start_line": 68}, "init_db": {"executed_lines": [], "summary": {"covered_lines": 0, "num_statements": 16, "percent_covered": 0.0, "percent_covered_display": "0", "missing_lines": 16, "excluded_lines": 0, "percent_statements_covered": 0.0, "percent_statements_covered_display": "0"}, "missing_lines": [90, 92, 93, 94, 97, 98, 101, 102, 103, 104, 105, 107, 109, 110, 111, 112], "excluded_lines": [], "start_line": 88}, "": {"executed_lines": [8, 9, 10, 16, 18, 22, 23, 34, 35, 59, 68, 88], "summary": {"covered_lines": 12, "num_statements": 13, "percent_covered": 92.3076923076923, "percent_covered_display": "92", "missing_lines": 1, "excluded_lines": 0, "percent_statements_covered": 92.3076923076923, "percent_statements_covered_display": "92"}, "missing_lines": [50], "excluded_lines": [], "start_line": 1}}, "classes": {"": {"executed_lines": [8, 9, 10, 16, 18, 22, 23, 34, 35, 59, 68, 88], "summary": {"covered_lines": 12, "num_statements": 47, "percent_covered": 25.53191489361702, "percent_covered_display": "26", "missing_lines": 35, "excluded_lines": 1, "percent_statements_covered": 25.53191489361702, "percent_statements_covered_display": "26"}, "missing_lines": [37, 38, 39, 40, 41, 42, 44, 45, 46, 48, 50, 77, 78, 79, 80, 81, 82, 83, 85, 90, 92, 93, 94, 97, 98, 101, 102, 103, 104, 105, 107, 109, 110, 111, 112], "excluded_lines": [69], "start_line": 1}}}, "src\\database\\integrity.py": {"executed_lines": [8, 9, 10, 11, 12, 14, 15, 17, 19, 22, 24, 27, 72, 242, 270], "summary": {"covered_lines": 15, "num_statements": 167, "percent_covered": 8.982035928143713, "percent_covered_display": "9", "missing_lines": 152, "excluded_lines": 0, "percent_statements_covered": 8.982035928143713, "percent_statements_covered_display": "9"}, "missing_lines": [39, 41, 42, 45, 46, 47, 50, 51, 58, 59, 60, 63, 64, 66, 67, 69, 87, 89, 90, 92, 93, 94, 96, 98, 99, 100, 101, 104, 105, 106, 110, 111, 112, 116, 117, 125, 127, 128, 129, 131, 132, 134, 135, 136, 137, 138, 139, 140, 142, 143, 145, 146, 147, 150, 151, 154, 155, 157, 158, 159, 160, 161, 162, 163, 165, 166, 167, 168, 169, 170, 173, 174, 175, 177, 178, 179, 180, 181, 182, 183, 184, 185, 187, 188, 189, 190, 191, 192, 194, 197, 198, 199, 200, 202, 203, 204, 207, 208, 209, 211, 213, 214, 215, 216, 217, 218, 219, 220, 221, 223, 224, 225, 226, 228, 229, 230, 231, 233, 234, 235, 238, 239, 252, 253, 267, 291, 293, 295, 296, 298, 299, 300, 302, 303, 304, 305, 307, 308, 311, 313, 314, 315, 317, 318, 319, 320, 321, 322, 323, 324, 326, 329], "excluded_lines": [], "functions": {"check_database_integrity": {"executed_lines": [], "summary": {"covered_lines": 0, "num_statements": 16, "percent_covered": 0.0, "percent_covered_display": "0", "missing_lines": 16, "excluded_lines": 0, "percent_statements_covered": 0.0, "percent_statements_covered_display": "0"}, "missing_lines": [39, 41, 42, 45, 46, 47, 50, 51, 58, 59, 60, 63, 64, 66, 67, 69], "excluded_lines": [], "start_line": 27}, "attempt_database_repair": {"executed_lines": [], "summary": {"covered_lines": 0, "num_statements": 9, "percent_covered": 0.0, "percent_covered_display": "0", "missing_lines": 9, "excluded_lines": 0, "percent_statements_covered": 0.0, "percent_statements_covered_display": "0"}, "missing_lines": [87, 89, 90, 92, 93, 94, 96, 238, 239], "excluded_lines": [], "start_line": 72}, "attempt_database_repair._repair_sync": {"executed_lines": [], "summary": {"covered_lines": 0, "num_statements": 97, "percent_covered": 0.0, "percent_covered_display": "0", "missing_lines": 97, "excluded_lines": 0, "percent_statements_covered": 0.0, "percent_statements_covered_display": "0"}, "missing_lines": [98, 99, 100, 101, 104, 105, 106, 110, 111, 112, 116, 117, 125, 127, 128, 129, 131, 132, 134, 135, 136, 137, 138, 139, 140, 142, 143, 145, 146, 147, 150, 151, 154, 155, 157, 158, 159, 160, 161, 162, 163, 165, 166, 167, 168, 169, 170, 173, 174, 175, 177, 178, 179, 180, 181, 182, 183, 184, 185, 187, 188, 189, 190, 191, 192, 194, 197, 198, 199, 200, 202, 203, 204, 207, 208, 209, 211, 213, 214, 215, 216, 217, 218, 219, 220, 221, 223, 224, 225, 226, 228, 229, 230, 231, 233, 234, 235], "excluded_lines": [], "start_line": 96}, "is_database_corruption_error": {"executed_lines": [], "summary": {"covered_lines": 0, "num_statements": 3, "percent_covered": 0.0, "percent_covered_display": "0", "missing_lines": 3, "excluded_lines": 0, "percent_statements_covered": 0.0, "percent_statements_covered_display": "0"}, "missing_lines": [252, 253, 267], "excluded_lines": [], "start_line": 242}, "safe_database_query": {"executed_lines": [], "summary": {"covered_lines": 0, "num_statements": 27, "percent_covered": 0.0, "percent_covered_display": "0", "missing_lines": 27, "excluded_lines": 0, "percent_statements_covered": 0.0, "percent_statements_covered_display": "0"}, "missing_lines": [291, 293, 295, 296, 298, 299, 300, 302, 303, 304, 305, 307, 308, 311, 313, 314, 315, 317, 318, 319, 320, 321, 322, 323, 324, 326, 329], "excluded_lines": [], "start_line": 270}, "": {"executed_lines": [8, 9, 10, 11, 12, 14, 15, 17, 19, 22, 24, 27, 72, 242, 270], "summary": {"covered_lines": 15, "num_statements": 15, "percent_covered": 100.0, "percent_covered_display": "100", "missing_lines": 0, "excluded_lines": 0, "percent_statements_covered": 100.0, "percent_statements_covered_display": "100"}, "missing_lines": [], "excluded_lines": [], "start_line": 1}}, "classes": {"DatabaseIntegrityError": {"executed_lines": [], "summary": {"covered_lines": 0, "num_statements": 0, "percent_covered": 100.0, "percent_covered_display": "100", "missing_lines": 0, "excluded_lines": 0, "percent_statements_covered": 100.0, "percent_statements_covered_display": "100"}, "missing_lines": [], "excluded_lines": [], "start_line": 22}, "": {"executed_lines": [8, 9, 10, 11, 12, 14, 15, 17, 19, 22, 24, 27, 72, 242, 270], "summary": {"covered_lines": 15, "num_statements": 167, "percent_covered": 8.982035928143713, "percent_covered_display": "9", "missing_lines": 152, "excluded_lines": 0, "percent_statements_covered": 8.982035928143713, "percent_statements_covered_display": "9"}, "missing_lines": [39, 41, 42, 45, 46, 47, 50, 51, 58, 59, 60, 63, 64, 66, 67, 69, 87, 89, 90, 92, 93, 94, 96, 98, 99, 100, 101, 104, 105, 106, 110, 111, 112, 116, 117, 125, 127, 128, 129, 131, 132, 134, 135, 136, 137, 138, 139, 140, 142, 143, 145, 146, 147, 150, 151, 154, 155, 157, 158, 159, 160, 161, 162, 163, 165, 166, 167, 168, 169, 170, 173, 174, 175, 177, 178, 179, 180, 181, 182, 183, 184, 185, 187, 188, 189, 190, 191, 192, 194, 197, 198, 199, 200, 202, 203, 204, 207, 208, 209, 211, 213, 214, 215, 216, 217, 218, 219, 220, 221, 223, 224, 225, 226, 228, 229, 230, 231, 233, 234, 235, 238, 239, 252, 253, 267, 291, 293, 295, 296, 298, 299, 300, 302, 303, 304, 305, 307, 308, 311, 313, 314, 315, 317, 318, 319, 320, 321, 322, 323, 324, 326, 329], "excluded_lines": [], "start_line": 1}}}, "src\\database\\models.py": {"executed_lines": [], "summary": {"covered_lines": 0, "num_statements": 40, "percent_covered": 0.0, "percent_covered_display": "0", "missing_lines": 40, "excluded_lines": 0, "percent_statements_covered": 0.0, "percent_statements_covered_display": "0"}, "missing_lines": [12, 13, 15, 16, 19, 22, 33, 35, 36, 37, 38, 39, 40, 41, 42, 43, 44, 47, 48, 49, 52, 53, 54, 55, 56, 59, 60, 62, 63, 64, 65, 68, 77, 79, 80, 81, 82, 83, 85, 86], "excluded_lines": [], "functions": {"SynergyOpportunity.__repr__": {"executed_lines": [], "summary": {"covered_lines": 0, "num_statements": 3, "percent_covered": 0.0, "percent_covered_display": "0", "missing_lines": 3, "excluded_lines": 0, "percent_statements_covered": 0.0, "percent_statements_covered_display": "0"}, "missing_lines": [63, 64, 65], "excluded_lines": [], "start_line": 62}, "SynergyFeedback.__repr__": {"executed_lines": [], "summary": {"covered_lines": 0, "num_statements": 1, "percent_covered": 0.0, "percent_covered_display": "0", "missing_lines": 1, "excluded_lines": 0, "percent_statements_covered": 0.0, "percent_statements_covered_display": "0"}, "missing_lines": [86], "excluded_lines": [], "start_line": 85}, "": {"executed_lines": [], "summary": {"covered_lines": 0, "num_statements": 36, "percent_covered": 0.0, "percent_covered_display": "0", "missing_lines": 36, "excluded_lines": 0, "percent_statements_covered": 0.0, "percent_statements_covered_display": "0"}, "missing_lines": [12, 13, 15, 16, 19, 22, 33, 35, 36, 37, 38, 39, 40, 41, 42, 43, 44, 47, 48, 49, 52, 53, 54, 55, 56, 59, 60, 62, 68, 77, 79, 80, 81, 82, 83, 85], "excluded_lines": [], "start_line": 1}}, "classes": {"SynergyOpportunity": {"executed_lines": [], "summary": {"covered_lines": 0, "num_statements": 3, "percent_covered": 0.0, "percent_covered_display": "0", "missing_lines": 3, "excluded_lines": 0, "percent_statements_covered": 0.0, "percent_statements_covered_display": "0"}, "missing_lines": [63, 64, 65], "excluded_lines": [], "start_line": 22}, "SynergyFeedback": {"executed_lines": [], "summary": {"covered_lines": 0, "num_statements": 1, "percent_covered": 0.0, "percent_covered_display": "0", "missing_lines": 1, "excluded_lines": 0, "percent_statements_covered": 0.0, "percent_statements_covered_display": "0"}, "missing_lines": [86], "excluded_lines": [], "start_line": 68}, "": {"executed_lines": [], "summary": {"covered_lines": 0, "num_statements": 36, "percent_covered": 0.0, "percent_covered_display": "0", "missing_lines": 36, "excluded_lines": 0, "percent_statements_covered": 0.0, "percent_statements_covered_display": "0"}, "missing_lines": [12, 13, 15, 16, 19, 22, 33, 35, 36, 37, 38, 39, 40, 41, 42, 43, 44, 47, 48, 49, 52, 53, 54, 55, 56, 59, 60, 62, 68, 77, 79, 80, 81, 82, 83, 85], "excluded_lines": [], "start_line": 1}}}, "src\\learning\\__init__.py": {"executed_lines": [], "summary": {"covered_lines": 0, "num_statements": 6, "percent_covered": 0.0, "percent_covered_display": "0", "missing_lines": 6, "excluded_lines": 0, "percent_statements_covered": 0.0, "percent_statements_covered_display": "0"}, "missing_lines": [8, 9, 10, 11, 12, 14], "excluded_lines": [], "functions": {"": {"executed_lines": [], "summary": {"covered_lines": 0, "num_statements": 6, "percent_covered": 0.0, "percent_covered_display": "0", "missing_lines": 6, "excluded_lines": 0, "percent_statements_covered": 0.0, "percent_statements_covered_display": "0"}, "missing_lines": [8, 9, 10, 11, 12, 14], "excluded_lines": [], "start_line": 1}}, "classes": {"": {"executed_lines": [], "summary": {"covered_lines": 0, "num_statements": 6, "percent_covered": 0.0, "percent_covered_display": "0", "missing_lines": 6, "excluded_lines": 0, "percent_statements_covered": 0.0, "percent_statements_covered_display": "0"}, "missing_lines": [8, 9, 10, 11, 12, 14], "excluded_lines": [], "start_line": 1}}}, "src\\learning\\ensemble_quality_scorer.py": {"executed_lines": [], "summary": {"covered_lines": 0, "num_statements": 86, "percent_covered": 0.0, "percent_covered_display": "0", "missing_lines": 86, "excluded_lines": 0, "percent_statements_covered": 0.0, "percent_statements_covered_display": "0"}, "missing_lines": [11, 12, 13, 14, 16, 18, 21, 29, 32, 39, 40, 43, 49, 53, 66, 69, 70, 73, 74, 78, 80, 83, 84, 85, 87, 90, 95, 104, 111, 119, 124, 126, 128, 129, 130, 131, 132, 133, 134, 135, 136, 138, 140, 142, 143, 144, 145, 146, 147, 149, 151, 152, 153, 154, 155, 157, 173, 176, 177, 180, 181, 186, 189, 190, 192, 195, 196, 197, 198, 201, 202, 204, 205, 207, 208, 209, 210, 211, 214, 215, 216, 217, 219, 228, 234, 236], "excluded_lines": [], "functions": {"EnsembleQualityScorer.__init__": {"executed_lines": [], "summary": {"covered_lines": 0, "num_statements": 5, "percent_covered": 0.0, "percent_covered_display": "0", "missing_lines": 5, "excluded_lines": 0, "percent_statements_covered": 0.0, "percent_statements_covered_display": "0"}, "missing_lines": [32, 39, 40, 43, 49], "excluded_lines": [], "start_line": 29}, "EnsembleQualityScorer.calculate_ensemble_quality": {"executed_lines": [], "summary": {"covered_lines": 0, "num_statements": 13, "percent_covered": 0.0, "percent_covered_display": "0", "missing_lines": 13, "excluded_lines": 0, "percent_statements_covered": 0.0, "percent_statements_covered_display": "0"}, "missing_lines": [66, 69, 70, 73, 74, 78, 80, 83, 84, 85, 87, 90, 95], "excluded_lines": [], "start_line": 53}, "EnsembleQualityScorer._calculate_with_weights": {"executed_lines": [], "summary": {"covered_lines": 0, "num_statements": 3, "percent_covered": 0.0, "percent_covered_display": "0", "missing_lines": 3, "excluded_lines": 0, "percent_statements_covered": 0.0, "percent_statements_covered_display": "0"}, "missing_lines": [111, 119, 124], "excluded_lines": [], "start_line": 104}, "EnsembleQualityScorer._extract_frequency": {"executed_lines": [], "summary": {"covered_lines": 0, "num_statements": 10, "percent_covered": 0.0, "percent_covered_display": "0", "missing_lines": 10, "excluded_lines": 0, "percent_statements_covered": 0.0, "percent_statements_covered_display": "0"}, "missing_lines": [128, 129, 130, 131, 132, 133, 134, 135, 136, 138], "excluded_lines": [], "start_line": 126}, "EnsembleQualityScorer._extract_temporal": {"executed_lines": [], "summary": {"covered_lines": 0, "num_statements": 6, "percent_covered": 0.0, "percent_covered_display": "0", "missing_lines": 6, "excluded_lines": 0, "percent_statements_covered": 0.0, "percent_statements_covered_display": "0"}, "missing_lines": [142, 143, 144, 145, 146, 147], "excluded_lines": [], "start_line": 140}, "EnsembleQualityScorer._extract_relationship": {"executed_lines": [], "summary": {"covered_lines": 0, "num_statements": 5, "percent_covered": 0.0, "percent_covered_display": "0", "missing_lines": 5, "excluded_lines": 0, "percent_statements_covered": 0.0, "percent_statements_covered_display": "0"}, "missing_lines": [151, 152, 153, 154, 155], "excluded_lines": [], "start_line": 149}, "EnsembleQualityScorer.update_model_weights": {"executed_lines": [], "summary": {"covered_lines": 0, "num_statements": 28, "percent_covered": 0.0, "percent_covered_display": "0", "missing_lines": 28, "excluded_lines": 0, "percent_statements_covered": 0.0, "percent_statements_covered_display": "0"}, "missing_lines": [173, 176, 177, 180, 181, 186, 189, 190, 192, 195, 196, 197, 198, 201, 202, 204, 205, 207, 208, 209, 210, 211, 214, 215, 216, 217, 219, 228], "excluded_lines": [], "start_line": 157}, "EnsembleQualityScorer.get_ensemble_stats": {"executed_lines": [], "summary": {"covered_lines": 0, "num_statements": 1, "percent_covered": 0.0, "percent_covered_display": "0", "missing_lines": 1, "excluded_lines": 0, "percent_statements_covered": 0.0, "percent_statements_covered_display": "0"}, "missing_lines": [236], "excluded_lines": [], "start_line": 234}, "": {"executed_lines": [], "summary": {"covered_lines": 0, "num_statements": 15, "percent_covered": 0.0, "percent_covered_display": "0", "missing_lines": 15, "excluded_lines": 0, "percent_statements_covered": 0.0, "percent_statements_covered_display": "0"}, "missing_lines": [11, 12, 13, 14, 16, 18, 21, 29, 53, 104, 126, 140, 149, 157, 234], "excluded_lines": [], "start_line": 1}}, "classes": {"EnsembleQualityScorer": {"executed_lines": [], "summary": {"covered_lines": 0, "num_statements": 71, "percent_covered": 0.0, "percent_covered_display": "0", "missing_lines": 71, "excluded_lines": 0, "percent_statements_covered": 0.0, "percent_statements_covered_display": "0"}, "missing_lines": [32, 39, 40, 43, 49, 66, 69, 70, 73, 74, 78, 80, 83, 84, 85, 87, 90, 95, 111, 119, 124, 128, 129, 130, 131, 132, 133, 134, 135, 136, 138, 142, 143, 144, 145, 146, 147, 151, 152, 153, 154, 155, 173, 176, 177, 180, 181, 186, 189, 190, 192, 195, 196, 197, 198, 201, 202, 204, 205, 207, 208, 209, 210, 211, 214, 215, 216, 217, 219, 228, 236], "excluded_lines": [], "start_line": 21}, "": {"executed_lines": [], "summary": {"covered_lines": 0, "num_statements": 15, "percent_covered": 0.0, "percent_covered_display": "0", "missing_lines": 15, "excluded_lines": 0, "percent_statements_covered": 0.0, "percent_statements_covered_display": "0"}, "missing_lines": [11, 12, 13, 14, 16, 18, 21, 29, 53, 104, 126, 140, 149, 157, 234], "excluded_lines": [], "start_line": 1}}}, "src\\learning\\fbvl_quality_scorer.py": {"executed_lines": [], "summary": {"covered_lines": 0, "num_statements": 69, "percent_covered": 0.0, "percent_covered_display": "0", "missing_lines": 69, "excluded_lines": 0, "percent_statements_covered": 0.0, "percent_statements_covered_display": "0"}, "missing_lines": [8, 9, 10, 12, 15, 25, 32, 33, 35, 51, 54, 56, 64, 72, 74, 81, 89, 90, 91, 92, 93, 96, 97, 98, 101, 102, 104, 106, 121, 124, 125, 128, 129, 131, 132, 134, 137, 138, 140, 143, 144, 146, 159, 160, 161, 162, 165, 166, 168, 169, 170, 171, 172, 175, 177, 187, 189, 190, 191, 193, 195, 204, 209, 211, 213, 214, 220, 221, 226], "excluded_lines": [], "functions": {"FBVLQualityScorer.__init__": {"executed_lines": [], "summary": {"covered_lines": 0, "num_statements": 2, "percent_covered": 0.0, "percent_covered_display": "0", "missing_lines": 2, "excluded_lines": 0, "percent_statements_covered": 0.0, "percent_statements_covered_display": "0"}, "missing_lines": [32, 33], "excluded_lines": [], "start_line": 25}, "FBVLQualityScorer.calculate_quality_with_feedback": {"executed_lines": [], "summary": {"covered_lines": 0, "num_statements": 5, "percent_covered": 0.0, "percent_covered_display": "0", "missing_lines": 5, "excluded_lines": 0, "percent_statements_covered": 0.0, "percent_statements_covered_display": "0"}, "missing_lines": [51, 54, 56, 64, 72], "excluded_lines": [], "start_line": 35}, "FBVLQualityScorer._get_validation_feedback": {"executed_lines": [], "summary": {"covered_lines": 0, "num_statements": 12, "percent_covered": 0.0, "percent_covered_display": "0", "missing_lines": 12, "excluded_lines": 0, "percent_statements_covered": 0.0, "percent_statements_covered_display": "0"}, "missing_lines": [81, 89, 90, 91, 92, 93, 96, 97, 98, 101, 102, 104], "excluded_lines": [], "start_line": 74}, "FBVLQualityScorer._apply_feedback": {"executed_lines": [], "summary": {"covered_lines": 0, "num_statements": 13, "percent_covered": 0.0, "percent_covered_display": "0", "missing_lines": 13, "excluded_lines": 0, "percent_statements_covered": 0.0, "percent_statements_covered_display": "0"}, "missing_lines": [121, 124, 125, 128, 129, 131, 132, 134, 137, 138, 140, 143, 144], "excluded_lines": [], "start_line": 106}, "FBVLQualityScorer._patterns_match": {"executed_lines": [], "summary": {"covered_lines": 0, "num_statements": 12, "percent_covered": 0.0, "percent_covered_display": "0", "missing_lines": 12, "excluded_lines": 0, "percent_statements_covered": 0.0, "percent_statements_covered_display": "0"}, "missing_lines": [159, 160, 161, 162, 165, 166, 168, 169, 170, 171, 172, 175], "excluded_lines": [], "start_line": 146}, "FBVLQualityScorer._find_similar_patterns": {"executed_lines": [], "summary": {"covered_lines": 0, "num_statements": 5, "percent_covered": 0.0, "percent_covered_display": "0", "missing_lines": 5, "excluded_lines": 0, "percent_statements_covered": 0.0, "percent_statements_covered_display": "0"}, "missing_lines": [187, 189, 190, 191, 193], "excluded_lines": [], "start_line": 177}, "FBVLQualityScorer.add_validation_data": {"executed_lines": [], "summary": {"covered_lines": 0, "num_statements": 2, "percent_covered": 0.0, "percent_covered_display": "0", "missing_lines": 2, "excluded_lines": 0, "percent_statements_covered": 0.0, "percent_statements_covered_display": "0"}, "missing_lines": [204, 209], "excluded_lines": [], "start_line": 195}, "FBVLQualityScorer.get_feedback_statistics": {"executed_lines": [], "summary": {"covered_lines": 0, "num_statements": 5, "percent_covered": 0.0, "percent_covered_display": "0", "missing_lines": 5, "excluded_lines": 0, "percent_statements_covered": 0.0, "percent_statements_covered_display": "0"}, "missing_lines": [213, 214, 220, 221, 226], "excluded_lines": [], "start_line": 211}, "": {"executed_lines": [], "summary": {"covered_lines": 0, "num_statements": 13, "percent_covered": 0.0, "percent_covered_display": "0", "missing_lines": 13, "excluded_lines": 0, "percent_statements_covered": 0.0, "percent_statements_covered_display": "0"}, "missing_lines": [8, 9, 10, 12, 15, 25, 35, 74, 106, 146, 177, 195, 211], "excluded_lines": [], "start_line": 1}}, "classes": {"FBVLQualityScorer": {"executed_lines": [], "summary": {"covered_lines": 0, "num_statements": 56, "percent_covered": 0.0, "percent_covered_display": "0", "missing_lines": 56, "excluded_lines": 0, "percent_statements_covered": 0.0, "percent_statements_covered_display": "0"}, "missing_lines": [32, 33, 51, 54, 56, 64, 72, 81, 89, 90, 91, 92, 93, 96, 97, 98, 101, 102, 104, 121, 124, 125, 128, 129, 131, 132, 134, 137, 138, 140, 143, 144, 159, 160, 161, 162, 165, 166, 168, 169, 170, 171, 172, 175, 187, 189, 190, 191, 193, 204, 209, 213, 214, 220, 221, 226], "excluded_lines": [], "start_line": 15}, "": {"executed_lines": [], "summary": {"covered_lines": 0, "num_statements": 13, "percent_covered": 0.0, "percent_covered_display": "0", "missing_lines": 13, "excluded_lines": 0, "percent_statements_covered": 0.0, "percent_statements_covered_display": "0"}, "missing_lines": [8, 9, 10, 12, 15, 25, 35, 74, 106, 146, 177, 195, 211], "excluded_lines": [], "start_line": 1}}}, "src\\learning\\pattern_learner.py": {"executed_lines": [], "summary": {"covered_lines": 0, "num_statements": 124, "percent_covered": 0.0, "percent_covered_display": "0", "missing_lines": 124, "excluded_lines": 0, "percent_statements_covered": 0.0, "percent_statements_covered_display": "0"}, "missing_lines": [12, 13, 14, 16, 17, 19, 22, 35, 62, 65, 66, 67, 69, 70, 73, 74, 75, 76, 77, 78, 81, 86, 88, 89, 90, 95, 96, 97, 100, 101, 102, 103, 105, 107, 123, 127, 128, 130, 131, 132, 135, 137, 138, 139, 141, 153, 154, 157, 158, 159, 160, 161, 165, 166, 167, 168, 169, 170, 172, 175, 176, 177, 179, 180, 181, 182, 184, 186, 188, 205, 207, 208, 209, 210, 211, 214, 217, 218, 224, 230, 232, 233, 234, 235, 236, 238, 239, 240, 241, 244, 245, 247, 248, 249, 250, 251, 253, 254, 260, 261, 264, 266, 267, 268, 270, 285, 287, 288, 289, 290, 291, 293, 296, 305, 306, 308, 309, 311, 323, 324, 326, 332, 333, 334], "excluded_lines": [], "functions": {"PatternLearner.learn_from_successful_automation": {"executed_lines": [], "summary": {"covered_lines": 0, "num_statements": 36, "percent_covered": 0.0, "percent_covered_display": "0", "missing_lines": 36, "excluded_lines": 0, "percent_statements_covered": 0.0, "percent_statements_covered_display": "0"}, "missing_lines": [62, 65, 66, 67, 69, 70, 73, 74, 75, 76, 77, 78, 81, 86, 88, 89, 90, 95, 96, 97, 100, 101, 102, 103, 105, 107, 123, 127, 128, 130, 131, 132, 135, 137, 138, 139], "excluded_lines": [], "start_line": 35}, "PatternLearner._build_qa_pattern": {"executed_lines": [], "summary": {"covered_lines": 0, "num_statements": 23, "percent_covered": 0.0, "percent_covered_display": "0", "missing_lines": 23, "excluded_lines": 0, "percent_statements_covered": 0.0, "percent_statements_covered_display": "0"}, "missing_lines": [153, 154, 157, 158, 159, 160, 161, 165, 166, 167, 168, 169, 170, 172, 175, 176, 177, 179, 180, 181, 182, 184, 186], "excluded_lines": [], "start_line": 141}, "PatternLearner.predict_automation_type": {"executed_lines": [], "summary": {"covered_lines": 0, "num_statements": 35, "percent_covered": 0.0, "percent_covered_display": "0", "missing_lines": 35, "excluded_lines": 0, "percent_statements_covered": 0.0, "percent_statements_covered_display": "0"}, "missing_lines": [205, 207, 208, 209, 210, 211, 214, 217, 218, 224, 230, 232, 233, 234, 235, 236, 238, 239, 240, 241, 244, 245, 247, 248, 249, 250, 251, 253, 254, 260, 261, 264, 266, 267, 268], "excluded_lines": [], "start_line": 188}, "PatternLearner.get_pattern_statistics": {"executed_lines": [], "summary": {"covered_lines": 0, "num_statements": 19, "percent_covered": 0.0, "percent_covered_display": "0", "missing_lines": 19, "excluded_lines": 0, "percent_statements_covered": 0.0, "percent_statements_covered_display": "0"}, "missing_lines": [285, 287, 288, 289, 290, 291, 293, 296, 305, 306, 308, 309, 311, 323, 324, 326, 332, 333, 334], "excluded_lines": [], "start_line": 270}, "": {"executed_lines": [], "summary": {"covered_lines": 0, "num_statements": 11, "percent_covered": 0.0, "percent_covered_display": "0", "missing_lines": 11, "excluded_lines": 0, "percent_statements_covered": 0.0, "percent_statements_covered_display": "0"}, "missing_lines": [12, 13, 14, 16, 17, 19, 22, 35, 141, 188, 270], "excluded_lines": [], "start_line": 1}}, "classes": {"PatternLearner": {"executed_lines": [], "summary": {"covered_lines": 0, "num_statements": 113, "percent_covered": 0.0, "percent_covered_display": "0", "missing_lines": 113, "excluded_lines": 0, "percent_statements_covered": 0.0, "percent_statements_covered_display": "0"}, "missing_lines": [62, 65, 66, 67, 69, 70, 73, 74, 75, 76, 77, 78, 81, 86, 88, 89, 90, 95, 96, 97, 100, 101, 102, 103, 105, 107, 123, 127, 128, 130, 131, 132, 135, 137, 138, 139, 153, 154, 157, 158, 159, 160, 161, 165, 166, 167, 168, 169, 170, 172, 175, 176, 177, 179, 180, 181, 182, 184, 186, 205, 207, 208, 209, 210, 211, 214, 217, 218, 224, 230, 232, 233, 234, 235, 236, 238, 239, 240, 241, 244, 245, 247, 248, 249, 250, 251, 253, 254, 260, 261, 264, 266, 267, 268, 285, 287, 288, 289, 290, 291, 293, 296, 305, 306, 308, 309, 311, 323, 324, 326, 332, 333, 334], "excluded_lines": [], "start_line": 22}, "": {"executed_lines": [], "summary": {"covered_lines": 0, "num_statements": 11, "percent_covered": 0.0, "percent_covered_display": "0", "missing_lines": 11, "excluded_lines": 0, "percent_statements_covered": 0.0, "percent_statements_covered_display": "0"}, "missing_lines": [12, 13, 14, 16, 17, 19, 22, 35, 141, 188, 270], "excluded_lines": [], "start_line": 1}}}, "src\\learning\\pattern_quality_scorer.py": {"executed_lines": [], "summary": {"covered_lines": 0, "num_statements": 101, "percent_covered": 0.0, "percent_covered_display": "0", "missing_lines": 101, "excluded_lines": 0, "percent_statements_covered": 0.0, "percent_statements_covered_display": "0"}, "missing_lines": [8, 9, 11, 14, 21, 30, 31, 32, 34, 59, 60, 61, 62, 65, 73, 76, 77, 78, 81, 82, 83, 84, 86, 88, 102, 104, 105, 107, 109, 110, 112, 113, 114, 115, 116, 117, 118, 119, 121, 123, 125, 127, 128, 129, 130, 131, 132, 133, 134, 135, 136, 137, 139, 141, 143, 145, 148, 149, 150, 151, 154, 155, 157, 158, 159, 160, 161, 162, 163, 165, 167, 169, 172, 173, 174, 175, 176, 177, 178, 181, 182, 183, 184, 185, 188, 189, 190, 192, 194, 196, 197, 198, 199, 201, 202, 204, 205, 206, 207, 208, 210], "excluded_lines": [], "functions": {"PatternQualityScorer.__init__": {"executed_lines": [], "summary": {"covered_lines": 0, "num_statements": 3, "percent_covered": 0.0, "percent_covered_display": "0", "missing_lines": 3, "excluded_lines": 0, "percent_statements_covered": 0.0, "percent_statements_covered_displa
[...]
"excluded_lines": 0, "percent_statements_covered": 0.0, "percent_statements_covered_display": "0"}, "missing_lines": [214, 215, 216, 217, 218, 219, 222, 223, 224, 226, 228, 229, 230, 232, 234, 235, 236, 238, 240, 241, 242, 245, 246, 247, 248, 250, 252, 253, 254, 257, 258, 259, 260, 262, 265, 266, 267, 268, 269, 270, 274, 275, 276, 277, 278, 279, 280, 284, 285, 286, 287, 288, 289, 290, 291, 293], "excluded_lines": [], "start_line": 195}, "DeviceSynergyDetector._check_pdl_guardrails": {"executed_lines": [], "summary": {"covered_lines": 0, "num_statements": 11, "percent_covered": 0.0, "percent_covered_display": "0", "missing_lines": 11, "excluded_lines": 3, "percent_statements_covered": 0.0, "percent_statements_covered_display": "0"}, "missing_lines": [308, 309, 311, 312, 313, 314, 315, 323, 324, 325, 326], "excluded_lines": [327, 328, 333], "start_line": 298}, "DeviceSynergyDetector._rank_and_filter_synergies": {"executed_lines": [], "summary": {"covered_lines": 0, "num_statements": 21, "percent_covered": 0.0, "percent_covered_display": "0", "missing_lines": 21, "excluded_lines": 0, "percent_statements_covered": 0.0, "percent_statements_covered_display": "0"}, "missing_lines": [350, 351, 354, 357, 358, 362, 365, 366, 368, 371, 372, 373, 375, 377, 378, 379, 380, 382, 383, 387, 392], "excluded_lines": [], "start_line": 335}, "DeviceSynergyDetector._log_synergy_results": {"executed_lines": [], "summary": {"covered_lines": 0, "num_statements": 10, "percent_covered": 0.0, "percent_covered_display": "0", "missing_lines": 10, "excluded_lines": 0, "percent_statements_covered": 0.0, "percent_statements_covered_display": "0"}, "missing_lines": [412, 422, 423, 424, 425, 426, 427, 428, 429, 434], "excluded_lines": [], "start_line": 394}, "DeviceSynergyDetector.detect_synergies": {"executed_lines": [], "summary": {"covered_lines": 0, "num_statements": 33, "percent_covered": 0.0, "percent_covered_display": "0", "missing_lines": 33, "excluded_lines": 0, "percent_statements_covered": 0.0, "percent_statements_covered_display": "0"}, "missing_lines": [446, 447, 448, 450, 452, 453, 454, 457, 458, 461, 462, 463, 464, 465, 468, 471, 472, 475, 476, 479, 480, 481, 483, 484, 485, 486, 487, 491, 492, 494, 496, 497, 498], "excluded_lines": [], "start_line": 439}, "DeviceSynergyDetector._fetch_device_data": {"executed_lines": [], "summary": {"covered_lines": 0, "num_statements": 9, "percent_covered": 0.0, "percent_covered_display": "0", "missing_lines": 9, "excluded_lines": 0, "percent_statements_covered": 0.0, "percent_statements_covered_display": "0"}, "missing_lines": [507, 508, 509, 511, 512, 513, 514, 516, 517], "excluded_lines": [], "start_line": 500}, "DeviceSynergyDetector._detect_compatible_pairs_pipeline": {"executed_lines": [], "summary": {"covered_lines": 0, "num_statements": 11, "percent_covered": 0.0, "percent_covered_display": "0", "missing_lines": 11, "excluded_lines": 0, "percent_statements_covered": 0.0, "percent_statements_covered_display": "0"}, "missing_lines": [535, 536, 537, 538, 539, 542, 543, 544, 545, 546, 548], "excluded_lines": [], "start_line": 519}, "DeviceSynergyDetector._get_devices": {"executed_lines": [], "summary": {"covered_lines": 0, "num_statements": 12, "percent_covered": 0.0, "percent_covered_display": "0", "missing_lines": 12, "excluded_lines": 0, "percent_statements_covered": 0.0, "percent_statements_covered_display": "0"}, "missing_lines": [553, 556, 557, 559, 560, 561, 562, 563, 564, 565, 566, 567], "excluded_lines": [], "start_line": 550}, "DeviceSynergyDetector._get_entities": {"executed_lines": [], "summary": {"covered_lines": 0, "num_statements": 12, "percent_covered": 0.0, "percent_covered_display": "0", "missing_lines": 12, "excluded_lines": 0, "percent_statements_covered": 0.0, "percent_statements_covered_display": "0"}, "missing_lines": [572, 575, 576, 578, 579, 580, 581, 582, 583, 584, 585, 586], "excluded_lines": [], "start_line": 569}, "DeviceSynergyDetector._find_device_pairs_by_area": {"executed_lines": [], "summary": {"covered_lines": 0, "num_statements": 45, "percent_covered": 0.0, "percent_covered_display": "0", "missing_lines": 45, "excluded_lines": 0, "percent_statements_covered": 0.0, "percent_statements_covered_display": "0"}, "missing_lines": [604, 605, 606, 607, 608, 609, 610, 611, 613, 615, 618, 619, 620, 622, 623, 625, 626, 629, 640, 641, 643, 644, 645, 646, 647, 648, 651, 652, 653, 654, 655, 656, 659, 660, 661, 663, 664, 667, 668, 670, 671, 673, 680, 682, 684], "excluded_lines": [], "start_line": 588}, "DeviceSynergyDetector._check_relationship_match": {"executed_lines": [], "summary": {"covered_lines": 0, "num_statements": 9, "percent_covered": 0.0, "percent_covered_display": "0", "missing_lines": 9, "excluded_lines": 0, "percent_statements_covered": 0.0, "percent_statements_covered_display": "0"}, "missing_lines": [707, 708, 711, 712, 713, 716, 717, 718, 720], "excluded_lines": [], "start_line": 686}, "DeviceSynergyDetector._check_device_class_match": {"executed_lines": [], "summary": {"covered_lines": 0, "num_statements": 4, "percent_covered": 0.0, "percent_covered_display": "0", "missing_lines": 4, "excluded_lines": 0, "percent_statements_covered": 0.0, "percent_statements_covered_display": "0"}, "missing_lines": [737, 738, 740, 741], "excluded_lines": [], "start_line": 722}, "DeviceSynergyDetector._create_compatible_pair_dict": {"executed_lines": [], "summary": {"covered_lines": 0, "num_statements": 1, "percent_covered": 0.0, "percent_covered_display": "0", "missing_lines": 1, "excluded_lines": 0, "percent_statements_covered": 0.0, "percent_statements_covered_display": "0"}, "missing_lines": [764], "excluded_lines": [], "start_line": 743}, "DeviceSynergyDetector._filter_compatible_pairs": {"executed_lines": [], "summary": {"covered_lines": 0, "num_statements": 12, "percent_covered": 0.0, "percent_covered_display": "0", "missing_lines": 12, "excluded_lines": 0, "percent_statements_covered": 0.0, "percent_statements_covered_display": "0"}, "missing_lines": [784, 786, 787, 788, 789, 790, 793, 794, 798, 799, 800, 806], "excluded_lines": [], "start_line": 774}, "DeviceSynergyDetector._get_automation_parser": {"executed_lines": [], "summary": {"covered_lines": 0, "num_statements": 6, "percent_covered": 0.0, "percent_covered_display": "0", "missing_lines": 6, "excluded_lines": 0, "percent_statements_covered": 0.0, "percent_statements_covered_display": "0"}, "missing_lines": [815, 816, 817, 818, 819, 820], "excluded_lines": [], "start_line": 808}, "DeviceSynergyDetector._log_filtered_pair": {"executed_lines": [], "summary": {"covered_lines": 0, "num_statements": 4, "percent_covered": 0.0, "percent_covered_display": "0", "missing_lines": 4, "excluded_lines": 0, "percent_statements_covered": 0.0, "percent_statements_covered_display": "0"}, "missing_lines": [839, 840, 841, 845], "excluded_lines": [], "start_line": 822}, "DeviceSynergyDetector._filter_pairs_with_parser": {"executed_lines": [], "summary": {"covered_lines": 0, "num_statements": 10, "percent_covered": 0.0, "percent_covered_display": "0", "missing_lines": 10, "excluded_lines": 0, "percent_statements_covered": 0.0, "percent_statements_covered_display": "0"}, "missing_lines": [862, 863, 865, 866, 867, 870, 871, 872, 878, 880], "excluded_lines": [], "start_line": 847}, "DeviceSynergyDetector._filter_existing_automations": {"executed_lines": [], "summary": {"covered_lines": 0, "num_statements": 26, "percent_covered": 0.0, "percent_covered_display": "0", "missing_lines": 26, "excluded_lines": 0, "percent_statements_covered": 0.0, "percent_statements_covered_display": "0"}, "missing_lines": [900, 901, 902, 905, 906, 907, 909, 911, 912, 914, 915, 916, 919, 920, 921, 925, 927, 928, 933, 934, 935, 937, 939, 940, 941, 942], "excluded_lines": [], "start_line": 882}, "DeviceSynergyDetector._rank_opportunities": {"executed_lines": [], "summary": {"covered_lines": 0, "num_statements": 11, "percent_covered": 0.0, "percent_covered_display": "0", "missing_lines": 11, "excluded_lines": 0, "percent_statements_covered": 0.0, "percent_statements_covered_display": "0"}, "missing_lines": [954, 956, 957, 960, 961, 964, 971, 974, 977, 997, 999], "excluded_lines": [], "start_line": 944}, "DeviceSynergyDetector._group_synergies_by_area": {"executed_lines": [], "summary": {"covered_lines": 0, "num_statements": 7, "percent_covered": 0.0, "percent_covered_display": "0", "missing_lines": 7, "excluded_lines": 0, "percent_statements_covered": 0.0, "percent_statements_covered_display": "0"}, "missing_lines": [1014, 1015, 1016, 1017, 1018, 1019, 1020], "excluded_lines": [], "start_line": 1001}, "DeviceSynergyDetector._calculate_fallback_score": {"executed_lines": [], "summary": {"covered_lines": 0, "num_statements": 7, "percent_covered": 0.0, "percent_covered_display": "0", "missing_lines": 7, "excluded_lines": 0, "percent_statements_covered": 0.0, "percent_statements_covered_display": "0"}, "missing_lines": [1035, 1036, 1037, 1039, 1040, 1041, 1042], "excluded_lines": [], "start_line": 1022}, "DeviceSynergyDetector._ensure_synergy_scores": {"executed_lines": [], "summary": {"covered_lines": 0, "num_statements": 4, "percent_covered": 0.0, "percent_covered_display": "0", "missing_lines": 4, "excluded_lines": 0, "percent_statements_covered": 0.0, "percent_statements_covered_display": "0"}, "missing_lines": [1054, 1055, 1056, 1057], "excluded_lines": [], "start_line": 1044}, "DeviceSynergyDetector._calculate_synergy_score_with_fallback": {"executed_lines": [], "summary": {"covered_lines": 0, "num_statements": 10, "percent_covered": 0.0, "percent_covered_display": "0", "missing_lines": 10, "excluded_lines": 0, "percent_statements_covered": 0.0, "percent_statements_covered_display": "0"}, "missing_lines": [1078, 1081, 1089, 1090, 1091, 1093, 1094, 1096, 1097, 1098], "excluded_lines": [], "start_line": 1059}, "DeviceSynergyDetector._log_scoring_results": {"executed_lines": [], "summary": {"covered_lines": 0, "num_statements": 9, "percent_covered": 0.0, "percent_covered_display": "0", "missing_lines": 9, "excluded_lines": 0, "percent_statements_covered": 0.0, "percent_statements_covered_display": "0"}, "missing_lines": [1110, 1111, 1112, 1114, 1116, 1117, 1118, 1119, 1125], "excluded_lines": [], "start_line": 1100}, "DeviceSynergyDetector._rank_opportunities_advanced": {"executed_lines": [], "summary": {"covered_lines": 0, "num_statements": 39, "percent_covered": 0.0, "percent_covered_display": "0", "missing_lines": 39, "excluded_lines": 0, "percent_statements_covered": 0.0, "percent_statements_covered_display": "0"}, "missing_lines": [1147, 1150, 1153, 1154, 1155, 1156, 1158, 1164, 1167, 1168, 1170, 1173, 1174, 1175, 1177, 1179, 1180, 1181, 1182, 1184, 1185, 1189, 1190, 1191, 1192, 1193, 1195, 1197, 1198, 1199, 1200, 1201, 1202, 1203, 1205, 1206, 1210, 1213, 1215], "excluded_lines": [], "start_line": 1127}, "DeviceSynergyDetector._build_action_lookup": {"executed_lines": [], "summary": {"covered_lines": 0, "num_statements": 8, "percent_covered": 0.0, "percent_covered_display": "0", "missing_lines": 8, "excluded_lines": 0, "percent_statements_covered": 0.0, "percent_statements_covered_display": "0"}, "missing_lines": [1230, 1231, 1232, 1233, 1234, 1235, 1236, 1237], "excluded_lines": [], "start_line": 1217}, "DeviceSynergyDetector._should_skip_chain": {"executed_lines": [], "summary": {"covered_lines": 0, "num_statements": 6, "percent_covered": 0.0, "percent_covered_display": "0", "missing_lines": 6, "excluded_lines": 0, "percent_statements_covered": 0.0, "percent_statements_covered_display": "0"}, "missing_lines": [1261, 1262, 1265, 1266, 1267, 1269], "excluded_lines": [], "start_line": 1239}, "DeviceSynergyDetector._create_3_device_chain": {"executed_lines": [], "summary": {"covered_lines": 0, "num_statements": 1, "percent_covered": 0.0, "percent_covered_display": "0", "missing_lines": 1, "excluded_lines": 0, "percent_statements_covered": 0.0, "percent_statements_covered_display": "0"}, "missing_lines": [1292], "excluded_lines": [], "start_line": 1271}, "DeviceSynergyDetector._try_get_cached_chain": {"executed_lines": [], "summary": {"covered_lines": 0, "num_statements": 6, "percent_covered": 0.0, "percent_covered_display": "0", "missing_lines": 6, "excluded_lines": 0, "percent_statements_covered": 0.0, "percent_statements_covered_display": "0"}, "missing_lines": [1324, 1325, 1327, 1328, 1329, 1330], "excluded_lines": [], "start_line": 1311}, "DeviceSynergyDetector._detect_3_device_chains": {"executed_lines": [], "summary": {"covered_lines": 0, "num_statements": 40, "percent_covered": 0.0, "percent_covered_display": "0", "missing_lines": 40, "excluded_lines": 0, "percent_statements_covered": 0.0, "percent_statements_covered_display": "0"}, "missing_lines": [1355, 1356, 1358, 1359, 1360, 1362, 1363, 1366, 1367, 1369, 1370, 1371, 1373, 1374, 1377, 1378, 1379, 1381, 1382, 1383, 1384, 1386, 1389, 1390, 1393, 1394, 1395, 1396, 1397, 1400, 1405, 1406, 1407, 1408, 1409, 1411, 1413, 1415, 1416, 1418], "excluded_lines": [], "start_line": 1332}, "DeviceSynergyDetector._should_skip_4_chain": {"executed_lines": [], "summary": {"covered_lines": 0, "num_statements": 11, "percent_covered": 0.0, "percent_covered_display": "0", "missing_lines": 11, "excluded_lines": 0, "percent_statements_covered": 0.0, "percent_statements_covered_display": "0"}, "missing_lines": [1444, 1445, 1448, 1449, 1452, 1453, 1455, 1456, 1458, 1459, 1461], "excluded_lines": [], "start_line": 1420}, "DeviceSynergyDetector._create_4_device_chain": {"executed_lines": [], "summary": {"covered_lines": 0, "num_statements": 1, "percent_covered": 0.0, "percent_covered_display": "0", "missing_lines": 1, "excluded_lines": 0, "percent_statements_covered": 0.0, "percent_statements_covered_display": "0"}, "missing_lines": [1486], "excluded_lines": [], "start_line": 1463}, "DeviceSynergyDetector._detect_4_device_chains": {"executed_lines": [], "summary": {"covered_lines": 0, "num_statements": 46, "percent_covered": 0.0, "percent_covered_display": "0", "missing_lines": 46, "excluded_lines": 0, "percent_statements_covered": 0.0, "percent_statements_covered_display": "0"}, "missing_lines": [1538, 1539, 1541, 1542, 1546, 1548, 1549, 1550, 1552, 1553, 1556, 1557, 1559, 1560, 1561, 1563, 1564, 1565, 1566, 1568, 1571, 1572, 1573, 1575, 1576, 1577, 1578, 1580, 1583, 1584, 1587, 1588, 1589, 1590, 1591, 1594, 1597, 1598, 1599, 1600, 1601, 1603, 1605, 1607, 1608, 1613], "excluded_lines": [], "start_line": 1512}, "DeviceSynergyDetector._is_valid_cross_area_chain": {"executed_lines": [], "summary": {"covered_lines": 0, "num_statements": 1, "percent_covered": 0.0, "percent_covered_display": "0", "missing_lines": 1, "excluded_lines": 0, "percent_statements_covered": 0.0, "percent_statements_covered_display": "0"}, "missing_lines": [1629], "excluded_lines": [], "start_line": 1615}, "DeviceSynergyDetector.clear_cache": {"executed_lines": [], "summary": {"covered_lines": 0, "num_statements": 6, "percent_covered": 0.0, "percent_covered_display": "0", "missing_lines": 6, "excluded_lines": 0, "percent_statements_covered": 0.0, "percent_statements_covered_display": "0"}, "missing_lines": [1633, 1634, 1635, 1637, 1638, 1643], "excluded_lines": [], "start_line": 1631}, "": {"executed_lines": [11, 12, 13, 14, 15, 17, 20, 21, 22, 27, 28, 29, 34, 35, 36, 41, 42, 43, 48, 53, 54, 55, 63, 185, 195, 298, 335, 394, 439, 500, 519, 550, 569, 588, 686, 722, 743, 774, 808, 822, 847, 882, 944, 1001, 1022, 1044, 1059, 1100, 1127, 1217, 1239, 1271, 1311, 1332, 1420, 1463, 1512, 1615, 1631], "summary": {"covered_lines": 59, "num_statements": 75, "percent_covered": 78.66666666666667, "percent_covered_display": "79", "missing_lines": 16, "excluded_lines": 0, "percent_statements_covered": 78.66666666666667, "percent_statements_covered_display": "79"}, "missing_lines": [23, 24, 25, 30, 31, 32, 37, 38, 39, 44, 45, 46, 56, 57, 58, 59], "excluded_lines": [], "start_line": 1}}, "classes": {"DeviceSynergyDetector": {"executed_lines": [], "summary": {"covered_lines": 0, "num_statements": 505, "percent_covered": 0.0, "percent_covered_display": "0", "missing_lines": 505, "excluded_lines": 3, "percent_statements_covered": 0.0, "percent_statements_covered_display": "0"}, "missing_lines": [214, 215, 216, 217, 218, 219, 222, 223, 224, 226, 228, 229, 230, 232, 234, 235, 236, 238, 240, 241, 242, 245, 246, 247, 248, 250, 252, 253, 254, 257, 258, 259, 260, 262, 265, 266, 267, 268, 269, 270, 274, 275, 276, 277, 278, 279, 280, 284, 285, 286, 287, 288, 289, 290, 291, 293, 308, 309, 311, 312, 313, 314, 315, 323, 324, 325, 326, 350, 351, 354, 357, 358, 362, 365, 366, 368, 371, 372, 373, 375, 377, 378, 379, 380, 382, 383, 387, 392, 412, 422, 423, 424, 425, 426, 427, 428, 429, 434, 446, 447, 448, 450, 452, 453, 454, 457, 458, 461, 462, 463, 464, 465, 468, 471, 472, 475, 476, 479, 480, 481, 483, 484, 485, 486, 487, 491, 492, 494, 496, 497, 498, 507, 508, 509, 511, 512, 513, 514, 516, 517, 535, 536, 537, 538, 539, 542, 543, 544, 545, 546, 548, 553, 556, 557, 559, 560, 561, 562, 563, 564, 565, 566, 567, 572, 575, 576, 578, 579, 580, 581, 582, 583, 584, 585, 586, 604, 605, 606, 607, 608, 609, 610, 611, 613, 615, 618, 619, 620, 622, 623, 625, 626, 629, 640, 641, 643, 644, 645, 646, 647, 648, 651, 652, 653, 654, 655, 656, 659, 660, 661, 663, 664, 667, 668, 670, 671, 673, 680, 682, 684, 707, 708, 711, 712, 713, 716, 717, 718, 720, 737, 738, 740, 741, 764, 784, 786, 787, 788, 789, 790, 793, 794, 798, 799, 800, 806, 815, 816, 817, 818, 819, 820, 839, 840, 841, 845, 862, 863, 865, 866, 867, 870, 871, 872, 878, 880, 900, 901, 902, 905, 906, 907, 909, 911, 912, 914, 915, 916, 919, 920, 921, 925, 927, 928, 933, 934, 935, 937, 939, 940, 941, 942, 954, 956, 957, 960, 961, 964, 971, 974, 977, 997, 999, 1014, 1015, 1016, 1017, 1018, 1019, 1020, 1035, 1036, 1037, 1039, 1040, 1041, 1042, 1054, 1055, 1056, 1057, 1078, 1081, 1089, 1090, 1091, 1093, 1094, 1096, 1097, 1098, 1110, 1111, 1112, 1114, 1116, 1117, 1118, 1119, 1125, 1147, 1150, 1153, 1154, 1155, 1156, 1158, 1164, 1167, 1168, 1170, 1173, 1174, 1175, 1177, 1179, 1180, 1181, 1182, 1184, 1185, 1189, 1190, 1191, 1192, 1193, 1195, 1197, 1198, 1199, 1200, 1201, 1202, 1203, 1205, 1206, 1210, 1213, 1215, 1230, 1231, 1232, 1233, 1234, 1235, 1236, 1237, 1261, 1262, 1265, 1266, 1267, 1269, 1292, 1324, 1325, 1327, 1328, 1329, 1330, 1355, 1356, 1358, 1359, 1360, 1362, 1363, 1366, 1367, 1369, 1370, 1371, 1373, 1374, 1377, 1378, 1379, 1381, 1382, 1383, 1384, 1386, 1389, 1390, 1393, 1394, 1395, 1396, 1397, 1400, 1405, 1406, 1407, 1408, 1409, 1411, 1413, 1415, 1416, 1418, 1444, 1445, 1448, 1449, 1452, 1453, 1455, 1456, 1458, 1459, 1461, 1486, 1538, 1539, 1541, 1542, 1546, 1548, 1549, 1550, 1552, 1553, 1556, 1557, 1559, 1560, 1561, 1563, 1564, 1565, 1566, 1568, 1571, 1572, 1573, 1575, 1576, 1577, 1578, 1580, 1583, 1584, 1587, 1588, 1589, 1590, 1591, 1594, 1597, 1598, 1599, 1600, 1601, 1603, 1605, 1607, 1608, 1613, 1629, 1633, 1634, 1635, 1637, 1638, 1643], "excluded_lines": [327, 328, 333], "start_line": 185}, "": {"executed_lines": [11, 12, 13, 14, 15, 17, 20, 21, 22, 27, 28, 29, 34, 35, 36, 41, 42, 43, 48, 53, 54, 55, 63, 185, 195, 298, 335, 394, 439, 500, 519, 550, 569, 588, 686, 722, 743, 774, 808, 822, 847, 882, 944, 1001, 1022, 1044, 1059, 1100, 1127, 1217, 1239, 1271, 1311, 1332, 1420, 1463, 1512, 1615, 1631], "summary": {"covered_lines": 59, "num_statements": 75, "percent_covered": 78.66666666666667, "percent_covered_display": "79", "missing_lines": 16, "excluded_lines": 0, "percent_statements_covered": 78.66666666666667, "percent_statements_covered_display": "79"}, "missing_lines": [23, 24, 25, 30, 31, 32, 37, 38, 39, 44, 45, 46, 56, 57, 58, 59], "excluded_lines": [], "start_line": 1}}}}, "totals": {"covered_lines": 565, "num_statements": 4612, "percent_covered": 12.250650477016478, "percent_covered_display": "12", "missing_lines": 4047, "excluded_lines": 4, "percent_statements_covered": 12.250650477016478, "percent_statements_covered_display": "12"}}