{"meta": {"format": 3, "version": "7.10.6", "timestamp": "2025-12-10T16:46:53.399789", "branch_coverage": false, "show_contexts": false}, "files": {"src\\__init__.py": {"executed_lines": [1], "summary": {"covered_lines": 0, "num_statements": 0, "percent_covered": 100.0, "percent_covered_display": "100", "missing_lines": 0, "excluded_lines": 0}, "missing_lines": [], "excluded_lines": [], "functions": {"": {"executed_lines": [1], "summary": {"covered_lines": 0, "num_statements": 0, "percent_covered": 100.0, "percent_covered_display": "100", "missing_lines": 0, "excluded_lines": 0}, "missing_lines": [], "excluded_lines": []}}, "classes": {"": {"executed_lines": [1], "summary": {"covered_lines": 0, "num_statements": 0, "percent_covered": 100.0, "percent_covered_display": "100", "missing_lines": 0, "excluded_lines": 0}, "missing_lines": [], "excluded_lines": []}}}, "src\\health_check.py": {"executed_lines": [1, 5, 6, 8, 10, 13, 14, 16, 17, 18, 19, 20, 22, 25, 28, 29, 34, 45], "summary": {"covered_lines": 16, "num_statements": 19, "percent_covered": 84.21052631578948, "percent_covered_display": "84", "missing_lines": 3, "excluded_lines": 0}, "missing_lines": [30, 31, 32], "excluded_lines": [], "functions": {"HealthCheckHandler.__init__": {"executed_lines": [17, 18, 19, 20], "summary": {"covered_lines": 4, "num_statements": 4, "percent_covered": 100.0, "percent_covered_display": "100", "missing_lines": 0, "excluded_lines": 0}, "missing_lines": [], "excluded_lines": []}, "HealthCheckHandler.handle": {"executed_lines": [25, 28, 29, 34, 45], "summary": {"covered_lines": 5, "num_statements": 8, "percent_covered": 62.5, "percent_covered_display": "62", "missing_lines": 3, "excluded_lines": 0}, "missing_lines": [30, 31, 32], "excluded_lines": []}, "": {"executed_lines": [1, 5, 6, 8, 10, 13, 14, 16, 22], "summary": {"covered_lines": 7, "num_statements": 7, "percent_covered": 100.0, "percent_covered_display": "100", "missing_lines": 0, "excluded_lines": 0}, "missing_lines": [], "excluded_lines": []}}, "classes": {"HealthCheckHandler": {"executed_lines": [17, 18, 19, 20, 25, 28, 29, 34, 45], "summary": {"covered_lines": 9, "num_statements": 12, "percent_covered": 75.0, "percent_covered_display": "75", "missing_lines": 3, "excluded_lines": 0}, "missing_lines": [30, 31, 32], "excluded_lines": []}, "": {"executed_lines": [1, 5, 6, 8, 10, 13, 14, 16, 22], "summary": {"covered_lines": 7, "num_statements": 7, "percent_covered": 100.0, "percent_covered_display": "100", "missing_lines": 0, "excluded_lines": 0}, "missing_lines": [], "excluded_lines": []}}}, "src\\main.py": {"executed_lines": [1, 6, 7, 8, 9, 10, 12, 13, 14, 15, 18, 20, 21, 22, 24, 27, 30, 33, 34, 36, 37, 38, 41, 42, 43, 44, 47, 48, 51, 52, 54, 57, 58, 61, 64, 67, 70, 73, 74, 77, 78, 80, 83, 87, 89, 90, 91, 93, 95, 114, 116, 118, 119, 121, 122, 124, 126, 129, 130, 137, 140, 141, 144, 145, 148, 149, 151, 152, 154, 156, 157, 163, 166, 167, 168, 170, 172, 178, 182, 184, 187, 194, 197, 198, 204, 207, 209, 211, 213, 214, 221, 227, 228, 232, 233, 238, 239, 240, 241, 243, 244, 245, 251, 255, 258, 260, 261, 263, 266, 267, 272, 273, 280, 283, 294, 326], "summary": {"covered_lines": 114, "num_statements": 142, "percent_covered": 80.28169014084507, "percent_covered_display": "80", "missing_lines": 28, "excluded_lines": 0}, "missing_lines": [97, 100, 105, 112, 179, 180, 270, 285, 288, 289, 291, 296, 299, 300, 303, 304, 305, 308, 309, 310, 312, 314, 316, 318, 319, 322, 323, 327], "excluded_lines": [], "functions": {"ElectricityPricingService.__init__": {"executed_lines": [37, 38, 41, 42, 43, 44, 47, 48, 51, 52, 54, 57, 58, 61, 64, 67, 70, 73, 74, 77, 78], "summary": {"covered_lines": 21, "num_statements": 21, "percent_covered": 100.0, "percent_covered_display": "100", "missing_lines": 0, "excluded_lines": 0}, "missing_lines": [], "excluded_lines": []}, "ElectricityPricingService._get_provider": {"executed_lines": [83, 87, 89, 90, 91, 93], "summary": {"covered_lines": 6, "num_statements": 6, "percent_covered": 100.0, "percent_covered_display": "100", "missing_lines": 0, "excluded_lines": 0}, "missing_lines": [], "excluded_lines": []}, "ElectricityPricingService.startup": {"executed_lines": [], "summary": {"covered_lines": 0, "num_statements": 4, "percent_covered": 0.0, "percent_covered_display": "0", "missing_lines": 4, "excluded_lines": 0}, "missing_lines": [97, 100, 105, 112], "excluded_lines": []}, "ElectricityPricingService.shutdown": {"executed_lines": [116, 118, 119, 121, 122, 124], "summary": {"covered_lines": 6, "num_statements": 6, "percent_covered": 100.0, "percent_covered_display": "100", "missing_lines": 0, "excluded_lines": 0}, "missing_lines": [], "excluded_lines": []}, "ElectricityPricingService.fetch_pricing": {"executed_lines": [129, 130, 137, 140, 141, 144, 145, 148, 149, 151, 152, 154, 156, 157, 163, 166, 167, 168, 170], "summary": {"covered_lines": 19, "num_statements": 19, "percent_covered": 100.0, "percent_covered_display": "100", "missing_lines": 0, "excluded_lines": 0}, "missing_lines": [], "excluded_lines": []}, "ElectricityPricingService.store_in_influxdb": {"executed_lines": [178, 182, 184, 187, 194, 197, 198, 204, 207, 209, 211, 213, 214], "summary": {"covered_lines": 13, "num_statements": 15, "percent_covered": 86.66666666666667, "percent_covered_display": "87", "missing_lines": 2, "excluded_lines": 0}, "missing_lines": [179, 180], "excluded_lines": []}, "ElectricityPricingService.get_cheapest_hours": {"executed_lines": [227, 228, 232, 233, 238, 239, 240, 241, 243, 244, 245, 251], "summary": {"covered_lines": 12, "num_statements": 12, "percent_covered": 100.0, "percent_covered_display": "100", "missing_lines": 0, "excluded_lines": 0}, "missing_lines": [], "excluded_lines": []}, "ElectricityPricingService.run_continuous": {"executed_lines": [258, 260, 261, 263, 266, 267, 272, 273, 280], "summary": {"covered_lines": 9, "num_statements": 10, "percent_covered": 90.0, "percent_covered_display": "90", "missing_lines": 1, "excluded_lines": 0}, "missing_lines": [270], "excluded_lines": []}, "create_app": {"executed_lines": [], "summary": {"covered_lines": 0, "num_statements": 4, "percent_covered": 0.0, "percent_covered_display": "0", "missing_lines": 4, "excluded_lines": 0}, "missing_lines": [285, 288, 289, 291], "excluded_lines": []}, "main": {"executed_lines": [], "summary": {"covered_lines": 0, "num_statements": 16, "percent_covered": 0.0, "percent_covered_display": "0", "missing_lines": 16, "excluded_lines": 0}, "missing_lines": [296, 299, 300, 303, 304, 305, 308, 309, 310, 312, 314, 316, 318, 319, 322, 323], "excluded_lines": []}, "": {"executed_lines": [1, 6, 7, 8, 9, 10, 12, 13, 14, 15, 18, 20, 21, 22, 24, 27, 30, 33, 34, 36, 80, 95, 114, 126, 172, 221, 255, 283, 294, 326], "summary": {"covered_lines": 28, "num_statements": 29, "percent_covered": 96.55172413793103, "percent_covered_display": "97", "missing_lines": 1, "excluded_lines": 0}, "missing_lines": [327], "excluded_lines": []}}, "classes": {"ElectricityPricingService": {"executed_lines": [37, 38, 41, 42, 43, 44, 47, 48, 51, 52, 54, 57, 58, 61, 64, 67, 70, 73, 74, 77, 78, 83, 87, 89, 90, 91, 93, 116, 118, 119, 121, 122, 124, 129, 130, 137, 140, 141, 144, 145, 148, 149, 151, 152, 154, 156, 157, 163, 166, 167, 168, 170, 178, 182, 184, 187, 194, 197, 198, 204, 207, 209, 211, 213, 214, 227, 228, 232, 233, 238, 239, 240, 241, 243, 244, 245, 251, 258, 260, 261, 263, 266, 267, 272, 273, 280], "summary": {"covered_lines": 86, "num_statements": 93, "percent_covered": 92.47311827956989, "percent_covered_display": "92", "missing_lines": 7, "excluded_lines": 0}, "missing_lines": [97, 100, 105, 112, 179, 180, 270], "excluded_lines": []}, "": {"executed_lines": [1, 6, 7, 8, 9, 10, 12, 13, 14, 15, 18, 20, 21, 22, 24, 27, 30, 33, 34, 36, 80, 95, 114, 126, 172, 221, 255, 283, 294, 326], "summary": {"covered_lines": 28, "num_statements": 49, "percent_covered": 57.142857142857146, "percent_covered_display": "57", "missing_lines": 21, "excluded_lines": 0}, "missing_lines": [285, 288, 289, 291, 296, 299, 300, 303, 304, 305, 308, 309, 310, 312, 314, 316, 318, 319, 322, 323, 327], "excluded_lines": []}}}, "src\\providers\\__init__.py": {"executed_lines": [1, 3, 5], "summary": {"covered_lines": 2, "num_statements": 2, "percent_covered": 100.0, "percent_covered_display": "100", "missing_lines": 0, "excluded_lines": 0}, "missing_lines": [], "excluded_lines": [], "functions": {"": {"executed_lines": [1, 3, 5], "summary": {"covered_lines": 2, "num_statements": 2, "percent_covered": 100.0, "percent_covered_display": "100", "missing_lines": 0, "excluded_lines": 0}, "missing_lines": [], "excluded_lines": []}}, "classes": {"": {"executed_lines": [1, 3, 5], "summary": {"covered_lines": 2, "num_statements": 2, "percent_covered": 100.0, "percent_covered_display": "100", "missing_lines": 0, "excluded_lines": 0}, "missing_lines": [], "excluded_lines": []}}}, "src\\providers\\awattar.py": {"executed_lines": [1, 5, 6, 8, 11, 12, 14, 16, 32], "summary": {"covered_lines": 7, "num_statements": 25, "percent_covered": 28.0, "percent_covered_display": "28", "missing_lines": 18, "excluded_lines": 0}, "missing_lines": [19, 23, 24, 25, 28, 30, 35, 37, 38, 41, 42, 45, 46, 47, 54, 55, 56, 58], "excluded_lines": [], "functions": {"AwattarProvider.fetch_pricing": {"executed_lines": [], "summary": {"covered_lines": 0, "num_statements": 6, "percent_covered": 0.0, "percent_covered_display": "0", "missing_lines": 6, "excluded_lines": 0}, "missing_lines": [19, 23, 24, 25, 28, 30], "excluded_lines": []}, "AwattarProvider._parse_response": {"executed_lines": [], "summary": {"covered_lines": 0, "num_statements": 12, "percent_covered": 0.0, "percent_covered_display": "0", "missing_lines": 12, "excluded_lines": 0}, "missing_lines": [35, 37, 38, 41, 42, 45, 46, 47, 54, 55, 56, 58], "excluded_lines": []}, "": {"executed_lines": [1, 5, 6, 8, 11, 12, 14, 16, 32], "summary": {"covered_lines": 7, "num_statements": 7, "percent_covered": 100.0, "percent_covered_display": "100", "missing_lines": 0, "excluded_lines": 0}, "missing_lines": [], "excluded_lines": []}}, "classes": {"AwattarProvider": {"executed_lines": [], "summary": {"covered_lines": 0, "num_statements": 18, "percent_covered": 0.0, "percent_covered_display": "0", "missing_lines": 18, "excluded_lines": 0}, "missing_lines": [19, 23, 24, 25, 28, 30, 35, 37, 38, 41, 42, 45, 46, 47, 54, 55, 56, 58], "excluded_lines": []}, "": {"executed_lines": [1, 5, 6, 8, 11, 12, 14, 16, 32], "summary": {"covered_lines": 7, "num_statements": 7, "percent_covered": 100.0, "percent_covered_display": "100", "missing_lines": 0, "excluded_lines": 0}, "missing_lines": [], "excluded_lines": []}}}, "src\\security.py": {"executed_lines": [1, 8, 9, 10, 12, 16, 19, 33, 36, 37, 38, 39, 44, 45, 50, 53, 65, 67, 91, 102], "summary": {"covered_lines": 19, "num_statements": 39, "percent_covered": 48.717948717948715, "percent_covered_display": "49", "missing_lines": 20, "excluded_lines": 0}, "missing_lines": [34, 69, 70, 71, 72, 73, 75, 76, 77, 78, 79, 80, 82, 83, 84, 85, 86, 87, 88, 103], "excluded_lines": [], "functions": {"validate_hours_parameter": {"executed_lines": [33, 36, 37, 38, 39, 44, 45, 50], "summary": {"covered_lines": 8, "num_statements": 9, "percent_covered": 88.88888888888889, "percent_covered_display": "89", "missing_lines": 1, "excluded_lines": 0}, "missing_lines": [34], "excluded_lines": []}, "validate_internal_request": {"executed_lines": [65, 67], "summary": {"covered_lines": 2, "num_statements": 20, "percent_covered": 10.0, "percent_covered_display": "10", "missing_lines": 18, "excluded_lines": 0}, "missing_lines": [69, 70, 71, 72, 73, 75, 76, 77, 78, 79, 80, 82, 83, 84, 85, 86, 87, 88], "excluded_lines": []}, "require_internal_network": {"executed_lines": [102], "summary": {"covered_lines": 1, "num_statements": 2, "percent_covered": 50.0, "percent_covered_display": "50", "missing_lines": 1, "excluded_lines": 0}, "missing_lines": [103], "excluded_lines": []}, "": {"executed_lines": [1, 8, 9, 10, 12, 16, 19, 53, 91], "summary": {"covered_lines": 8, "num_statements": 8, "percent_covered": 100.0, "percent_covered_display": "100", "missing_lines": 0, "excluded_lines": 0}, "missing_lines": [], "excluded_lines": []}}, "classes": {"": {"executed_lines": [1, 8, 9, 10, 12, 16, 19, 33, 36, 37, 38, 39, 44, 45, 50, 53, 65, 67, 91, 102], "summary": {"covered_lines": 19, "num_statements": 39, "percent_covered": 48.717948717948715, "percent_covered_display": "49", "missing_lines": 20, "excluded_lines": 0}, "missing_lines": [34, 69, 70, 71, 72, 73, 75, 76, 77, 78, 79, 80, 82, 83, 84, 85, 86, 87, 88, 103], "excluded_lines": []}}}}, "totals": {"covered_lines": 158, "num_statements": 227, "percent_covered": 69.60352422907489, "percent_covered_display": "70", "missing_lines": 69, "excluded_lines": 0}}